13:28:12 **** Auto Build of configuration Debug for project Calculator ****
make all 
'Building file: ../src/gpio_init.c'
'Invoking: MicroBlaze gcc compiler'
mb-gcc -Wall -O0 -g3 -c -fmessage-length=0 -MT"src/gpio_init.o" -I../../Calculator_bsp/microblaze_0/include -mlittle-endian -mcpu=v9.5 -mxl-soft-mul -Wl,--no-relax -MMD -MP -MF"src/gpio_init.d" -MT"src/gpio_init.d" -o "src/gpio_init.o" "../src/gpio_init.c"
'Finished building: ../src/gpio_init.c'
' '
'Building file: ../src/main.c'
'Invoking: MicroBlaze gcc compiler'
mb-gcc -Wall -O0 -g3 -c -fmessage-length=0 -MT"src/main.o" -I../../Calculator_bsp/microblaze_0/include -mlittle-endian -mcpu=v9.5 -mxl-soft-mul -Wl,--no-relax -MMD -MP -MF"src/main.d" -MT"src/main.d" -o "src/main.o" "../src/main.c"
../src/main.c: In function 'main':
../src/main.c:12:5: warning: implicit declaration of function 'initGpio' [-Wimplicit-function-declaration]
     status = initGpio();
     ^
'Finished building: ../src/main.c'
' '
'Building file: ../src/seg7_display.c'
'Invoking: MicroBlaze gcc compiler'
mb-gcc -Wall -O0 -g3 -c -fmessage-length=0 -MT"src/seg7_display.o" -I../../Calculator_bsp/microblaze_0/include -mlittle-endian -mcpu=v9.5 -mxl-soft-mul -Wl,--no-relax -MMD -MP -MF"src/seg7_display.d" -MT"src/seg7_display.d" -o "src/seg7_display.o" "../src/seg7_display.c"
'Finished building: ../src/seg7_display.c'
' '
'Building file: ../src/timer_interrupt_func.c'
'Invoking: MicroBlaze gcc compiler'
mb-gcc -Wall -O0 -g3 -c -fmessage-length=0 -MT"src/timer_interrupt_func.o" -I../../Calculator_bsp/microblaze_0/include -mlittle-endian -mcpu=v9.5 -mxl-soft-mul -Wl,--no-relax -MMD -MP -MF"src/timer_interrupt_func.d" -MT"src/timer_interrupt_func.d" -o "src/timer_interrupt_func.o" "../src/timer_interrupt_func.c"
'Finished building: ../src/timer_interrupt_func.c'
' '
'Building file: ../src/xinterruptES3.c'
'Invoking: MicroBlaze gcc compiler'
mb-gcc -Wall -O0 -g3 -c -fmessage-length=0 -MT"src/xinterruptES3.o" -I../../Calculator_bsp/microblaze_0/include -mlittle-endian -mcpu=v9.5 -mxl-soft-mul -Wl,--no-relax -MMD -MP -MF"src/xinterruptES3.d" -MT"src/xinterruptES3.d" -o "src/xinterruptES3.o" "../src/xinterruptES3.c"
'Finished building: ../src/xinterruptES3.c'
' '
'Building target: Calculator.elf'
'Invoking: MicroBlaze gcc linker'
mb-gcc -Wl,-T -Wl,../src/lscript.ld -L../../Calculator_bsp/microblaze_0/lib -mlittle-endian -mcpu=v9.5 -mxl-soft-mul -Wl,--no-relax -o "Calculator.elf"  ./src/gpio_init.o ./src/main.o ./src/platform.o ./src/seg7_display.o ./src/timer_interrupt_func.o ./src/xinterruptES3.o   -Wl,--start-group,-lxil,-lgcc,-lc,--end-group
f:/xilinx2/sdk/2015.2/gnu/microblaze/nt/bin/../lib/gcc/microblaze-xilinx-elf/4.9.2/../../../../microblaze-xilinx-elf/lib/le/crt0.o: In function `_vector_interrupt':
(.vectors.interrupt+0x0): undefined reference to `_interrupt_handler'
f:/xilinx2/sdk/2015.2/gnu/microblaze/nt/bin/../lib/gcc/microblaze-xilinx-elf/4.9.2/../../../../microblaze-xilinx-elf/lib/le/crt0.o: In function `_vector_hw_exception':
(.vectors.hw_exception+0x0): undefined reference to `_hw_exception_handler'
./src/platform.o: In function `enable_caches':
F:\Amir_Hamzah\University_of_Edinburgh\Studies\2nd_year\Engineering_Software_3\Assessment_1_Calculator\Assessment_1_Calculator\es3_hw_assmnt_1\es3_hw_assmnt_1.sdk\Calculator\Debug/../src/platform.c:58: undefined reference to `microblaze_enable_icache'
F:\Amir_Hamzah\University_of_Edinburgh\Studies\2nd_year\Engineering_Software_3\Assessment_1_Calculator\Assessment_1_Calculator\es3_hw_assmnt_1\es3_hw_assmnt_1.sdk\Calculator\Debug/../src/platform.c:61: undefined reference to `microblaze_enable_dcache'
./src/platform.o: In function `disable_caches':
F:\Amir_Hamzah\University_of_Edinburgh\Studies\2nd_year\Engineering_Software_3\Assessment_1_Calculator\Assessment_1_Calculator\es3_hw_assmnt_1\es3_hw_assmnt_1.sdk\Calculator\Debug/../src/platform.c:69: undefined reference to `Xil_DCacheDisable'
F:\Amir_Hamzah\University_of_Edinburgh\Studies\2nd_year\Engineering_Software_3\Assessment_1_Calculator\Assessment_1_Calculator\es3_hw_assmnt_1\es3_hw_assmnt_1.sdk\Calculator\Debug/../src/platform.c:70: undefined reference to `Xil_ICacheDisable'
./src/xinterruptES3.o: In function `setUpInterruptSystem':
F:\Amir_Hamzah\University_of_Edinburgh\Studies\2nd_year\Engineering_Software_3\Assessment_1_Calculator\Assessment_1_Calculator\es3_hw_assmnt_1\es3_hw_assmnt_1.sdk\Calculator\Debug/../src/xinterruptES3.c:196: undefined reference to `Xil_ExceptionInit'
F:\Amir_Hamzah\University_of_Edinburgh\Studies\2nd_year\Engineering_Software_3\Assessment_1_Calculator\Assessment_1_Calculator\es3_hw_assmnt_1\es3_hw_assmnt_1.sdk\Calculator\Debug/../src/xinterruptES3.c:201: undefined reference to `Xil_ExceptionRegisterHandler'
F:\Amir_Hamzah\University_of_Edinburgh\Studies\2nd_year\Engineering_Software_3\Assessment_1_Calculator\Assessment_1_Calculator\es3_hw_assmnt_1\es3_hw_assmnt_1.sdk\Calculator\Debug/../src/xinterruptES3.c:208: undefined reference to `Xil_ExceptionEnable'
../../Calculator_bsp/microblaze_0/lib\libxil.a(xgpio.o): In function `XGpio_CfgInitialize':
F:\Amir_Hamzah\University_of_Edinburgh\Studies\2nd_year\Engineering_Software_3\Assessment_1_Calculator\Assessment_1_Calculator\es3_hw_assmnt_1\es3_hw_assmnt_1.sdk\Calculator_bsp\microblaze_0\libsrc\gpio_v4_0\src/xgpio.c:120: undefined reference to `Xil_AssertStatus'
F:\Amir_Hamzah\University_of_Edinburgh\Studies\2nd_year\Engineering_Software_3\Assessment_1_Calculator\Assessment_1_Calculator\es3_hw_assmnt_1\es3_hw_assmnt_1.sdk\Calculator_bsp\microblaze_0\libsrc\gpio_v4_0\src/xgpio.c:120: undefined reference to `Xil_Assert'
F:\Amir_Hamzah\University_of_Edinburgh\Studies\2nd_year\Engineering_Software_3\Assessment_1_Calculator\Assessment_1_Calculator\es3_hw_assmnt_1\es3_hw_assmnt_1.sdk\Calculator_bsp\microblaze_0\libsrc\gpio_v4_0\src/xgpio.c:120: undefined reference to `Xil_AssertStatus'
../../Calculator_bsp/microblaze_0/lib\libxil.a(xgpio.o): In function `XGpio_SetDataDirection':
F:\Amir_Hamzah\University_of_Edinburgh\Studies\2nd_year\Engineering_Software_3\Assessment_1_Calculator\Assessment_1_Calculator\es3_hw_assmnt_1\es3_hw_assmnt_1.sdk\Calculator_bsp\microblaze_0\libsrc\gpio_v4_0\src/xgpio.c:163: undefined reference to `Xil_AssertStatus'
F:\Amir_Hamzah\University_of_Edinburgh\Studies\2nd_year\Engineering_Software_3\Assessment_1_Calculator\Assessment_1_Calculator\es3_hw_assmnt_1\es3_hw_assmnt_1.sdk\Calculator_bsp\microblaze_0\libsrc\gpio_v4_0\src/xgpio.c:165: undefined reference to `Xil_Assert'
F:\Amir_Hamzah\University_of_Edinburgh\Studies\2nd_year\Engineering_Software_3\Assessment_1_Calculator\Assessment_1_Calculator\es3_hw_assmnt_1\es3_hw_assmnt_1.sdk\Calculator_bsp\microblaze_0\libsrc\gpio_v4_0\src/xgpio.c:165: undefined reference to `Xil_AssertStatus'
F:\Amir_Hamzah\University_of_Edinburgh\Studies\2nd_year\Engineering_Software_3\Assessment_1_Calculator\Assessment_1_Calculator\es3_hw_assmnt_1\es3_hw_assmnt_1.sdk\Calculator_bsp\microblaze_0\libsrc\gpio_v4_0\src/xgpio.c:168: undefined reference to `Xil_Out32'
F:\Amir_Hamzah\University_of_Edinburgh\Studies\2nd_year\Engineering_Software_3\Assessment_1_Calculator\Assessment_1_Calculator\es3_hw_assmnt_1\es3_hw_assmnt_1.sdk\Calculator_bsp\microblaze_0\libsrc\gpio_v4_0\src/xgpio.c:164: undefined reference to `Xil_Assert'
F:\Amir_Hamzah\University_of_Edinburgh\Studies\2nd_year\Engineering_Software_3\Assessment_1_Calculator\Assessment_1_Calculator\es3_hw_assmnt_1\es3_hw_assmnt_1.sdk\Calculator_bsp\microblaze_0\libsrc\gpio_v4_0\src/xgpio.c:164: undefined reference to `Xil_AssertStatus'
F:\Amir_Hamzah\University_of_Edinburgh\Studies\2nd_year\Engineering_Software_3\Assessment_1_Calculator\Assessment_1_Calculator\es3_hw_assmnt_1\es3_hw_assmnt_1.sdk\Calculator_bsp\microblaze_0\libsrc\gpio_v4_0\src/xgpio.c:163: undefined reference to `Xil_Assert'
F:\Amir_Hamzah\University_of_Edinburgh\Studies\2nd_year\Engineering_Software_3\Assessment_1_Calculator\Assessment_1_Calculator\es3_hw_assmnt_1\es3_hw_assmnt_1.sdk\Calculator_bsp\microblaze_0\libsrc\gpio_v4_0\src/xgpio.c:163: undefined reference to `Xil_AssertStatus'
../../Calculator_bsp/microblaze_0/lib\libxil.a(xgpio.o): In function `XGpio_GetDataDirection':
F:\Amir_Hamzah\University_of_Edinburgh\Studies\2nd_year\Engineering_Software_3\Assessment_1_Calculator\Assessment_1_Calculator\es3_hw_assmnt_1\es3_hw_assmnt_1.sdk\Calculator_bsp\microblaze_0\libsrc\gpio_v4_0\src/xgpio.c:193: undefined reference to `Xil_AssertStatus'
F:\Amir_Hamzah\University_of_Edinburgh\Studies\2nd_year\Engineering_Software_3\Assessment_1_Calculator\Assessment_1_Calculator\es3_hw_assmnt_1\es3_hw_assmnt_1.sdk\Calculator_bsp\microblaze_0\libsrc\gpio_v4_0\src/xgpio.c:195: undefined reference to `Xil_Assert'
F:\Amir_Hamzah\University_of_Edinburgh\Studies\2nd_year\Engineering_Software_3\Assessment_1_Calculator\Assessment_1_Calculator\es3_hw_assmnt_1\es3_hw_assmnt_1.sdk\Calculator_bsp\microblaze_0\libsrc\gpio_v4_0\src/xgpio.c:195: undefined reference to `Xil_AssertStatus'
F:\Amir_Hamzah\University_of_Edinburgh\Studies\2nd_year\Engineering_Software_3\Assessment_1_Calculator\Assessment_1_Calculator\es3_hw_assmnt_1\es3_hw_assmnt_1.sdk\Calculator_bsp\microblaze_0\libsrc\gpio_v4_0\src/xgpio.c:199: undefined reference to `Xil_In32'
F:\Amir_Hamzah\University_of_Edinburgh\Studies\2nd_year\Engineering_Software_3\Assessment_1_Calculator\Assessment_1_Calculator\es3_hw_assmnt_1\es3_hw_assmnt_1.sdk\Calculator_bsp\microblaze_0\libsrc\gpio_v4_0\src/xgpio.c:194: undefined reference to `Xil_Assert'
F:\Amir_Hamzah\University_of_Edinburgh\Studies\2nd_year\Engineering_Software_3\Assessment_1_Calculator\Assessment_1_Calculator\es3_hw_assmnt_1\es3_hw_assmnt_1.sdk\Calculator_bsp\microblaze_0\libsrc\gpio_v4_0\src/xgpio.c:194: undefined reference to `Xil_AssertStatus'
F:\Amir_Hamzah\University_of_Edinburgh\Studies\2nd_year\Engineering_Software_3\Assessment_1_Calculator\Assessment_1_Calculator\es3_hw_assmnt_1\es3_hw_assmnt_1.sdk\Calculator_bsp\microblaze_0\libsrc\gpio_v4_0\src/xgpio.c:193: undefined reference to `Xil_Assert'
F:\Amir_Hamzah\University_of_Edinburgh\Studies\2nd_year\Engineering_Software_3\Assessment_1_Calculator\Assessment_1_Calculator\es3_hw_assmnt_1\es3_hw_assmnt_1.sdk\Calculator_bsp\microblaze_0\libsrc\gpio_v4_0\src/xgpio.c:193: undefined reference to `Xil_AssertStatus'
../../Calculator_bsp/microblaze_0/lib\libxil.a(xgpio.o): In function `XGpio_DiscreteRead':
F:\Amir_Hamzah\University_of_Edinburgh\Studies\2nd_year\Engineering_Software_3\Assessment_1_Calculator\Assessment_1_Calculator\es3_hw_assmnt_1\es3_hw_assmnt_1.sdk\Calculator_bsp\microblaze_0\libsrc\gpio_v4_0\src/xgpio.c:219: undefined reference to `Xil_AssertStatus'
F:\Amir_Hamzah\University_of_Edinburgh\Studies\2nd_year\Engineering_Software_3\Assessment_1_Calculator\Assessment_1_Calculator\es3_hw_assmnt_1\es3_hw_assmnt_1.sdk\Calculator_bsp\microblaze_0\libsrc\gpio_v4_0\src/xgpio.c:221: undefined reference to `Xil_Assert'
F:\Amir_Hamzah\University_of_Edinburgh\Studies\2nd_year\Engineering_Software_3\Assessment_1_Calculator\Assessment_1_Calculator\es3_hw_assmnt_1\es3_hw_assmnt_1.sdk\Calculator_bsp\microblaze_0\libsrc\gpio_v4_0\src/xgpio.c:221: undefined reference to `Xil_AssertStatus'
F:\Amir_Hamzah\University_of_Edinburgh\Studies\2nd_year\Engineering_Software_3\Assessment_1_Calculator\Assessment_1_Calculator\es3_hw_assmnt_1\es3_hw_assmnt_1.sdk\Calculator_bsp\microblaze_0\libsrc\gpio_v4_0\src/xgpio.c:224: undefined reference to `Xil_In32'
F:\Amir_Hamzah\University_of_Edinburgh\Studies\2nd_year\Engineering_Software_3\Assessment_1_Calculator\Assessment_1_Calculator\es3_hw_assmnt_1\es3_hw_assmnt_1.sdk\Calculator_bsp\microblaze_0\libsrc\gpio_v4_0\src/xgpio.c:220: undefined reference to `Xil_Assert'
F:\Amir_Hamzah\University_of_Edinburgh\Studies\2nd_year\Engineering_Software_3\Assessment_1_Calculator\Assessment_1_Calculator\es3_hw_assmnt_1\es3_hw_assmnt_1.sdk\Calculator_bsp\microblaze_0\libsrc\gpio_v4_0\src/xgpio.c:220: undefined reference to `Xil_AssertStatus'
F:\Amir_Hamzah\University_of_Edinburgh\Studies\2nd_year\Engineering_Software_3\Assessment_1_Calculator\Assessment_1_Calculator\es3_hw_assmnt_1\es3_hw_assmnt_1.sdk\Calculator_bsp\microblaze_0\libsrc\gpio_v4_0\src/xgpio.c:219: undefined reference to `Xil_Assert'
F:\Amir_Hamzah\University_of_Edinburgh\Studies\2nd_year\Engineering_Software_3\Assessment_1_Calculator\Assessment_1_Calculator\es3_hw_assmnt_1\es3_hw_assmnt_1.sdk\Calculator_bsp\microblaze_0\libsrc\gpio_v4_0\src/xgpio.c:219: undefined reference to `Xil_AssertStatus'
../../Calculator_bsp/microblaze_0/lib\libxil.a(xgpio.o): In function `XGpio_DiscreteWrite':
F:\Amir_Hamzah\University_of_Edinburgh\Studies\2nd_year\Engineering_Software_3\Assessment_1_Calculator\Assessment_1_Calculator\es3_hw_assmnt_1\es3_hw_assmnt_1.sdk\Calculator_bsp\microblaze_0\libsrc\gpio_v4_0\src/xgpio.c:247: undefined reference to `Xil_AssertStatus'
F:\Amir_Hamzah\University_of_Edinburgh\Studies\2nd_year\Engineering_Software_3\Assessment_1_Calculator\Assessment_1_Calculator\es3_hw_assmnt_1\es3_hw_assmnt_1.sdk\Calculator_bsp\microblaze_0\libsrc\gpio_v4_0\src/xgpio.c:249: undefined reference to `Xil_Assert'
F:\Amir_Hamzah\University_of_Edinburgh\Studies\2nd_year\Engineering_Software_3\Assessment_1_Calculator\Assessment_1_Calculator\es3_hw_assmnt_1\es3_hw_assmnt_1.sdk\Calculator_bsp\microblaze_0\libsrc\gpio_v4_0\src/xgpio.c:249: undefined reference to `Xil_AssertStatus'
F:\Amir_Hamzah\University_of_Edinburgh\Studies\2nd_year\Engineering_Software_3\Assessment_1_Calculator\Assessment_1_Calculator\es3_hw_assmnt_1\es3_hw_assmnt_1.sdk\Calculator_bsp\microblaze_0\libsrc\gpio_v4_0\src/xgpio.c:252: undefined reference to `Xil_Out32'
F:\Amir_Hamzah\University_of_Edinburgh\Studies\2nd_year\Engineering_Software_3\Assessment_1_Calculator\Assessment_1_Calculator\es3_hw_assmnt_1\es3_hw_assmnt_1.sdk\Calculator_bsp\microblaze_0\libsrc\gpio_v4_0\src/xgpio.c:248: undefined reference to `Xil_Assert'
F:\Amir_Hamzah\University_of_Edinburgh\Studies\2nd_year\Engineering_Software_3\Assessment_1_Calculator\Assessment_1_Calculator\es3_hw_assmnt_1\es3_hw_assmnt_1.sdk\Calculator_bsp\microblaze_0\libsrc\gpio_v4_0\src/xgpio.c:248: undefined reference to `Xil_AssertStatus'
F:\Amir_Hamzah\University_of_Edinburgh\Studies\2nd_year\Engineering_Software_3\Assessment_1_Calculator\Assessment_1_Calculator\es3_hw_assmnt_1\es3_hw_assmnt_1.sdk\Calculator_bsp\microblaze_0\libsrc\gpio_v4_0\src/xgpio.c:247: undefined reference to `Xil_Assert'
F:\Amir_Hamzah\University_of_Edinburgh\Studies\2nd_year\Engineering_Software_3\Assessment_1_Calculator\Assessment_1_Calculator\es3_hw_assmnt_1\es3_hw_assmnt_1.sdk\Calculator_bsp\microblaze_0\libsrc\gpio_v4_0\src/xgpio.c:247: undefined reference to `Xil_AssertStatus'
../../Calculator_bsp/microblaze_0/lib\libxil.a(xgpio_sinit.o): In function `XGpio_Initialize':
F:\Amir_Hamzah\University_of_Edinburgh\Studies\2nd_year\Engineering_Software_3\Assessment_1_Calculator\Assessment_1_Calculator\es3_hw_assmnt_1\es3_hw_assmnt_1.sdk\Calculator_bsp\microblaze_0\libsrc\gpio_v4_0\src/xgpio_sinit.c:135: undefined reference to `Xil_AssertStatus'
F:\Amir_Hamzah\University_of_Edinburgh\Studies\2nd_year\Engineering_Software_3\Assessment_1_Calculator\Assessment_1_Calculator\es3_hw_assmnt_1\es3_hw_assmnt_1.sdk\Calculator_bsp\microblaze_0\libsrc\gpio_v4_0\src/xgpio_sinit.c:135: undefined reference to `Xil_Assert'
F:\Amir_Hamzah\University_of_Edinburgh\Studies\2nd_year\Engineering_Software_3\Assessment_1_Calculator\Assessment_1_Calculator\es3_hw_assmnt_1\es3_hw_assmnt_1.sdk\Calculator_bsp\microblaze_0\libsrc\gpio_v4_0\src/xgpio_sinit.c:135: undefined reference to `Xil_AssertStatus'
../../Calculator_bsp/microblaze_0/lib\libxil.a(xintc.o): In function `StubHandler':
F:\Amir_Hamzah\University_of_Edinburgh\Studies\2nd_year\Engineering_Software_3\Assessment_1_Calculator\Assessment_1_Calculator\es3_hw_assmnt_1\es3_hw_assmnt_1.sdk\Calculator_bsp\microblaze_0\libsrc\intc_v3_3\src/xintc.c:701: undefined reference to `Xil_AssertStatus'
F:\Amir_Hamzah\University_of_Edinburgh\Studies\2nd_year\Engineering_Software_3\Assessment_1_Calculator\Assessment_1_Calculator\es3_hw_assmnt_1\es3_hw_assmnt_1.sdk\Calculator_bsp\microblaze_0\libsrc\intc_v3_3\src/xintc.c:701: undefined reference to `Xil_Assert'
F:\Amir_Hamzah\University_of_Edinburgh\Studies\2nd_year\Engineering_Software_3\Assessment_1_Calculator\Assessment_1_Calculator\es3_hw_assmnt_1\es3_hw_assmnt_1.sdk\Calculator_bsp\microblaze_0\libsrc\intc_v3_3\src/xintc.c:701: undefined reference to `Xil_AssertStatus'
../../Calculator_bsp/microblaze_0/lib\libxil.a(xintc.o): In function `XIntc_Initialize':
F:\Amir_Hamzah\University_of_Edinburgh\Studies\2nd_year\Engineering_Software_3\Assessment_1_Calculator\Assessment_1_Calculator\es3_hw_assmnt_1\es3_hw_assmnt_1.sdk\Calculator_bsp\microblaze_0\libsrc\intc_v3_3\src/xintc.c:142: undefined reference to `Xil_AssertStatus'
F:\Amir_Hamzah\University_of_Edinburgh\Studies\2nd_year\Engineering_Software_3\Assessment_1_Calculator\Assessment_1_Calculator\es3_hw_assmnt_1\es3_hw_assmnt_1.sdk\Calculator_bsp\microblaze_0\libsrc\intc_v3_3\src/xintc.c:142: undefined reference to `Xil_Assert'
F:\Amir_Hamzah\University_of_Edinburgh\Studies\2nd_year\Engineering_Software_3\Assessment_1_Calculator\Assessment_1_Calculator\es3_hw_assmnt_1\es3_hw_assmnt_1.sdk\Calculator_bsp\microblaze_0\libsrc\intc_v3_3\src/xintc.c:142: undefined reference to `Xil_AssertStatus'
F:\Amir_Hamzah\University_of_Edinburgh\Studies\2nd_year\Engineering_Software_3\Assessment_1_Calculator\Assessment_1_Calculator\es3_hw_assmnt_1\es3_hw_assmnt_1.sdk\Calculator_bsp\microblaze_0\libsrc\intc_v3_3\src/xintc.c:196: undefined reference to `XNullHandler'
F:\Amir_Hamzah\University_of_Edinburgh\Studies\2nd_year\Engineering_Software_3\Assessment_1_Calculator\Assessment_1_Calculator\es3_hw_assmnt_1\es3_hw_assmnt_1.sdk\Calculator_bsp\microblaze_0\libsrc\intc_v3_3\src/xintc.c:219: undefined reference to `Xil_Out32'
F:\Amir_Hamzah\University_of_Edinburgh\Studies\2nd_year\Engineering_Software_3\Assessment_1_Calculator\Assessment_1_Calculator\es3_hw_assmnt_1\es3_hw_assmnt_1.sdk\Calculator_bsp\microblaze_0\libsrc\intc_v3_3\src/xintc.c:220: undefined reference to `Xil_Out32'
F:\Amir_Hamzah\University_of_Edinburgh\Studies\2nd_year\Engineering_Software_3\Assessment_1_Calculator\Assessment_1_Calculator\es3_hw_assmnt_1\es3_hw_assmnt_1.sdk\Calculator_bsp\microblaze_0\libsrc\intc_v3_3\src/xintc.c:221: undefined reference to `Xil_Out32'
../../Calculator_bsp/microblaze_0/lib\libxil.a(xintc.o): In function `XIntc_InitializeSlaves':
F:\Amir_Hamzah\University_of_Edinburgh\Studies\2nd_year\Engineering_Software_3\Assessment_1_Calculator\Assessment_1_Calculator\es3_hw_assmnt_1\es3_hw_assmnt_1.sdk\Calculator_bsp\microblaze_0\libsrc\intc_v3_3\src/xintc.c:1012: undefined reference to `Xil_Out32'
../../Calculator_bsp/microblaze_0/lib\libxil.a(xintc.o): In function `XIntc_Initialize':
F:\Amir_Hamzah\University_of_Edinburgh\Studies\2nd_year\Engineering_Software_3\Assessment_1_Calculator\Assessment_1_Calculator\es3_hw_assmnt_1\es3_hw_assmnt_1.sdk\Calculator_bsp\microblaze_0\libsrc\intc_v3_3\src/xintc.c:228: undefined reference to `Xil_Out32'
../../Calculator_bsp/microblaze_0/lib\libxil.a(xintc.o):F:\Amir_Hamzah\University_of_Edinburgh\Studies\2nd_year\Engineering_Software_3\Assessment_1_Calculator\Assessment_1_Calculator\es3_hw_assmnt_1\es3_hw_assmnt_1.sdk\Calculator_bsp\microblaze_0\libsrc\intc_v3_3\src/xintc.c:233: more undefined references to `Xil_Out32' follow
../../Calculator_bsp/microblaze_0/lib\libxil.a(xintc.o): In function `XIntc_Start':
F:\Amir_Hamzah\University_of_Edinburgh\Studies\2nd_year\Engineering_Software_3\Assessment_1_Calculator\Assessment_1_Calculator\es3_hw_assmnt_1\es3_hw_assmnt_1.sdk\Calculator_bsp\microblaze_0\libsrc\intc_v3_3\src/xintc.c:298: undefined reference to `Xil_AssertStatus'
F:\Amir_Hamzah\University_of_Edinburgh\Studies\2nd_year\Engineering_Software_3\Assessment_1_Calculator\Assessment_1_Calculator\es3_hw_assmnt_1\es3_hw_assmnt_1.sdk\Calculator_bsp\microblaze_0\libsrc\intc_v3_3\src/xintc.c:332: undefined reference to `Xil_Out32'
F:\Amir_Hamzah\University_of_Edinburgh\Studies\2nd_year\Engineering_Software_3\Assessment_1_Calculator\Assessment_1_Calculator\es3_hw_assmnt_1\es3_hw_assmnt_1.sdk\Calculator_bsp\microblaze_0\libsrc\intc_v3_3\src/xintc.c:301: undefined reference to `Xil_Assert'
F:\Amir_Hamzah\University_of_Edinburgh\Studies\2nd_year\Engineering_Software_3\Assessment_1_Calculator\Assessment_1_Calculator\es3_hw_assmnt_1\es3_hw_assmnt_1.sdk\Calculator_bsp\microblaze_0\libsrc\intc_v3_3\src/xintc.c:301: undefined reference to `Xil_AssertStatus'
F:\Amir_Hamzah\University_of_Edinburgh\Studies\2nd_year\Engineering_Software_3\Assessment_1_Calculator\Assessment_1_Calculator\es3_hw_assmnt_1\es3_hw_assmnt_1.sdk\Calculator_bsp\microblaze_0\libsrc\intc_v3_3\src/xintc.c:299: undefined reference to `Xil_Assert'
F:\Amir_Hamzah\University_of_Edinburgh\Studies\2nd_year\Engineering_Software_3\Assessment_1_Calculator\Assessment_1_Calculator\es3_hw_assmnt_1\es3_hw_assmnt_1.sdk\Calculator_bsp\microblaze_0\libsrc\intc_v3_3\src/xintc.c:299: undefined reference to `Xil_AssertStatus'
F:\Amir_Hamzah\University_of_Edinburgh\Studies\2nd_year\Engineering_Software_3\Assessment_1_Calculator\Assessment_1_Calculator\es3_hw_assmnt_1\es3_hw_assmnt_1.sdk\Calculator_bsp\microblaze_0\libsrc\intc_v3_3\src/xintc.c:332: undefined reference to `Xil_Out32'
F:\Amir_Hamzah\University_of_Edinburgh\Studies\2nd_year\Engineering_Software_3\Assessment_1_Calculator\Assessment_1_Calculator\es3_hw_assmnt_1\es3_hw_assmnt_1.sdk\Calculator_bsp\microblaze_0\libsrc\intc_v3_3\src/xintc.c:298: undefined reference to `Xil_Assert'
F:\Amir_Hamzah\University_of_Edinburgh\Studies\2nd_year\Engineering_Software_3\Assessment_1_Calculator\Assessment_1_Calculator\es3_hw_assmnt_1\es3_hw_assmnt_1.sdk\Calculator_bsp\microblaze_0\libsrc\intc_v3_3\src/xintc.c:298: undefined reference to `Xil_AssertStatus'
../../Calculator_bsp/microblaze_0/lib\libxil.a(xintc.o): In function `XIntc_Stop':
F:\Amir_Hamzah\University_of_Edinburgh\Studies\2nd_year\Engineering_Software_3\Assessment_1_Calculator\Assessment_1_Calculator\es3_hw_assmnt_1\es3_hw_assmnt_1.sdk\Calculator_bsp\microblaze_0\libsrc\intc_v3_3\src/xintc.c:355: undefined reference to `Xil_AssertStatus'
F:\Amir_Hamzah\University_of_Edinburgh\Studies\2nd_year\Engineering_Software_3\Assessment_1_Calculator\Assessment_1_Calculator\es3_hw_assmnt_1\es3_hw_assmnt_1.sdk\Calculator_bsp\microblaze_0\libsrc\intc_v3_3\src/xintc.c:356: undefined reference to `Xil_Assert'
F:\Amir_Hamzah\University_of_Edinburgh\Studies\2nd_year\Engineering_Software_3\Assessment_1_Calculator\Assessment_1_Calculator\es3_hw_assmnt_1\es3_hw_assmnt_1.sdk\Calculator_bsp\microblaze_0\libsrc\intc_v3_3\src/xintc.c:356: undefined reference to `Xil_AssertStatus'
F:\Amir_Hamzah\University_of_Edinburgh\Studies\2nd_year\Engineering_Software_3\Assessment_1_Calculator\Assessment_1_Calculator\es3_hw_assmnt_1\es3_hw_assmnt_1.sdk\Calculator_bsp\microblaze_0\libsrc\intc_v3_3\src/xintc.c:362: undefined reference to `Xil_Out32'
F:\Amir_Hamzah\University_of_Edinburgh\Studies\2nd_year\Engineering_Software_3\Assessment_1_Calculator\Assessment_1_Calculator\es3_hw_assmnt_1\es3_hw_assmnt_1.sdk\Calculator_bsp\microblaze_0\libsrc\intc_v3_3\src/xintc.c:355: undefined reference to `Xil_Assert'
F:\Amir_Hamzah\University_of_Edinburgh\Studies\2nd_year\Engineering_Software_3\Assessment_1_Calculator\Assessment_1_Calculator\es3_hw_assmnt_1\es3_hw_assmnt_1.sdk\Calculator_bsp\microblaze_0\libsrc\intc_v3_3\src/xintc.c:355: undefined reference to `Xil_AssertStatus'
../../Calculator_bsp/microblaze_0/lib\libxil.a(xintc.o): In function `XIntc_Connect':
F:\Amir_Hamzah\University_of_Edinburgh\Studies\2nd_year\Engineering_Software_3\Assessment_1_Calculator\Assessment_1_Calculator\es3_hw_assmnt_1\es3_hw_assmnt_1.sdk\Calculator_bsp\microblaze_0\libsrc\intc_v3_3\src/xintc.c:401: undefined reference to `Xil_AssertStatus'
F:\Amir_Hamzah\University_of_Edinburgh\Studies\2nd_year\Engineering_Software_3\Assessment_1_Calculator\Assessment_1_Calculator\es3_hw_assmnt_1\es3_hw_assmnt_1.sdk\Calculator_bsp\microblaze_0\libsrc\intc_v3_3\src/xintc.c:404: undefined reference to `Xil_Assert'
F:\Amir_Hamzah\University_of_Edinburgh\Studies\2nd_year\Engineering_Software_3\Assessment_1_Calculator\Assessment_1_Calculator\es3_hw_assmnt_1\es3_hw_assmnt_1.sdk\Calculator_bsp\microblaze_0\libsrc\intc_v3_3\src/xintc.c:404: undefined reference to `Xil_AssertStatus'
F:\Amir_Hamzah\University_of_Edinburgh\Studies\2nd_year\Engineering_Software_3\Assessment_1_Calculator\Assessment_1_Calculator\es3_hw_assmnt_1\es3_hw_assmnt_1.sdk\Calculator_bsp\microblaze_0\libsrc\intc_v3_3\src/xintc.c:402: undefined reference to `Xil_Assert'
F:\Amir_Hamzah\University_of_Edinburgh\Studies\2nd_year\Engineering_Software_3\Assessment_1_Calculator\Assessment_1_Calculator\es3_hw_assmnt_1\es3_hw_assmnt_1.sdk\Calculator_bsp\microblaze_0\libsrc\intc_v3_3\src/xintc.c:402: undefined reference to `Xil_AssertStatus'
F:\Amir_Hamzah\University_of_Edinburgh\Studies\2nd_year\Engineering_Software_3\Assessment_1_Calculator\Assessment_1_Calculator\es3_hw_assmnt_1\es3_hw_assmnt_1.sdk\Calculator_bsp\microblaze_0\libsrc\intc_v3_3\src/xintc.c:401: undefined reference to `Xil_Assert'
F:\Amir_Hamzah\University_of_Edinburgh\Studies\2nd_year\Engineering_Software_3\Assessment_1_Calculator\Assessment_1_Calculator\es3_hw_assmnt_1\es3_hw_assmnt_1.sdk\Calculator_bsp\microblaze_0\libsrc\intc_v3_3\src/xintc.c:401: undefined reference to `Xil_AssertStatus'
F:\Amir_Hamzah\University_of_Edinburgh\Studies\2nd_year\Engineering_Software_3\Assessment_1_Calculator\Assessment_1_Calculator\es3_hw_assmnt_1\es3_hw_assmnt_1.sdk\Calculator_bsp\microblaze_0\libsrc\intc_v3_3\src/xintc.c:403: undefined reference to `Xil_Assert'
F:\Amir_Hamzah\University_of_Edinburgh\Studies\2nd_year\Engineering_Software_3\Assessment_1_Calculator\Assessment_1_Calculator\es3_hw_assmnt_1\es3_hw_assmnt_1.sdk\Calculator_bsp\microblaze_0\libsrc\intc_v3_3\src/xintc.c:403: undefined reference to `Xil_AssertStatus'
../../Calculator_bsp/microblaze_0/lib\libxil.a(xintc.o): In function `XIntc_Disconnect':
F:\Amir_Hamzah\University_of_Edinburgh\Studies\2nd_year\Engineering_Software_3\Assessment_1_Calculator\Assessment_1_Calculator\es3_hw_assmnt_1\es3_hw_assmnt_1.sdk\Calculator_bsp\microblaze_0\libsrc\intc_v3_3\src/xintc.c:456: undefined reference to `Xil_AssertStatus'
F:\Amir_Hamzah\University_of_Edinburgh\Studies\2nd_year\Engineering_Software_3\Assessment_1_Calculator\Assessment_1_Calculator\es3_hw_assmnt_1\es3_hw_assmnt_1.sdk\Calculator_bsp\microblaze_0\libsrc\intc_v3_3\src/xintc.c:488: undefined reference to `Xil_In32'
F:\Amir_Hamzah\University_of_Edinburgh\Studies\2nd_year\Engineering_Software_3\Assessment_1_Calculator\Assessment_1_Calculator\es3_hw_assmnt_1\es3_hw_assmnt_1.sdk\Calculator_bsp\microblaze_0\libsrc\intc_v3_3\src/xintc.c:494: undefined reference to `Xil_Out32'
F:\Amir_Hamzah\University_of_Edinburgh\Studies\2nd_year\Engineering_Software_3\Assessment_1_Calculator\Assessment_1_Calculator\es3_hw_assmnt_1\es3_hw_assmnt_1.sdk\Calculator_bsp\microblaze_0\libsrc\intc_v3_3\src/xintc.c:458: undefined reference to `Xil_Assert'
F:\Amir_Hamzah\University_of_Edinburgh\Studies\2nd_year\Engineering_Software_3\Assessment_1_Calculator\Assessment_1_Calculator\es3_hw_assmnt_1\es3_hw_assmnt_1.sdk\Calculator_bsp\microblaze_0\libsrc\intc_v3_3\src/xintc.c:458: undefined reference to `Xil_AssertStatus'
F:\Amir_Hamzah\University_of_Edinburgh\Studies\2nd_year\Engineering_Software_3\Assessment_1_Calculator\Assessment_1_Calculator\es3_hw_assmnt_1\es3_hw_assmnt_1.sdk\Calculator_bsp\microblaze_0\libsrc\intc_v3_3\src/xintc.c:457: undefined reference to `Xil_Assert'
F:\Amir_Hamzah\University_of_Edinburgh\Studies\2nd_year\Engineering_Software_3\Assessment_1_Calculator\Assessment_1_Calculator\es3_hw_assmnt_1\es3_hw_assmnt_1.sdk\Calculator_bsp\microblaze_0\libsrc\intc_v3_3\src/xintc.c:457: undefined reference to `Xil_AssertStatus'
F:\Amir_Hamzah\University_of_Edinburgh\Studies\2nd_year\Engineering_Software_3\Assessment_1_Calculator\Assessment_1_Calculator\es3_hw_assmnt_1\es3_hw_assmnt_1.sdk\Calculator_bsp\microblaze_0\libsrc\intc_v3_3\src/xintc.c:456: undefined reference to `Xil_Assert'
F:\Amir_Hamzah\University_of_Edinburgh\Studies\2nd_year\Engineering_Software_3\Assessment_1_Calculator\Assessment_1_Calculator\es3_hw_assmnt_1\es3_hw_assmnt_1.sdk\Calculator_bsp\microblaze_0\libsrc\intc_v3_3\src/xintc.c:456: undefined reference to `Xil_AssertStatus'
../../Calculator_bsp/microblaze_0/lib\libxil.a(xintc.o): In function `XIntc_Enable':
F:\Amir_Hamzah\University_of_Edinburgh\Studies\2nd_year\Engineering_Software_3\Assessment_1_Calculator\Assessment_1_Calculator\es3_hw_assmnt_1\es3_hw_assmnt_1.sdk\Calculator_bsp\microblaze_0\libsrc\intc_v3_3\src/xintc.c:531: undefined reference to `Xil_AssertStatus'
F:\Amir_Hamzah\University_of_Edinburgh\Studies\2nd_year\Engineering_Software_3\Assessment_1_Calculator\Assessment_1_Calculator\es3_hw_assmnt_1\es3_hw_assmnt_1.sdk\Calculator_bsp\microblaze_0\libsrc\intc_v3_3\src/xintc.c:560: undefined reference to `Xil_In32'
F:\Amir_Hamzah\University_of_Edinburgh\Studies\2nd_year\Engineering_Software_3\Assessment_1_Calculator\Assessment_1_Calculator\es3_hw_assmnt_1\es3_hw_assmnt_1.sdk\Calculator_bsp\microblaze_0\libsrc\intc_v3_3\src/xintc.c:562: undefined reference to `Xil_Out32'
F:\Amir_Hamzah\University_of_Edinburgh\Studies\2nd_year\Engineering_Software_3\Assessment_1_Calculator\Assessment_1_Calculator\es3_hw_assmnt_1\es3_hw_assmnt_1.sdk\Calculator_bsp\microblaze_0\libsrc\intc_v3_3\src/xintc.c:533: undefined reference to `Xil_Assert'
F:\Amir_Hamzah\University_of_Edinburgh\Studies\2nd_year\Engineering_Software_3\Assessment_1_Calculator\Assessment_1_Calculator\es3_hw_assmnt_1\es3_hw_assmnt_1.sdk\Calculator_bsp\microblaze_0\libsrc\intc_v3_3\src/xintc.c:533: undefined reference to `Xil_AssertStatus'
F:\Amir_Hamzah\University_of_Edinburgh\Studies\2nd_year\Engineering_Software_3\Assessment_1_Calculator\Assessment_1_Calculator\es3_hw_assmnt_1\es3_hw_assmnt_1.sdk\Calculator_bsp\microblaze_0\libsrc\intc_v3_3\src/xintc.c:532: undefined reference to `Xil_Assert'
F:\Amir_Hamzah\University_of_Edinburgh\Studies\2nd_year\Engineering_Software_3\Assessment_1_Calculator\Assessment_1_Calculator\es3_hw_assmnt_1\es3_hw_assmnt_1.sdk\Calculator_bsp\microblaze_0\libsrc\intc_v3_3\src/xintc.c:532: undefined reference to `Xil_AssertStatus'
F:\Amir_Hamzah\University_of_Edinburgh\Studies\2nd_year\Engineering_Software_3\Assessment_1_Calculator\Assessment_1_Calculator\es3_hw_assmnt_1\es3_hw_assmnt_1.sdk\Calculator_bsp\microblaze_0\libsrc\intc_v3_3\src/xintc.c:531: undefined reference to `Xil_Assert'
F:\Amir_Hamzah\University_of_Edinburgh\Studies\2nd_year\Engineering_Software_3\Assessment_1_Calculator\Assessment_1_Calculator\es3_hw_assmnt_1\es3_hw_assmnt_1.sdk\Calculator_bsp\microblaze_0\libsrc\intc_v3_3\src/xintc.c:531: undefined reference to `Xil_AssertStatus'
../../Calculator_bsp/microblaze_0/lib\libxil.a(xintc.o): In function `XIntc_Disable':
F:\Amir_Hamzah\University_of_Edinburgh\Studies\2nd_year\Engineering_Software_3\Assessment_1_Calculator\Assessment_1_Calculator\es3_hw_assmnt_1\es3_hw_assmnt_1.sdk\Calculator_bsp\microblaze_0\libsrc\intc_v3_3\src/xintc.c:595: undefined reference to `Xil_AssertStatus'
F:\Amir_Hamzah\University_of_Edinburgh\Studies\2nd_year\Engineering_Software_3\Assessment_1_Calculator\Assessment_1_Calculator\es3_hw_assmnt_1\es3_hw_assmnt_1.sdk\Calculator_bsp\microblaze_0\libsrc\intc_v3_3\src/xintc.c:622: undefined reference to `Xil_In32'
F:\Amir_Hamzah\University_of_Edinburgh\Studies\2nd_year\Engineering_Software_3\Assessment_1_Calculator\Assessment_1_Calculator\es3_hw_assmnt_1\es3_hw_assmnt_1.sdk\Calculator_bsp\microblaze_0\libsrc\intc_v3_3\src/xintc.c:624: undefined reference to `Xil_Out32'
F:\Amir_Hamzah\University_of_Edinburgh\Studies\2nd_year\Engineering_Software_3\Assessment_1_Calculator\Assessment_1_Calculator\es3_hw_assmnt_1\es3_hw_assmnt_1.sdk\Calculator_bsp\microblaze_0\libsrc\intc_v3_3\src/xintc.c:597: undefined reference to `Xil_Assert'
F:\Amir_Hamzah\University_of_Edinburgh\Studies\2nd_year\Engineering_Software_3\Assessment_1_Calculator\Assessment_1_Calculator\es3_hw_assmnt_1\es3_hw_assmnt_1.sdk\Calculator_bsp\microblaze_0\libsrc\intc_v3_3\src/xintc.c:597: undefined reference to `Xil_AssertStatus'
F:\Amir_Hamzah\University_of_Edinburgh\Studies\2nd_year\Engineering_Software_3\Assessment_1_Calculator\Assessment_1_Calculator\es3_hw_assmnt_1\es3_hw_assmnt_1.sdk\Calculator_bsp\microblaze_0\libsrc\intc_v3_3\src/xintc.c:596: undefined reference to `Xil_Assert'
F:\Amir_Hamzah\University_of_Edinburgh\Studies\2nd_year\Engineering_Software_3\Assessment_1_Calculator\Assessment_1_Calculator\es3_hw_assmnt_1\es3_hw_assmnt_1.sdk\Calculator_bsp\microblaze_0\libsrc\intc_v3_3\src/xintc.c:596: undefined reference to `Xil_AssertStatus'
F:\Amir_Hamzah\University_of_Edinburgh\Studies\2nd_year\Engineering_Software_3\Assessment_1_Calculator\Assessment_1_Calculator\es3_hw_assmnt_1\es3_hw_assmnt_1.sdk\Calculator_bsp\microblaze_0\libsrc\intc_v3_3\src/xintc.c:595: undefined reference to `Xil_Assert'
F:\Amir_Hamzah\University_of_Edinburgh\Studies\2nd_year\Engineering_Software_3\Assessment_1_Calculator\Assessment_1_Calculator\es3_hw_assmnt_1\es3_hw_assmnt_1.sdk\Calculator_bsp\microblaze_0\libsrc\intc_v3_3\src/xintc.c:595: undefined reference to `Xil_AssertStatus'
../../Calculator_bsp/microblaze_0/lib\libxil.a(xintc.o): In function `XIntc_Acknowledge':
F:\Amir_Hamzah\University_of_Edinburgh\Studies\2nd_year\Engineering_Software_3\Assessment_1_Calculator\Assessment_1_Calculator\es3_hw_assmnt_1\es3_hw_assmnt_1.sdk\Calculator_bsp\microblaze_0\libsrc\intc_v3_3\src/xintc.c:655: undefined reference to `Xil_AssertStatus'
F:\Amir_Hamzah\University_of_Edinburgh\Studies\2nd_year\Engineering_Software_3\Assessment_1_Calculator\Assessment_1_Calculator\es3_hw_assmnt_1\es3_hw_assmnt_1.sdk\Calculator_bsp\microblaze_0\libsrc\intc_v3_3\src/xintc.c:679: undefined reference to `Xil_Out32'
F:\Amir_Hamzah\University_of_Edinburgh\Studies\2nd_year\Engineering_Software_3\Assessment_1_Calculator\Assessment_1_Calculator\es3_hw_assmnt_1\es3_hw_assmnt_1.sdk\Calculator_bsp\microblaze_0\libsrc\intc_v3_3\src/xintc.c:657: undefined reference to `Xil_Assert'
F:\Amir_Hamzah\University_of_Edinburgh\Studies\2nd_year\Engineering_Software_3\Assessment_1_Calculator\Assessment_1_Calculator\es3_hw_assmnt_1\es3_hw_assmnt_1.sdk\Calculator_bsp\microblaze_0\libsrc\intc_v3_3\src/xintc.c:657: undefined reference to `Xil_AssertStatus'
F:\Amir_Hamzah\University_of_Edinburgh\Studies\2nd_year\Engineering_Software_3\Assessment_1_Calculator\Assessment_1_Calculator\es3_hw_assmnt_1\es3_hw_assmnt_1.sdk\Calculator_bsp\microblaze_0\libsrc\intc_v3_3\src/xintc.c:656: undefined reference to `Xil_Assert'
F:\Amir_Hamzah\University_of_Edinburgh\Studies\2nd_year\Engineering_Software_3\Assessment_1_Calculator\Assessment_1_Calculator\es3_hw_assmnt_1\es3_hw_assmnt_1.sdk\Calculator_bsp\microblaze_0\libsrc\intc_v3_3\src/xintc.c:656: undefined reference to `Xil_AssertStatus'
F:\Amir_Hamzah\University_of_Edinburgh\Studies\2nd_year\Engineering_Software_3\Assessment_1_Calculator\Assessment_1_Calculator\es3_hw_assmnt_1\es3_hw_assmnt_1.sdk\Calculator_bsp\microblaze_0\libsrc\intc_v3_3\src/xintc.c:655: undefined reference to `Xil_Assert'
F:\Amir_Hamzah\University_of_Edinburgh\Studies\2nd_year\Engineering_Software_3\Assessment_1_Calculator\Assessment_1_Calculator\es3_hw_assmnt_1\es3_hw_assmnt_1.sdk\Calculator_bsp\microblaze_0\libsrc\intc_v3_3\src/xintc.c:655: undefined reference to `Xil_AssertStatus'
../../Calculator_bsp/microblaze_0/lib\libxil.a(xintc.o): In function `XIntc_ConnectFastHandler':
F:\Amir_Hamzah\University_of_Edinburgh\Studies\2nd_year\Engineering_Software_3\Assessment_1_Calculator\Assessment_1_Calculator\es3_hw_assmnt_1\es3_hw_assmnt_1.sdk\Calculator_bsp\microblaze_0\libsrc\intc_v3_3\src/xintc.c:776: undefined reference to `Xil_AssertStatus'
F:\Amir_Hamzah\University_of_Edinburgh\Studies\2nd_year\Engineering_Software_3\Assessment_1_Calculator\Assessment_1_Calculator\es3_hw_assmnt_1\es3_hw_assmnt_1.sdk\Calculator_bsp\microblaze_0\libsrc\intc_v3_3\src/xintc.c:823: undefined reference to `Xil_In32'
F:\Amir_Hamzah\University_of_Edinburgh\Studies\2nd_year\Engineering_Software_3\Assessment_1_Calculator\Assessment_1_Calculator\es3_hw_assmnt_1\es3_hw_assmnt_1.sdk\Calculator_bsp\microblaze_0\libsrc\intc_v3_3\src/xintc.c:835: undefined reference to `Xil_Out32'
F:\Amir_Hamzah\University_of_Edinburgh\Studies\2nd_year\Engineering_Software_3\Assessment_1_Calculator\Assessment_1_Calculator\es3_hw_assmnt_1\es3_hw_assmnt_1.sdk\Calculator_bsp\microblaze_0\libsrc\intc_v3_3\src/xintc.c:838: undefined reference to `Xil_In32'
F:\Amir_Hamzah\University_of_Edinburgh\Studies\2nd_year\Engineering_Software_3\Assessment_1_Calculator\Assessment_1_Calculator\es3_hw_assmnt_1\es3_hw_assmnt_1.sdk\Calculator_bsp\microblaze_0\libsrc\intc_v3_3\src/xintc.c:839: undefined reference to `Xil_Out32'
F:\Amir_Hamzah\University_of_Edinburgh\Studies\2nd_year\Engineering_Software_3\Assessment_1_Calculator\Assessment_1_Calculator\es3_hw_assmnt_1\es3_hw_assmnt_1.sdk\Calculator_bsp\microblaze_0\libsrc\intc_v3_3\src/xintc.c:779: undefined reference to `Xil_Assert'
F:\Amir_Hamzah\University_of_Edinburgh\Studies\2nd_year\Engineering_Software_3\Assessment_1_Calculator\Assessment_1_Calculator\es3_hw_assmnt_1\es3_hw_assmnt_1.sdk\Calculator_bsp\microblaze_0\libsrc\intc_v3_3\src/xintc.c:779: undefined reference to `Xil_AssertStatus'
F:\Amir_Hamzah\University_of_Edinburgh\Studies\2nd_year\Engineering_Software_3\Assessment_1_Calculator\Assessment_1_Calculator\es3_hw_assmnt_1\es3_hw_assmnt_1.sdk\Calculator_bsp\microblaze_0\libsrc\intc_v3_3\src/xintc.c:777: undefined reference to `Xil_Assert'
F:\Amir_Hamzah\University_of_Edinburgh\Studies\2nd_year\Engineering_Software_3\Assessment_1_Calculator\Assessment_1_Calculator\es3_hw_assmnt_1\es3_hw_assmnt_1.sdk\Calculator_bsp\microblaze_0\libsrc\intc_v3_3\src/xintc.c:777: undefined reference to `Xil_AssertStatus'
F:\Amir_Hamzah\University_of_Edinburgh\Studies\2nd_year\Engineering_Software_3\Assessment_1_Calculator\Assessment_1_Calculator\es3_hw_assmnt_1\es3_hw_assmnt_1.sdk\Calculator_bsp\microblaze_0\libsrc\intc_v3_3\src/xintc.c:780: undefined reference to `Xil_Assert'
F:\Amir_Hamzah\University_of_Edinburgh\Studies\2nd_year\Engineering_Software_3\Assessment_1_Calculator\Assessment_1_Calculator\es3_hw_assmnt_1\es3_hw_assmnt_1.sdk\Calculator_bsp\microblaze_0\libsrc\intc_v3_3\src/xintc.c:780: undefined reference to `Xil_AssertStatus'
F:\Amir_Hamzah\University_of_Edinburgh\Studies\2nd_year\Engineering_Software_3\Assessment_1_Calculator\Assessment_1_Calculator\es3_hw_assmnt_1\es3_hw_assmnt_1.sdk\Calculator_bsp\microblaze_0\libsrc\intc_v3_3\src/xintc.c:835: undefined reference to `Xil_Out32'
F:\Amir_Hamzah\University_of_Edinburgh\Studies\2nd_year\Engineering_Software_3\Assessment_1_Calculator\Assessment_1_Calculator\es3_hw_assmnt_1\es3_hw_assmnt_1.sdk\Calculator_bsp\microblaze_0\libsrc\intc_v3_3\src/xintc.c:838: undefined reference to `Xil_In32'
F:\Amir_Hamzah\University_of_Edinburgh\Studies\2nd_year\Engineering_Software_3\Assessment_1_Calculator\Assessment_1_Calculator\es3_hw_assmnt_1\es3_hw_assmnt_1.sdk\Calculator_bsp\microblaze_0\libsrc\intc_v3_3\src/xintc.c:839: undefined reference to `Xil_Out32'
F:\Amir_Hamzah\University_of_Edinburgh\Studies\2nd_year\Engineering_Software_3\Assessment_1_Calculator\Assessment_1_Calculator\es3_hw_assmnt_1\es3_hw_assmnt_1.sdk\Calculator_bsp\microblaze_0\libsrc\intc_v3_3\src/xintc.c:776: undefined reference to `Xil_Assert'
F:\Amir_Hamzah\University_of_Edinburgh\Studies\2nd_year\Engineering_Software_3\Assessment_1_Calculator\Assessment_1_Calculator\es3_hw_assmnt_1\es3_hw_assmnt_1.sdk\Calculator_bsp\microblaze_0\libsrc\intc_v3_3\src/xintc.c:776: undefined reference to `Xil_AssertStatus'
F:\Amir_Hamzah\University_of_Edinburgh\Studies\2nd_year\Engineering_Software_3\Assessment_1_Calculator\Assessment_1_Calculator\es3_hw_assmnt_1\es3_hw_assmnt_1.sdk\Calculator_bsp\microblaze_0\libsrc\intc_v3_3\src/xintc.c:778: undefined reference to `Xil_Assert'
F:\Amir_Hamzah\University_of_Edinburgh\Studies\2nd_year\Engineering_Software_3\Assessment_1_Calculator\Assessment_1_Calculator\es3_hw_assmnt_1\es3_hw_assmnt_1.sdk\Calculator_bsp\microblaze_0\libsrc\intc_v3_3\src/xintc.c:778: undefined reference to `Xil_AssertStatus'
../../Calculator_bsp/microblaze_0/lib\libxil.a(xintc.o): In function `XIntc_SetNormalIntrMode':
F:\Amir_Hamzah\University_of_Edinburgh\Studies\2nd_year\Engineering_Software_3\Assessment_1_Calculator\Assessment_1_Calculator\es3_hw_assmnt_1\es3_hw_assmnt_1.sdk\Calculator_bsp\microblaze_0\libsrc\intc_v3_3\src/xintc.c:886: undefined reference to `Xil_AssertStatus'
F:\Amir_Hamzah\University_of_Edinburgh\Studies\2nd_year\Engineering_Software_3\Assessment_1_Calculator\Assessment_1_Calculator\es3_hw_assmnt_1\es3_hw_assmnt_1.sdk\Calculator_bsp\microblaze_0\libsrc\intc_v3_3\src/xintc.c:940: undefined reference to `Xil_In32'
F:\Amir_Hamzah\University_of_Edinburgh\Studies\2nd_year\Engineering_Software_3\Assessment_1_Calculator\Assessment_1_Calculator\es3_hw_assmnt_1\es3_hw_assmnt_1.sdk\Calculator_bsp\microblaze_0\libsrc\intc_v3_3\src/xintc.c:956: undefined reference to `Xil_In32'
F:\Amir_Hamzah\University_of_Edinburgh\Studies\2nd_year\Engineering_Software_3\Assessment_1_Calculator\Assessment_1_Calculator\es3_hw_assmnt_1\es3_hw_assmnt_1.sdk\Calculator_bsp\microblaze_0\libsrc\intc_v3_3\src/xintc.c:957: undefined reference to `Xil_Out32'
F:\Amir_Hamzah\University_of_Edinburgh\Studies\2nd_year\Engineering_Software_3\Assessment_1_Calculator\Assessment_1_Calculator\es3_hw_assmnt_1\es3_hw_assmnt_1.sdk\Calculator_bsp\microblaze_0\libsrc\intc_v3_3\src/xintc.c:963: undefined reference to `Xil_Out32'
F:\Amir_Hamzah\University_of_Edinburgh\Studies\2nd_year\Engineering_Software_3\Assessment_1_Calculator\Assessment_1_Calculator\es3_hw_assmnt_1\es3_hw_assmnt_1.sdk\Calculator_bsp\microblaze_0\libsrc\intc_v3_3\src/xintc.c:888: undefined reference to `Xil_Assert'
F:\Amir_Hamzah\University_of_Edinburgh\Studies\2nd_year\Engineering_Software_3\Assessment_1_Calculator\Assessment_1_Calculator\es3_hw_assmnt_1\es3_hw_assmnt_1.sdk\Calculator_bsp\microblaze_0\libsrc\intc_v3_3\src/xintc.c:888: undefined reference to `Xil_AssertStatus'
F:\Amir_Hamzah\University_of_Edinburgh\Studies\2nd_year\Engineering_Software_3\Assessment_1_Calculator\Assessment_1_Calculator\es3_hw_assmnt_1\es3_hw_assmnt_1.sdk\Calculator_bsp\microblaze_0\libsrc\intc_v3_3\src/xintc.c:887: undefined reference to `Xil_Assert'
F:\Amir_Hamzah\University_of_Edinburgh\Studies\2nd_year\Engineering_Software_3\Assessment_1_Calculator\Assessment_1_Calculator\es3_hw_assmnt_1\es3_hw_assmnt_1.sdk\Calculator_bsp\microblaze_0\libsrc\intc_v3_3\src/xintc.c:887: undefined reference to `Xil_AssertStatus'
F:\Amir_Hamzah\University_of_Edinburgh\Studies\2nd_year\Engineering_Software_3\Assessment_1_Calculator\Assessment_1_Calculator\es3_hw_assmnt_1\es3_hw_assmnt_1.sdk\Calculator_bsp\microblaze_0\libsrc\intc_v3_3\src/xintc.c:889: undefined reference to `Xil_Assert'
F:\Amir_Hamzah\University_of_Edinburgh\Studies\2nd_year\Engineering_Software_3\Assessment_1_Calculator\Assessment_1_Calculator\es3_hw_assmnt_1\es3_hw_assmnt_1.sdk\Calculator_bsp\microblaze_0\libsrc\intc_v3_3\src/xintc.c:889: undefined reference to `Xil_AssertStatus'
F:\Amir_Hamzah\University_of_Edinburgh\Studies\2nd_year\Engineering_Software_3\Assessment_1_Calculator\Assessment_1_Calculator\es3_hw_assmnt_1\es3_hw_assmnt_1.sdk\Calculator_bsp\microblaze_0\libsrc\intc_v3_3\src/xintc.c:886: undefined reference to `Xil_Assert'
F:\Amir_Hamzah\University_of_Edinburgh\Studies\2nd_year\Engineering_Software_3\Assessment_1_Calculator\Assessment_1_Calculator\es3_hw_assmnt_1\es3_hw_assmnt_1.sdk\Calculator_bsp\microblaze_0\libsrc\intc_v3_3\src/xintc.c:886: undefined reference to `Xil_AssertStatus'
../../Calculator_bsp/microblaze_0/lib\libxil.a(xintc_g.o):(.data+0x20): undefined reference to `XNullHandler'
../../Calculator_bsp/microblaze_0/lib\libxil.a(xintc_g.o):(.data+0x28): undefined reference to `XNullHandler'
../../Calculator_bsp/microblaze_0/lib\libxil.a(xintc_intr.o): In function `XIntc_InterruptHandler':
F:\Amir_Hamzah\University_of_Edinburgh\Studies\2nd_year\Engineering_Software_3\Assessment_1_Calculator\Assessment_1_Calculator\es3_hw_assmnt_1\es3_hw_assmnt_1.sdk\Calculator_bsp\microblaze_0\libsrc\intc_v3_3\src/xintc_intr.c:166: undefined reference to `Xil_AssertStatus'
F:\Amir_Hamzah\University_of_Edinburgh\Studies\2nd_year\Engineering_Software_3\Assessment_1_Calculator\Assessment_1_Calculator\es3_hw_assmnt_1\es3_hw_assmnt_1.sdk\Calculator_bsp\microblaze_0\libsrc\intc_v3_3\src/xintc_intr.c:166: undefined reference to `Xil_Assert'
F:\Amir_Hamzah\University_of_Edinburgh\Studies\2nd_year\Engineering_Software_3\Assessment_1_Calculator\Assessment_1_Calculator\es3_hw_assmnt_1\es3_hw_assmnt_1.sdk\Calculator_bsp\microblaze_0\libsrc\intc_v3_3\src/xintc_intr.c:166: undefined reference to `Xil_AssertStatus'
../../Calculator_bsp/microblaze_0/lib\libxil.a(xintc_l.o): In function `XIntc_DeviceInterruptHandler':
F:\Amir_Hamzah\University_of_Edinburgh\Studies\2nd_year\Engineering_Software_3\Assessment_1_Calculator\Assessment_1_Calculator\es3_hw_assmnt_1\es3_hw_assmnt_1.sdk\Calculator_bsp\microblaze_0\libsrc\intc_v3_3\src/xintc_l.c:206: undefined reference to `Xil_In32'
F:\Amir_Hamzah\University_of_Edinburgh\Studies\2nd_year\Engineering_Software_3\Assessment_1_Calculator\Assessment_1_Calculator\es3_hw_assmnt_1\es3_hw_assmnt_1.sdk\Calculator_bsp\microblaze_0\libsrc\intc_v3_3\src/xintc_l.c:206: undefined reference to `Xil_In32'
F:\Amir_Hamzah\University_of_Edinburgh\Studies\2nd_year\Engineering_Software_3\Assessment_1_Calculator\Assessment_1_Calculator\es3_hw_assmnt_1\es3_hw_assmnt_1.sdk\Calculator_bsp\microblaze_0\libsrc\intc_v3_3\src/xintc_l.c:276: undefined reference to `Xil_In32'
F:\Amir_Hamzah\University_of_Edinburgh\Studies\2nd_year\Engineering_Software_3\Assessment_1_Calculator\Assessment_1_Calculator\es3_hw_assmnt_1\es3_hw_assmnt_1.sdk\Calculator_bsp\microblaze_0\libsrc\intc_v3_3\src/xintc_l.c:276: undefined reference to `Xil_In32'
F:\Amir_Hamzah\University_of_Edinburgh\Studies\2nd_year\Engineering_Software_3\Assessment_1_Calculator\Assessment_1_Calculator\es3_hw_assmnt_1\es3_hw_assmnt_1.sdk\Calculator_bsp\microblaze_0\libsrc\intc_v3_3\src/xintc_l.c:244: undefined reference to `Xil_Out32'
F:\Amir_Hamzah\University_of_Edinburgh\Studies\2nd_year\Engineering_Software_3\Assessment_1_Calculator\Assessment_1_Calculator\es3_hw_assmnt_1\es3_hw_assmnt_1.sdk\Calculator_bsp\microblaze_0\libsrc\intc_v3_3\src/xintc_l.c:261: undefined reference to `Xil_Out32'
F:\Amir_Hamzah\University_of_Edinburgh\Studies\2nd_year\Engineering_Software_3\Assessment_1_Calculator\Assessment_1_Calculator\es3_hw_assmnt_1\es3_hw_assmnt_1.sdk\Calculator_bsp\microblaze_0\libsrc\intc_v3_3\src/xintc_l.c:210: undefined reference to `Xil_In32'
../../Calculator_bsp/microblaze_0/lib\libxil.a(xintc_l.o): In function `XIntc_RegisterFastHandler':
F:\Amir_Hamzah\University_of_Edinburgh\Studies\2nd_year\Engineering_Software_3\Assessment_1_Calculator\Assessment_1_Calculator\es3_hw_assmnt_1\es3_hw_assmnt_1.sdk\Calculator_bsp\microblaze_0\libsrc\intc_v3_3\src/xintc_l.c:480: undefined reference to `Xil_In32'
F:\Amir_Hamzah\University_of_Edinburgh\Studies\2nd_year\Engineering_Software_3\Assessment_1_Calculator\Assessment_1_Calculator\es3_hw_assmnt_1\es3_hw_assmnt_1.sdk\Calculator_bsp\microblaze_0\libsrc\intc_v3_3\src/xintc_l.c:493: undefined reference to `Xil_Out32'
F:\Amir_Hamzah\University_of_Edinburgh\Studies\2nd_year\Engineering_Software_3\Assessment_1_Calculator\Assessment_1_Calculator\es3_hw_assmnt_1\es3_hw_assmnt_1.sdk\Calculator_bsp\microblaze_0\libsrc\intc_v3_3\src/xintc_l.c:500: undefined reference to `Xil_Out32'
F:\Amir_Hamzah\University_of_Edinburgh\Studies\2nd_year\Engineering_Software_3\Assessment_1_Calculator\Assessment_1_Calculator\es3_hw_assmnt_1\es3_hw_assmnt_1.sdk\Calculator_bsp\microblaze_0\libsrc\intc_v3_3\src/xintc_l.c:512: undefined reference to `Xil_In32'
F:\Amir_Hamzah\University_of_Edinburgh\Studies\2nd_year\Engineering_Software_3\Assessment_1_Calculator\Assessment_1_Calculator\es3_hw_assmnt_1\es3_hw_assmnt_1.sdk\Calculator_bsp\microblaze_0\libsrc\intc_v3_3\src/xintc_l.c:524: undefined reference to `Xil_Out32'
F:\Amir_Hamzah\University_of_Edinburgh\Studies\2nd_year\Engineering_Software_3\Assessment_1_Calculator\Assessment_1_Calculator\es3_hw_assmnt_1\es3_hw_assmnt_1.sdk\Calculator_bsp\microblaze_0\libsrc\intc_v3_3\src/xintc_l.c:527: undefined reference to `Xil_In32'
F:\Amir_Hamzah\University_of_Edinburgh\Studies\2nd_year\Engineering_Software_3\Assessment_1_Calculator\Assessment_1_Calculator\es3_hw_assmnt_1\es3_hw_assmnt_1.sdk\Calculator_bsp\microblaze_0\libsrc\intc_v3_3\src/xintc_l.c:528: undefined reference to `Xil_Out32'
F:\Amir_Hamzah\University_of_Edinburgh\Studies\2nd_year\Engineering_Software_3\Assessment_1_Calculator\Assessment_1_Calculator\es3_hw_assmnt_1\es3_hw_assmnt_1.sdk\Calculator_bsp\microblaze_0\libsrc\intc_v3_3\src/xintc_l.c:519: undefined reference to `Xil_In32'
F:\Amir_Hamzah\University_of_Edinburgh\Studies\2nd_year\Engineering_Software_3\Assessment_1_Calculator\Assessment_1_Calculator\es3_hw_assmnt_1\es3_hw_assmnt_1.sdk\Calculator_bsp\microblaze_0\libsrc\intc_v3_3\src/xintc_l.c:520: undefined reference to `Xil_Out32'
F:\Amir_Hamzah\University_of_Edinburgh\Studies\2nd_year\Engineering_Software_3\Assessment_1_Calculator\Assessment_1_Calculator\es3_hw_assmnt_1\es3_hw_assmnt_1.sdk\Calculator_bsp\microblaze_0\libsrc\intc_v3_3\src/xintc_l.c:524: undefined reference to `Xil_Out32'
F:\Amir_Hamzah\University_of_Edinburgh\Studies\2nd_year\Engineering_Software_3\Assessment_1_Calculator\Assessment_1_Calculator\es3_hw_assmnt_1\es3_hw_assmnt_1.sdk\Calculator_bsp\microblaze_0\libsrc\intc_v3_3\src/xintc_l.c:527: undefined reference to `Xil_In32'
F:\Amir_Hamzah\University_of_Edinburgh\Studies\2nd_year\Engineering_Software_3\Assessment_1_Calculator\Assessment_1_Calculator\es3_hw_assmnt_1\es3_hw_assmnt_1.sdk\Calculator_bsp\microblaze_0\libsrc\intc_v3_3\src/xintc_l.c:528: undefined reference to `Xil_Out32'
F:\Amir_Hamzah\University_of_Edinburgh\Studies\2nd_year\Engineering_Software_3\Assessment_1_Calculator\Assessment_1_Calculator\es3_hw_assmnt_1\es3_hw_assmnt_1.sdk\Calculator_bsp\microblaze_0\libsrc\intc_v3_3\src/xintc_l.c:535: undefined reference to `Xil_In32'
F:\Amir_Hamzah\University_of_Edinburgh\Studies\2nd_year\Engineering_Software_3\Assessment_1_Calculator\Assessment_1_Calculator\es3_hw_assmnt_1\es3_hw_assmnt_1.sdk\Calculator_bsp\microblaze_0\libsrc\intc_v3_3\src/xintc_l.c:536: undefined reference to `Xil_Out32'
F:\Amir_Hamzah\University_of_Edinburgh\Studies\2nd_year\Engineering_Software_3\Assessment_1_Calculator\Assessment_1_Calculator\es3_hw_assmnt_1\es3_hw_assmnt_1.sdk\Calculator_bsp\microblaze_0\libsrc\intc_v3_3\src/xintc_l.c:489: undefined reference to `Xil_Out32'
F:\Amir_Hamzah\University_of_Edinburgh\Studies\2nd_year\Engineering_Software_3\Assessment_1_Calculator\Assessment_1_Calculator\es3_hw_assmnt_1\es3_hw_assmnt_1.sdk\Calculator_bsp\microblaze_0\libsrc\intc_v3_3\src/xintc_l.c:493: undefined reference to `Xil_Out32'
F:\Amir_Hamzah\University_of_Edinburgh\Studies\2nd_year\Engineering_Software_3\Assessment_1_Calculator\Assessment_1_Calculator\es3_hw_assmnt_1\es3_hw_assmnt_1.sdk\Calculator_bsp\microblaze_0\libsrc\intc_v3_3\src/xintc_l.c:500: undefined reference to `Xil_Out32'
F:\Amir_Hamzah\University_of_Edinburgh\Studies\2nd_year\Engineering_Software_3\Assessment_1_Calculator\Assessment_1_Calculator\es3_hw_assmnt_1\es3_hw_assmnt_1.sdk\Calculator_bsp\microblaze_0\libsrc\intc_v3_3\src/xintc_l.c:506: undefined reference to `Xil_Out32'
../../Calculator_bsp/microblaze_0/lib\libxil.a(xintc_selftest.o): In function `XIntc_SelfTest':
F:\Amir_Hamzah\University_of_Edinburgh\Studies\2nd_year\Engineering_Software_3\Assessment_1_Calculator\Assessment_1_Calculator\es3_hw_assmnt_1\es3_hw_assmnt_1.sdk\Calculator_bsp\microblaze_0\libsrc\intc_v3_3\src/xintc_selftest.c:108: undefined reference to `Xil_AssertStatus'
F:\Amir_Hamzah\University_of_Edinburgh\Studies\2nd_year\Engineering_Software_3\Assessment_1_Calculator\Assessment_1_Calculator\es3_hw_assmnt_1\es3_hw_assmnt_1.sdk\Calculator_bsp\microblaze_0\libsrc\intc_v3_3\src/xintc_selftest.c:109: undefined reference to `Xil_Assert'
F:\Amir_Hamzah\University_of_Edinburgh\Studies\2nd_year\Engineering_Software_3\Assessment_1_Calculator\Assessment_1_Calculator\es3_hw_assmnt_1\es3_hw_assmnt_1.sdk\Calculator_bsp\microblaze_0\libsrc\intc_v3_3\src/xintc_selftest.c:109: undefined reference to `Xil_AssertStatus'
F:\Amir_Hamzah\University_of_Edinburgh\Studies\2nd_year\Engineering_Software_3\Assessment_1_Calculator\Assessment_1_Calculator\es3_hw_assmnt_1\es3_hw_assmnt_1.sdk\Calculator_bsp\microblaze_0\libsrc\intc_v3_3\src/xintc_selftest.c:116: undefined reference to `Xil_In32'
F:\Amir_Hamzah\University_of_Edinburgh\Studies\2nd_year\Engineering_Software_3\Assessment_1_Calculator\Assessment_1_Calculator\es3_hw_assmnt_1\es3_hw_assmnt_1.sdk\Calculator_bsp\microblaze_0\libsrc\intc_v3_3\src/xintc_selftest.c:118: undefined reference to `Xil_Out32'
F:\Amir_Hamzah\University_of_Edinburgh\Studies\2nd_year\Engineering_Software_3\Assessment_1_Calculator\Assessment_1_Calculator\es3_hw_assmnt_1\es3_hw_assmnt_1.sdk\Calculator_bsp\microblaze_0\libsrc\intc_v3_3\src/xintc_selftest.c:123: undefined reference to `Xil_In32'
F:\Amir_Hamzah\University_of_Edinburgh\Studies\2nd_year\Engineering_Software_3\Assessment_1_Calculator\Assessment_1_Calculator\es3_hw_assmnt_1\es3_hw_assmnt_1.sdk\Calculator_bsp\microblaze_0\libsrc\intc_v3_3\src/xintc_selftest.c:135: undefined reference to `Xil_Out32'
F:\Amir_Hamzah\University_of_Edinburgh\Studies\2nd_year\Engineering_Software_3\Assessment_1_Calculator\Assessment_1_Calculator\es3_hw_assmnt_1\es3_hw_assmnt_1.sdk\Calculator_bsp\microblaze_0\libsrc\intc_v3_3\src/xintc_selftest.c:140: undefined reference to `Xil_In32'
F:\Amir_Hamzah\University_of_Edinburgh\Studies\2nd_year\Engineering_Software_3\Assessment_1_Calculator\Assessment_1_Calculator\es3_hw_assmnt_1\es3_hw_assmnt_1.sdk\Calculator_bsp\microblaze_0\libsrc\intc_v3_3\src/xintc_selftest.c:149: undefined reference to `Xil_Out32'
F:\Amir_Hamzah\University_of_Edinburgh\Studies\2nd_year\Engineering_Software_3\Assessment_1_Calculator\Assessment_1_Calculator\es3_hw_assmnt_1\es3_hw_assmnt_1.sdk\Calculator_bsp\microblaze_0\libsrc\intc_v3_3\src/xintc_selftest.c:154: undefined reference to `Xil_In32'
F:\Amir_Hamzah\University_of_Edinburgh\Studies\2nd_year\Engineering_Software_3\Assessment_1_Calculator\Assessment_1_Calculator\es3_hw_assmnt_1\es3_hw_assmnt_1.sdk\Calculator_bsp\microblaze_0\libsrc\intc_v3_3\src/xintc_selftest.c:108: undefined reference to `Xil_Assert'
F:\Amir_Hamzah\University_of_Edinburgh\Studies\2nd_year\Engineering_Software_3\Assessment_1_Calculator\Assessment_1_Calculator\es3_hw_assmnt_1\es3_hw_assmnt_1.sdk\Calculator_bsp\microblaze_0\libsrc\intc_v3_3\src/xintc_selftest.c:108: undefined reference to `Xil_AssertStatus'
../../Calculator_bsp/microblaze_0/lib\libxil.a(xintc_selftest.o): In function `XIntc_SimulateIntr':
F:\Amir_Hamzah\University_of_Edinburgh\Studies\2nd_year\Engineering_Software_3\Assessment_1_Calculator\Assessment_1_Calculator\es3_hw_assmnt_1\es3_hw_assmnt_1.sdk\Calculator_bsp\microblaze_0\libsrc\intc_v3_3\src/xintc_selftest.c:197: undefined reference to `Xil_AssertStatus'
F:\Amir_Hamzah\University_of_Edinburgh\Studies\2nd_year\Engineering_Software_3\Assessment_1_Calculator\Assessment_1_Calculator\es3_hw_assmnt_1\es3_hw_assmnt_1.sdk\Calculator_bsp\microblaze_0\libsrc\intc_v3_3\src/xintc_selftest.c:199: undefined reference to `Xil_Assert'
F:\Amir_Hamzah\University_of_Edinburgh\Studies\2nd_year\Engineering_Software_3\Assessment_1_Calculator\Assessment_1_Calculator\es3_hw_assmnt_1\es3_hw_assmnt_1.sdk\Calculator_bsp\microblaze_0\libsrc\intc_v3_3\src/xintc_selftest.c:199: undefined reference to `Xil_AssertStatus'
F:\Amir_Hamzah\University_of_Edinburgh\Studies\2nd_year\Engineering_Software_3\Assessment_1_Calculator\Assessment_1_Calculator\es3_hw_assmnt_1\es3_hw_assmnt_1.sdk\Calculator_bsp\microblaze_0\libsrc\intc_v3_3\src/xintc_selftest.c:207: undefined reference to `Xil_In32'
F:\Amir_Hamzah\University_of_Edinburgh\Studies\2nd_year\Engineering_Software_3\Assessment_1_Calculator\Assessment_1_Calculator\es3_hw_assmnt_1\es3_hw_assmnt_1.sdk\Calculator_bsp\microblaze_0\libsrc\intc_v3_3\src/xintc_selftest.c:246: undefined reference to `Xil_Out32'
F:\Amir_Hamzah\University_of_Edinburgh\Studies\2nd_year\Engineering_Software_3\Assessment_1_Calculator\Assessment_1_Calculator\es3_hw_assmnt_1\es3_hw_assmnt_1.sdk\Calculator_bsp\microblaze_0\libsrc\intc_v3_3\src/xintc_selftest.c:198: undefined reference to `Xil_Assert'
F:\Amir_Hamzah\University_of_Edinburgh\Studies\2nd_year\Engineering_Software_3\Assessment_1_Calculator\Assessment_1_Calculator\es3_hw_assmnt_1\es3_hw_assmnt_1.sdk\Calculator_bsp\microblaze_0\libsrc\intc_v3_3\src/xintc_selftest.c:198: undefined reference to `Xil_AssertStatus'
F:\Amir_Hamzah\University_of_Edinburgh\Studies\2nd_year\Engineering_Software_3\Assessment_1_Calculator\Assessment_1_Calculator\es3_hw_assmnt_1\es3_hw_assmnt_1.sdk\Calculator_bsp\microblaze_0\libsrc\intc_v3_3\src/xintc_selftest.c:197: undefined reference to `Xil_Assert'
F:\Amir_Hamzah\University_of_Edinburgh\Studies\2nd_year\Engineering_Software_3\Assessment_1_Calculator\Assessment_1_Calculator\es3_hw_assmnt_1\es3_hw_assmnt_1.sdk\Calculator_bsp\microblaze_0\libsrc\intc_v3_3\src/xintc_selftest.c:197: undefined reference to `Xil_AssertStatus'
../../Calculator_bsp/microblaze_0/lib\libgloss.a(print.o): In function `print':
(.text+0x20): undefined reference to `outbyte'
collect2.exe: error: ld returned 1 exit status
make: *** [Calculator.elf] Error 1

13:28:14 Build Finished (took 2s.420ms)

