#
# A fatal error has been detected by the Java Runtime Environment:
#
#  Internal Error (0xc000000d), pid=24080, tid=23732
#
# JRE version: Java(TM) SE Runtime Environment (8.0_25-b18) (build 1.8.0_25-b18)
# Java VM: Java HotSpot(TM) 64-Bit Server VM (25.25-b02 mixed mode windows-amd64 compressed oops)
# Problematic frame:
# C  [ntdll.dll+0x10f110]
#
# Failed to write core dump. Minidumps are not enabled by default on client versions of Windows
#
# If you would like to submit a bug report, please visit:
#   http://bugreport.sun.com/bugreport/crash.jsp
#

---------------  T H R E A D  ---------------

Current thread (0x0000000014364000):  VMThread [stack: 0x0000000016ae0000,0x0000000016be0000] [id=23732]

siginfo: ExceptionCode=0xc000000d

Registers:
RAX=0x0000000016bdece0, RBX=0xfffffffffffffffe, RCX=0x0000000000000000, RDX=0x0000000016bdecb0
RSP=0x0000000016bdf340, RBP=0x00007ff88bfa7408, RSI=0x0000000000000000, RDI=0x0000000000000d8c
R8 =0x00000000001517b8, R9 =0x0000000016bdec04, R10=0x0000000016bdec00, R11=0x0000000016bdec14
R12=0x000000001804a980, R13=0x00000000004e8220, R14=0x000000001804aa88, R15=0x0000000016bdf4b8
RIP=0x00007ff8de74f110, EFLAGS=0x0000000000000202

Top of Stack: (sp=0x0000000016bdf340)
0x0000000016bdf340:   0000000000000057 fffffffffffffffe
0x0000000016bdf350:   0000000000000000 0000000000000400
0x0000000016bdf360:   00000000c000000d 0000000000000000
0x0000000016bdf370:   00007ff8de74f110 0000000000000000
0x0000000016bdf380:   0000000000000000 0000000000000000
0x0000000016bdf390:   0000000000000000 0000000000000000
0x0000000016bdf3a0:   0000000000000000 0000000000000000
0x0000000016bdf3b0:   0000000000000000 0000000000000000
0x0000000016bdf3c0:   0000000000000000 0000000000000000
0x0000000016bdf3d0:   0000000000000000 0000000000000000
0x0000000016bdf3e0:   0000000000000000 0000000000000000
0x0000000016bdf3f0:   0000000000000000 0000000000000081
0x0000000016bdf400:   0000868adba63a38 0000000000000183
0x0000000016bdf410:   0000000000000000 00007ff8de6f116f
0x0000000016bdf420:   0000000000000001 00007ff8de65b876
0x0000000016bdf430:   0000000000000101 0000000025480100 

Instructions: (pc=0x00007ff8de74f110)
0x00007ff8de74f0f0:   3f f9 ff c7 44 24 20 0d 00 00 c0 b9 57 00 00 00
0x00007ff8de74f100:   e8 5b 44 f4 ff 90 48 8d 4c 24 20 e8 b0 ad f5 ff
0x00007ff8de74f110:   eb 00 48 8b 8c 24 c0 00 00 00 48 33 cc e8 5e d0
0x00007ff8de74f120:   f7 ff 48 81 c4 d8 00 00 00 c3 40 55 48 83 ec 20 


Register to memory mapping:

RAX=0x0000000016bdece0 is an unknown value
RBX=0xfffffffffffffffe is an unknown value
RCX=0x0000000000000000 is an unknown value
RDX=0x0000000016bdecb0 is an unknown value
RSP=0x0000000016bdf340 is an unknown value
RBP=0x00007ff88bfa7408 is an unknown value
RSI=0x0000000000000000 is an unknown value
RDI=0x0000000000000d8c is an unknown value
R8 =0x00000000001517b8 is an unknown value
R9 =0x0000000016bdec04 is an unknown value
R10=0x0000000016bdec00 is an unknown value
R11=0x0000000016bdec14 is an unknown value
R12=0x000000001804a980 is an unknown value
R13=0x00000000004e8220 is an unknown value
R14=0x000000001804aa88 is an unknown value
R15=0x0000000016bdf4b8 is an unknown value


Stack: [0x0000000016ae0000,0x0000000016be0000],  sp=0x0000000016bdf340,  free space=1020k
Native frames: (J=compiled Java code, j=interpreted, Vv=VM code, C=native code)
C  [ntdll.dll+0x10f110]
C  [ntdll.dll+0xb116f]
C  [KERNEL32.DLL+0x1eeea]
C  [MSVCR110.dll+0x752d]
C  [MSVCR110.dll+0x14cde]
C  [MSVCR110.dll+0x13edc]
C  [MSVCR110.dll+0x239e]
C  [MSVCR110.dll+0xaf9e]
C  [MSVCP110.dll+0x397b9]
C  [librdi_common.dll+0x135d02]
C  [librdi_common.dll+0x13447b]
C  [librdi_commontasks.dll+0x1cc33c]
C  [librdi_commontasks.dll+0x1cc5be]
C  [ntdll.dll+0x25021]
C  [ntdll.dll+0x6aad2]
C  [ntdll.dll+0x6a97d]
C  [KERNEL32.DLL+0x1cdda]
C  [MSVCR100.dll+0x20ccd]
V  [jvm.dll+0x1f9c55]
V  [jvm.dll+0x2325e7]
V  [jvm.dll+0x231826]
V  [jvm.dll+0x231cc1]
V  [jvm.dll+0x231ede]
V  [jvm.dll+0x2852fa]
C  [MSVCR100.dll+0x21d9f]
C  [MSVCR100.dll+0x21e3b]
C  [KERNEL32.DLL+0x17c24]
C  [ntdll.dll+0x6cea1]

VM_Operation (0x000000000014f4d0): Exit, mode: safepoint, requested by thread 0x000000000288e800


---------------  P R O C E S S  ---------------

Java Threads: ( => current thread )
  0x000000001fd57800 JavaThread "TCF Locator DNS Lookup" daemon [_thread_blocked, id=15460, stack(0x0000000022300000,0x0000000022400000)]
  0x000000001fd5b000 JavaThread "TCF Locator Timer" daemon [_thread_blocked, id=15792, stack(0x0000000022200000,0x0000000022300000)]
  0x000000001fd5a800 JavaThread "TCF Locator Receiver" daemon [_thread_in_native, id=2096, stack(0x0000000022100000,0x0000000022200000)]
  0x0000000018d05800 JavaThread "TCF Timer Dispatcher" daemon [_thread_blocked, id=11892, stack(0x0000000020f70000,0x0000000021070000)]
  0x000000001abbf800 JavaThread "EMF Reference Cleaner" daemon [_thread_blocked, id=26656, stack(0x000000001ba50000,0x000000001bb50000)]
  0x0000000015b0b800 JavaThread "Service Thread" daemon [_thread_blocked, id=5000, stack(0x00000000173e0000,0x00000000174e0000)]
  0x0000000015a84000 JavaThread "C1 CompilerThread3" daemon [_thread_blocked, id=23924, stack(0x00000000172e0000,0x00000000173e0000)]
  0x0000000015a7c800 JavaThread "C2 CompilerThread2" daemon [_thread_blocked, id=19544, stack(0x00000000171e0000,0x00000000172e0000)]
  0x0000000015a79000 JavaThread "C2 CompilerThread1" daemon [_thread_blocked, id=20644, stack(0x00000000170e0000,0x00000000171e0000)]
  0x0000000015a70800 JavaThread "C2 CompilerThread0" daemon [_thread_blocked, id=23844, stack(0x0000000016fe0000,0x00000000170e0000)]
  0x0000000015a6e800 JavaThread "Attach Listener" daemon [_thread_blocked, id=24292, stack(0x0000000016ee0000,0x0000000016fe0000)]
  0x0000000015a6e000 JavaThread "Signal Dispatcher" daemon [_thread_blocked, id=26888, stack(0x0000000016de0000,0x0000000016ee0000)]
  0x000000001436c800 JavaThread "Finalizer" daemon [_thread_blocked, id=13892, stack(0x0000000016ce0000,0x0000000016de0000)]
  0x000000001436b000 JavaThread "Reference Handler" daemon [_thread_blocked, id=23204, stack(0x0000000016be0000,0x0000000016ce0000)]
  0x000000000288e800 JavaThread "main" [_thread_blocked, id=15476, stack(0x0000000000050000,0x0000000000150000)]

Other Threads:
=>0x0000000014364000 VMThread [stack: 0x0000000016ae0000,0x0000000016be0000] [id=23732]

VM state:at safepoint (shutting down)

VM Mutex/Monitor currently owned by a thread:  ([mutex/lock_event])
[0x000000000288d2b0] Threads_lock - owner thread: 0x0000000014364000

Heap:
 PSYoungGen      total 98304K, used 34001K [0x00000000f5580000, 0x00000000fb680000, 0x0000000100000000)
  eden space 97280K, 34% used [0x00000000f5580000,0x00000000f76b4430,0x00000000fb480000)
  from space 1024K, 0% used [0x00000000fb580000,0x00000000fb580000,0x00000000fb680000)
  to   space 1024K, 0% used [0x00000000fb480000,0x00000000fb480000,0x00000000fb580000)
 ParOldGen       total 98304K, used 35775K [0x00000000e0000000, 0x00000000e6000000, 0x00000000f5580000)
  object space 98304K, 36% used [0x00000000e0000000,0x00000000e22effb0,0x00000000e6000000)
 Metaspace       used 73356K, capacity 78622K, committed 78756K, reserved 1118208K
  class space    used 8717K, capacity 10395K, committed 10404K, reserved 1048576K

Card table byte_map: [0x0000000011d70000,0x0000000011e80000] byte_map_base: 0x0000000011670000

Marking Bits: (ParMarkBitMap*) 0x000000005f4ed490
 Begin Bits: [0x0000000012880000, 0x0000000013080000)
 End Bits:   [0x0000000013080000, 0x0000000013880000)

Polling page: 0x0000000002120000

CodeCache: size=245760Kb used=38452Kb max_used=38546Kb free=207307Kb
 bounds [0x00000000029b0000, 0x0000000004fa0000, 0x00000000119b0000]
 total_blobs=11129 nmethods=10297 adapters=741
 compilation: enabled

Compilation events (10 events):
Event: 70983.312 Thread 0x0000000015a84000 13199       3       org.eclipse.osgi.framework.internal.core.BundleHost::refresh (83 bytes)
Event: 70983.313 Thread 0x0000000015a84000 nmethod 13199 0x0000000003d94210 code [0x0000000003d94460, 0x0000000003d951f8]
Event: 70983.314 Thread 0x0000000015a84000 13200       3       org.eclipse.osgi.baseadaptor.bundlefile.BundleFile::setMruIndex (6 bytes)
Event: 70983.314 Thread 0x0000000015a84000 nmethod 13200 0x0000000002b35790 code [0x0000000002b358e0, 0x0000000002b35a30]
Event: 70983.327 Thread 0x0000000015a84000 13202       3       java.io.File::list (33 bytes)
Event: 70983.328 Thread 0x0000000015a84000 nmethod 13202 0x0000000003d93610 code [0x0000000003d937e0, 0x0000000003d93f08]
Event: 70983.360 Thread 0x0000000015a84000 13203   !   3       org.eclipse.osgi.internal.baseadaptor.BaseStorage::compact (215 bytes)
Event: 70983.361 Thread 0x0000000015a84000 nmethod 13203 0x0000000004351450 code [0x0000000004351880, 0x0000000004353ce8]
Event: 70983.381 Thread 0x0000000015a84000 13204       3       org.eclipse.osgi.framework.internal.core.AbstractBundle::close (52 bytes)
Event: 70983.381 Thread 0x0000000015a84000 nmethod 13204 0x000000000328de90 code [0x000000000328e0c0, 0x000000000328eda8]

GC Heap History (10 events):
Event: 70856.059 GC heap before
{Heap before GC invocations=1625 (full 807):
 PSYoungGen      total 98304K, used 192K [0x00000000f5580000, 0x00000000fb680000, 0x0000000100000000)
  eden space 97280K, 0% used [0x00000000f5580000,0x00000000f5580000,0x00000000fb480000)
  from space 1024K, 18% used [0x00000000fb580000,0x00000000fb5b0000,0x00000000fb680000)
  to   space 1024K, 0% used [0x00000000fb480000,0x00000000fb480000,0x00000000fb580000)
 ParOldGen       total 98304K, used 35764K [0x00000000e0000000, 0x00000000e6000000, 0x00000000f5580000)
  object space 98304K, 36% used [0x00000000e0000000,0x00000000e22ed228,0x00000000e6000000)
 Metaspace       used 72120K, capacity 77648K, committed 77860K, reserved 1116160K
  class space    used 8567K, capacity 10263K, committed 10276K, reserved 1048576K
Event: 70856.162 GC heap after
Heap after GC invocations=1625 (full 807):
 PSYoungGen      total 98304K, used 0K [0x00000000f5580000, 0x00000000fb680000, 0x0000000100000000)
  eden space 97280K, 0% used [0x00000000f5580000,0x00000000f5580000,0x00000000fb480000)
  from space 1024K, 0% used [0x00000000fb580000,0x00000000fb580000,0x00000000fb680000)
  to   space 1024K, 0% used [0x00000000fb480000,0x00000000fb480000,0x00000000fb580000)
 ParOldGen       total 98304K, used 35771K [0x00000000e0000000, 0x00000000e6000000, 0x00000000f5580000)
  object space 98304K, 36% used [0x00000000e0000000,0x00000000e22eef30,0x00000000e6000000)
 Metaspace       used 72120K, capacity 77648K, committed 77860K, reserved 1116160K
  class space    used 8567K, capacity 10263K, committed 10276K, reserved 1048576K
}
Event: 70916.064 GC heap before
{Heap before GC invocations=1626 (full 807):
 PSYoungGen      total 98304K, used 4348K [0x00000000f5580000, 0x00000000fb680000, 0x0000000100000000)
  eden space 97280K, 4% used [0x00000000f5580000,0x00000000f59bf3f0,0x00000000fb480000)
  from space 1024K, 0% used [0x00000000fb580000,0x00000000fb580000,0x00000000fb680000)
  to   space 1024K, 0% used [0x00000000fb480000,0x00000000fb480000,0x00000000fb580000)
 ParOldGen       total 98304K, used 35771K [0x00000000e0000000, 0x00000000e6000000, 0x00000000f5580000)
  object space 98304K, 36% used [0x00000000e0000000,0x00000000e22eef30,0x00000000e6000000)
 Metaspace       used 72120K, capacity 77648K, committed 77860K, reserved 1116160K
  class space    used 8567K, capacity 10263K, committed 10276K, reserved 1048576K
Event: 70916.067 GC heap after
Heap after GC invocations=1626 (full 807):
 PSYoungGen      total 98304K, used 160K [0x00000000f5580000, 0x00000000fb680000, 0x0000000100000000)
  eden space 97280K, 0% used [0x00000000f5580000,0x00000000f5580000,0x00000000fb480000)
  from space 1024K, 15% used [0x00000000fb480000,0x00000000fb4a8000,0x00000000fb580000)
  to   space 1024K, 0% used [0x00000000fb580000,0x00000000fb580000,0x00000000fb680000)
 ParOldGen       total 98304K, used 35771K [0x00000000e0000000, 0x00000000e6000000, 0x00000000f5580000)
  object space 98304K, 36% used [0x00000000e0000000,0x00000000e22eef30,0x00000000e6000000)
 Metaspace       used 72120K, capacity 77648K, committed 77860K, reserved 1116160K
  class space    used 8567K, capacity 10263K, committed 10276K, reserved 1048576K
}
Event: 70916.067 GC heap before
{Heap before GC invocations=1627 (full 808):
 PSYoungGen      total 98304K, used 160K [0x00000000f5580000, 0x00000000fb680000, 0x0000000100000000)
  eden space 97280K, 0% used [0x00000000f5580000,0x00000000f5580000,0x00000000fb480000)
  from space 1024K, 15% used [0x00000000fb480000,0x00000000fb4a8000,0x00000000fb580000)
  to   space 1024K, 0% used [0x00000000fb580000,0x00000000fb580000,0x00000000fb680000)
 ParOldGen       total 98304K, used 35771K [0x00000000e0000000, 0x00000000e6000000, 0x00000000f5580000)
  object space 98304K, 36% used [0x00000000e0000000,0x00000000e22eef30,0x00000000e6000000)
 Metaspace       used 72120K, capacity 77648K, committed 77860K, reserved 1116160K
  class space    used 8567K, capacity 10263K, committed 10276K, reserved 1048576K
Event: 70916.169 GC heap after
Heap after GC invocations=1627 (full 808):
 PSYoungGen      total 98304K, used 0K [0x00000000f5580000, 0x00000000fb680000, 0x0000000100000000)
  eden space 97280K, 0% used [0x00000000f5580000,0x00000000f5580000,0x00000000fb480000)
  from space 1024K, 0% used [0x00000000fb480000,0x00000000fb480000,0x00000000fb580000)
  to   space 1024K, 0% used [0x00000000fb580000,0x00000000fb580000,0x00000000fb680000)
 ParOldGen       total 98304K, used 35773K [0x00000000e0000000, 0x00000000e6000000, 0x00000000f5580000)
  object space 98304K, 36% used [0x00000000e0000000,0x00000000e22ef440,0x00000000e6000000)
 Metaspace       used 72120K, capacity 77648K, committed 77860K, reserved 1116160K
  class space    used 8567K, capacity 10263K, committed 10276K, reserved 1048576K
}
Event: 70976.068 GC heap before
{Heap before GC invocations=1628 (full 808):
 PSYoungGen      total 98304K, used 4687K [0x00000000f5580000, 0x00000000fb680000, 0x0000000100000000)
  eden space 97280K, 4% used [0x00000000f5580000,0x00000000f5a13ef8,0x00000000fb480000)
  from space 1024K, 0% used [0x00000000fb480000,0x00000000fb480000,0x00000000fb580000)
  to   space 1024K, 0% used [0x00000000fb580000,0x00000000fb580000,0x00000000fb680000)
 ParOldGen       total 98304K, used 35773K [0x00000000e0000000, 0x00000000e6000000, 0x00000000f5580000)
  object space 98304K, 36% used [0x00000000e0000000,0x00000000e22ef440,0x00000000e6000000)
 Metaspace       used 72136K, capacity 77648K, committed 77860K, reserved 1116160K
  class space    used 8567K, capacity 10263K, committed 10276K, reserved 1048576K
Event: 70976.072 GC heap after
Heap after GC invocations=1628 (full 808):
 PSYoungGen      total 98304K, used 224K [0x00000000f5580000, 0x00000000fb680000, 0x0000000100000000)
  eden space 97280K, 0% used [0x00000000f5580000,0x00000000f5580000,0x00000000fb480000)
  from space 1024K, 21% used [0x00000000fb580000,0x00000000fb5b8000,0x00000000fb680000)
  to   space 1024K, 0% used [0x00000000fb480000,0x00000000fb480000,0x00000000fb580000)
 ParOldGen       total 98304K, used 35773K [0x00000000e0000000, 0x00000000e6000000, 0x00000000f5580000)
  object space 98304K, 36% used [0x00000000e0000000,0x00000000e22ef440,0x00000000e6000000)
 Metaspace       used 72136K, capacity 77648K, committed 77860K, reserved 1116160K
  class space    used 8567K, capacity 10263K, committed 10276K, reserved 1048576K
}
Event: 70976.072 GC heap before
{Heap before GC invocations=1629 (full 809):
 PSYoungGen      total 98304K, used 224K [0x00000000f5580000, 0x00000000fb680000, 0x0000000100000000)
  eden space 97280K, 0% used [0x00000000f5580000,0x00000000f5580000,0x00000000fb480000)
  from space 1024K, 21% used [0x00000000fb580000,0x00000000fb5b8000,0x00000000fb680000)
  to   space 1024K, 0% used [0x00000000fb480000,0x00000000fb480000,0x00000000fb580000)
 ParOldGen       total 98304K, used 35773K [0x00000000e0000000, 0x00000000e6000000, 0x00000000f5580000)
  object space 98304K, 36% used [0x00000000e0000000,0x00000000e22ef440,0x00000000e6000000)
 Metaspace       used 72136K, capacity 77648K, committed 77860K, reserved 1116160K
  class space    used 8567K, capacity 10263K, committed 10276K, reserved 1048576K
Event: 70976.195 GC heap after
Heap after GC invocations=1629 (full 809):
 PSYoungGen      total 98304K, used 0K [0x00000000f5580000, 0x00000000fb680000, 0x0000000100000000)
  eden space 97280K, 0% used [0x00000000f5580000,0x00000000f5580000,0x00000000fb480000)
  from space 1024K, 0% used [0x00000000fb580000,0x00000000fb580000,0x00000000fb680000)
  to   space 1024K, 0% used [0x00000000fb480000,0x00000000fb480000,0x00000000fb580000)
 ParOldGen       total 98304K, used 35775K [0x00000000e0000000, 0x00000000e6000000, 0x00000000f5580000)
  object space 98304K, 36% used [0x00000000e0000000,0x00000000e22effb0,0x00000000e6000000)
 Metaspace       used 72136K, capacity 77648K, committed 77860K, reserved 1116160K
  class space    used 8567K, capacity 10263K, committed 10276K, reserved 1048576K
}

Deoptimization events (10 events):
Event: 70982.642 Thread 0x000000000288e800 Uncommon trap: reason=class_check action=maybe_recompile pc=0x0000000004f03f54 method=org.eclipse.e4.core.internal.contexts.ContextObjectSupplier$ContextInjectionListener.update(Lorg/eclipse/e4/core/contexts/IEclipseContext;I[Ljava/lang/Object;)Z @ 173
Event: 70982.642 Thread 0x000000000288e800 Uncommon trap: reason=class_check action=maybe_recompile pc=0x0000000004f03f54 method=org.eclipse.e4.core.internal.contexts.ContextObjectSupplier$ContextInjectionListener.update(Lorg/eclipse/e4/core/contexts/IEclipseContext;I[Ljava/lang/Object;)Z @ 173
Event: 70982.676 Thread 0x000000000288e800 Uncommon trap: reason=unreached action=reinterpret pc=0x0000000004b1e86c method=org.eclipse.cdt.internal.core.settings.model.xml.XmlProjectDescriptionStorage.getProjectDescription(ILorg/eclipse/core/runtime/IProgressMonitor;)Lorg/eclipse/cdt/core/settings/ª–ÓjTñ@
Event: 70982.677 Thread 0x000000000288e800 Uncommon trap: reason=null_check action=make_not_entrant pc=0x0000000004b0be68 method=org.eclipse.cdt.internal.core.settings.model.CProjectDescriptionStorageManager.getProjectDescriptionStorage(Lorg/eclipse/core/resources/IProject;)Lorg/eclipse/cdt/interna
Event: 70982.677 Thread 0x000000000288e800 Uncommon trap: reason=unreached action=reinterpret pc=0x0000000004b0ff2c method=org.eclipse.core.internal.resources.Resource.getModificationStamp()J @ 8
Event: 70982.705 Thread 0x000000002011a800 Uncommon trap: reason=unreached action=reinterpret pc=0x0000000002dd7320 method=org.eclipse.core.internal.jobs.JobManager.createMonitor(Lorg/eclipse/core/runtime/jobs/Job;)Lorg/eclipse/core/runtime/IProgressMonitor; @ 6
Event: 70983.229 Thread 0x000000001fd55000 Uncommon trap: reason=bimorphic action=maybe_recompile pc=0x0000000004b2b888 method=org.eclipse.tcf.protocol.Protocol$3.run()V @ 4
Event: 70983.231 Thread 0x000000000288e800 Uncommon trap: reason=unreached action=reinterpret pc=0x0000000003c584d0 method=org.eclipse.swt.widgets.Display.getDefault()Lorg/eclipse/swt/widgets/Display; @ 39
Event: 70983.231 Thread 0x000000000288e800 Uncommon trap: reason=unreached action=reinterpret pc=0x00000000034f8c10 method=org.eclipse.swt.widgets.Display.getSystemFont()Lorg/eclipse/swt/graphics/Font; @ 8
Event: 70983.245 Thread 0x000000000288e800 Uncommon trap: reason=null_check action=make_not_entrant pc=0x00000000033bdd9c method=org.eclipse.core.runtime.internal.adaptor.EclipseLazyStarter.shouldActivateFor(Ljava/lang/String;Lorg/eclipse/osgi/baseadaptor/BaseData;Lorg/eclipse/core/runtime/internaläŸDjTñ@

Internal exceptions (10 events):
Event: 70982.370 Thread 0x000000000288e800 Implicit null exception at 0x000000000419ad04 to 0x000000000419b485
Event: 70982.371 Thread 0x000000000288e800 Implicit null exception at 0x0000000004695fe7 to 0x0000000004696089
Event: 70982.505 Thread 0x0000000020110800 Implicit null exception at 0x0000000003d89054 to 0x0000000003d892f5
Event: 70982.677 Thread 0x000000000288e800 Implicit null exception at 0x0000000004b0ad6f to 0x0000000004b0be59
Event: 70982.677 Thread 0x000000000288e800 Implicit null exception at 0x0000000004b0fb6c to 0x0000000004b0ff15
Event: 70983.245 Thread 0x000000000288e800 Implicit null exception at 0x00000000033bc693 to 0x00000000033bdd91
Event: 70983.314 Thread 0x0000000017afc800 Exception <a 'java/lang/InterruptedException': sleep interrupted> (0x00000000f75778b0) thrown at [D:\re\workspace\8-2-build-windows-amd64-cygwin\jdk8u25\1677\hotspot\src\share\vm\prims\jvm.cpp, line 3141]
Event: 70983.315 Thread 0x0000000018d01000 Exception <a 'java/lang/InterruptedException'> (0x00000000f73cc370) thrown at [D:\re\workspace\8-2-build-windows-amd64-cygwin\jdk8u25\1677\hotspot\src\share\vm\runtime\objectMonitor.cpp, line 1682]
Event: 70983.315 Thread 0x0000000017bb1800 Exception <a 'java/lang/InterruptedException'> (0x00000000f75f1200) thrown at [D:\re\workspace\8-2-build-windows-amd64-cygwin\jdk8u25\1677\hotspot\src\share\vm\runtime\objectMonitor.cpp, line 1682]
Event: 70983.381 Thread 0x0000000017a8f000 Exception <a 'java/lang/InterruptedException'> (0x00000000f740dba8) thrown at [D:\re\workspace\8-2-build-windows-amd64-cygwin\jdk8u25\1677\hotspot\src\share\vm\runtime\objectMonitor.cpp, line 1682]

Events (10 events):
Event: 70983.381 Thread 0x0000000015da0800 Thread exited: 0x0000000015da0800
Event: 70983.381 loading class java/util/IdentityHashMap$KeyIterator
Event: 70983.381 loading class java/util/IdentityHashMap$IdentityHashMapIterator
Event: 70983.381 loading class java/util/IdentityHashMap$IdentityHashMapIterator done
Event: 70983.381 loading class java/util/IdentityHashMap$KeyIterator done
Event: 70983.382 Thread 0x0000000020110800 Thread added: 0x0000000020110800
Event: 70983.382 Thread 0x0000000015a84000 flushing nmethod 0x00000000038d2210
Event: 70983.382 Thread 0x0000000020110800 Thread exited: 0x0000000020110800
Event: 70983.382 Thread 0x0000000015a84000 flushing nmethod 0x000000000397a8d0
Event: 70983.382 Executing VM operation: Exit


Dynamic libraries:
0x0000000000400000 - 0x000000000044f000 	F:\Xilinx2\SDK\2015.2\eclipse\win64.o\eclipse.exe
0x00007ff8de640000 - 0x00007ff8de830000 	C:\WINDOWS\SYSTEM32\ntdll.dll
0x00007ff8dd8e0000 - 0x00007ff8dd992000 	C:\WINDOWS\System32\KERNEL32.DLL
0x00007ff8dbaf0000 - 0x00007ff8dbd95000 	C:\WINDOWS\System32\KERNELBASE.dll
0x00007ff8dcad0000 - 0x00007ff8dcc64000 	C:\WINDOWS\System32\USER32.dll
0x00007ff8db6d0000 - 0x00007ff8db6f1000 	C:\WINDOWS\System32\win32u.dll
0x00007ff8dc990000 - 0x00007ff8dc9b6000 	C:\WINDOWS\System32\GDI32.dll
0x00007ff8dc520000 - 0x00007ff8dc6b6000 	C:\WINDOWS\System32\gdi32full.dll
0x00007ff8db7d0000 - 0x00007ff8db86e000 	C:\WINDOWS\System32\msvcp_win.dll
0x00007ff8db5a0000 - 0x00007ff8db69a000 	C:\WINDOWS\System32\ucrtbase.dll
0x00007ff8dcdd0000 - 0x00007ff8dce6e000 	C:\WINDOWS\System32\msvcrt.dll
0x00007ff8cf860000 - 0x00007ff8cfae4000 	C:\WINDOWS\WinSxS\amd64_microsoft.windows.common-controls_6595b64144ccf1df_6.0.18362.1139_none_9e7bf2d3e4605ac6\COMCTL32.dll
0x00007ff8de000000 - 0x00007ff8de335000 	C:\WINDOWS\System32\combase.dll
0x00007ff8de4b0000 - 0x00007ff8de5d0000 	C:\WINDOWS\System32\RPCRT4.dll
0x00007ff8db700000 - 0x00007ff8db780000 	C:\WINDOWS\System32\bcryptPrimitives.dll
0x00007ff8ddfd0000 - 0x00007ff8ddffe000 	C:\WINDOWS\System32\IMM32.DLL
0x0000000072000000 - 0x0000000072012000 	F:\Xilinx2\SDK\2015.2\eclipse\win64.o\plugins\org.eclipse.equinox.launcher.win32.win32.x86_64_1.1.200.v20140116-2212\eclipse_1503.dll
0x00007ff8dc770000 - 0x00007ff8dc813000 	C:\WINDOWS\System32\ADVAPI32.dll
0x00007ff8de340000 - 0x00007ff8de3d7000 	C:\WINDOWS\System32\sechost.dll
0x00007ff8d6910000 - 0x00007ff8d691a000 	C:\WINDOWS\SYSTEM32\VERSION.dll
0x00007ff8d9730000 - 0x00007ff8d97c9000 	C:\WINDOWS\system32\uxtheme.dll
0x00007ff8dd6a0000 - 0x00007ff8dd7d5000 	C:\WINDOWS\System32\MSCTF.dll
0x00007ff8de3e0000 - 0x00007ff8de4a5000 	C:\WINDOWS\System32\OLEAUT32.dll
0x00007ff89b3a0000 - 0x00007ff89b49c000 	C:\ProgramData\A-Volute\A-Volute.Nahimic\Modules\Scheduled\x64\A-Volute.NahimicDevProps2.dll
0x00007ff8dc820000 - 0x00007ff8dc977000 	C:\WINDOWS\System32\ole32.dll
0x00007ff8dcd60000 - 0x00007ff8dcdcf000 	C:\WINDOWS\System32\WS2_32.dll
0x00007ff8dca70000 - 0x00007ff8dcac2000 	C:\WINDOWS\System32\SHLWAPI.dll
0x00007ff8dcf40000 - 0x00007ff8dd627000 	C:\WINDOWS\System32\SHELL32.dll
0x00007ff8db780000 - 0x00007ff8db7ca000 	C:\WINDOWS\System32\cfgmgr32.dll
0x00007ff8dc6c0000 - 0x00007ff8dc769000 	C:\WINDOWS\System32\shcore.dll
0x00007ff8dbda0000 - 0x00007ff8dc520000 	C:\WINDOWS\System32\windows.storage.dll
0x00007ff8db570000 - 0x00007ff8db593000 	C:\WINDOWS\System32\profapi.dll
0x00007ff8db520000 - 0x00007ff8db56a000 	C:\WINDOWS\System32\powrprof.dll
0x00007ff8db4d0000 - 0x00007ff8db4e0000 	C:\WINDOWS\System32\UMPDC.dll
0x00007ff8db500000 - 0x00007ff8db511000 	C:\WINDOWS\System32\kernel.appcore.dll
0x00007ff8db870000 - 0x00007ff8db887000 	C:\WINDOWS\System32\cryptsp.dll
0x00007ff89bc40000 - 0x00007ff89bcec000 	C:\ProgramData\A-Volute\A-Volute.Nahimic\Modules\Scheduled\x64\NahimicOSD.dll
0x00007ff89bd80000 - 0x00007ff89bdd7000 	C:\ProgramData\A-Volute\A-Volute.Nahimic\Modules\Scheduled\x64\ProductInfo.dll
0x000000005ed10000 - 0x000000005f56a000 	F:\Xilinx2\SDK\2015.2\tps\win64\jre\bin\server\jvm.dll
0x00007ff8dc980000 - 0x00007ff8dc988000 	C:\WINDOWS\System32\PSAPI.DLL
0x00007ff8c43b0000 - 0x00007ff8c43b9000 	C:\WINDOWS\SYSTEM32\WSOCK32.dll
0x00007ff8d8020000 - 0x00007ff8d8044000 	C:\WINDOWS\SYSTEM32\WINMM.dll
0x000000005f890000 - 0x000000005f962000 	C:\WINDOWS\SYSTEM32\MSVCR100.dll
0x00007ff8d7fd0000 - 0x00007ff8d7ffd000 	C:\WINDOWS\SYSTEM32\winmmbase.dll
0x000000005ebd0000 - 0x000000005ebdf000 	F:\Xilinx2\SDK\2015.2\tps\win64\jre\bin\verify.dll
0x000000005eba0000 - 0x000000005ebc8000 	F:\Xilinx2\SDK\2015.2\tps\win64\jre\bin\java.dll
0x000000005eb80000 - 0x000000005eb96000 	F:\Xilinx2\SDK\2015.2\tps\win64\jre\bin\zip.dll
0x00007ff8da890000 - 0x00007ff8da8c3000 	C:\WINDOWS\system32\rsaenh.dll
0x00007ff8db6a0000 - 0x00007ff8db6c6000 	C:\WINDOWS\System32\bcrypt.dll
0x00007ff8db3f0000 - 0x00007ff8db415000 	C:\WINDOWS\SYSTEM32\USERENV.dll
0x00007ff8daef0000 - 0x00007ff8daefc000 	C:\WINDOWS\SYSTEM32\CRYPTBASE.dll
0x000000005eb60000 - 0x000000005eb7a000 	F:\Xilinx2\SDK\2015.2\tps\win64\jre\bin\net.dll
0x00007ff8dad20000 - 0x00007ff8dad87000 	C:\WINDOWS\system32\mswsock.dll
0x00007ff8daa30000 - 0x00007ff8daa6a000 	C:\WINDOWS\SYSTEM32\IPHLPAPI.DLL
0x00007ff8dcc70000 - 0x00007ff8dcc78000 	C:\WINDOWS\System32\NSI.dll
0x00007ff8d55f0000 - 0x00007ff8d5606000 	C:\WINDOWS\SYSTEM32\dhcpcsvc6.DLL
0x00007ff8d56a0000 - 0x00007ff8d56bc000 	C:\WINDOWS\SYSTEM32\dhcpcsvc.DLL
0x00007ff8daa70000 - 0x00007ff8dab3b000 	C:\WINDOWS\SYSTEM32\DNSAPI.dll
0x000000005eb40000 - 0x000000005eb51000 	F:\Xilinx2\SDK\2015.2\tps\win64\jre\bin\nio.dll
0x00007ff8cddf0000 - 0x00007ff8cde8e000 	C:\WINDOWS\System32\TextInputFramework.dll
0x00007ff8d90c0000 - 0x00007ff8d9194000 	C:\WINDOWS\System32\CoreMessaging.dll
0x00007ff8cd750000 - 0x00007ff8cda7a000 	C:\WINDOWS\System32\CoreUIComponents.dll
0x00007ff8da620000 - 0x00007ff8da651000 	C:\WINDOWS\SYSTEM32\ntmarta.dll
0x00007ff8d71a0000 - 0x00007ff8d72f3000 	C:\WINDOWS\SYSTEM32\wintypes.dll
0x00007ff8c2010000 - 0x00007ff8c22b7000 	C:\WINDOWS\System32\iertutil.dll
0x00007ff8acf90000 - 0x00007ff8acfa6000 	C:\WINDOWS\system32\napinsp.dll
0x00007ff8acf70000 - 0x00007ff8acf8a000 	C:\WINDOWS\system32\pnrpnsp.dll
0x00007ff8d3430000 - 0x00007ff8d343e000 	C:\WINDOWS\System32\winrnr.dll
0x00007ff8d8000000 - 0x00007ff8d801c000 	C:\WINDOWS\system32\NLAapi.dll
0x00007ff8d6fe0000 - 0x00007ff8d6ff5000 	C:\WINDOWS\system32\wshbth.dll
0x00007ff8d5ca0000 - 0x00007ff8d5caa000 	C:\Windows\System32\rasadhlp.dll
0x00007ff8d5500000 - 0x00007ff8d5577000 	C:\WINDOWS\System32\fwpuclnt.dll
0x000000001b730000 - 0x000000001b7d8000 	C:\Users\Roxas\.Xilinx\SDK\2015.2\org.eclipse.osgi\bundles\287\1\.cp\swt-win32-4335.dll
0x00007ff8dce70000 - 0x00007ff8dcf40000 	C:\WINDOWS\System32\comdlg32.dll
0x00007ff8db8f0000 - 0x00007ff8dba39000 	C:\WINDOWS\System32\CRYPT32.dll
0x00007ff8cf7d0000 - 0x00007ff8cf859000 	C:\WINDOWS\SYSTEM32\WINSPOOL.DRV
0x00007ff89d230000 - 0x00007ff89d249000 	C:\WINDOWS\SYSTEM32\USP10.dll
0x00007ff8db4e0000 - 0x00007ff8db4f2000 	C:\WINDOWS\System32\MSASN1.dll
0x00007ff8c4470000 - 0x00007ff8c4945000 	C:\WINDOWS\SYSTEM32\WININET.dll
0x00007ff8d7c70000 - 0x00007ff8d7d60000 	C:\WINDOWS\SYSTEM32\PROPSYS.dll
0x000000001b630000 - 0x000000001b64e000 	C:\Users\Roxas\.Xilinx\SDK\2015.2\org.eclipse.osgi\bundles\287\1\.cp\swt-gdip-win32-4335.dll
0x00007ff8cfaf0000 - 0x00007ff8cfc93000 	C:\WINDOWS\WinSxS\amd64_microsoft.windows.gdiplus_6595b64144ccf1df_1.1.18362.1139_none_cf66e5b93ef2d494\gdiplus.dll
0x00007ff8cd490000 - 0x00007ff8cd63f000 	C:\WINDOWS\SYSTEM32\WindowsCodecs.dll
0x0000000180000000 - 0x0000000180012000 	C:\Users\Roxas\.Xilinx\SDK\2015.2\org.eclipse.osgi\bundles\113\1\.cp\os\win32\x86_64\localfile_1_0_0.dll
0x00007ff8cddd0000 - 0x00007ff8cdde1000 	C:\Users\Roxas\.Xilinx\SDK\2015.2\org.eclipse.osgi\bundles\116\1\.cp\jWinHttp-1.0.0.dll
0x00007ff8d5870000 - 0x00007ff8d5960000 	C:\WINDOWS\SYSTEM32\WINHTTP.dll
0x00007ff8cf720000 - 0x00007ff8cf785000 	C:\WINDOWS\SYSTEM32\oleacc.dll
0x00007ff8da120000 - 0x00007ff8da140000 	C:\WINDOWS\SYSTEM32\dxcore.dll
0x00007ff8c4bc0000 - 0x00007ff8c4bd0000 	F:\Xilinx2\SDK\2015.2\lib\win64.o\librdi_repo_manager.dll
0x00007ff830790000 - 0x00007ff8310d3000 	F:\Xilinx2\SDK\2015.2\lib\win64.o\librdi_common.dll
0x00007ff89c0b0000 - 0x00007ff89c104000 	F:\Xilinx2\SDK\2015.2\lib\win64.o\librdi_commonxillic.dll
0x00007ff89d280000 - 0x00007ff89d2aa000 	F:\Xilinx2\SDK\2015.2\lib\win64.o\libisl_sysinfo.dll
0x00007ff88c080000 - 0x00007ff88c127000 	C:\WINDOWS\SYSTEM32\MSVCP110.dll
0x00007ff88bfa0000 - 0x00007ff88c074000 	C:\WINDOWS\SYSTEM32\MSVCR110.dll
0x00007ff830570000 - 0x00007ff830790000 	F:\Xilinx2\SDK\2015.2\lib\win64.o\libXil_lmgr11.dll
0x00007ff8db890000 - 0x00007ff8db8ec000 	C:\WINDOWS\System32\WINTRUST.dll
0x00007ff89edc0000 - 0x00007ff89ede2000 	F:\Xilinx2\SDK\2015.2\lib\win64.o\libboost_filesystem.dll
0x00007ff834100000 - 0x00007ff8342e8000 	F:\Xilinx2\SDK\2015.2\lib\win64.o\librdi_hsm.dll
0x00007ff891900000 - 0x00007ff8919fa000 	F:\Xilinx2\SDK\2015.2\lib\win64.o\libboost_regex.dll
0x00007ff836a70000 - 0x00007ff836d18000 	F:\Xilinx2\SDK\2015.2\lib\win64.o\libCOIN-all.dll
0x00007ff8d2380000 - 0x00007ff8d2389000 	F:\Xilinx2\SDK\2015.2\lib\win64.o\libboost_system.dll
0x00007ff8d36f0000 - 0x00007ff8d3700000 	F:\Xilinx2\SDK\2015.2\lib\win64.o\libboost_date_time.dll
0x00007ff89af70000 - 0x00007ff89afe4000 	F:\Xilinx2\SDK\2015.2\lib\win64.o\libboost_program_options.dll
0x00007ff8a9dc0000 - 0x00007ff8a9dd3000 	F:\Xilinx2\SDK\2015.2\lib\win64.o\libboost_signals.dll
0x00007ff8a0ff0000 - 0x00007ff8a100d000 	F:\Xilinx2\SDK\2015.2\lib\win64.o\libboost_thread.dll
0x00007ff89ab40000 - 0x00007ff89abc0000 	F:\Xilinx2\SDK\2015.2\lib\win64.o\libhdlpsolve.dll
0x00007ff898800000 - 0x00007ff89889a000 	F:\Xilinx2\SDK\2015.2\lib\win64.o\libhdxml.dll
0x00007ff82f6c0000 - 0x00007ff82fcca200 	F:\Xilinx2\SDK\2015.2\lib\win64.o\libisl_iostreams.dll
0x00007ff89d980000 - 0x00007ff89d9a3000 	F:\Xilinx2\SDK\2015.2\lib\win64.o\libisl_iosutils.dll
0x00007ff8cddb0000 - 0x00007ff8cddc5000 	F:\Xilinx2\SDK\2015.2\lib\win64.o\pthreadVC2.dll
0x00007ff882980000 - 0x00007ff882ab0000 	F:\Xilinx2\SDK\2015.2\lib\win64.o\librdi_curl.dll
0x00007ff89f770000 - 0x00007ff89f788000 	F:\Xilinx2\SDK\2015.2\lib\win64.o\librdiconfig.dll
0x00007ff89d250000 - 0x00007ff89d273000 	F:\Xilinx2\SDK\2015.2\lib\win64.o\librdizlib.dll
0x000000005ebe0000 - 0x000000005ed07000 	F:\Xilinx2\SDK\2015.2\lib\win64.o\tcl85t.dll
0x00007ff8d2ad0000 - 0x00007ff8d2ca6000 	C:\WINDOWS\SYSTEM32\urlmon.dll
0x00007ff8ad5e0000 - 0x00007ff8ad603000 	C:\WINDOWS\SYSTEM32\VCOMP110.DLL
0x00007ff8c5940000 - 0x00007ff8c5957000 	C:\WINDOWS\SYSTEM32\NETAPI32.dll
0x00007ff89b870000 - 0x00007ff89b8b3000 	F:\Xilinx2\SDK\2015.2\lib\win64.o\librdi_hdf.dll
0x00007ff861200000 - 0x00007ff8613ba000 	F:\Xilinx2\SDK\2015.2\lib\win64.o\librdi_ippcw.dll
0x00007ff8d1080000 - 0x00007ff8d108b000 	F:\Xilinx2\SDK\2015.2\lib\win64.o\libboost_chrono.dll
0x00007ff89c7f0000 - 0x00007ff89c806000 	F:\Xilinx2\SDK\2015.2\lib\win64.o\libboost_iostreams.dll
0x0000000023e20000 - 0x0000000024083000 	F:\Xilinx2\SDK\2015.2\lib\win64.o\xerces-c_3_1.dll
0x00007ff89c7d0000 - 0x00007ff89c7ec000 	F:\Xilinx2\SDK\2015.2\lib\win64.o\librdi_hw_platform.dll
0x00007ff8cfca0000 - 0x00007ff8cfca7000 	C:\WINDOWS\SYSTEM32\msimg32.dll
0x00007ff8aa1a0000 - 0x00007ff8aa1c3000 	C:\WINDOWS\SYSTEM32\edputil.dll
0x00007ff82f2b0000 - 0x00007ff82f6ba000 	F:\Xilinx2\SDK\2015.2\lib\win64.o\librdi_commontasks.dll
0x00007ff82ae80000 - 0x00007ff82b690000 	F:\Xilinx2\SDK\2015.2\lib\win64.o\libXil_lmgr11FNP.dll
0x00007ff8dd9a0000 - 0x00007ff8dde10000 	C:\WINDOWS\System32\SETUPAPI.dll

VM Arguments:
jvm_args: -Dcom.xilinx.sdk.args.hwspec=F:/Amir_Hamzah/University_of_Edinburgh/Studies/2nd_year/Engineering_Software_3/Assignment1/Assessment1/es3_hw_assmnt_1/es3_hw_assmnt_1.sdk/top.hdf -Xms64m -Xmx512m & 
java_command: <unknown>
java_class_path (initial): F:\Xilinx2\SDK\2015.2\eclipse\win64.o\\plugins/org.eclipse.equinox.launcher_1.3.0.v20130327-1440.jar
Launcher Type: generic

Environment Variables:
USERNAME=Roxas
OS=Windows_NT
PROCESSOR_IDENTIFIER=Intel64 Family 6 Model 158 Stepping 10, GenuineIntel



---------------  S Y S T E M  ---------------

OS: Windows 8 , 64 bit Build 9200 

CPU:total 12 (6 cores per cpu, 2 threads per core) family 6 model 158 stepping 10, cmov, cx8, fxsr, mmx, sse, sse2, sse3, ssse3, sse4.1, sse4.2, popcnt, avx, avx2, aes, clmul, erms, lzcnt, ht, tsc, tscinvbit, bmi1, bmi2

Memory: 4k page, physical 25008044k(15525036k free), swap 28678060k(14697400k free)

vm_info: Java HotSpot(TM) 64-Bit Server VM (25.25-b02) for windows-amd64 JRE (1.8.0_25-b18), built on Oct  7 2014 14:25:37 by "java_re" with MS VC++ 10.0 (VS2010)

time: Sun Nov 01 13:15:25 2020
elapsed time: 70985 seconds (0d 19h 43m 5s)

