#
# A fatal error has been detected by the Java Runtime Environment:
#
#  Internal Error (0xc000000d), pid=14724, tid=3824
#
# JRE version: Java(TM) SE Runtime Environment (8.0_25-b18) (build 1.8.0_25-b18)
# Java VM: Java HotSpot(TM) 64-Bit Server VM (25.25-b02 mixed mode windows-amd64 compressed oops)
# Problematic frame:
# C  [ntdll.dll+0x10f110]
#
# Failed to write core dump. Minidumps are not enabled by default on client versions of Windows
#
# If you would like to submit a bug report, please visit:
#   http://bugreport.sun.com/bugreport/crash.jsp
#

---------------  T H R E A D  ---------------

Current thread (0x0000000014454800):  VMThread [stack: 0x0000000016bc0000,0x0000000016cc0000] [id=3824]

siginfo: ExceptionCode=0xc000000d

Registers:
RAX=0x0000000016cbeae0, RBX=0xfffffffffffffffe, RCX=0x0000000000000000, RDX=0x0000000016cbeab0
RSP=0x0000000016cbf140, RBP=0x00007ff88bfa7408, RSI=0x0000000000000000, RDI=0x0000000000000d98
R8 =0x00000000001517b8, R9 =0x0000000016cbea04, R10=0x0000000016cbea00, R11=0x0000000016cbea14
R12=0x000000000066f3e0, R13=0x00000000006266d0, R14=0x000000000066f4e8, R15=0x0000000016cbf2b8
RIP=0x00007ff8de74f110, EFLAGS=0x0000000000000202

Top of Stack: (sp=0x0000000016cbf140)
0x0000000016cbf140:   0000000000000057 fffffffffffffffe
0x0000000016cbf150:   0000000000000000 0000000000000016
0x0000000016cbf160:   00000000c000000d 0000000000000000
0x0000000016cbf170:   00007ff8de74f110 0000000000000000
0x0000000016cbf180:   0000000000000000 0000000000000000
0x0000000016cbf190:   0000000000000000 0000000000000000
0x0000000016cbf1a0:   0000000000000000 0000000000000000
0x0000000016cbf1b0:   0000000000000000 0000000000000000
0x0000000016cbf1c0:   0000000000000000 0000000000000000
0x0000000016cbf1d0:   0000000000000000 0000000000000000
0x0000000016cbf1e0:   0000000000000000 0000000000000000
0x0000000016cbf1f0:   0000000000000000 00007ff8de6807cd
0x0000000016cbf200:   00002054ee6d76f1 00000000005a0000
0x0000000016cbf210:   0000000000000000 00007ff8de6f116f
0x0000000016cbf220:   00000000005a0000 0000000002000002
0x0000000016cbf230:   00000000000003ff 0000000000000080 

Instructions: (pc=0x00007ff8de74f110)
0x00007ff8de74f0f0:   3f f9 ff c7 44 24 20 0d 00 00 c0 b9 57 00 00 00
0x00007ff8de74f100:   e8 5b 44 f4 ff 90 48 8d 4c 24 20 e8 b0 ad f5 ff
0x00007ff8de74f110:   eb 00 48 8b 8c 24 c0 00 00 00 48 33 cc e8 5e d0
0x00007ff8de74f120:   f7 ff 48 81 c4 d8 00 00 00 c3 40 55 48 83 ec 20 


Register to memory mapping:

RAX=0x0000000016cbeae0 is an unknown value
RBX=0xfffffffffffffffe is an unknown value
RCX=0x0000000000000000 is an unknown value
RDX=0x0000000016cbeab0 is an unknown value
RSP=0x0000000016cbf140 is an unknown value
RBP=0x00007ff88bfa7408 is an unknown value
RSI=0x0000000000000000 is an unknown value
RDI=0x0000000000000d98 is an unknown value
R8 =0x00000000001517b8 is an unknown value
R9 =0x0000000016cbea04 is an unknown value
R10=0x0000000016cbea00 is an unknown value
R11=0x0000000016cbea14 is an unknown value
R12=0x000000000066f3e0 is an unknown value
R13=0x00000000006266d0 is an unknown value
R14=0x000000000066f4e8 is an unknown value
R15=0x0000000016cbf2b8 is an unknown value


Stack: [0x0000000016bc0000,0x0000000016cc0000],  sp=0x0000000016cbf140,  free space=1020k
Native frames: (J=compiled Java code, j=interpreted, Vv=VM code, C=native code)
C  [ntdll.dll+0x10f110]
C  [ntdll.dll+0xb116f]
C  [KERNEL32.DLL+0x1eeea]
C  [MSVCR110.dll+0x752d]
C  [MSVCR110.dll+0x14cde]
C  [MSVCR110.dll+0x13edc]
C  [MSVCR110.dll+0x239e]
C  [MSVCR110.dll+0xaf9e]
C  [MSVCP110.dll+0x397b9]
C  [librdi_common.dll+0x135d02]
C  [librdi_common.dll+0x13447b]
C  0x00007ff8342fc33c
C  0x00007ff8342fc5be
C  [ntdll.dll+0x25021]
C  [ntdll.dll+0x6aad2]
C  [ntdll.dll+0x6a97d]
C  [KERNEL32.DLL+0x1cdda]
C  [MSVCR100.dll+0x20ccd]
V  [jvm.dll+0x1f9c55]
V  [jvm.dll+0x2325e7]
V  [jvm.dll+0x231826]
V  [jvm.dll+0x231cc1]
V  [jvm.dll+0x231ede]
V  [jvm.dll+0x2852fa]
C  [MSVCR100.dll+0x21d9f]
C  [MSVCR100.dll+0x21e3b]
C  [KERNEL32.DLL+0x17c24]
C  [ntdll.dll+0x6cea1]

VM_Operation (0x000000000014f4d0): Exit, mode: safepoint, requested by thread 0x00000000026ce800


---------------  P R O C E S S  ---------------

Java Threads: ( => current thread )
  0x000000001ce31800 JavaThread "TCF Locator DNS Lookup" daemon [_thread_blocked, id=26740, stack(0x00000000225f0000,0x00000000226f0000)]
  0x000000001ce30800 JavaThread "TCF Locator Timer" daemon [_thread_blocked, id=19004, stack(0x00000000224f0000,0x00000000225f0000)]
  0x000000001ce32000 JavaThread "TCF Locator Receiver" daemon [_thread_in_native, id=18936, stack(0x00000000223f0000,0x00000000224f0000)]
  0x000000001ce35000 JavaThread "TCF Timer Dispatcher" daemon [_thread_blocked, id=1452, stack(0x00000000221f0000,0x00000000222f0000)]
  0x0000000019185800 JavaThread "EMF Reference Cleaner" daemon [_thread_blocked, id=16720, stack(0x000000001b230000,0x000000001b330000)]
  0x0000000015beb800 JavaThread "Service Thread" daemon [_thread_blocked, id=14924, stack(0x00000000174c0000,0x00000000175c0000)]
  0x0000000015b63000 JavaThread "C1 CompilerThread3" daemon [_thread_blocked, id=21180, stack(0x00000000173c0000,0x00000000174c0000)]
  0x0000000015b61800 JavaThread "C2 CompilerThread2" daemon [_thread_blocked, id=20144, stack(0x00000000172c0000,0x00000000173c0000)]
  0x0000000015b58000 JavaThread "C2 CompilerThread1" daemon [_thread_blocked, id=10688, stack(0x00000000171c0000,0x00000000172c0000)]
  0x0000000015b4f800 JavaThread "C2 CompilerThread0" daemon [_thread_blocked, id=26336, stack(0x00000000170c0000,0x00000000171c0000)]
  0x0000000015b4e800 JavaThread "Attach Listener" daemon [_thread_blocked, id=24320, stack(0x0000000016fc0000,0x00000000170c0000)]
  0x0000000015b4d000 JavaThread "Signal Dispatcher" daemon [_thread_blocked, id=23804, stack(0x0000000016ec0000,0x0000000016fc0000)]
  0x00000000029e9800 JavaThread "Finalizer" daemon [_thread_blocked, id=15808, stack(0x0000000016dc0000,0x0000000016ec0000)]
  0x000000001445b800 JavaThread "Reference Handler" daemon [_thread_blocked, id=15532, stack(0x0000000016cc0000,0x0000000016dc0000)]
  0x00000000026ce800 JavaThread "main" [_thread_blocked, id=1836, stack(0x0000000000050000,0x0000000000150000)]

Other Threads:
=>0x0000000014454800 VMThread [stack: 0x0000000016bc0000,0x0000000016cc0000] [id=3824]

VM state:at safepoint (shutting down)

VM Mutex/Monitor currently owned by a thread:  ([mutex/lock_event])
[0x00000000026cd850] Threads_lock - owner thread: 0x0000000014454800

Heap:
 PSYoungGen      total 83968K, used 23473K [0x00000000f5580000, 0x00000000fc800000, 0x0000000100000000)
  eden space 65024K, 7% used [0x00000000f5580000,0x00000000f59f3500,0x00000000f9500000)
  from space 18944K, 99% used [0x00000000f9500000,0x00000000fa779268,0x00000000fa780000)
  to   space 22016K, 0% used [0x00000000fb280000,0x00000000fb280000,0x00000000fc800000)
 ParOldGen       total 103424K, used 31197K [0x00000000e0000000, 0x00000000e6500000, 0x00000000f5580000)
  object space 103424K, 30% used [0x00000000e0000000,0x00000000e1e77540,0x00000000e6500000)
 Metaspace       used 68076K, capacity 73220K, committed 73432K, reserved 1112064K
  class space    used 8490K, capacity 10197K, committed 10200K, reserved 1048576K

Card table byte_map: [0x0000000011db0000,0x0000000011ec0000] byte_map_base: 0x00000000116b0000

Marking Bits: (ParMarkBitMap*) 0x000000005f4ed490
 Begin Bits: [0x0000000012970000, 0x0000000013170000)
 End Bits:   [0x0000000013170000, 0x0000000013970000)

Polling page: 0x0000000002290000

CodeCache: size=245760Kb used=18421Kb max_used=18432Kb free=227338Kb
 bounds [0x00000000029f0000, 0x0000000003c10000, 0x00000000119f0000]
 total_blobs=6168 nmethods=5342 adapters=736
 compilation: enabled

Compilation events (10 events):
Event: 12.539 Thread 0x0000000015b63000 6371       3       java.io.File::list (33 bytes)
Event: 12.539 Thread 0x0000000015b63000 nmethod 6371 0x00000000034b1ad0 code [0x00000000034b1ca0, 0x00000000034b23c8]
Event: 12.553 Thread 0x0000000015b63000 6372   !   3       org.eclipse.osgi.internal.baseadaptor.BaseStorage::compact (215 bytes)
Event: 12.554 Thread 0x0000000015b63000 nmethod 6372 0x0000000003c06790 code [0x0000000003c06bc0, 0x0000000003c09028]
Event: 12.573 Thread 0x0000000015b63000 6373       3       org.eclipse.osgi.framework.internal.core.AbstractBundle::close (52 bytes)
Event: 12.573 Thread 0x0000000015b4f800 6374       4       java.lang.reflect.Field::setFieldAccessor (34 bytes)
Event: 12.574 Thread 0x0000000015b63000 nmethod 6373 0x0000000003c05310 code [0x0000000003c05540, 0x0000000003c06228]
Event: 12.574 Thread 0x0000000015b63000 6375       1       java.util.logging.LogManager$LoggerContext::getOwner (5 bytes)
Event: 12.574 Thread 0x0000000015b4f800 nmethod 6374 0x00000000033b5550 code [0x00000000033b56a0, 0x00000000033b5788]
Event: 12.574 Thread 0x0000000015b63000 nmethod 6375 0x00000000034b1810 code [0x00000000034b1960, 0x00000000034b1a70]

GC Heap History (10 events):
Event: 4.810 GC heap before
{Heap before GC invocations=10 (full 2):
 PSYoungGen      total 59904K, used 57715K [0x00000000f5580000, 0x00000000faf80000, 0x0000000100000000)
  eden space 45056K, 100% used [0x00000000f5580000,0x00000000f8180000,0x00000000f8180000)
  from space 14848K, 85% used [0x00000000f8180000,0x00000000f8ddcc28,0x00000000f9000000)
  to   space 16384K, 0% used [0x00000000f9f80000,0x00000000f9f80000,0x00000000faf80000)
 ParOldGen       total 77312K, used 24243K [0x00000000e0000000, 0x00000000e4b80000, 0x00000000f5580000)
  object space 77312K, 31% used [0x00000000e0000000,0x00000000e17accf8,0x00000000e4b80000)
 Metaspace       used 51971K, capacity 56136K, committed 56280K, reserved 1097728K
  class space    used 6329K, capacity 7637K, committed 7640K, reserved 1048576K
Event: 4.822 GC heap after
Heap after GC invocations=10 (full 2):
 PSYoungGen      total 72704K, used 16364K [0x00000000f5580000, 0x00000000fb500000, 0x0000000100000000)
  eden space 56320K, 0% used [0x00000000f5580000,0x00000000f5580000,0x00000000f8c80000)
  from space 16384K, 99% used [0x00000000f9f80000,0x00000000faf7b010,0x00000000faf80000)
  to   space 19456K, 0% used [0x00000000f8c80000,0x00000000f8c80000,0x00000000f9f80000)
 ParOldGen       total 77312K, used 25546K [0x00000000e0000000, 0x00000000e4b80000, 0x00000000f5580000)
  object space 77312K, 33% used [0x00000000e0000000,0x00000000e18f28f0,0x00000000e4b80000)
 Metaspace       used 51971K, capacity 56136K, committed 56280K, reserved 1097728K
  class space    used 6329K, capacity 7637K, committed 7640K, reserved 1048576K
}
Event: 5.502 GC heap before
{Heap before GC invocations=11 (full 2):
 PSYoungGen      total 72704K, used 33449K [0x00000000f5580000, 0x00000000fb500000, 0x0000000100000000)
  eden space 56320K, 30% used [0x00000000f5580000,0x00000000f662f588,0x00000000f8c80000)
  from space 16384K, 99% used [0x00000000f9f80000,0x00000000faf7b010,0x00000000faf80000)
  to   space 19456K, 0% used [0x00000000f8c80000,0x00000000f8c80000,0x00000000f9f80000)
 ParOldGen       total 77312K, used 25546K [0x00000000e0000000, 0x00000000e4b80000, 0x00000000f5580000)
  object space 77312K, 33% used [0x00000000e0000000,0x00000000e18f28f0,0x00000000e4b80000)
 Metaspace       used 54949K, capacity 58932K, committed 59028K, reserved 1099776K
  class space    used 6790K, capacity 8101K, committed 8152K, reserved 1048576K
Event: 5.508 GC heap after
Heap after GC invocations=11 (full 2):
 PSYoungGen      total 75776K, used 13469K [0x00000000f5580000, 0x00000000fbd00000, 0x0000000100000000)
  eden space 56320K, 0% used [0x00000000f5580000,0x00000000f5580000,0x00000000f8c80000)
  from space 19456K, 69% used [0x00000000f8c80000,0x00000000f99a74a8,0x00000000f9f80000)
  to   space 19968K, 0% used [0x00000000fa980000,0x00000000fa980000,0x00000000fbd00000)
 ParOldGen       total 77312K, used 25554K [0x00000000e0000000, 0x00000000e4b80000, 0x00000000f5580000)
  object space 77312K, 33% used [0x00000000e0000000,0x00000000e18f48f0,0x00000000e4b80000)
 Metaspace       used 54949K, capacity 58932K, committed 59028K, reserved 1099776K
  class space    used 6790K, capacity 8101K, committed 8152K, reserved 1048576K
}
Event: 5.508 GC heap before
{Heap before GC invocations=12 (full 3):
 PSYoungGen      total 75776K, used 13469K [0x00000000f5580000, 0x00000000fbd00000, 0x0000000100000000)
  eden space 56320K, 0% used [0x00000000f5580000,0x00000000f5580000,0x00000000f8c80000)
  from space 19456K, 69% used [0x00000000f8c80000,0x00000000f99a74a8,0x00000000f9f80000)
  to   space 19968K, 0% used [0x00000000fa980000,0x00000000fa980000,0x00000000fbd00000)
 ParOldGen       total 77312K, used 25554K [0x00000000e0000000, 0x00000000e4b80000, 0x00000000f5580000)
  object space 77312K, 33% used [0x00000000e0000000,0x00000000e18f48f0,0x00000000e4b80000)
 Metaspace       used 54949K, capacity 58932K, committed 59028K, reserved 1099776K
  class space    used 6790K, capacity 8101K, committed 8152K, reserved 1048576K
Event: 5.658 GC heap after
Heap after GC invocations=12 (full 3):
 PSYoungGen      total 75776K, used 0K [0x00000000f5580000, 0x00000000fbd00000, 0x0000000100000000)
  eden space 56320K, 0% used [0x00000000f5580000,0x00000000f5580000,0x00000000f8c80000)
  from space 19456K, 0% used [0x00000000f8c80000,0x00000000f8c80000,0x00000000f9f80000)
  to   space 19968K, 0% used [0x00000000fa980000,0x00000000fa980000,0x00000000fbd00000)
 ParOldGen       total 103424K, used 30394K [0x00000000e0000000, 0x00000000e6500000, 0x00000000f5580000)
  object space 103424K, 29% used [0x00000000e0000000,0x00000000e1daea70,0x00000000e6500000)
 Metaspace       used 54949K, capacity 58932K, committed 59028K, reserved 1099776K
  class space    used 6790K, capacity 8101K, committed 8152K, reserved 1048576K
}
Event: 6.027 GC heap before
{Heap before GC invocations=13 (full 3):
 PSYoungGen      total 75776K, used 56320K [0x00000000f5580000, 0x00000000fbd00000, 0x0000000100000000)
  eden space 56320K, 100% used [0x00000000f5580000,0x00000000f8c80000,0x00000000f8c80000)
  from space 19456K, 0% used [0x00000000f8c80000,0x00000000f8c80000,0x00000000f9f80000)
  to   space 19968K, 0% used [0x00000000fa980000,0x00000000fa980000,0x00000000fbd00000)
 ParOldGen       total 103424K, used 30394K [0x00000000e0000000, 0x00000000e6500000, 0x00000000f5580000)
  object space 103424K, 29% used [0x00000000e0000000,0x00000000e1daea70,0x00000000e6500000)
 Metaspace       used 58021K, capacity 62270K, committed 62424K, reserved 1103872K
  class space    used 7225K, capacity 8598K, committed 8664K, reserved 1048576K
Event: 6.035 GC heap after
Heap after GC invocations=13 (full 3):
 PSYoungGen      total 81920K, used 9217K [0x00000000f5580000, 0x00000000fba00000, 0x0000000100000000)
  eden space 65024K, 0% used [0x00000000f5580000,0x00000000f5580000,0x00000000f9500000)
  from space 16896K, 54% used [0x00000000fa980000,0x00000000fb2806f8,0x00000000fba00000)
  to   space 18944K, 0% used [0x00000000f9500000,0x00000000f9500000,0x00000000fa780000)
 ParOldGen       total 103424K, used 30402K [0x00000000e0000000, 0x00000000e6500000, 0x00000000f5580000)
  object space 103424K, 29% used [0x00000000e0000000,0x00000000e1db0a70,0x00000000e6500000)
 Metaspace       used 58021K, capacity 62270K, committed 62424K, reserved 1103872K
  class space    used 7225K, capacity 8598K, committed 8664K, reserved 1048576K
}
Event: 11.883 GC heap before
{Heap before GC invocations=14 (full 3):
 PSYoungGen      total 81920K, used 74241K [0x00000000f5580000, 0x00000000fba00000, 0x0000000100000000)
  eden space 65024K, 100% used [0x00000000f5580000,0x00000000f9500000,0x00000000f9500000)
  from space 16896K, 54% used [0x00000000fa980000,0x00000000fb2806f8,0x00000000fba00000)
  to   space 18944K, 0% used [0x00000000f9500000,0x00000000f9500000,0x00000000fa780000)
 ParOldGen       total 103424K, used 30402K [0x00000000e0000000, 0x00000000e6500000, 0x00000000f5580000)
  object space 103424K, 29% used [0x00000000e0000000,0x00000000e1db0a70,0x00000000e6500000)
 Metaspace       used 67926K, capacity 73188K, committed 73432K, reserved 1112064K
  class space    used 8474K, capacity 10165K, committed 10200K, reserved 1048576K
Event: 11.891 GC heap after
Heap after GC invocations=14 (full 3):
 PSYoungGen      total 83968K, used 18916K [0x00000000f5580000, 0x00000000fc800000, 0x0000000100000000)
  eden space 65024K, 0% used [0x00000000f5580000,0x00000000f5580000,0x00000000f9500000)
  from space 18944K, 99% used [0x00000000f9500000,0x00000000fa779268,0x00000000fa780000)
  to   space 22016K, 0% used [0x00000000fb280000,0x00000000fb280000,0x00000000fc800000)
 ParOldGen       total 103424K, used 31197K [0x00000000e0000000, 0x00000000e6500000, 0x00000000f5580000)
  object space 103424K, 30% used [0x00000000e0000000,0x00000000e1e77540,0x00000000e6500000)
 Metaspace       used 67926K, capacity 73188K, committed 73432K, reserved 1112064K
  class space    used 8474K, capacity 10165K, committed 10200K, reserved 1048576K
}

Deoptimization events (10 events):
Event: 11.576 Thread 0x000000001ce34800 Uncommon trap: reason=bimorphic action=maybe_recompile pc=0x000000000370ece8 method=java.util.Properties.load0(Ljava/util/Properties$LineReader;)V @ 242
Event: 11.768 Thread 0x00000000026ce800 Uncommon trap: reason=class_check action=maybe_recompile pc=0x00000000032fa270 method=org.eclipse.emf.common.util.BasicEMap.ensureEntryDataExists()V @ 37
Event: 11.771 Thread 0x00000000026ce800 Uncommon trap: reason=unreached action=reinterpret pc=0x0000000003596ccc method=org.eclipse.e4.ui.model.application.ui.impl.UIElementImpl.eIsSet(I)Z @ 184
Event: 11.792 Thread 0x00000000026ce800 Uncommon trap: reason=bimorphic action=maybe_recompile pc=0x0000000003b65da4 method=org.eclipse.emf.ecore.impl.ETypedElementImpl.getEType()Lorg/eclipse/emf/ecore/EClassifier; @ 18
Event: 11.792 Thread 0x00000000026ce800 Uncommon trap: reason=bimorphic action=maybe_recompile pc=0x0000000003b65da4 method=org.eclipse.emf.ecore.impl.ETypedElementImpl.getEType()Lorg/eclipse/emf/ecore/EClassifier; @ 18
Event: 11.798 Thread 0x00000000026ce800 Uncommon trap: reason=unreached action=reinterpret pc=0x0000000003bb568c method=org.eclipse.emf.ecore.xmi.impl.StringSegment.writeAscii(Ljava/io/OutputStream;I)V @ 117
Event: 11.831 Thread 0x00000000026ce800 Uncommon trap: reason=class_check action=maybe_recompile pc=0x0000000003b3b854 method=org.eclipse.e4.core.internal.contexts.TrackableComputationExt.update(Lorg/eclipse/e4/core/internal/contexts/ContextChangeEvent;)Z @ 62
Event: 11.831 Thread 0x00000000026ce800 Uncommon trap: reason=class_check action=maybe_recompile pc=0x0000000003b3b854 method=org.eclipse.e4.core.internal.contexts.TrackableComputationExt.update(Lorg/eclipse/e4/core/internal/contexts/ContextChangeEvent;)Z @ 62
Event: 11.831 Thread 0x00000000026ce800 Uncommon trap: reason=class_check action=maybe_recompile pc=0x0000000003b3b854 method=org.eclipse.e4.core.internal.contexts.TrackableComputationExt.update(Lorg/eclipse/e4/core/internal/contexts/ContextChangeEvent;)Z @ 62
Event: 12.438 Thread 0x00000000026ce800 Uncommon trap: reason=null_check action=make_not_entrant pc=0x00000000033d63d0 method=org.eclipse.core.runtime.internal.adaptor.EclipseLazyStarter.shouldActivateFor(Ljava/lang/String;Lorg/eclipse/osgi/baseadaptor/BaseData;Lorg/eclipse/core/runtime/internal¶,0¿&'@

Internal exceptions (10 events):
Event: 11.237 Thread 0x000000001ce3f000 Exception <a 'sun/net/ConnectionResetException': > (0x00000000f86cd370) thrown at [D:\re\workspace\8-2-build-windows-amd64-cygwin\jdk8u25\1677\hotspot\src\share\vm\prims\jni.cpp, line 742]
Event: 11.237 Thread 0x000000001ce3f000 Exception <a 'sun/net/ConnectionResetException': > (0x00000000f86cd548) thrown at [D:\re\workspace\8-2-build-windows-amd64-cygwin\jdk8u25\1677\hotspot\src\share\vm\prims\jni.cpp, line 742]
Event: 11.237 Thread 0x000000001ce3c800 Exception <a 'java/net/SocketException': Connection reset by peer: socket write error> (0x00000000f86f2828) thrown at [D:\re\workspace\8-2-build-windows-amd64-cygwin\jdk8u25\1677\hotspot\src\share\vm\prims\jni.cpp, line 742]
Event: 11.238 Thread 0x000000001ce3c800 Exception <a 'java/net/SocketException': Socket closed> (0x00000000f8803af0) thrown at [D:\re\workspace\8-2-build-windows-amd64-cygwin\jdk8u25\1677\hotspot\src\share\vm\prims\jni.cpp, line 742]
Event: 11.238 Thread 0x000000001ce34800 Exception <a 'java/lang/InterruptedException'> (0x00000000f8854f10) thrown at [D:\re\workspace\8-2-build-windows-amd64-cygwin\jdk8u25\1677\hotspot\src\share\vm\runtime\objectMonitor.cpp, line 1682]
Event: 12.438 Thread 0x00000000026ce800 Implicit null exception at 0x00000000033d4fef to 0x00000000033d63c5
Event: 12.505 Thread 0x0000000017c53800 Exception <a 'java/lang/InterruptedException': sleep interrupted> (0x00000000f57ffab0) thrown at [D:\re\workspace\8-2-build-windows-amd64-cygwin\jdk8u25\1677\hotspot\src\share\vm\prims\jvm.cpp, line 3141]
Event: 12.506 Thread 0x000000001a49e000 Exception <a 'java/lang/InterruptedException'> (0x00000000f58a2358) thrown at [D:\re\workspace\8-2-build-windows-amd64-cygwin\jdk8u25\1677\hotspot\src\share\vm\runtime\objectMonitor.cpp, line 1682]
Event: 12.506 Thread 0x0000000018f76800 Exception <a 'java/lang/InterruptedException'> (0x00000000f58c2ba0) thrown at [D:\re\workspace\8-2-build-windows-amd64-cygwin\jdk8u25\1677\hotspot\src\share\vm\runtime\objectMonitor.cpp, line 1682]
Event: 12.573 Thread 0x0000000018cde000 Exception <a 'java/lang/InterruptedException'> (0x00000000f57457e0) thrown at [D:\re\workspace\8-2-build-windows-amd64-cygwin\jdk8u25\1677\hotspot\src\share\vm\runtime\objectMonitor.cpp, line 1682]

Events (10 events):
Event: 12.506 Thread 0x0000000018f76800 Thread exited: 0x0000000018f76800
Event: 12.573 Thread 0x0000000018cde000 Thread exited: 0x0000000018cde000
Event: 12.574 Thread 0x00000000179b7800 Thread exited: 0x00000000179b7800
Event: 12.574 loading class java/util/IdentityHashMap$KeyIterator
Event: 12.574 loading class java/util/IdentityHashMap$IdentityHashMapIterator
Event: 12.574 loading class java/util/IdentityHashMap$IdentityHashMapIterator done
Event: 12.574 loading class java/util/IdentityHashMap$KeyIterator done
Event: 12.574 Thread 0x000000001ce39000 Thread added: 0x000000001ce39000
Event: 12.574 Thread 0x000000001ce39000 Thread exited: 0x000000001ce39000
Event: 12.575 Executing VM operation: Exit


Dynamic libraries:
0x0000000000400000 - 0x000000000044f000 	F:\Xilinx2\SDK\2015.2\eclipse\win64.o\eclipse.exe
0x00007ff8de640000 - 0x00007ff8de830000 	C:\WINDOWS\SYSTEM32\ntdll.dll
0x00007ff8dd8e0000 - 0x00007ff8dd992000 	C:\WINDOWS\System32\KERNEL32.DLL
0x00007ff8dbaf0000 - 0x00007ff8dbd95000 	C:\WINDOWS\System32\KERNELBASE.dll
0x00007ff8dcad0000 - 0x00007ff8dcc64000 	C:\WINDOWS\System32\USER32.dll
0x00007ff8db6d0000 - 0x00007ff8db6f1000 	C:\WINDOWS\System32\win32u.dll
0x00007ff8dc990000 - 0x00007ff8dc9b6000 	C:\WINDOWS\System32\GDI32.dll
0x00007ff8dc520000 - 0x00007ff8dc6b6000 	C:\WINDOWS\System32\gdi32full.dll
0x00007ff8db7d0000 - 0x00007ff8db86e000 	C:\WINDOWS\System32\msvcp_win.dll
0x00007ff8db5a0000 - 0x00007ff8db69a000 	C:\WINDOWS\System32\ucrtbase.dll
0x00007ff8dcdd0000 - 0x00007ff8dce6e000 	C:\WINDOWS\System32\msvcrt.dll
0x00007ff8cf860000 - 0x00007ff8cfae4000 	C:\WINDOWS\WinSxS\amd64_microsoft.windows.common-controls_6595b64144ccf1df_6.0.18362.1139_none_9e7bf2d3e4605ac6\COMCTL32.dll
0x00007ff8de000000 - 0x00007ff8de335000 	C:\WINDOWS\System32\combase.dll
0x00007ff8de4b0000 - 0x00007ff8de5d0000 	C:\WINDOWS\System32\RPCRT4.dll
0x00007ff8db700000 - 0x00007ff8db780000 	C:\WINDOWS\System32\bcryptPrimitives.dll
0x00007ff8ddfd0000 - 0x00007ff8ddffe000 	C:\WINDOWS\System32\IMM32.DLL
0x0000000072000000 - 0x0000000072012000 	F:\Xilinx2\SDK\2015.2\eclipse\win64.o\plugins\org.eclipse.equinox.launcher.win32.win32.x86_64_1.1.200.v20140116-2212\eclipse_1503.dll
0x00007ff8dc770000 - 0x00007ff8dc813000 	C:\WINDOWS\System32\ADVAPI32.dll
0x00007ff8de340000 - 0x00007ff8de3d7000 	C:\WINDOWS\System32\sechost.dll
0x00007ff8d6910000 - 0x00007ff8d691a000 	C:\WINDOWS\SYSTEM32\VERSION.dll
0x00007ff8d9730000 - 0x00007ff8d97c9000 	C:\WINDOWS\system32\uxtheme.dll
0x00007ff8dd6a0000 - 0x00007ff8dd7d5000 	C:\WINDOWS\System32\MSCTF.dll
0x00007ff8de3e0000 - 0x00007ff8de4a5000 	C:\WINDOWS\System32\OLEAUT32.dll
0x00007ff89b3a0000 - 0x00007ff89b49c000 	C:\ProgramData\A-Volute\A-Volute.Nahimic\Modules\Scheduled\x64\A-Volute.NahimicDevProps2.dll
0x00007ff8dc820000 - 0x00007ff8dc977000 	C:\WINDOWS\System32\ole32.dll
0x00007ff8dcd60000 - 0x00007ff8dcdcf000 	C:\WINDOWS\System32\WS2_32.dll
0x00007ff8dca70000 - 0x00007ff8dcac2000 	C:\WINDOWS\System32\SHLWAPI.dll
0x00007ff8dcf40000 - 0x00007ff8dd627000 	C:\WINDOWS\System32\SHELL32.dll
0x00007ff8db780000 - 0x00007ff8db7ca000 	C:\WINDOWS\System32\cfgmgr32.dll
0x00007ff8dc6c0000 - 0x00007ff8dc769000 	C:\WINDOWS\System32\shcore.dll
0x00007ff8dbda0000 - 0x00007ff8dc520000 	C:\WINDOWS\System32\windows.storage.dll
0x00007ff8db570000 - 0x00007ff8db593000 	C:\WINDOWS\System32\profapi.dll
0x00007ff8db520000 - 0x00007ff8db56a000 	C:\WINDOWS\System32\powrprof.dll
0x00007ff8db4d0000 - 0x00007ff8db4e0000 	C:\WINDOWS\System32\UMPDC.dll
0x00007ff8db500000 - 0x00007ff8db511000 	C:\WINDOWS\System32\kernel.appcore.dll
0x00007ff8db870000 - 0x00007ff8db887000 	C:\WINDOWS\System32\cryptsp.dll
0x00007ff89bc40000 - 0x00007ff89bcec000 	C:\ProgramData\A-Volute\A-Volute.Nahimic\Modules\Scheduled\x64\NahimicOSD.dll
0x00007ff89bd80000 - 0x00007ff89bdd7000 	C:\ProgramData\A-Volute\A-Volute.Nahimic\Modules\Scheduled\x64\ProductInfo.dll
0x000000005ed10000 - 0x000000005f56a000 	F:\Xilinx2\SDK\2015.2\tps\win64\jre\bin\server\jvm.dll
0x00007ff8dc980000 - 0x00007ff8dc988000 	C:\WINDOWS\System32\PSAPI.DLL
0x00007ff8c43b0000 - 0x00007ff8c43b9000 	C:\WINDOWS\SYSTEM32\WSOCK32.dll
0x00007ff8d8020000 - 0x00007ff8d8044000 	C:\WINDOWS\SYSTEM32\WINMM.dll
0x000000005f890000 - 0x000000005f962000 	C:\WINDOWS\SYSTEM32\MSVCR100.dll
0x00007ff8d7fd0000 - 0x00007ff8d7ffd000 	C:\WINDOWS\SYSTEM32\WINMMBASE.dll
0x000000005ebd0000 - 0x000000005ebdf000 	F:\Xilinx2\SDK\2015.2\tps\win64\jre\bin\verify.dll
0x000000005eba0000 - 0x000000005ebc8000 	F:\Xilinx2\SDK\2015.2\tps\win64\jre\bin\java.dll
0x000000005eb80000 - 0x000000005eb96000 	F:\Xilinx2\SDK\2015.2\tps\win64\jre\bin\zip.dll
0x00007ff8da890000 - 0x00007ff8da8c3000 	C:\WINDOWS\system32\rsaenh.dll
0x00007ff8db6a0000 - 0x00007ff8db6c6000 	C:\WINDOWS\System32\bcrypt.dll
0x00007ff8db3f0000 - 0x00007ff8db415000 	C:\WINDOWS\SYSTEM32\USERENV.dll
0x00007ff8daef0000 - 0x00007ff8daefc000 	C:\WINDOWS\SYSTEM32\CRYPTBASE.dll
0x000000005eb60000 - 0x000000005eb7a000 	F:\Xilinx2\SDK\2015.2\tps\win64\jre\bin\net.dll
0x00007ff8dad20000 - 0x00007ff8dad87000 	C:\WINDOWS\system32\mswsock.dll
0x00007ff8daa30000 - 0x00007ff8daa6a000 	C:\WINDOWS\SYSTEM32\IPHLPAPI.DLL
0x00007ff8dcc70000 - 0x00007ff8dcc78000 	C:\WINDOWS\System32\NSI.dll
0x00007ff8d55f0000 - 0x00007ff8d5606000 	C:\WINDOWS\SYSTEM32\dhcpcsvc6.DLL
0x00007ff8d56a0000 - 0x00007ff8d56bc000 	C:\WINDOWS\SYSTEM32\dhcpcsvc.DLL
0x00007ff8daa70000 - 0x00007ff8dab3b000 	C:\WINDOWS\SYSTEM32\DNSAPI.dll
0x000000005eb40000 - 0x000000005eb51000 	F:\Xilinx2\SDK\2015.2\tps\win64\jre\bin\nio.dll
0x00007ff8cddf0000 - 0x00007ff8cde8e000 	C:\WINDOWS\System32\TextInputFramework.dll
0x00007ff8cd750000 - 0x00007ff8cda7a000 	C:\WINDOWS\System32\CoreUIComponents.dll
0x00007ff8d90c0000 - 0x00007ff8d9194000 	C:\WINDOWS\System32\CoreMessaging.dll
0x00007ff8da620000 - 0x00007ff8da651000 	C:\WINDOWS\SYSTEM32\ntmarta.dll
0x00007ff8d71a0000 - 0x00007ff8d72f3000 	C:\WINDOWS\SYSTEM32\wintypes.dll
0x00007ff8c2010000 - 0x00007ff8c22b7000 	C:\WINDOWS\System32\iertutil.dll
0x00007ff8acf90000 - 0x00007ff8acfa6000 	C:\WINDOWS\system32\napinsp.dll
0x00007ff8acf70000 - 0x00007ff8acf8a000 	C:\WINDOWS\system32\pnrpnsp.dll
0x00007ff8d3430000 - 0x00007ff8d343e000 	C:\WINDOWS\System32\winrnr.dll
0x00007ff8d8000000 - 0x00007ff8d801c000 	C:\WINDOWS\system32\NLAapi.dll
0x00007ff8d6fe0000 - 0x00007ff8d6ff5000 	C:\WINDOWS\system32\wshbth.dll
0x00007ff8d5ca0000 - 0x00007ff8d5caa000 	C:\Windows\System32\rasadhlp.dll
0x00007ff8d5500000 - 0x00007ff8d5577000 	C:\WINDOWS\System32\fwpuclnt.dll
0x000000001b6c0000 - 0x000000001b768000 	C:\Users\Roxas\.Xilinx\SDK\2015.2\org.eclipse.osgi\bundles\287\1\.cp\swt-win32-4335.dll
0x00007ff8dce70000 - 0x00007ff8dcf40000 	C:\WINDOWS\System32\comdlg32.dll
0x00007ff8db8f0000 - 0x00007ff8dba39000 	C:\WINDOWS\System32\CRYPT32.dll
0x00007ff8cf7d0000 - 0x00007ff8cf859000 	C:\WINDOWS\SYSTEM32\WINSPOOL.DRV
0x00007ff8db4e0000 - 0x00007ff8db4f2000 	C:\WINDOWS\System32\MSASN1.dll
0x00007ff8c4470000 - 0x00007ff8c4945000 	C:\WINDOWS\SYSTEM32\WININET.dll
0x00007ff89d230000 - 0x00007ff89d249000 	C:\WINDOWS\SYSTEM32\USP10.dll
0x00007ff8d7c70000 - 0x00007ff8d7d60000 	C:\WINDOWS\SYSTEM32\PROPSYS.dll
0x00007ff8ad3b0000 - 0x00007ff8ad546000 	C:\Windows\System32\TaskFlowDataEngine.dll
0x00007ff8c1750000 - 0x00007ff8c1c97000 	C:\Windows\System32\cdp.dll
0x00007ff8d7ba0000 - 0x00007ff8d7c6f000 	C:\Windows\System32\dsreg.dll
0x00007ff8d7940000 - 0x00007ff8d79ca000 	C:\Windows\System32\msvcp110_win.dll
0x00007ff8b26b0000 - 0x00007ff8b2729000 	C:\Windows\System32\OneCoreCommonProxyStub.dll
0x0000000002690000 - 0x00000000026ae000 	C:\Users\Roxas\.Xilinx\SDK\2015.2\org.eclipse.osgi\bundles\287\1\.cp\swt-gdip-win32-4335.dll
0x00007ff8cfaf0000 - 0x00007ff8cfc93000 	C:\WINDOWS\WinSxS\amd64_microsoft.windows.gdiplus_6595b64144ccf1df_1.1.18362.1139_none_cf66e5b93ef2d494\gdiplus.dll
0x00007ff8cd490000 - 0x00007ff8cd63f000 	C:\WINDOWS\SYSTEM32\WindowsCodecs.dll
0x0000000180000000 - 0x0000000180012000 	C:\Users\Roxas\.Xilinx\SDK\2015.2\org.eclipse.osgi\bundles\113\1\.cp\os\win32\x86_64\localfile_1_0_0.dll
0x00007ff8b5e30000 - 0x00007ff8b5e41000 	C:\Users\Roxas\.Xilinx\SDK\2015.2\org.eclipse.osgi\bundles\116\1\.cp\jWinHttp-1.0.0.dll
0x00007ff8d5870000 - 0x00007ff8d5960000 	C:\WINDOWS\SYSTEM32\WINHTTP.dll
0x00007ff8cf720000 - 0x00007ff8cf785000 	C:\WINDOWS\SYSTEM32\oleacc.dll
0x00007ff8b2790000 - 0x00007ff8b27ca000 	C:\WINDOWS\system32\dataexchange.dll
0x00007ff8d8820000 - 0x00007ff8d8a7b000 	C:\WINDOWS\system32\d3d11.dll
0x00007ff8d8ee0000 - 0x00007ff8d90bd000 	C:\WINDOWS\system32\dcomp.dll
0x00007ff8da1b0000 - 0x00007ff8da29b000 	C:\WINDOWS\system32\dxgi.dll
0x00007ff8da120000 - 0x00007ff8da140000 	C:\WINDOWS\SYSTEM32\dxcore.dll
0x00007ff8d98f0000 - 0x00007ff8d9b52000 	C:\WINDOWS\system32\twinapi.appcore.dll
0x00007ff8d9c80000 - 0x00007ff8d9ca9000 	C:\WINDOWS\system32\RMCLIENT.dll
0x00007ff8b0010000 - 0x00007ff8b0051000 	C:\WINDOWS\system32\mlang.dll
0x00007ff8d1080000 - 0x00007ff8d1090000 	F:\Xilinx2\SDK\2015.2\lib\win64.o\librdi_repo_manager.dll
0x00007ff834540000 - 0x00007ff834e83000 	F:\Xilinx2\SDK\2015.2\lib\win64.o\librdi_common.dll
0x00007ff88f570000 - 0x00007ff88f758000 	F:\Xilinx2\SDK\2015.2\lib\win64.o\librdi_hsm.dll
0x00007ff8a12d0000 - 0x00007ff8a12fa000 	F:\Xilinx2\SDK\2015.2\lib\win64.o\libisl_sysinfo.dll
0x00007ff89d250000 - 0x00007ff89d2a4000 	F:\Xilinx2\SDK\2015.2\lib\win64.o\librdi_commonxillic.dll
0x00007ff88c080000 - 0x00007ff88c127000 	C:\WINDOWS\SYSTEM32\MSVCP110.dll
0x00007ff88bfa0000 - 0x00007ff88c074000 	C:\WINDOWS\SYSTEM32\MSVCR110.dll
0x00007ff86c940000 - 0x00007ff86cbe8000 	F:\Xilinx2\SDK\2015.2\lib\win64.o\libCOIN-all.dll
0x00007ff87f470000 - 0x00007ff87f690000 	F:\Xilinx2\SDK\2015.2\lib\win64.o\libXil_lmgr11.dll
0x00007ff8db890000 - 0x00007ff8db8ec000 	C:\WINDOWS\System32\WINTRUST.dll
0x00007ff8a13b0000 - 0x00007ff8a13d2000 	F:\Xilinx2\SDK\2015.2\lib\win64.o\libboost_filesystem.dll
0x00007ff89a6e0000 - 0x00007ff89a7da000 	F:\Xilinx2\SDK\2015.2\lib\win64.o\libboost_regex.dll
0x00007ff8d2380000 - 0x00007ff8d2389000 	F:\Xilinx2\SDK\2015.2\lib\win64.o\libboost_system.dll
0x00007ff8d3390000 - 0x00007ff8d33a0000 	F:\Xilinx2\SDK\2015.2\lib\win64.o\libboost_date_time.dll
0x00007ff8a0b70000 - 0x00007ff8a0be4000 	F:\Xilinx2\SDK\2015.2\lib\win64.o\libboost_program_options.dll
0x00007ff8ad570000 - 0x00007ff8ad583000 	F:\Xilinx2\SDK\2015.2\lib\win64.o\libboost_signals.dll
0x00007ff8ab4b0000 - 0x00007ff8ab4cd000 	F:\Xilinx2\SDK\2015.2\lib\win64.o\libboost_thread.dll
0x00007ff89ee10000 - 0x00007ff89ee90000 	F:\Xilinx2\SDK\2015.2\lib\win64.o\libhdlpsolve.dll
0x00007ff89edc0000 - 0x00007ff89ee03000 	F:\Xilinx2\SDK\2015.2\lib\win64.o\librdi_hdf.dll
0x00007ff89ab20000 - 0x00007ff89abba000 	F:\Xilinx2\SDK\2015.2\lib\win64.o\libhdxml.dll
0x00007ff8828f0000 - 0x00007ff882aaa000 	F:\Xilinx2\SDK\2015.2\lib\win64.o\librdi_ippcw.dll
0x00007ff839b00000 - 0x00007ff83a10a200 	F:\Xilinx2\SDK\2015.2\lib\win64.o\libisl_iostreams.dll
0x000000005ebe0000 - 0x000000005ed07000 	F:\Xilinx2\SDK\2015.2\lib\win64.o\tcl85t.dll
0x00007ff8a1380000 - 0x00007ff8a13a3000 	F:\Xilinx2\SDK\2015.2\lib\win64.o\libisl_iosutils.dll
0x00007ff8ad880000 - 0x00007ff8ad895000 	F:\Xilinx2\SDK\2015.2\lib\win64.o\pthreadVC2.dll
0x00007ff8aa140000 - 0x00007ff8aa158000 	F:\Xilinx2\SDK\2015.2\lib\win64.o\librdiconfig.dll
0x00007ff8964e0000 - 0x00007ff896610000 	F:\Xilinx2\SDK\2015.2\lib\win64.o\librdi_curl.dll
0x00007ff8a0ce0000 - 0x00007ff8a0d03000 	F:\Xilinx2\SDK\2015.2\lib\win64.o\librdizlib.dll

VM Arguments:
jvm_args: -Dcom.xilinx.sdk.args.hwspec=F:/Amir_Hamzah/University_of_Edinburgh/Studies/2nd_year/Engineering_Software_3/Lab_2/Lab_2/es3_hw_lab_2/es3_hw_lab_2.sdk/top.hdf -Xms64m -Xmx512m & 
java_command: <unknown>
java_class_path (initial): F:\Xilinx2\SDK\2015.2\eclipse\win64.o\\plugins/org.eclipse.equinox.launcher_1.3.0.v20130327-1440.jar
Launcher Type: generic

Environment Variables:
USERNAME=Roxas
OS=Windows_NT
PROCESSOR_IDENTIFIER=Intel64 Family 6 Model 158 Stepping 10, GenuineIntel



---------------  S Y S T E M  ---------------

OS: Windows 8 , 64 bit Build 9200 

CPU:total 12 (6 cores per cpu, 2 threads per core) family 6 model 158 stepping 10, cmov, cx8, fxsr, mmx, sse, sse2, sse3, ssse3, sse4.1, sse4.2, popcnt, avx, avx2, aes, clmul, erms, lzcnt, ht, tsc, tscinvbit, bmi1, bmi2

Memory: 4k page, physical 25008044k(13223428k free), swap 28678060k(12108916k free)

vm_info: Java HotSpot(TM) 64-Bit Server VM (25.25-b02) for windows-amd64 JRE (1.8.0_25-b18), built on Oct  7 2014 14:25:37 by "java_re" with MS VC++ 10.0 (VS2010)

time: Sat Oct 31 17:11:01 2020
elapsed time: 14 seconds (0d 0h 0m 14s)

