#
# A fatal error has been detected by the Java Runtime Environment:
#
#  Internal Error (0xc000000d), pid=2692, tid=19224
#
# JRE version: Java(TM) SE Runtime Environment (8.0_25-b18) (build 1.8.0_25-b18)
# Java VM: Java HotSpot(TM) 64-Bit Server VM (25.25-b02 mixed mode windows-amd64 compressed oops)
# Problematic frame:
# C  [ntdll.dll+0x10f010]
#
# Failed to write core dump. Minidumps are not enabled by default on client versions of Windows
#
# If you would like to submit a bug report, please visit:
#   http://bugreport.sun.com/bugreport/crash.jsp
#

---------------  T H R E A D  ---------------

Current thread (0x0000000015b72000):  VMThread [stack: 0x0000000016c00000,0x0000000016d00000] [id=19224]

siginfo: ExceptionCode=0xc000000d

Registers:
RAX=0x0000000000000001, RBX=0xfffffffffffffffe, RCX=0x0000000000000b00, RDX=0x0000000000000000
RSP=0x0000000016cff140, RBP=0x00007fff2c6f7408, RSI=0x0000000000000000, RDI=0x000000000000101c
R8 =0x0000000002c2061a, R9 =0x000000007569fb90, R10=0x0000000014355d78, R11=0x0000000000000000
R12=0x000000002280ccb0, R13=0x0000000024d005d0, R14=0x000000002280cdb8, R15=0x0000000016cff2b8
RIP=0x00007fff88c8f010, EFLAGS=0x0000000000000202

Top of Stack: (sp=0x0000000016cff140)
0x0000000016cff140:   0000000000000057 fffffffffffffffe
0x0000000016cff150:   0000000000000000 00000000005c4460
0x0000000016cff160:   00000000c000000d 0000000000000000
0x0000000016cff170:   00007fff88c8f010 0000000000000000
0x0000000016cff180:   0000000000000000 0000000000000000
0x0000000016cff190:   0000000000000000 0000000000000000
0x0000000016cff1a0:   0000000000000000 0000000000000000
0x0000000016cff1b0:   0000000000000000 0000000000000000
0x0000000016cff1c0:   0000000000000000 0000000000000000
0x0000000016cff1d0:   0000000000000000 0000000000000000
0x0000000016cff1e0:   0000000000000000 0000000000000000
0x0000000016cff1f0:   0000000000000000 0000000000000000
0x0000000016cff200:   000093ccee91dd07 0000000000000000
0x0000000016cff210:   0000000000000009 00007fff88c3176f
0x0000000016cff220:   0000000000000000 0000000000000000
0x0000000016cff230:   0000000000000000 00000000005c4460 

Instructions: (pc=0x00007fff88c8f010)
0x00007fff88c8eff0:   46 f9 ff c7 44 24 20 0d 00 00 c0 b9 57 00 00 00
0x00007fff88c8f000:   e8 8b 4b f4 ff 90 48 8d 4c 24 20 e8 e0 b4 f5 ff
0x00007fff88c8f010:   eb 00 48 8b 8c 24 c0 00 00 00 48 33 cc e8 8e d7
0x00007fff88c8f020:   f7 ff 48 81 c4 d8 00 00 00 c3 40 55 48 83 ec 20 


Register to memory mapping:

RAX=0x0000000000000001 is an unknown value
RBX=0xfffffffffffffffe is an unknown value
RCX=0x0000000000000b00 is an unknown value
RDX=0x0000000000000000 is an unknown value
RSP=0x0000000016cff140 is an unknown value
RBP=0x00007fff2c6f7408 is an unknown value
RSI=0x0000000000000000 is an unknown value
RDI=0x000000000000101c is an unknown value
R8 =0x0000000002c2061a is at begin+179 in a stub
StubRoutines::call_stub [0x0000000002c20567, 0x0000000002c206cb[ (356 bytes)
R9 =0x000000007569fb90 is an unknown value
R10=0x0000000014355d78 is an unknown value
R11=0x0000000000000000 is an unknown value
R12=0x000000002280ccb0 is an unknown value
R13=0x0000000024d005d0 is an unknown value
R14=0x000000002280cdb8 is an unknown value
R15=0x0000000016cff2b8 is an unknown value


Stack: [0x0000000016c00000,0x0000000016d00000],  sp=0x0000000016cff140,  free space=1020k
Native frames: (J=compiled Java code, j=interpreted, Vv=VM code, C=native code)
C  [ntdll.dll+0x10f010]
C  [ntdll.dll+0xb176f]
C  [KERNEL32.DLL+0x1eeea]
C  [MSVCR110.dll+0x752d]
C  [MSVCR110.dll+0x14cde]
C  [MSVCR110.dll+0x13edc]
C  [MSVCR110.dll+0x239e]
C  [MSVCR110.dll+0xaf9e]
C  [MSVCP110.dll+0x397b9]
C  [librdi_common.dll+0x135d02]
C  [librdi_common.dll+0x13447b]
C  0x00007fff790b2400
C  0x00007fff790b2682
C  [ntdll.dll+0x25021]
C  [ntdll.dll+0x6b102]
C  [ntdll.dll+0x6afad]
C  [KERNEL32.DLL+0x1cdda]
C  [MSVCR100.dll+0x20ccd]
V  [jvm.dll+0x1f9c55]
V  [jvm.dll+0x2325e7]
V  [jvm.dll+0x231826]
V  [jvm.dll+0x231cc1]
V  [jvm.dll+0x231ede]
V  [jvm.dll+0x2852fa]
C  [MSVCR100.dll+0x21d9f]
C  [MSVCR100.dll+0x21e3b]
C  [KERNEL32.DLL+0x17c24]
C  [ntdll.dll+0x6d4d1]

VM_Operation (0x000000000014f4d0): Exit, mode: safepoint, requested by thread 0x00000000021ee800


---------------  P R O C E S S  ---------------

Java Threads: ( => current thread )
  0x0000000017844000 JavaThread "pool-1-thread-1" [_thread_blocked, id=14764, stack(0x0000000027620000,0x0000000027720000)]
  0x0000000017848000 JavaThread "Thread-16" daemon [_thread_blocked, id=680, stack(0x0000000027420000,0x0000000027520000)]
  0x000000001a873800 JavaThread "TCF Locator DNS Lookup" daemon [_thread_blocked, id=28252, stack(0x00000000226a0000,0x00000000227a0000)]
  0x000000001a878000 JavaThread "TCF Locator Timer" daemon [_thread_blocked, id=4468, stack(0x00000000225a0000,0x00000000226a0000)]
  0x000000001a876800 JavaThread "TCF Locator Receiver" daemon [_thread_in_native, id=29008, stack(0x00000000224a0000,0x00000000225a0000)]
  0x000000001a3f8000 JavaThread "TCF Timer Dispatcher" daemon [_thread_blocked, id=22036, stack(0x0000000022190000,0x0000000022290000)]
  0x000000001a51d000 JavaThread "EMF Reference Cleaner" daemon [_thread_blocked, id=15904, stack(0x000000001be20000,0x000000001bf20000)]
  0x0000000015c2d800 JavaThread "Service Thread" daemon [_thread_blocked, id=27572, stack(0x0000000017500000,0x0000000017600000)]
  0x0000000015bae800 JavaThread "C1 CompilerThread3" daemon [_thread_blocked, id=27952, stack(0x0000000017400000,0x0000000017500000)]
  0x0000000015bad000 JavaThread "C2 CompilerThread2" daemon [_thread_blocked, id=11584, stack(0x0000000017300000,0x0000000017400000)]
  0x0000000015ba7000 JavaThread "C2 CompilerThread1" daemon [_thread_blocked, id=3356, stack(0x0000000017200000,0x0000000017300000)]
  0x0000000015b9e800 JavaThread "C2 CompilerThread0" daemon [_thread_blocked, id=11840, stack(0x0000000017100000,0x0000000017200000)]
  0x0000000015b9d800 JavaThread "Attach Listener" daemon [_thread_blocked, id=27080, stack(0x0000000017000000,0x0000000017100000)]
  0x00000000144cb800 JavaThread "Finalizer" daemon [_thread_blocked, id=28292, stack(0x0000000016e00000,0x0000000016f00000)]
  0x00000000144ca000 JavaThread "Reference Handler" daemon [_thread_blocked, id=13500, stack(0x0000000016d00000,0x0000000016e00000)]
  0x00000000021ee800 JavaThread "main" [_thread_blocked, id=28336, stack(0x0000000000050000,0x0000000000150000)]

Other Threads:
=>0x0000000015b72000 VMThread [stack: 0x0000000016c00000,0x0000000016d00000] [id=19224]

VM state:at safepoint (shutting down)

VM Mutex/Monitor currently owned by a thread:  ([mutex/lock_event])
[0x00000000021edf00] Threads_lock - owner thread: 0x0000000015b72000

Heap:
 PSYoungGen      total 71168K, used 29959K [0x00000000f5580000, 0x00000000fb280000, 0x0000000100000000)
  eden space 50688K, 46% used [0x00000000f5580000,0x00000000f6c87598,0x00000000f8700000)
  from space 20480K, 31% used [0x00000000f8700000,0x00000000f8d3a668,0x00000000f9b00000)
  to   space 19968K, 0% used [0x00000000f9f00000,0x00000000f9f00000,0x00000000fb280000)
 ParOldGen       total 101888K, used 43904K [0x00000000e0000000, 0x00000000e6380000, 0x00000000f5580000)
  object space 101888K, 43% used [0x00000000e0000000,0x00000000e2ae01e8,0x00000000e6380000)
 Metaspace       used 73828K, capacity 79404K, committed 79576K, reserved 1118208K
  class space    used 9163K, capacity 10906K, committed 10968K, reserved 1048576K

Card table byte_map: [0x0000000002a80000,0x0000000002b90000] byte_map_base: 0x0000000002380000

Marking Bits: (ParMarkBitMap*) 0x0000000075ddd490
 Begin Bits: [0x00000000129e0000, 0x00000000131e0000)
 End Bits:   [0x00000000131e0000, 0x00000000139e0000)

Polling page: 0x00000000021a0000

CodeCache: size=245760Kb used=23010Kb max_used=23015Kb free=222749Kb
 bounds [0x0000000002c20000, 0x00000000042d0000, 0x0000000011c20000]
 total_blobs=7424 nmethods=6589 adapters=744
 compilation: enabled

Compilation events (10 events):
Event: 111.050 Thread 0x0000000015bae800 7942       3       org.eclipse.osgi.internal.serviceregistry.ServiceRegistry::removeServiceRegistration (139 bytes)
Event: 111.051 Thread 0x0000000015bae800 nmethod 7942 0x0000000003cb49d0 code [0x0000000003cb4be0, 0x0000000003cb5648]
Event: 111.051 Thread 0x0000000015bae800 7941   !   3       org.eclipse.osgi.internal.serviceregistry.ServiceRegistrationImpl::unregister (253 bytes)
Event: 111.053 Thread 0x0000000015bae800 nmethod 7941 0x00000000042bb790 code [0x00000000042bbb80, 0x00000000042be0f8]
Event: 111.080 Thread 0x0000000015bae800 7944       3       java.io.File::list (33 bytes)
Event: 111.081 Thread 0x0000000015bae800 nmethod 7944 0x0000000002deeb50 code [0x0000000002deed20, 0x0000000002def448]
Event: 111.098 Thread 0x0000000015bae800 7945   !   3       org.eclipse.osgi.internal.baseadaptor.BaseStorage::compact (215 bytes)
Event: 111.099 Thread 0x0000000015bae800 nmethod 7945 0x00000000042bf850 code [0x00000000042bfc80, 0x00000000042c20e8]
Event: 111.119 Thread 0x0000000015bae800 7946       3       org.eclipse.osgi.framework.internal.core.AbstractBundle::close (52 bytes)
Event: 111.120 Thread 0x0000000015bae800 nmethod 7946 0x00000000042b6f50 code [0x00000000042b7180, 0x00000000042b7e68]

GC Heap History (10 events):
Event: 7.038 GC heap before
{Heap before GC invocations=15 (full 3):
 PSYoungGen      total 57856K, used 41984K [0x00000000f5580000, 0x00000000fa900000, 0x0000000100000000)
  eden space 41984K, 100% used [0x00000000f5580000,0x00000000f7e80000,0x00000000f7e80000)
  from space 15872K, 0% used [0x00000000f7e80000,0x00000000f7e80000,0x00000000f8e00000)
  to   space 17920K, 0% used [0x00000000f9780000,0x00000000f9780000,0x00000000fa900000)
 ParOldGen       total 101888K, used 33148K [0x00000000e0000000, 0x00000000e6380000, 0x00000000f5580000)
  object space 101888K, 32% used [0x00000000e0000000,0x00000000e205f2e8,0x00000000e6380000)
 Metaspace       used 58060K, capacity 62340K, committed 62680K, reserved 1103872K
  class space    used 7222K, capacity 8599K, committed 8664K, reserved 1048576K
Event: 7.044 GC heap after
Heap after GC invocations=15 (full 3):
 PSYoungGen      total 62464K, used 7851K [0x00000000f5580000, 0x00000000fa600000, 0x0000000100000000)
  eden space 47616K, 0% used [0x00000000f5580000,0x00000000f5580000,0x00000000f8400000)
  from space 14848K, 52% used [0x00000000f9780000,0x00000000f9f2af58,0x00000000fa600000)
  to   space 17408K, 0% used [0x00000000f8400000,0x00000000f8400000,0x00000000f9500000)
 ParOldGen       total 101888K, used 33156K [0x00000000e0000000, 0x00000000e6380000, 0x00000000f5580000)
  object space 101888K, 32% used [0x00000000e0000000,0x00000000e20612e8,0x00000000e6380000)
 Metaspace       used 58060K, capacity 62340K, committed 62680K, reserved 1103872K
  class space    used 7222K, capacity 8599K, committed 8664K, reserved 1048576K
}
Event: 8.657 GC heap before
{Heap before GC invocations=16 (full 3):
 PSYoungGen      total 62464K, used 55467K [0x00000000f5580000, 0x00000000fa600000, 0x0000000100000000)
  eden space 47616K, 100% used [0x00000000f5580000,0x00000000f8400000,0x00000000f8400000)
  from space 14848K, 52% used [0x00000000f9780000,0x00000000f9f2af58,0x00000000fa600000)
  to   space 17408K, 0% used [0x00000000f8400000,0x00000000f8400000,0x00000000f9500000)
 ParOldGen       total 101888K, used 33156K [0x00000000e0000000, 0x00000000e6380000, 0x00000000f5580000)
  object space 101888K, 32% used [0x00000000e0000000,0x00000000e20612e8,0x00000000e6380000)
 Metaspace       used 62296K, capacity 66934K, committed 67032K, reserved 1107968K
  class space    used 7737K, capacity 9168K, committed 9176K, reserved 1048576K
Event: 8.664 GC heap after
Heap after GC invocations=16 (full 3):
 PSYoungGen      total 65024K, used 13907K [0x00000000f5580000, 0x00000000fad00000, 0x0000000100000000)
  eden space 47616K, 0% used [0x00000000f5580000,0x00000000f5580000,0x00000000f8400000)
  from space 17408K, 79% used [0x00000000f8400000,0x00000000f9194eb8,0x00000000f9500000)
  to   space 18432K, 0% used [0x00000000f9b00000,0x00000000f9b00000,0x00000000fad00000)
 ParOldGen       total 101888K, used 33164K [0x00000000e0000000, 0x00000000e6380000, 0x00000000f5580000)
  object space 101888K, 32% used [0x00000000e0000000,0x00000000e20632e8,0x00000000e6380000)
 Metaspace       used 62296K, capacity 66934K, committed 67032K, reserved 1107968K
  class space    used 7737K, capacity 9168K, committed 9176K, reserved 1048576K
}
Event: 62.971 GC heap before
{Heap before GC invocations=17 (full 3):
 PSYoungGen      total 65024K, used 59347K [0x00000000f5580000, 0x00000000fad00000, 0x0000000100000000)
  eden space 47616K, 95% used [0x00000000f5580000,0x00000000f81dff80,0x00000000f8400000)
  from space 17408K, 79% used [0x00000000f8400000,0x00000000f9194eb8,0x00000000f9500000)
  to   space 18432K, 0% used [0x00000000f9b00000,0x00000000f9b00000,0x00000000fad00000)
 ParOldGen       total 101888K, used 33164K [0x00000000e0000000, 0x00000000e6380000, 0x00000000f5580000)
  object space 101888K, 32% used [0x00000000e0000000,0x00000000e20632e8,0x00000000e6380000)
 Metaspace       used 67986K, capacity 73282K, committed 73432K, reserved 1112064K
  class space    used 8444K, capacity 10107K, committed 10200K, reserved 1048576K
Event: 62.980 GC heap after
Heap after GC invocations=17 (full 3):
 PSYoungGen      total 69120K, used 17285K [0x00000000f5580000, 0x00000000fb100000, 0x0000000100000000)
  eden space 50688K, 0% used [0x00000000f5580000,0x00000000f5580000,0x00000000f8700000)
  from space 18432K, 93% used [0x00000000f9b00000,0x00000000fabe1488,0x00000000fad00000)
  to   space 20480K, 0% used [0x00000000f8700000,0x00000000f8700000,0x00000000f9b00000)
 ParOldGen       total 101888K, used 33172K [0x00000000e0000000, 0x00000000e6380000, 0x00000000f5580000)
  object space 101888K, 32% used [0x00000000e0000000,0x00000000e20652e8,0x00000000e6380000)
 Metaspace       used 67986K, capacity 73282K, committed 73432K, reserved 1112064K
  class space    used 8444K, capacity 10107K, committed 10200K, reserved 1048576K
}
Event: 62.980 GC heap before
{Heap before GC invocations=18 (full 4):
 PSYoungGen      total 69120K, used 17285K [0x00000000f5580000, 0x00000000fb100000, 0x0000000100000000)
  eden space 50688K, 0% used [0x00000000f5580000,0x00000000f5580000,0x00000000f8700000)
  from space 18432K, 93% used [0x00000000f9b00000,0x00000000fabe1488,0x00000000fad00000)
  to   space 20480K, 0% used [0x00000000f8700000,0x00000000f8700000,0x00000000f9b00000)
 ParOldGen       total 101888K, used 33172K [0x00000000e0000000, 0x00000000e6380000, 0x00000000f5580000)
  object space 101888K, 32% used [0x00000000e0000000,0x00000000e20652e8,0x00000000e6380000)
 Metaspace       used 67986K, capacity 73282K, committed 73432K, reserved 1112064K
  class space    used 8444K, capacity 10107K, committed 10200K, reserved 1048576K
Event: 63.249 GC heap after
Heap after GC invocations=18 (full 4):
 PSYoungGen      total 69120K, used 0K [0x00000000f5580000, 0x00000000fb100000, 0x0000000100000000)
  eden space 50688K, 0% used [0x00000000f5580000,0x00000000f5580000,0x00000000f8700000)
  from space 18432K, 0% used [0x00000000f9b00000,0x00000000f9b00000,0x00000000fad00000)
  to   space 20480K, 0% used [0x00000000f8700000,0x00000000f8700000,0x00000000f9b00000)
 ParOldGen       total 101888K, used 43896K [0x00000000e0000000, 0x00000000e6380000, 0x00000000f5580000)
  object space 101888K, 43% used [0x00000000e0000000,0x00000000e2ade1e8,0x00000000e6380000)
 Metaspace       used 67986K, capacity 73282K, committed 73432K, reserved 1112064K
  class space    used 8444K, capacity 10107K, committed 10200K, reserved 1048576K
}
Event: 105.833 GC heap before
{Heap before GC invocations=19 (full 4):
 PSYoungGen      total 69120K, used 50688K [0x00000000f5580000, 0x00000000fb100000, 0x0000000100000000)
  eden space 50688K, 100% used [0x00000000f5580000,0x00000000f8700000,0x00000000f8700000)
  from space 18432K, 0% used [0x00000000f9b00000,0x00000000f9b00000,0x00000000fad00000)
  to   space 20480K, 0% used [0x00000000f8700000,0x00000000f8700000,0x00000000f9b00000)
 ParOldGen       total 101888K, used 43896K [0x00000000e0000000, 0x00000000e6380000, 0x00000000f5580000)
  object space 101888K, 43% used [0x00000000e0000000,0x00000000e2ade1e8,0x00000000e6380000)
 Metaspace       used 72271K, capacity 77794K, committed 77912K, reserved 1116160K
  class space    used 8992K, capacity 10773K, committed 10840K, reserved 1048576K
Event: 105.837 GC heap after
Heap after GC invocations=19 (full 4):
 PSYoungGen      total 71168K, used 6377K [0x00000000f5580000, 0x00000000fb280000, 0x0000000100000000)
  eden space 50688K, 0% used [0x00000000f5580000,0x00000000f5580000,0x00000000f8700000)
  from space 20480K, 31% used [0x00000000f8700000,0x00000000f8d3a668,0x00000000f9b00000)
  to   space 19968K, 0% used [0x00000000f9f00000,0x00000000f9f00000,0x00000000fb280000)
 ParOldGen       total 101888K, used 43904K [0x00000000e0000000, 0x00000000e6380000, 0x00000000f5580000)
  object space 101888K, 43% used [0x00000000e0000000,0x00000000e2ae01e8,0x00000000e6380000)
 Metaspace       used 72271K, capacity 77794K, committed 77912K, reserved 1116160K
  class space    used 8992K, capacity 10773K, committed 10840K, reserved 1048576K
}

Deoptimization events (10 events):
Event: 110.201 Thread 0x00000000021ee800 Uncommon trap: reason=unreached action=reinterpret pc=0x000000000384174c method=org.eclipse.e4.ui.model.application.ui.impl.UIElementImpl.eIsSet(I)Z @ 184
Event: 110.220 Thread 0x00000000021ee800 Uncommon trap: reason=unreached action=reinterpret pc=0x0000000004223c20 method=org.eclipse.e4.ui.model.application.commands.impl.CommandImpl.eIsSet(I)Z @ 139
Event: 110.226 Thread 0x00000000021ee800 Uncommon trap: reason=bimorphic action=maybe_recompile pc=0x00000000042059a4 method=org.eclipse.emf.ecore.impl.ETypedElementImpl.getEType()Lorg/eclipse/emf/ecore/EClassifier; @ 18
Event: 110.226 Thread 0x00000000021ee800 Uncommon trap: reason=bimorphic action=maybe_recompile pc=0x00000000042059a4 method=org.eclipse.emf.ecore.impl.ETypedElementImpl.getEType()Lorg/eclipse/emf/ecore/EClassifier; @ 18
Event: 110.233 Thread 0x00000000021ee800 Uncommon trap: reason=unreached action=reinterpret pc=0x000000000424cecc method=org.eclipse.emf.ecore.xmi.impl.StringSegment.writeAscii(Ljava/io/OutputStream;I)V @ 117
Event: 110.266 Thread 0x00000000021ee800 Uncommon trap: reason=bimorphic action=maybe_recompile pc=0x00000000041b63b4 method=org.eclipse.e4.core.internal.contexts.ContextObjectSupplier$ContextInjectionListener.update(Lorg/eclipse/e4/core/contexts/IEclipseContext;I[Ljava/lang/Object;)Z @ 189
Event: 110.266 Thread 0x00000000021ee800 Uncommon trap: reason=bimorphic action=maybe_recompile pc=0x00000000041b63b4 method=org.eclipse.e4.core.internal.contexts.ContextObjectSupplier$ContextInjectionListener.update(Lorg/eclipse/e4/core/contexts/IEclipseContext;I[Ljava/lang/Object;)Z @ 189
Event: 110.266 Thread 0x00000000021ee800 Uncommon trap: reason=bimorphic action=maybe_recompile pc=0x00000000041b63b4 method=org.eclipse.e4.core.internal.contexts.ContextObjectSupplier$ContextInjectionListener.update(Lorg/eclipse/e4/core/contexts/IEclipseContext;I[Ljava/lang/Object;)Z @ 189
Event: 110.266 Thread 0x00000000021ee800 Uncommon trap: reason=bimorphic action=maybe_recompile pc=0x00000000041b63b4 method=org.eclipse.e4.core.internal.contexts.ContextObjectSupplier$ContextInjectionListener.update(Lorg/eclipse/e4/core/contexts/IEclipseContext;I[Ljava/lang/Object;)Z @ 189
Event: 111.017 Thread 0x00000000021ee800 Uncommon trap: reason=null_check action=make_not_entrant pc=0x00000000039495c8 method=org.eclipse.core.runtime.internal.adaptor.EclipseLazyStarter.shouldActivateFor(Ljava/lang/String;Lorg/eclipse/osgi/baseadaptor/BaseData;Lorg/eclipse/core/runtime/internalñM\ØŒ[@

Internal exceptions (10 events):
Event: 108.866 Thread 0x0000000017845800 Exception <a 'sun/net/ConnectionResetException': > (0x00000000f58c0550) thrown at [D:\re\workspace\8-2-build-windows-amd64-cygwin\jdk8u25\1677\hotspot\src\share\vm\prims\jni.cpp, line 742]
Event: 108.867 Thread 0x000000001784a000 Exception <a 'java/net/SocketException': Connection reset by peer: socket write error> (0x00000000f5b8a8e8) thrown at [D:\re\workspace\8-2-build-windows-amd64-cygwin\jdk8u25\1677\hotspot\src\share\vm\prims\jni.cpp, line 742]
Event: 108.868 Thread 0x0000000017846800 Exception <a 'java/net/SocketException': Socket closed> (0x00000000f5b99750) thrown at [D:\re\workspace\8-2-build-windows-amd64-cygwin\jdk8u25\1677\hotspot\src\share\vm\prims\jni.cpp, line 742]
Event: 108.868 Thread 0x000000001a879800 Exception <a 'java/lang/InterruptedException'> (0x00000000f5bb21a0) thrown at [D:\re\workspace\8-2-build-windows-amd64-cygwin\jdk8u25\1677\hotspot\src\share\vm\runtime\objectMonitor.cpp, line 1682]
Event: 110.292 Thread 0x0000000017848800 Exception <a 'java/lang/InterruptedException'> (0x00000000f67ecf98) thrown at [D:\re\workspace\8-2-build-windows-amd64-cygwin\jdk8u25\1677\hotspot\src\share\vm\runtime\objectMonitor.cpp, line 1682]
Event: 111.017 Thread 0x00000000021ee800 Implicit null exception at 0x000000000394813f to 0x00000000039495bd
Event: 111.050 Thread 0x0000000017e6f000 Exception <a 'java/lang/InterruptedException': sleep interrupted> (0x00000000f6b3db58) thrown at [D:\re\workspace\8-2-build-windows-amd64-cygwin\jdk8u25\1677\hotspot\src\share\vm\prims\jvm.cpp, line 3141]
Event: 111.051 Thread 0x000000001a3f6800 Exception <a 'java/lang/InterruptedException'> (0x00000000f69be738) thrown at [D:\re\workspace\8-2-build-windows-amd64-cygwin\jdk8u25\1677\hotspot\src\share\vm\runtime\objectMonitor.cpp, line 1682]
Event: 111.051 Thread 0x0000000017ab0000 Exception <a 'java/lang/InterruptedException'> (0x00000000f6bbc698) thrown at [D:\re\workspace\8-2-build-windows-amd64-cygwin\jdk8u25\1677\hotspot\src\share\vm\runtime\objectMonitor.cpp, line 1682]
Event: 111.119 Thread 0x0000000018d56800 Exception <a 'java/lang/InterruptedException'> (0x00000000f6acd2c8) thrown at [D:\re\workspace\8-2-build-windows-amd64-cygwin\jdk8u25\1677\hotspot\src\share\vm\runtime\objectMonitor.cpp, line 1682]

Events (10 events):
Event: 111.120 loading class java/util/IdentityHashMap$KeyIterator
Event: 111.120 loading class java/util/IdentityHashMap$IdentityHashMapIterator
Event: 111.120 loading class java/util/IdentityHashMap$IdentityHashMapIterator done
Event: 111.120 loading class java/util/IdentityHashMap$KeyIterator done
Event: 111.120 Thread 0x000000001783d000 Thread added: 0x000000001783d000
Event: 111.120 Thread 0x000000001783d000 Thread exited: 0x000000001783d000
Event: 111.120 Thread 0x0000000015bae800 flushing nmethod 0x00000000037db0d0
Event: 111.121 Thread 0x0000000015bae800 flushing nmethod 0x000000000380e750
Event: 111.121 Thread 0x00000000144de800 Thread exited: 0x00000000144de800
Event: 111.121 Executing VM operation: Exit


Dynamic libraries:
0x0000000000400000 - 0x000000000044f000 	F:\Xilinx2\SDK\2015.2\eclipse\win64.o\eclipse.exe
0x00007fff88b80000 - 0x00007fff88d70000 	C:\WINDOWS\SYSTEM32\ntdll.dll
0x00007fff88530000 - 0x00007fff885e2000 	C:\WINDOWS\System32\KERNEL32.DLL
0x00007fff85e20000 - 0x00007fff860c5000 	C:\WINDOWS\System32\KERNELBASE.dll
0x00007fff87e40000 - 0x00007fff87fd4000 	C:\WINDOWS\System32\USER32.dll
0x00007fff85d20000 - 0x00007fff85d41000 	C:\WINDOWS\System32\win32u.dll
0x00007fff87c50000 - 0x00007fff87c76000 	C:\WINDOWS\System32\GDI32.dll
0x00007fff86250000 - 0x00007fff863e6000 	C:\WINDOWS\System32\gdi32full.dll
0x00007fff85d50000 - 0x00007fff85dee000 	C:\WINDOWS\System32\msvcp_win.dll
0x00007fff85ad0000 - 0x00007fff85bca000 	C:\WINDOWS\System32\ucrtbase.dll
0x00007fff87fe0000 - 0x00007fff8807e000 	C:\WINDOWS\System32\msvcrt.dll
0x00007fff6eda0000 - 0x00007fff6f024000 	C:\WINDOWS\WinSxS\amd64_microsoft.windows.common-controls_6595b64144ccf1df_6.0.18362.1198_none_9e820b57e45ad92f\COMCTL32.dll
0x00007fff881e0000 - 0x00007fff88515000 	C:\WINDOWS\System32\combase.dll
0x00007fff86c00000 - 0x00007fff86d20000 	C:\WINDOWS\System32\RPCRT4.dll
0x00007fff863f0000 - 0x00007fff86470000 	C:\WINDOWS\System32\bcryptPrimitives.dll
0x00007fff88ae0000 - 0x00007fff88b0e000 	C:\WINDOWS\System32\IMM32.DLL
0x0000000072000000 - 0x0000000072012000 	F:\Xilinx2\SDK\2015.2\eclipse\win64.o\plugins\org.eclipse.equinox.launcher.win32.win32.x86_64_1.1.200.v20140116-2212\eclipse_1503.dll
0x00007fff87750000 - 0x00007fff877f3000 	C:\WINDOWS\System32\ADVAPI32.dll
0x00007fff87bb0000 - 0x00007fff87c47000 	C:\WINDOWS\System32\sechost.dll
0x00007fff80850000 - 0x00007fff8085a000 	C:\WINDOWS\SYSTEM32\VERSION.dll
0x00007fff83c50000 - 0x00007fff83ce9000 	C:\WINDOWS\system32\uxtheme.dll
0x00007fff875f0000 - 0x00007fff87725000 	C:\WINDOWS\System32\MSCTF.dll
0x00007fff87c80000 - 0x00007fff87d45000 	C:\WINDOWS\System32\OLEAUT32.dll
0x00007fff20b00000 - 0x00007fff20c0d000 	C:\Program Files (x86)\Razer\Razer Cortex\x64\k_fps64.dll
0x00007fff87410000 - 0x00007fff87462000 	C:\WINDOWS\System32\SHLWAPI.dll
0x00007fff6f900000 - 0x00007fff6faf4000 	C:\WINDOWS\SYSTEM32\dbghelp.dll
0x00007fff20890000 - 0x00007fff20aff000 	C:\Program Files (x86)\Razer\Razer Cortex\x64\D3DCOMPILER_43.dll
0x00007fff2b4b0000 - 0x00007fff2b52f000 	C:\Program Files (x86)\Razer\Razer Cortex\x64\d3dx10_43.dll
0x00007fff21490000 - 0x00007fff214e7000 	C:\Program Files (x86)\Razer\Razer Cortex\x64\EasyHook64.dll
0x00007fff88080000 - 0x00007fff881d7000 	C:\WINDOWS\System32\ole32.dll
0x00007fff60ab0000 - 0x00007fff60c06000 	C:\WINDOWS\SYSTEM32\OPENGL32.dll
0x00007fff20620000 - 0x00007fff20883000 	C:\Program Files (x86)\Razer\Razer Cortex\x64\d3dx9_43.dll
0x00007fff88520000 - 0x00007fff88528000 	C:\WINDOWS\System32\PSAPI.DLL
0x00007fff75c80000 - 0x00007fff75cac000 	C:\WINDOWS\SYSTEM32\GLU32.dll
0x00007fff84640000 - 0x00007fff84660000 	C:\WINDOWS\SYSTEM32\dxcore.dll
0x00007fff86150000 - 0x00007fff8619a000 	C:\WINDOWS\System32\cfgmgr32.dll
0x00007fff59060000 - 0x00007fff5915c000 	C:\ProgramData\A-Volute\A-Volute.Nahimic\Modules\Scheduled\x64\A-Volute.NahimicDevProps2.dll
0x00007fff87520000 - 0x00007fff8758f000 	C:\WINDOWS\System32\WS2_32.dll
0x00007fff86d20000 - 0x00007fff87407000 	C:\WINDOWS\System32\SHELL32.dll
0x00007fff87470000 - 0x00007fff87519000 	C:\WINDOWS\System32\shcore.dll
0x00007fff86470000 - 0x00007fff86bf1000 	C:\WINDOWS\System32\windows.storage.dll
0x00007fff85aa0000 - 0x00007fff85ac3000 	C:\WINDOWS\System32\profapi.dll
0x00007fff85a50000 - 0x00007fff85a9a000 	C:\WINDOWS\System32\powrprof.dll
0x00007fff85a00000 - 0x00007fff85a10000 	C:\WINDOWS\System32\UMPDC.dll
0x00007fff85a30000 - 0x00007fff85a41000 	C:\WINDOWS\System32\kernel.appcore.dll
0x00007fff86130000 - 0x00007fff86147000 	C:\WINDOWS\System32\cryptsp.dll
0x00007fff5b3c0000 - 0x00007fff5b46c000 	C:\ProgramData\A-Volute\A-Volute.Nahimic\Modules\Scheduled\x64\NahimicOSD.dll
0x00007fff6a910000 - 0x00007fff6a967000 	C:\ProgramData\A-Volute\A-Volute.Nahimic\Modules\Scheduled\x64\ProductInfo.dll
0x0000000075600000 - 0x0000000075e5a000 	F:\Xilinx2\SDK\2015.2\tps\win64\jre\bin\server\jvm.dll
0x00007fff78c10000 - 0x00007fff78c19000 	C:\WINDOWS\SYSTEM32\WSOCK32.dll
0x00007fff83af0000 - 0x00007fff83b14000 	C:\WINDOWS\SYSTEM32\WINMM.dll
0x0000000076170000 - 0x0000000076242000 	C:\WINDOWS\SYSTEM32\MSVCR100.dll
0x00007fff83ac0000 - 0x00007fff83aed000 	C:\WINDOWS\SYSTEM32\winmmbase.dll
0x00000000754c0000 - 0x00000000754cf000 	F:\Xilinx2\SDK\2015.2\tps\win64\jre\bin\verify.dll
0x0000000075490000 - 0x00000000754b8000 	F:\Xilinx2\SDK\2015.2\tps\win64\jre\bin\java.dll
0x0000000075470000 - 0x0000000075486000 	F:\Xilinx2\SDK\2015.2\tps\win64\jre\bin\zip.dll
0x00007fff84dc0000 - 0x00007fff84df3000 	C:\WINDOWS\system32\rsaenh.dll
0x0000000002750000 - 0x0000000002776000 	C:\WINDOWS\System32\bcrypt.dll
0x00007fff858e0000 - 0x00007fff85905000 	C:\WINDOWS\SYSTEM32\USERENV.dll
0x00007fff85420000 - 0x00007fff8542c000 	C:\WINDOWS\SYSTEM32\CRYPTBASE.dll
0x0000000075450000 - 0x000000007546a000 	F:\Xilinx2\SDK\2015.2\tps\win64\jre\bin\net.dll
0x00007fff85250000 - 0x00007fff852b7000 	C:\WINDOWS\system32\mswsock.dll
0x00007fff84f60000 - 0x00007fff84f9a000 	C:\WINDOWS\SYSTEM32\IPHLPAPI.DLL
0x00007fff87d50000 - 0x00007fff87d58000 	C:\WINDOWS\System32\NSI.dll
0x00007fff7f250000 - 0x00007fff7f266000 	C:\WINDOWS\SYSTEM32\dhcpcsvc6.DLL
0x00007fff7f3c0000 - 0x00007fff7f3dc000 	C:\WINDOWS\SYSTEM32\dhcpcsvc.DLL
0x00007fff84fa0000 - 0x00007fff8506b000 	C:\WINDOWS\SYSTEM32\DNSAPI.dll
0x0000000075430000 - 0x0000000075441000 	F:\Xilinx2\SDK\2015.2\tps\win64\jre\bin\nio.dll
0x00007fff76080000 - 0x00007fff7611e000 	C:\WINDOWS\System32\TextInputFramework.dll
0x00007fff80040000 - 0x00007fff8036a000 	C:\WINDOWS\System32\CoreUIComponents.dll
0x00007fff83000000 - 0x00007fff830d4000 	C:\WINDOWS\System32\CoreMessaging.dll
0x00007fff81640000 - 0x00007fff81793000 	C:\WINDOWS\SYSTEM32\wintypes.dll
0x00007fff84a40000 - 0x00007fff84a71000 	C:\WINDOWS\SYSTEM32\ntmarta.dll
0x00007fff6c680000 - 0x00007fff6c927000 	C:\WINDOWS\System32\iertutil.dll
0x00007fff605c0000 - 0x00007fff605d6000 	C:\WINDOWS\system32\napinsp.dll
0x00007fff5e720000 - 0x00007fff5e73a000 	C:\WINDOWS\system32\pnrpnsp.dll
0x00007fff77360000 - 0x00007fff7736e000 	C:\WINDOWS\System32\winrnr.dll
0x00007fff838d0000 - 0x00007fff838ec000 	C:\WINDOWS\system32\NLAapi.dll
0x00007fff81480000 - 0x00007fff81495000 	C:\WINDOWS\system32\wshbth.dll
0x00007fff7fbe0000 - 0x00007fff7fbea000 	C:\Windows\System32\rasadhlp.dll
0x00007fff7e7f0000 - 0x00007fff7e867000 	C:\WINDOWS\System32\fwpuclnt.dll
0x000000001b370000 - 0x000000001b418000 	C:\Users\Roxas\.Xilinx\SDK\2015.2\org.eclipse.osgi\bundles\287\1\.cp\swt-win32-4335.dll
0x000000001b420000 - 0x000000001b4f0000 	C:\WINDOWS\System32\comdlg32.dll
0x00007fff85bd0000 - 0x00007fff85d19000 	C:\WINDOWS\System32\CRYPT32.dll
0x00007fff71ab0000 - 0x00007fff71b39000 	C:\WINDOWS\SYSTEM32\WINSPOOL.DRV
0x00007fff50310000 - 0x00007fff50329000 	C:\WINDOWS\SYSTEM32\USP10.dll
0x00007fff85a10000 - 0x00007fff85a22000 	C:\WINDOWS\System32\MSASN1.dll
0x00007fff6e5b0000 - 0x00007fff6ea85000 	C:\WINDOWS\SYSTEM32\WININET.dll
0x00007fff82ba0000 - 0x00007fff82c90000 	C:\WINDOWS\SYSTEM32\PROPSYS.dll
0x000000001a310000 - 0x000000001a32e000 	C:\Users\Roxas\.Xilinx\SDK\2015.2\org.eclipse.osgi\bundles\287\1\.cp\swt-gdip-win32-4335.dll
0x00007fff71900000 - 0x00007fff71aa3000 	C:\WINDOWS\WinSxS\amd64_microsoft.windows.gdiplus_6595b64144ccf1df_1.1.18362.1198_none_cf6cfe3d3eed52fd\gdiplus.dll
0x00007fff7f7c0000 - 0x00007fff7f96f000 	C:\WINDOWS\SYSTEM32\WindowsCodecs.dll
0x0000000180000000 - 0x0000000180012000 	C:\Users\Roxas\.Xilinx\SDK\2015.2\org.eclipse.osgi\bundles\113\1\.cp\os\win32\x86_64\localfile_1_0_0.dll
0x00007fff6b060000 - 0x00007fff6b071000 	C:\Users\Roxas\.Xilinx\SDK\2015.2\org.eclipse.osgi\bundles\116\1\.cp\jWinHttp-1.0.0.dll
0x00007fff7f620000 - 0x00007fff7f710000 	C:\WINDOWS\SYSTEM32\WINHTTP.dll
0x00007fff71b40000 - 0x00007fff71ba5000 	C:\WINDOWS\SYSTEM32\oleacc.dll
0x00007fff71860000 - 0x00007fff71870000 	F:\Xilinx2\SDK\2015.2\lib\win64.o\librdi_repo_manager.dll
0x00007fff0bee0000 - 0x00007fff0c0c8000 	F:\Xilinx2\SDK\2015.2\lib\win64.o\librdi_hsm.dll
0x00007fff50330000 - 0x00007fff5035a000 	F:\Xilinx2\SDK\2015.2\lib\win64.o\libisl_sysinfo.dll
0x00007fff0c0d0000 - 0x00007fff0ca13000 	F:\Xilinx2\SDK\2015.2\lib\win64.o\librdi_common.dll
0x00007fff37720000 - 0x00007fff37774000 	F:\Xilinx2\SDK\2015.2\lib\win64.o\librdi_commonxillic.dll
0x00007fff34d40000 - 0x00007fff34de7000 	C:\WINDOWS\SYSTEM32\MSVCP110.dll
0x00007fff2c6f0000 - 0x00007fff2c7c4000 	C:\WINDOWS\SYSTEM32\MSVCR110.dll
0x00007fff5c930000 - 0x00007fff5c952000 	F:\Xilinx2\SDK\2015.2\lib\win64.o\libboost_filesystem.dll
0x00007fff1f640000 - 0x00007fff1f73a000 	F:\Xilinx2\SDK\2015.2\lib\win64.o\libboost_regex.dll
0x00007fff75a90000 - 0x00007fff75a99000 	F:\Xilinx2\SDK\2015.2\lib\win64.o\libboost_system.dll
0x00007fff483a0000 - 0x00007fff483e3000 	F:\Xilinx2\SDK\2015.2\lib\win64.o\librdi_hdf.dll
0x00007ffefb9f0000 - 0x00007ffefbbaa000 	F:\Xilinx2\SDK\2015.2\lib\win64.o\librdi_ippcw.dll
0x00000000754d0000 - 0x00000000755f7000 	F:\Xilinx2\SDK\2015.2\lib\win64.o\tcl85t.dll
0x00007fff1aeb0000 - 0x00007fff1b158000 	F:\Xilinx2\SDK\2015.2\lib\win64.o\libCOIN-all.dll
0x00007fff1d040000 - 0x00007fff1d260000 	F:\Xilinx2\SDK\2015.2\lib\win64.o\libXil_lmgr11.dll
0x00007fff76150000 - 0x00007fff76160000 	F:\Xilinx2\SDK\2015.2\lib\win64.o\libboost_date_time.dll
0x00007fff860d0000 - 0x00007fff8612c000 	C:\WINDOWS\System32\WINTRUST.dll
0x00007fff39160000 - 0x00007fff391d4000 	F:\Xilinx2\SDK\2015.2\lib\win64.o\libboost_program_options.dll
0x00007fff6abb0000 - 0x00007fff6abc3000 	F:\Xilinx2\SDK\2015.2\lib\win64.o\libboost_signals.dll
0x00007fff34f10000 - 0x00007fff34f90000 	F:\Xilinx2\SDK\2015.2\lib\win64.o\libhdlpsolve.dll
0x00007fff6a9c0000 - 0x00007fff6a9dd000 	F:\Xilinx2\SDK\2015.2\lib\win64.o\libboost_thread.dll
0x00007fff0ee00000 - 0x00007fff0f40a200 	F:\Xilinx2\SDK\2015.2\lib\win64.o\libisl_iostreams.dll
0x00007fff516e0000 - 0x00007fff51703000 	F:\Xilinx2\SDK\2015.2\lib\win64.o\libisl_iosutils.dll
0x00007fff1da60000 - 0x00007fff1dafa000 	F:\Xilinx2\SDK\2015.2\lib\win64.o\libhdxml.dll
0x00007fff6aeb0000 - 0x00007fff6aec5000 	F:\Xilinx2\SDK\2015.2\lib\win64.o\pthreadVC2.dll
0x00007fff635d0000 - 0x00007fff635e8000 	F:\Xilinx2\SDK\2015.2\lib\win64.o\librdiconfig.dll
0x00007fff0ea00000 - 0x00007fff0eb30000 	F:\Xilinx2\SDK\2015.2\lib\win64.o\librdi_curl.dll
0x00007fff4b1e0000 - 0x00007fff4b203000 	F:\Xilinx2\SDK\2015.2\lib\win64.o\librdizlib.dll
0x00007fff6a2a0000 - 0x00007fff6a476000 	C:\WINDOWS\SYSTEM32\urlmon.dll
0x00007fff1b890000 - 0x00007fff1b8b3000 	C:\WINDOWS\SYSTEM32\VCOMP110.DLL
0x00007fff6f510000 - 0x00007fff6f527000 	C:\WINDOWS\SYSTEM32\NETAPI32.dll
0x00007fff75a20000 - 0x00007fff75a2b000 	F:\Xilinx2\SDK\2015.2\lib\win64.o\libboost_chrono.dll

VM Arguments:
jvm_args: -Dcom.xilinx.sdk.args.hwspec=F:/Amir_Hamzah/University_of_Edinburgh/Studies/2nd_year/Engineering_Software_3/Assessment_1_Calculator/Calculator_codes/es3_hw_assmnt_1/es3_hw_assmnt_1.sdk/top.hdf -Xms64m -Xmx512m & 
java_command: <unknown>
java_class_path (initial): F:\Xilinx2\SDK\2015.2\eclipse\win64.o\\plugins/org.eclipse.equinox.launcher_1.3.0.v20130327-1440.jar
Launcher Type: generic

Environment Variables:
USERNAME=Roxas
OS=Windows_NT
PROCESSOR_IDENTIFIER=Intel64 Family 6 Model 158 Stepping 10, GenuineIntel



---------------  S Y S T E M  ---------------

OS: Windows 8 , 64 bit Build 9200 

CPU:total 12 (6 cores per cpu, 2 threads per core) family 6 model 158 stepping 10, cmov, cx8, fxsr, mmx, sse, sse2, sse3, ssse3, sse4.1, sse4.2, popcnt, avx, avx2, aes, clmul, erms, lzcnt, ht, tsc, tscinvbit, bmi1, bmi2

Memory: 4k page, physical 25008044k(12754780k free), swap 28678060k(9868564k free)

vm_info: Java HotSpot(TM) 64-Bit Server VM (25.25-b02) for windows-amd64 JRE (1.8.0_25-b18), built on Oct  7 2014 14:25:37 by "java_re" with MS VC++ 10.0 (VS2010)

time: Mon Nov 23 18:10:41 2020
elapsed time: 114 seconds (0d 0h 1m 54s)

