#
# A fatal error has been detected by the Java Runtime Environment:
#
#  Internal Error (0xc000000d), pid=21080, tid=22480
#
# JRE version: Java(TM) SE Runtime Environment (8.0_25-b18) (build 1.8.0_25-b18)
# Java VM: Java HotSpot(TM) 64-Bit Server VM (25.25-b02 mixed mode windows-amd64 compressed oops)
# Problematic frame:
# C  [ntdll.dll+0x10f110]
#
# Failed to write core dump. Minidumps are not enabled by default on client versions of Windows
#
# If you would like to submit a bug report, please visit:
#   http://bugreport.sun.com/bugreport/crash.jsp
#

---------------  T H R E A D  ---------------

Current thread (0x0000000015a22800):  VMThread [stack: 0x0000000016aa0000,0x0000000016ba0000] [id=22480]

siginfo: ExceptionCode=0xc000000d

Registers:
RAX=0x0000000000000000, RBX=0xfffffffffffffffe, RCX=0x00000000141e5d78, RDX=0x0000000000000001
RSP=0x0000000016b9f340, RBP=0x00007ff88bfa7408, RSI=0x0000000000000000, RDI=0x0000000000000944
R8 =0x00000000028f061a, R9 =0x000000005edafb90, R10=0x00000000141e5d78, R11=0x0000000016b9ed48
R12=0x0000000024887c70, R13=0x000000002482f860, R14=0x0000000024887d78, R15=0x0000000016b9f4b8
RIP=0x00007ff8de74f110, EFLAGS=0x0000000000000202

Top of Stack: (sp=0x0000000016b9f340)
0x0000000016b9f340:   0000000000000057 fffffffffffffffe
0x0000000016b9f350:   0000000000000000 0000000000000000
0x0000000016b9f360:   00000000c000000d 0000000000000000
0x0000000016b9f370:   00007ff8de74f110 0000000000000000
0x0000000016b9f380:   0000000000000000 0000000000000000
0x0000000016b9f390:   0000000000000000 0000000000000000
0x0000000016b9f3a0:   0000000000000000 0000000000000000
0x0000000016b9f3b0:   0000000000000000 0000000000000000
0x0000000016b9f3c0:   0000000000000000 0000000000000000
0x0000000016b9f3d0:   0000000000000000 0000000000000000
0x0000000016b9f3e0:   0000000000000000 0000000000000000
0x0000000016b9f3f0:   0000000000000000 0000000016b9f4f0
0x0000000016b9f400:   0000f724f09a9251 0000000000000009
0x0000000016b9f410:   0000000016b9f428 00007ff8de6f116f
0x0000000016b9f420:   0000000000000000 00007ff8de6471e0
0x0000000016b9f430:   0000000100000009 0000000000000009 

Instructions: (pc=0x00007ff8de74f110)
0x00007ff8de74f0f0:   3f f9 ff c7 44 24 20 0d 00 00 c0 b9 57 00 00 00
0x00007ff8de74f100:   e8 5b 44 f4 ff 90 48 8d 4c 24 20 e8 b0 ad f5 ff
0x00007ff8de74f110:   eb 00 48 8b 8c 24 c0 00 00 00 48 33 cc e8 5e d0
0x00007ff8de74f120:   f7 ff 48 81 c4 d8 00 00 00 c3 40 55 48 83 ec 20 


Register to memory mapping:

RAX=0x0000000000000000 is an unknown value
RBX=0xfffffffffffffffe is an unknown value
RCX=0x00000000141e5d78 is an unknown value
RDX=0x0000000000000001 is an unknown value
RSP=0x0000000016b9f340 is an unknown value
RBP=0x00007ff88bfa7408 is an unknown value
RSI=0x0000000000000000 is an unknown value
RDI=0x0000000000000944 is an unknown value
R8 =0x00000000028f061a is at begin+179 in a stub
StubRoutines::call_stub [0x00000000028f0567, 0x00000000028f06cb[ (356 bytes)
R9 =0x000000005edafb90 is an unknown value
R10=0x00000000141e5d78 is an unknown value
R11=0x0000000016b9ed48 is an unknown value
R12=0x0000000024887c70 is an unknown value
R13=0x000000002482f860 is an unknown value
R14=0x0000000024887d78 is an unknown value
R15=0x0000000016b9f4b8 is an unknown value


Stack: [0x0000000016aa0000,0x0000000016ba0000],  sp=0x0000000016b9f340,  free space=1020k
Native frames: (J=compiled Java code, j=interpreted, Vv=VM code, C=native code)
C  [ntdll.dll+0x10f110]
C  [ntdll.dll+0xb116f]
C  [KERNEL32.DLL+0x1eeea]
C  [MSVCR110.dll+0x752d]
C  [MSVCR110.dll+0x14cde]
C  [MSVCR110.dll+0x13edc]
C  [MSVCR110.dll+0x239e]
C  [MSVCR110.dll+0xaf9e]
C  [MSVCP110.dll+0x397b9]
C  [librdi_common.dll+0x135d02]
C  [librdi_common.dll+0x13447b]
C  0x00007ff8d6a10904
C  0x00007ff8d6a10b86
C  [ntdll.dll+0x25021]
C  [ntdll.dll+0x6aad2]
C  [ntdll.dll+0x6a97d]
C  [KERNEL32.DLL+0x1cdda]
C  [MSVCR100.dll+0x20ccd]
V  [jvm.dll+0x1f9c55]
V  [jvm.dll+0x2325e7]
V  [jvm.dll+0x231826]
V  [jvm.dll+0x231cc1]
V  [jvm.dll+0x231ede]
V  [jvm.dll+0x2852fa]
C  [MSVCR100.dll+0x21d9f]
C  [MSVCR100.dll+0x21e3b]
C  [KERNEL32.DLL+0x17c24]
C  [ntdll.dll+0x6cea1]

VM_Operation (0x000000000014f4d0): Exit, mode: safepoint, requested by thread 0x00000000028ee800


---------------  P R O C E S S  ---------------

Java Threads: ( => current thread )
  0x0000000020308000 JavaThread "Thread-557" [_thread_in_native, id=24764, stack(0x0000000027df0000,0x0000000027ef0000)]
  0x000000001aa83000 JavaThread "pool-1-thread-10" [_thread_blocked, id=10400, stack(0x0000000029de0000,0x0000000029ee0000)]
  0x000000001aa7e000 JavaThread "pool-1-thread-9" [_thread_blocked, id=7788, stack(0x000000001c280000,0x000000001c380000)]
  0x000000001aa81800 JavaThread "pool-1-thread-8" [_thread_blocked, id=5092, stack(0x00000000299e0000,0x0000000029ae0000)]
  0x0000000020307800 JavaThread "pool-1-thread-7" [_thread_blocked, id=22492, stack(0x00000000298e0000,0x00000000299e0000)]
  0x00000000202e3800 JavaThread "pool-1-thread-6" [_thread_blocked, id=3908, stack(0x0000000023da0000,0x0000000023ea0000)]
  0x00000000202e8000 JavaThread "pool-1-thread-5" [_thread_blocked, id=21064, stack(0x0000000027af0000,0x0000000027bf0000)]
  0x00000000202e9800 JavaThread "pool-1-thread-4" [_thread_blocked, id=22044, stack(0x00000000271f0000,0x00000000272f0000)]
  0x00000000202e4800 JavaThread "pool-1-thread-3" [_thread_blocked, id=23896, stack(0x00000000240a0000,0x00000000241a0000)]
  0x00000000202da800 JavaThread "pool-1-thread-2" [_thread_blocked, id=26596, stack(0x0000000027cf0000,0x0000000027df0000)]
  0x00000000202de800 JavaThread "pool-1-thread-1" [_thread_blocked, id=22112, stack(0x0000000027fe0000,0x00000000280e0000)]
  0x000000001af5a000 JavaThread "Thread-15" daemon [_thread_blocked, id=13080, stack(0x000000001e3f0000,0x000000001e4f0000)]
  0x0000000020303800 JavaThread "TCF Locator DNS Lookup" daemon [_thread_blocked, id=24188, stack(0x0000000022810000,0x0000000022910000)]
  0x00000000202ff000 JavaThread "TCF Locator Timer" daemon [_thread_blocked, id=25960, stack(0x0000000022710000,0x0000000022810000)]
  0x0000000020303000 JavaThread "TCF Locator Receiver" daemon [_thread_in_native, id=18256, stack(0x0000000022610000,0x0000000022710000)]
  0x000000001af58800 JavaThread "TCF Timer Dispatcher" daemon [_thread_blocked, id=24216, stack(0x00000000222f0000,0x00000000223f0000)]
  0x000000001a432800 JavaThread "EMF Reference Cleaner" daemon [_thread_blocked, id=12164, stack(0x000000001bb00000,0x000000001bc00000)]
  0x0000000015ae1000 JavaThread "Service Thread" daemon [_thread_blocked, id=4728, stack(0x00000000173a0000,0x00000000174a0000)]
  0x0000000015a62000 JavaThread "C1 CompilerThread3" daemon [_thread_blocked, id=11016, stack(0x00000000172a0000,0x00000000173a0000)]
  0x0000000015a60800 JavaThread "C2 CompilerThread2" daemon [_thread_blocked, id=26744, stack(0x00000000171a0000,0x00000000172a0000)]
  0x0000000015a57000 JavaThread "C2 CompilerThread1" daemon [_thread_blocked, id=26436, stack(0x00000000170a0000,0x00000000171a0000)]
  0x0000000015a4c800 JavaThread "C2 CompilerThread0" daemon [_thread_blocked, id=25808, stack(0x0000000016fa0000,0x00000000170a0000)]
  0x0000000015a4a000 JavaThread "Attach Listener" daemon [_thread_blocked, id=21796, stack(0x0000000016ea0000,0x0000000016fa0000)]
  0x0000000015a49000 JavaThread "Signal Dispatcher" daemon [_thread_blocked, id=26948, stack(0x0000000016da0000,0x0000000016ea0000)]
  0x00000000028b9000 JavaThread "Finalizer" daemon [_thread_blocked, id=18380, stack(0x0000000016ca0000,0x0000000016da0000)]
  0x000000001435c000 JavaThread "Reference Handler" daemon [_thread_blocked, id=23672, stack(0x0000000016ba0000,0x0000000016ca0000)]
  0x00000000028ee800 JavaThread "main" [_thread_blocked, id=23716, stack(0x0000000000050000,0x0000000000150000)]

Other Threads:
=>0x0000000015a22800 VMThread [stack: 0x0000000016aa0000,0x0000000016ba0000] [id=22480]

VM state:at safepoint (shutting down)

VM Mutex/Monitor currently owned by a thread:  ([mutex/lock_event])
[0x00000000028ed650] Threads_lock - owner thread: 0x0000000015a22800

Heap:
 PSYoungGen      total 34304K, used 18440K [0x00000000f5580000, 0x00000000f7a80000, 0x0000000100000000)
  eden space 30720K, 54% used [0x00000000f5580000,0x00000000f65caaf0,0x00000000f7380000)
  from space 3584K, 49% used [0x00000000f7700000,0x00000000f78b78d0,0x00000000f7a80000)
  to   space 3584K, 0% used [0x00000000f7380000,0x00000000f7380000,0x00000000f7700000)
 ParOldGen       total 101376K, used 44414K [0x00000000e0000000, 0x00000000e6300000, 0x00000000f5580000)
  object space 101376K, 43% used [0x00000000e0000000,0x00000000e2b5f9d0,0x00000000e6300000)
 Metaspace       used 86534K, capacity 92648K, committed 93016K, reserved 1130496K
  class space    used 9902K, capacity 11796K, committed 11864K, reserved 1048576K

Card table byte_map: [0x0000000011cb0000,0x0000000011dc0000] byte_map_base: 0x00000000115b0000

Marking Bits: (ParMarkBitMap*) 0x000000005f4ed490
 Begin Bits: [0x0000000012870000, 0x0000000013070000)
 End Bits:   [0x0000000013070000, 0x0000000013870000)

Polling page: 0x0000000002700000

CodeCache: size=245760Kb used=68118Kb max_used=68124Kb free=177641Kb
 bounds [0x00000000028f0000, 0x0000000006c10000, 0x00000000118f0000]
 total_blobs=17834 nmethods=16982 adapters=758
 compilation: enabled

Compilation events (10 events):
Event: 72095.223 Thread 0x0000000015a62000 22253   !   3       java.util.zip.Inflater::end (50 bytes)
Event: 72095.223 Thread 0x0000000015a62000 nmethod 22253 0x0000000002ae9c90 code [0x0000000002ae9e20, 0x0000000002aea288]
Event: 72095.224 Thread 0x0000000015a62000 22256       1       org.eclipse.osgi.internal.loader.BundleLoaderProxy::getBundleData (5 bytes)
Event: 72095.224 Thread 0x0000000015a62000 nmethod 22256 0x0000000002ae99d0 code [0x0000000002ae9b20, 0x0000000002ae9c30]
Event: 72095.226 Thread 0x0000000015a62000 22248       3       org.eclipse.equinox.internal.event.mapper.EventAdapter::putServiceReferenceProperties (92 bytes)
Event: 72095.226 Thread 0x0000000015a62000 nmethod 22248 0x0000000006bfdad0 code [0x0000000006bfddc0, 0x0000000006bffa78]
Event: 72095.338 Thread 0x0000000015a62000 22258   !   3       org.eclipse.osgi.internal.baseadaptor.BaseStorage::compact (215 bytes)
Event: 72095.340 Thread 0x0000000015a62000 nmethod 22258 0x0000000006c00e90 code [0x0000000006c012c0, 0x0000000006c03728]
Event: 72095.381 Thread 0x0000000015a62000 22259       3       org.eclipse.osgi.framework.internal.core.AbstractBundle::close (52 bytes)
Event: 72095.383 Thread 0x0000000015a62000 nmethod 22259 0x000000000490b3d0 code [0x000000000490b600, 0x000000000490c2e8]

GC Heap History (10 events):
Event: 72068.573 GC heap before
{Heap before GC invocations=1540 (full 726):
 PSYoungGen      total 34816K, used 34430K [0x00000000f5580000, 0x00000000f7c00000, 0x0000000100000000)
  eden space 32256K, 100% used [0x00000000f5580000,0x00000000f7500000,0x00000000f7500000)
  from space 2560K, 84% used [0x00000000f7580000,0x00000000f779f8f0,0x00000000f7800000)
  to   space 3584K, 0% used [0x00000000f7880000,0x00000000f7880000,0x00000000f7c00000)
 ParOldGen       total 101376K, used 44078K [0x00000000e0000000, 0x00000000e6300000, 0x00000000f5580000)
  object space 101376K, 43% used [0x00000000e0000000,0x00000000e2b0b9c0,0x00000000e6300000)
 Metaspace       used 85844K, capacity 91966K, committed 92248K, reserved 1130496K
  class space    used 9829K, capacity 11763K, committed 11864K, reserved 1048576K
Event: 72068.578 GC heap after
Heap after GC invocations=1540 (full 726):
 PSYoungGen      total 34816K, used 2526K [0x00000000f5580000, 0x00000000f7b80000, 0x0000000100000000)
  eden space 31744K, 0% used [0x00000000f5580000,0x00000000f5580000,0x00000000f7480000)
  from space 3072K, 82% used [0x00000000f7880000,0x00000000f7af78d0,0x00000000f7b80000)
  to   space 3584K, 0% used [0x00000000f7480000,0x00000000f7480000,0x00000000f7800000)
 ParOldGen       total 101376K, used 44150K [0x00000000e0000000, 0x00000000e6300000, 0x00000000f5580000)
  object space 101376K, 43% used [0x00000000e0000000,0x00000000e2b1d9c0,0x00000000e6300000)
 Metaspace       used 85844K, capacity 91966K, committed 92248K, reserved 1130496K
  class space    used 9829K, capacity 11763K, committed 11864K, reserved 1048576K
}
Event: 72077.545 GC heap before
{Heap before GC invocations=1541 (full 726):
 PSYoungGen      total 34816K, used 34270K [0x00000000f5580000, 0x00000000f7b80000, 0x0000000100000000)
  eden space 31744K, 100% used [0x00000000f5580000,0x00000000f7480000,0x00000000f7480000)
  from space 3072K, 82% used [0x00000000f7880000,0x00000000f7af78d0,0x00000000f7b80000)
  to   space 3584K, 0% used [0x00000000f7480000,0x00000000f7480000,0x00000000f7800000)
 ParOldGen       total 101376K, used 44150K [0x00000000e0000000, 0x00000000e6300000, 0x00000000f5580000)
  object space 101376K, 43% used [0x00000000e0000000,0x00000000e2b1d9c0,0x00000000e6300000)
 Metaspace       used 85850K, capacity 91966K, committed 92248K, reserved 1130496K
  class space    used 9829K, capacity 11763K, committed 11864K, reserved 1048576K
Event: 72077.548 GC heap after
Heap after GC invocations=1541 (full 726):
 PSYoungGen      total 33280K, used 2042K [0x00000000f5580000, 0x00000000f7b00000, 0x0000000100000000)
  eden space 31232K, 0% used [0x00000000f5580000,0x00000000f5580000,0x00000000f7400000)
  from space 2048K, 99% used [0x00000000f7480000,0x00000000f767eab0,0x00000000f7680000)
  to   space 3584K, 0% used [0x00000000f7780000,0x00000000f7780000,0x00000000f7b00000)
 ParOldGen       total 101376K, used 44214K [0x00000000e0000000, 0x00000000e6300000, 0x00000000f5580000)
  object space 101376K, 43% used [0x00000000e0000000,0x00000000e2b2d9c0,0x00000000e6300000)
 Metaspace       used 85850K, capacity 91966K, committed 92248K, reserved 1130496K
  class space    used 9829K, capacity 11763K, committed 11864K, reserved 1048576K
}
Event: 72079.233 GC heap before
{Heap before GC invocations=1542 (full 726):
 PSYoungGen      total 33280K, used 33274K [0x00000000f5580000, 0x00000000f7b00000, 0x0000000100000000)
  eden space 31232K, 100% used [0x00000000f5580000,0x00000000f7400000,0x00000000f7400000)
  from space 2048K, 99% used [0x00000000f7480000,0x00000000f767eab0,0x00000000f7680000)
  to   space 3584K, 0% used [0x00000000f7780000,0x00000000f7780000,0x00000000f7b00000)
 ParOldGen       total 101376K, used 44214K [0x00000000e0000000, 0x00000000e6300000, 0x00000000f5580000)
  object space 101376K, 43% used [0x00000000e0000000,0x00000000e2b2d9c0,0x00000000e6300000)
 Metaspace       used 85859K, capacity 91966K, committed 92248K, reserved 1130496K
  class space    used 9829K, capacity 11763K, committed 11864K, reserved 1048576K
Event: 72079.236 GC heap after
Heap after GC invocations=1542 (full 726):
 PSYoungGen      total 33792K, used 2670K [0x00000000f5580000, 0x00000000f7a80000, 0x0000000100000000)
  eden space 30720K, 0% used [0x00000000f5580000,0x00000000f5580000,0x00000000f7380000)
  from space 3072K, 86% used [0x00000000f7780000,0x00000000f7a1b8c0,0x00000000f7a80000)
  to   space 3584K, 0% used [0x00000000f7380000,0x00000000f7380000,0x00000000f7700000)
 ParOldGen       total 101376K, used 44270K [0x00000000e0000000, 0x00000000e6300000, 0x00000000f5580000)
  object space 101376K, 43% used [0x00000000e0000000,0x00000000e2b3b9c0,0x00000000e6300000)
 Metaspace       used 85859K, capacity 91966K, committed 92248K, reserved 1130496K
  class space    used 9829K, capacity 11763K, committed 11864K, reserved 1048576K
}
Event: 72089.125 GC heap before
{Heap before GC invocations=1543 (full 726):
 PSYoungGen      total 33792K, used 33390K [0x00000000f5580000, 0x00000000f7a80000, 0x0000000100000000)
  eden space 30720K, 100% used [0x00000000f5580000,0x00000000f7380000,0x00000000f7380000)
  from space 3072K, 86% used [0x00000000f7780000,0x00000000f7a1b8c0,0x00000000f7a80000)
  to   space 3584K, 0% used [0x00000000f7380000,0x00000000f7380000,0x00000000f7700000)
 ParOldGen       total 101376K, used 44270K [0x00000000e0000000, 0x00000000e6300000, 0x00000000f5580000)
  object space 101376K, 43% used [0x00000000e0000000,0x00000000e2b3b9c0,0x00000000e6300000)
 Metaspace       used 85880K, capacity 91966K, committed 92248K, reserved 1130496K
  class space    used 9830K, capacity 11763K, committed 11864K, reserved 1048576K
Event: 72089.129 GC heap after
Heap after GC invocations=1543 (full 726):
 PSYoungGen      total 34304K, used 2846K [0x00000000f5580000, 0x00000000f7a80000, 0x0000000100000000)
  eden space 30720K, 0% used [0x00000000f5580000,0x00000000f5580000,0x00000000f7380000)
  from space 3584K, 79% used [0x00000000f7380000,0x00000000f76478d0,0x00000000f7700000)
  to   space 3584K, 0% used [0x00000000f7700000,0x00000000f7700000,0x00000000f7a80000)
 ParOldGen       total 101376K, used 44366K [0x00000000e0000000, 0x00000000e6300000, 0x00000000f5580000)
  object space 101376K, 43% used [0x00000000e0000000,0x00000000e2b539d0,0x00000000e6300000)
 Metaspace       used 85880K, capacity 91966K, committed 92248K, reserved 1130496K
  class space    used 9830K, capacity 11763K, committed 11864K, reserved 1048576K
}
Event: 72093.848 GC heap before
{Heap before GC invocations=1544 (full 726):
 PSYoungGen      total 34304K, used 33566K [0x00000000f5580000, 0x00000000f7a80000, 0x0000000100000000)
  eden space 30720K, 100% used [0x00000000f5580000,0x00000000f7380000,0x00000000f7380000)
  from space 3584K, 79% used [0x00000000f7380000,0x00000000f76478d0,0x00000000f7700000)
  to   space 3584K, 0% used [0x00000000f7700000,0x00000000f7700000,0x00000000f7a80000)
 ParOldGen       total 101376K, used 44366K [0x00000000e0000000, 0x00000000e6300000, 0x00000000f5580000)
  object space 101376K, 43% used [0x00000000e0000000,0x00000000e2b539d0,0x00000000e6300000)
 Metaspace       used 85995K, capacity 92066K, committed 92248K, reserved 1130496K
  class space    used 9847K, capacity 11795K, committed 11864K, reserved 1048576K
Event: 72093.851 GC heap after
Heap after GC invocations=1544 (full 726):
 PSYoungGen      total 34304K, used 1758K [0x00000000f5580000, 0x00000000f7a80000, 0x0000000100000000)
  eden space 30720K, 0% used [0x00000000f5580000,0x00000000f5580000,0x00000000f7380000)
  from space 3584K, 49% used [0x00000000f7700000,0x00000000f78b78d0,0x00000000f7a80000)
  to   space 3584K, 0% used [0x00000000f7380000,0x00000000f7380000,0x00000000f7700000)
 ParOldGen       total 101376K, used 44414K [0x00000000e0000000, 0x00000000e6300000, 0x00000000f5580000)
  object space 101376K, 43% used [0x00000000e0000000,0x00000000e2b5f9d0,0x00000000e6300000)
 Metaspace       used 85995K, capacity 92066K, committed 92248K, reserved 1130496K
  class space    used 9847K, capacity 11795K, committed 11864K, reserved 1048576K
}

Deoptimization events (10 events):
Event: 72095.208 Thread 0x00000000202e7800 Uncommon trap: reason=unreached action=reinterpret pc=0x0000000006718694 method=org.eclipse.core.internal.jobs.WorkerPool.startJob(Lorg/eclipse/core/internal/jobs/Worker;)Lorg/eclipse/core/internal/jobs/InternalJob; @ 185
Event: 72095.208 Thread 0x00000000202dd000 Uncommon trap: reason=unreached action=reinterpret pc=0x0000000006718694 method=org.eclipse.core.internal.jobs.WorkerPool.startJob(Lorg/eclipse/core/internal/jobs/Worker;)Lorg/eclipse/core/internal/jobs/InternalJob; @ 185
Event: 72095.208 Thread 0x000000001aa87800 Uncommon trap: reason=unreached action=reinterpret pc=0x0000000006718694 method=org.eclipse.core.internal.jobs.WorkerPool.startJob(Lorg/eclipse/core/internal/jobs/Worker;)Lorg/eclipse/core/internal/jobs/InternalJob; @ 185
Event: 72095.208 Thread 0x000000001aa8a800 Uncommon trap: reason=unreached action=reinterpret pc=0x0000000006718694 method=org.eclipse.core.internal.jobs.WorkerPool.startJob(Lorg/eclipse/core/internal/jobs/Worker;)Lorg/eclipse/core/internal/jobs/InternalJob; @ 185
Event: 72095.208 Thread 0x00000000202dd800 Uncommon trap: reason=unreached action=reinterpret pc=0x0000000006718694 method=org.eclipse.core.internal.jobs.WorkerPool.startJob(Lorg/eclipse/core/internal/jobs/Worker;)Lorg/eclipse/core/internal/jobs/InternalJob; @ 185
Event: 72095.208 Thread 0x000000001aa80000 Uncommon trap: reason=unreached action=reinterpret pc=0x0000000006718694 method=org.eclipse.core.internal.jobs.WorkerPool.startJob(Lorg/eclipse/core/internal/jobs/Worker;)Lorg/eclipse/core/internal/jobs/InternalJob; @ 185
Event: 72095.208 Thread 0x00000000202e3000 Uncommon trap: reason=unreached action=reinterpret pc=0x0000000006718694 method=org.eclipse.core.internal.jobs.WorkerPool.startJob(Lorg/eclipse/core/internal/jobs/Worker;)Lorg/eclipse/core/internal/jobs/InternalJob; @ 185
Event: 72095.208 Thread 0x00000000202db800 Uncommon trap: reason=unreached action=reinterpret pc=0x0000000006718694 method=org.eclipse.core.internal.jobs.WorkerPool.startJob(Lorg/eclipse/core/internal/jobs/Worker;)Lorg/eclipse/core/internal/jobs/InternalJob; @ 185
Event: 72095.208 Thread 0x0000000020301800 Uncommon trap: reason=unreached action=reinterpret pc=0x0000000006718694 method=org.eclipse.core.internal.jobs.WorkerPool.startJob(Lorg/eclipse/core/internal/jobs/Worker;)Lorg/eclipse/core/internal/jobs/InternalJob; @ 185
Event: 72095.382 Thread 0x00000000028ee800 Uncommon trap: reason=unreached action=reinterpret pc=0x0000000004011694 method=sun.reflect.UnsafeStaticObjectFieldAccessorImpl.set(Ljava/lang/Object;Ljava/lang/Object;)V @ 13

Internal exceptions (10 events):
Event: 72094.388 Thread 0x0000000020306000 Exception <a 'java/lang/InterruptedException'> (0x00000000f619be08) thrown at [D:\re\workspace\8-2-build-windows-amd64-cygwin\jdk8u25\1677\hotspot\src\share\vm\runtime\objectMonitor.cpp, line 1682]
Event: 72094.429 Thread 0x00000000028ee800 Implicit null exception at 0x00000000054ed72e to 0x00000000054ee815
Event: 72094.430 Thread 0x00000000028ee800 Implicit null exception at 0x0000000003d1adac to 0x0000000003d1b155
Event: 72095.081 Thread 0x00000000028ee800 Implicit null exception at 0x00000000032fdf17 to 0x00000000032ff961
Event: 72095.145 Thread 0x00000000028ee800 Exception <a 'java/lang/NullPointerException'> (0x00000000f6359740) thrown at [D:\re\workspace\8-2-build-windows-amd64-cygwin\jdk8u25\1677\hotspot\src\share\vm\prims\jvm.cpp, line 1316]
Event: 72095.220 Thread 0x0000000017a6e800 Exception <a 'java/lang/InterruptedException': sleep interrupted> (0x00000000f64f7e88) thrown at [D:\re\workspace\8-2-build-windows-amd64-cygwin\jdk8u25\1677\hotspot\src\share\vm\prims\jvm.cpp, line 3141]
Event: 72095.221 Thread 0x000000001af57800 Exception <a 'java/lang/InterruptedException'> (0x00000000f637a100) thrown at [D:\re\workspace\8-2-build-windows-amd64-cygwin\jdk8u25\1677\hotspot\src\share\vm\runtime\objectMonitor.cpp, line 1682]
Event: 72095.221 Thread 0x0000000017c83800 Exception <a 'java/lang/InterruptedException'> (0x00000000f64f8650) thrown at [D:\re\workspace\8-2-build-windows-amd64-cygwin\jdk8u25\1677\hotspot\src\share\vm\runtime\objectMonitor.cpp, line 1682]
Event: 72095.381 Thread 0x0000000018d17000 Exception <a 'java/lang/InterruptedException'> (0x00000000f64a7d78) thrown at [D:\re\workspace\8-2-build-windows-amd64-cygwin\jdk8u25\1677\hotspot\src\share\vm\runtime\objectMonitor.cpp, line 1682]
Event: 72095.382 Thread 0x00000000028ee800 Implicit null exception at 0x00000000040111fb to 0x0000000004011685

Events (10 events):
Event: 72095.382 Thread 0x00000000028ee800 DEOPT PACKING pc=0x0000000004011694 sp=0x000000000014eab0
Event: 72095.382 Thread 0x00000000028ee800 DEOPT UNPACKING pc=0x000000000293556a sp=0x000000000014ea08 mode 2
Event: 72095.382 Thread 0x0000000017b60000 Thread exited: 0x0000000017b60000
Event: 72095.382 loading class java/util/IdentityHashMap$KeyIterator
Event: 72095.382 loading class java/util/IdentityHashMap$IdentityHashMapIterator
Event: 72095.394 loading class java/util/IdentityHashMap$IdentityHashMapIterator done
Event: 72095.394 loading class java/util/IdentityHashMap$KeyIterator done
Event: 72095.394 Thread 0x000000001aa82000 Thread added: 0x000000001aa82000
Event: 72095.394 Thread 0x000000001aa82000 Thread exited: 0x000000001aa82000
Event: 72095.395 Executing VM operation: Exit


Dynamic libraries:
0x0000000000400000 - 0x000000000044f000 	F:\Xilinx2\SDK\2015.2\eclipse\win64.o\eclipse.exe
0x00007ff8de640000 - 0x00007ff8de830000 	C:\WINDOWS\SYSTEM32\ntdll.dll
0x00007ff8dd8e0000 - 0x00007ff8dd992000 	C:\WINDOWS\System32\KERNEL32.DLL
0x00007ff8dbaf0000 - 0x00007ff8dbd95000 	C:\WINDOWS\System32\KERNELBASE.dll
0x00007ff8dcad0000 - 0x00007ff8dcc64000 	C:\WINDOWS\System32\USER32.dll
0x00007ff8db6d0000 - 0x00007ff8db6f1000 	C:\WINDOWS\System32\win32u.dll
0x00007ff8dc990000 - 0x00007ff8dc9b6000 	C:\WINDOWS\System32\GDI32.dll
0x00007ff8dc520000 - 0x00007ff8dc6b6000 	C:\WINDOWS\System32\gdi32full.dll
0x00007ff8db7d0000 - 0x00007ff8db86e000 	C:\WINDOWS\System32\msvcp_win.dll
0x00007ff8db5a0000 - 0x00007ff8db69a000 	C:\WINDOWS\System32\ucrtbase.dll
0x00007ff8dcdd0000 - 0x00007ff8dce6e000 	C:\WINDOWS\System32\msvcrt.dll
0x00007ff8cf860000 - 0x00007ff8cfae4000 	C:\WINDOWS\WinSxS\amd64_microsoft.windows.common-controls_6595b64144ccf1df_6.0.18362.1139_none_9e7bf2d3e4605ac6\COMCTL32.dll
0x00007ff8de000000 - 0x00007ff8de335000 	C:\WINDOWS\System32\combase.dll
0x00007ff8de4b0000 - 0x00007ff8de5d0000 	C:\WINDOWS\System32\RPCRT4.dll
0x00007ff8db700000 - 0x00007ff8db780000 	C:\WINDOWS\System32\bcryptPrimitives.dll
0x00007ff8ddfd0000 - 0x00007ff8ddffe000 	C:\WINDOWS\System32\IMM32.DLL
0x0000000072000000 - 0x0000000072012000 	F:\Xilinx2\SDK\2015.2\eclipse\win64.o\plugins\org.eclipse.equinox.launcher.win32.win32.x86_64_1.1.200.v20140116-2212\eclipse_1503.dll
0x00007ff8dc770000 - 0x00007ff8dc813000 	C:\WINDOWS\System32\ADVAPI32.dll
0x00007ff8de340000 - 0x00007ff8de3d7000 	C:\WINDOWS\System32\sechost.dll
0x00007ff8d6910000 - 0x00007ff8d691a000 	C:\WINDOWS\SYSTEM32\VERSION.dll
0x00007ff8d9730000 - 0x00007ff8d97c9000 	C:\WINDOWS\system32\uxtheme.dll
0x00007ff8dd6a0000 - 0x00007ff8dd7d5000 	C:\WINDOWS\System32\MSCTF.dll
0x00007ff8de3e0000 - 0x00007ff8de4a5000 	C:\WINDOWS\System32\OLEAUT32.dll
0x00007ff89b3a0000 - 0x00007ff89b49c000 	C:\ProgramData\A-Volute\A-Volute.Nahimic\Modules\Scheduled\x64\A-Volute.NahimicDevProps2.dll
0x00007ff8dc820000 - 0x00007ff8dc977000 	C:\WINDOWS\System32\ole32.dll
0x00007ff8dcd60000 - 0x00007ff8dcdcf000 	C:\WINDOWS\System32\WS2_32.dll
0x00007ff8dca70000 - 0x00007ff8dcac2000 	C:\WINDOWS\System32\SHLWAPI.dll
0x00007ff8dcf40000 - 0x00007ff8dd627000 	C:\WINDOWS\System32\SHELL32.dll
0x00007ff8db780000 - 0x00007ff8db7ca000 	C:\WINDOWS\System32\cfgmgr32.dll
0x00007ff8dc6c0000 - 0x00007ff8dc769000 	C:\WINDOWS\System32\shcore.dll
0x00007ff8dbda0000 - 0x00007ff8dc520000 	C:\WINDOWS\System32\windows.storage.dll
0x00007ff8db570000 - 0x00007ff8db593000 	C:\WINDOWS\System32\profapi.dll
0x00007ff8db520000 - 0x00007ff8db56a000 	C:\WINDOWS\System32\powrprof.dll
0x00007ff8db4d0000 - 0x00007ff8db4e0000 	C:\WINDOWS\System32\UMPDC.dll
0x00007ff8db500000 - 0x00007ff8db511000 	C:\WINDOWS\System32\kernel.appcore.dll
0x00007ff8db870000 - 0x00007ff8db887000 	C:\WINDOWS\System32\cryptsp.dll
0x00007ff89bc40000 - 0x00007ff89bcec000 	C:\ProgramData\A-Volute\A-Volute.Nahimic\Modules\Scheduled\x64\NahimicOSD.dll
0x00007ff89bd80000 - 0x00007ff89bdd7000 	C:\ProgramData\A-Volute\A-Volute.Nahimic\Modules\Scheduled\x64\ProductInfo.dll
0x000000005ed10000 - 0x000000005f56a000 	F:\Xilinx2\SDK\2015.2\tps\win64\jre\bin\server\jvm.dll
0x00007ff8dc980000 - 0x00007ff8dc988000 	C:\WINDOWS\System32\PSAPI.DLL
0x00007ff8d8020000 - 0x00007ff8d8044000 	C:\WINDOWS\SYSTEM32\WINMM.dll
0x00007ff8c43b0000 - 0x00007ff8c43b9000 	C:\WINDOWS\SYSTEM32\WSOCK32.dll
0x000000005f890000 - 0x000000005f962000 	C:\WINDOWS\SYSTEM32\MSVCR100.dll
0x00007ff8d7fd0000 - 0x00007ff8d7ffd000 	C:\WINDOWS\SYSTEM32\winmmbase.dll
0x000000005ebd0000 - 0x000000005ebdf000 	F:\Xilinx2\SDK\2015.2\tps\win64\jre\bin\verify.dll
0x000000005eba0000 - 0x000000005ebc8000 	F:\Xilinx2\SDK\2015.2\tps\win64\jre\bin\java.dll
0x000000005eb80000 - 0x000000005eb96000 	F:\Xilinx2\SDK\2015.2\tps\win64\jre\bin\zip.dll
0x00007ff8da890000 - 0x00007ff8da8c3000 	C:\WINDOWS\system32\rsaenh.dll
0x00007ff8db6a0000 - 0x00007ff8db6c6000 	C:\WINDOWS\System32\bcrypt.dll
0x00007ff8db3f0000 - 0x00007ff8db415000 	C:\WINDOWS\SYSTEM32\USERENV.dll
0x00007ff8daef0000 - 0x00007ff8daefc000 	C:\WINDOWS\SYSTEM32\CRYPTBASE.dll
0x000000005eb60000 - 0x000000005eb7a000 	F:\Xilinx2\SDK\2015.2\tps\win64\jre\bin\net.dll
0x00007ff8dad20000 - 0x00007ff8dad87000 	C:\WINDOWS\system32\mswsock.dll
0x00007ff8daa30000 - 0x00007ff8daa6a000 	C:\WINDOWS\SYSTEM32\IPHLPAPI.DLL
0x00007ff8dcc70000 - 0x00007ff8dcc78000 	C:\WINDOWS\System32\NSI.dll
0x00007ff8d55f0000 - 0x00007ff8d5606000 	C:\WINDOWS\SYSTEM32\dhcpcsvc6.DLL
0x00007ff8d56a0000 - 0x00007ff8d56bc000 	C:\WINDOWS\SYSTEM32\dhcpcsvc.DLL
0x00007ff8daa70000 - 0x00007ff8dab3b000 	C:\WINDOWS\SYSTEM32\DNSAPI.dll
0x000000005eb40000 - 0x000000005eb51000 	F:\Xilinx2\SDK\2015.2\tps\win64\jre\bin\nio.dll
0x00007ff8cddf0000 - 0x00007ff8cde8e000 	C:\WINDOWS\System32\TextInputFramework.dll
0x00007ff8cd750000 - 0x00007ff8cda7a000 	C:\WINDOWS\System32\CoreUIComponents.dll
0x00007ff8d90c0000 - 0x00007ff8d9194000 	C:\WINDOWS\System32\CoreMessaging.dll
0x00007ff8da620000 - 0x00007ff8da651000 	C:\WINDOWS\SYSTEM32\ntmarta.dll
0x00007ff8d71a0000 - 0x00007ff8d72f3000 	C:\WINDOWS\SYSTEM32\wintypes.dll
0x00007ff8c2010000 - 0x00007ff8c22b7000 	C:\WINDOWS\System32\iertutil.dll
0x00007ff8acf90000 - 0x00007ff8acfa6000 	C:\WINDOWS\system32\napinsp.dll
0x00007ff8acf70000 - 0x00007ff8acf8a000 	C:\WINDOWS\system32\pnrpnsp.dll
0x00007ff8d3430000 - 0x00007ff8d343e000 	C:\WINDOWS\System32\winrnr.dll
0x00007ff8d8000000 - 0x00007ff8d801c000 	C:\WINDOWS\system32\NLAapi.dll
0x00007ff8d6fe0000 - 0x00007ff8d6ff5000 	C:\WINDOWS\system32\wshbth.dll
0x00007ff8d5ca0000 - 0x00007ff8d5caa000 	C:\Windows\System32\rasadhlp.dll
0x00007ff8d5500000 - 0x00007ff8d5577000 	C:\WINDOWS\System32\fwpuclnt.dll
0x000000001b410000 - 0x000000001b4b8000 	C:\Users\Roxas\.Xilinx\SDK\2015.2\org.eclipse.osgi\bundles\287\1\.cp\swt-win32-4335.dll
0x00007ff8dce70000 - 0x00007ff8dcf40000 	C:\WINDOWS\System32\comdlg32.dll
0x00007ff8db8f0000 - 0x00007ff8dba39000 	C:\WINDOWS\System32\CRYPT32.dll
0x00007ff8db4e0000 - 0x00007ff8db4f2000 	C:\WINDOWS\System32\MSASN1.dll
0x00007ff8cf7d0000 - 0x00007ff8cf859000 	C:\WINDOWS\SYSTEM32\WINSPOOL.DRV
0x00007ff89d230000 - 0x00007ff89d249000 	C:\WINDOWS\SYSTEM32\USP10.dll
0x00007ff8c4470000 - 0x00007ff8c4945000 	C:\WINDOWS\SYSTEM32\WININET.dll
0x00007ff8d7c70000 - 0x00007ff8d7d60000 	C:\WINDOWS\SYSTEM32\PROPSYS.dll
0x000000001b310000 - 0x000000001b32e000 	C:\Users\Roxas\.Xilinx\SDK\2015.2\org.eclipse.osgi\bundles\287\1\.cp\swt-gdip-win32-4335.dll
0x00007ff8cfaf0000 - 0x00007ff8cfc93000 	C:\WINDOWS\WinSxS\amd64_microsoft.windows.gdiplus_6595b64144ccf1df_1.1.18362.1139_none_cf66e5b93ef2d494\gdiplus.dll
0x00007ff8cd490000 - 0x00007ff8cd63f000 	C:\WINDOWS\SYSTEM32\WindowsCodecs.dll
0x0000000180000000 - 0x0000000180012000 	C:\Users\Roxas\.Xilinx\SDK\2015.2\org.eclipse.osgi\bundles\113\1\.cp\os\win32\x86_64\localfile_1_0_0.dll
0x00007ff8cddd0000 - 0x00007ff8cdde1000 	C:\Users\Roxas\.Xilinx\SDK\2015.2\org.eclipse.osgi\bundles\116\1\.cp\jWinHttp-1.0.0.dll
0x00007ff8d5870000 - 0x00007ff8d5960000 	C:\WINDOWS\SYSTEM32\WINHTTP.dll
0x00007ff8cf720000 - 0x00007ff8cf785000 	C:\WINDOWS\SYSTEM32\oleacc.dll
0x00007ff8da120000 - 0x00007ff8da140000 	C:\WINDOWS\SYSTEM32\dxcore.dll
0x00007ff8c4bc0000 - 0x00007ff8c4bd0000 	F:\Xilinx2\SDK\2015.2\lib\win64.o\librdi_repo_manager.dll
0x00007ff834100000 - 0x00007ff8342e8000 	F:\Xilinx2\SDK\2015.2\lib\win64.o\librdi_hsm.dll
0x00007ff89d280000 - 0x00007ff89d2aa000 	F:\Xilinx2\SDK\2015.2\lib\win64.o\libisl_sysinfo.dll
0x00007ff89c0b0000 - 0x00007ff89c104000 	F:\Xilinx2\SDK\2015.2\lib\win64.o\librdi_commonxillic.dll
0x00007ff830790000 - 0x00007ff8310d3000 	F:\Xilinx2\SDK\2015.2\lib\win64.o\librdi_common.dll
0x00007ff88c080000 - 0x00007ff88c127000 	C:\WINDOWS\SYSTEM32\MSVCP110.dll
0x00007ff88bfa0000 - 0x00007ff88c074000 	C:\WINDOWS\SYSTEM32\MSVCR110.dll
0x00007ff89edc0000 - 0x00007ff89ede2000 	F:\Xilinx2\SDK\2015.2\lib\win64.o\libboost_filesystem.dll
0x00007ff891900000 - 0x00007ff8919fa000 	F:\Xilinx2\SDK\2015.2\lib\win64.o\libboost_regex.dll
0x00007ff8d2380000 - 0x00007ff8d2389000 	F:\Xilinx2\SDK\2015.2\lib\win64.o\libboost_system.dll
0x00007ff89b870000 - 0x00007ff89b8b3000 	F:\Xilinx2\SDK\2015.2\lib\win64.o\librdi_hdf.dll
0x00007ff861200000 - 0x00007ff8613ba000 	F:\Xilinx2\SDK\2015.2\lib\win64.o\librdi_ippcw.dll
0x00007ff830570000 - 0x00007ff830790000 	F:\Xilinx2\SDK\2015.2\lib\win64.o\libXil_lmgr11.dll
0x00007ff8db890000 - 0x00007ff8db8ec000 	C:\WINDOWS\System32\WINTRUST.dll
0x000000005ebe0000 - 0x000000005ed07000 	F:\Xilinx2\SDK\2015.2\lib\win64.o\tcl85t.dll
0x00007ff8d36f0000 - 0x00007ff8d3700000 	F:\Xilinx2\SDK\2015.2\lib\win64.o\libboost_date_time.dll
0x00007ff836a70000 - 0x00007ff836d18000 	F:\Xilinx2\SDK\2015.2\lib\win64.o\libCOIN-all.dll
0x00007ff89af70000 - 0x00007ff89afe4000 	F:\Xilinx2\SDK\2015.2\lib\win64.o\libboost_program_options.dll
0x00007ff8a9dc0000 - 0x00007ff8a9dd3000 	F:\Xilinx2\SDK\2015.2\lib\win64.o\libboost_signals.dll
0x00007ff8a0ff0000 - 0x00007ff8a100d000 	F:\Xilinx2\SDK\2015.2\lib\win64.o\libboost_thread.dll
0x00007ff89ab40000 - 0x00007ff89abc0000 	F:\Xilinx2\SDK\2015.2\lib\win64.o\libhdlpsolve.dll
0x00007ff898800000 - 0x00007ff89889a000 	F:\Xilinx2\SDK\2015.2\lib\win64.o\libhdxml.dll
0x00007ff82f6c0000 - 0x00007ff82fcca200 	F:\Xilinx2\SDK\2015.2\lib\win64.o\libisl_iostreams.dll
0x00007ff89d980000 - 0x00007ff89d9a3000 	F:\Xilinx2\SDK\2015.2\lib\win64.o\libisl_iosutils.dll
0x00007ff8cddb0000 - 0x00007ff8cddc5000 	F:\Xilinx2\SDK\2015.2\lib\win64.o\pthreadVC2.dll
0x00007ff882980000 - 0x00007ff882ab0000 	F:\Xilinx2\SDK\2015.2\lib\win64.o\librdi_curl.dll
0x00007ff89f770000 - 0x00007ff89f788000 	F:\Xilinx2\SDK\2015.2\lib\win64.o\librdiconfig.dll
0x00007ff89d250000 - 0x00007ff89d273000 	F:\Xilinx2\SDK\2015.2\lib\win64.o\librdizlib.dll
0x00007ff8d2ad0000 - 0x00007ff8d2ca6000 	C:\WINDOWS\SYSTEM32\urlmon.dll
0x00007ff8ad5e0000 - 0x00007ff8ad603000 	C:\WINDOWS\SYSTEM32\VCOMP110.DLL
0x00007ff8c5940000 - 0x00007ff8c5957000 	C:\WINDOWS\SYSTEM32\NETAPI32.dll
0x00007ff89c7f0000 - 0x00007ff89c806000 	F:\Xilinx2\SDK\2015.2\lib\win64.o\libboost_iostreams.dll
0x00007ff8d1080000 - 0x00007ff8d108b000 	F:\Xilinx2\SDK\2015.2\lib\win64.o\libboost_chrono.dll
0x00000000241a0000 - 0x0000000024403000 	F:\Xilinx2\SDK\2015.2\lib\win64.o\xerces-c_3_1.dll
0x00007ff89c7d0000 - 0x00007ff89c7ec000 	F:\Xilinx2\SDK\2015.2\lib\win64.o\librdi_hw_platform.dll
0x00007ff8cfca0000 - 0x00007ff8cfca7000 	C:\WINDOWS\SYSTEM32\msimg32.dll
0x00007ff8aa1a0000 - 0x00007ff8aa1c3000 	C:\WINDOWS\SYSTEM32\edputil.dll
0x00007ff82f2b0000 - 0x00007ff82f6ba000 	F:\Xilinx2\SDK\2015.2\lib\win64.o\librdi_commontasks.dll
0x00007ff82ae80000 - 0x00007ff82b690000 	F:\Xilinx2\SDK\2015.2\lib\win64.o\libXil_lmgr11FNP.dll
0x00007ff8dd9a0000 - 0x00007ff8dde10000 	C:\WINDOWS\System32\SETUPAPI.dll

VM Arguments:
jvm_args: -Dcom.xilinx.sdk.args.hwspec=F:/Amir_Hamzah/University_of_Edinburgh/Studies/2nd_year/Engineering_Software_3/Assessment_1_Calculator/Assessment_1_Calculator/es3_hw_assmnt_1/es3_hw_assmnt_1.sdk/top.hdf -Xms64m -Xmx512m & 
java_command: <unknown>
java_class_path (initial): F:\Xilinx2\SDK\2015.2\eclipse\win64.o\\plugins/org.eclipse.equinox.launcher_1.3.0.v20130327-1440.jar
Launcher Type: generic

Environment Variables:
USERNAME=Roxas
OS=Windows_NT
PROCESSOR_IDENTIFIER=Intel64 Family 6 Model 158 Stepping 10, GenuineIntel



---------------  S Y S T E M  ---------------

OS: Windows 8 , 64 bit Build 9200 

CPU:total 12 (6 cores per cpu, 2 threads per core) family 6 model 158 stepping 10, cmov, cx8, fxsr, mmx, sse, sse2, sse3, ssse3, sse4.1, sse4.2, popcnt, avx, avx2, aes, clmul, erms, lzcnt, ht, tsc, tscinvbit, bmi1, bmi2

Memory: 4k page, physical 25008044k(15309880k free), swap 28678060k(14167180k free)

vm_info: Java HotSpot(TM) 64-Bit Server VM (25.25-b02) for windows-amd64 JRE (1.8.0_25-b18), built on Oct  7 2014 14:25:37 by "java_re" with MS VC++ 10.0 (VS2010)

time: Sun Nov 01 13:14:38 2020
elapsed time: 72098 seconds (0d 20h 1m 38s)

