#
# A fatal error has been detected by the Java Runtime Environment:
#
#  Internal Error (0xc000000d), pid=11212, tid=23384
#
# JRE version: Java(TM) SE Runtime Environment (8.0_25-b18) (build 1.8.0_25-b18)
# Java VM: Java HotSpot(TM) 64-Bit Server VM (25.25-b02 mixed mode windows-amd64 compressed oops)
# Problematic frame:
# C  [ntdll.dll+0x10f010]
#
# Failed to write core dump. Minidumps are not enabled by default on client versions of Windows
#
# If you would like to submit a bug report, please visit:
#   http://bugreport.sun.com/bugreport/crash.jsp
#

---------------  T H R E A D  ---------------

Current thread (0x0000000014484800):  VMThread [stack: 0x0000000016be0000,0x0000000016ce0000] [id=23384]

siginfo: ExceptionCode=0xc000000d

Registers:
RAX=0x0000000000000001, RBX=0xfffffffffffffffe, RCX=0x0000000000000b00, RDX=0x0000000000000000
RSP=0x0000000016cdf140, RBP=0x00007fff07687408, RSI=0x0000000000000000, RDI=0x000000000000116c
R8 =0x0000000002ad061a, R9 =0x0000000076bafb90, R10=0x0000000014315aa8, R11=0x0000000000000000
R12=0x000000002514cf10, R13=0x0000000024bf0920, R14=0x000000002514d018, R15=0x0000000016cdf2b8
RIP=0x00007fff7fb2f010, EFLAGS=0x0000000000000202

Top of Stack: (sp=0x0000000016cdf140)
0x0000000016cdf140:   0000000000000057 fffffffffffffffe
0x0000000016cdf150:   0000000000000000 0000000000534460
0x0000000016cdf160:   00000000c000000d 0000000000000000
0x0000000016cdf170:   00007fff7fb2f010 0000000000000000
0x0000000016cdf180:   0000000000000000 0000000000000000
0x0000000016cdf190:   0000000000000000 0000000000000000
0x0000000016cdf1a0:   0000000000000000 0000000000000000
0x0000000016cdf1b0:   0000000000000000 0000000000000000
0x0000000016cdf1c0:   0000000000000000 0000000000000000
0x0000000016cdf1d0:   0000000000000000 0000000000000000
0x0000000016cdf1e0:   0000000000000000 0000000000000000
0x0000000016cdf1f0:   0000000000000000 000000000215a9c0
0x0000000016cdf200:   0000147719bfd4ab 00000000002e0000
0x0000000016cdf210:   000000010000002e 00007fff7fad176f
0x0000000016cdf220:   0000000000000024 0000000000000000
0x0000000016cdf230:   0000000000000000 0000000000534460 

Instructions: (pc=0x00007fff7fb2f010)
0x00007fff7fb2eff0:   46 f9 ff c7 44 24 20 0d 00 00 c0 b9 57 00 00 00
0x00007fff7fb2f000:   e8 8b 4b f4 ff 90 48 8d 4c 24 20 e8 e0 b4 f5 ff
0x00007fff7fb2f010:   eb 00 48 8b 8c 24 c0 00 00 00 48 33 cc e8 8e d7
0x00007fff7fb2f020:   f7 ff 48 81 c4 d8 00 00 00 c3 40 55 48 83 ec 20 


Register to memory mapping:

RAX=0x0000000000000001 is an unknown value
RBX=0xfffffffffffffffe is an unknown value
RCX=0x0000000000000b00 is an unknown value
RDX=0x0000000000000000 is an unknown value
RSP=0x0000000016cdf140 is an unknown value
RBP=0x00007fff07687408 is an unknown value
RSI=0x0000000000000000 is an unknown value
RDI=0x000000000000116c is an unknown value
R8 =0x0000000002ad061a is at begin+179 in a stub
StubRoutines::call_stub [0x0000000002ad0567, 0x0000000002ad06cb[ (356 bytes)
R9 =0x0000000076bafb90 is an unknown value
R10=0x0000000014315aa8 is an unknown value
R11=0x0000000000000000 is an unknown value
R12=0x000000002514cf10 is an unknown value
R13=0x0000000024bf0920 is an unknown value
R14=0x000000002514d018 is an unknown value
R15=0x0000000016cdf2b8 is an unknown value


Stack: [0x0000000016be0000,0x0000000016ce0000],  sp=0x0000000016cdf140,  free space=1020k
Native frames: (J=compiled Java code, j=interpreted, Vv=VM code, C=native code)
C  [ntdll.dll+0x10f010]
C  [ntdll.dll+0xb176f]
C  [KERNEL32.DLL+0x1eeea]
C  [MSVCR110.dll+0x752d]
C  [MSVCR110.dll+0x14cde]
C  [MSVCR110.dll+0x13edc]
C  [MSVCR110.dll+0x239e]
C  [MSVCR110.dll+0xaf9e]
C  [MSVCP110.dll+0x397b9]
C  [librdi_common.dll+0x135d02]
C  [librdi_common.dll+0x13447b]
C  0x00007fff653d2400
C  0x00007fff653d2682
C  [ntdll.dll+0x25021]
C  [ntdll.dll+0x6b102]
C  [ntdll.dll+0x6afad]
C  [KERNEL32.DLL+0x1cdda]
C  [MSVCR100.dll+0x20ccd]
V  [jvm.dll+0x1f9c55]
V  [jvm.dll+0x2325e7]
V  [jvm.dll+0x231826]
V  [jvm.dll+0x231cc1]
V  [jvm.dll+0x231ede]
V  [jvm.dll+0x2852fa]
C  [MSVCR100.dll+0x21d9f]
C  [MSVCR100.dll+0x21e3b]
C  [KERNEL32.DLL+0x17c24]
C  [ntdll.dll+0x6d4d1]

VM_Operation (0x000000000014f4d0): Exit, mode: safepoint, requested by thread 0x00000000029ce800


---------------  P R O C E S S  ---------------

Java Threads: ( => current thread )
  0x0000000017a29800 JavaThread "Thread-19" [_thread_in_native, id=18084, stack(0x00000000287f0000,0x00000000288f0000)]
  0x0000000017a28000 JavaThread "Thread-18" daemon [_thread_blocked, id=15392, stack(0x00000000286f0000,0x00000000287f0000)]
  0x0000000018e83000 JavaThread "TCF Locator DNS Lookup" daemon [_thread_blocked, id=18480, stack(0x0000000022370000,0x0000000022470000)]
  0x0000000018e8a000 JavaThread "TCF Locator Timer" daemon [_thread_blocked, id=8056, stack(0x0000000022270000,0x0000000022370000)]
  0x0000000018e89000 JavaThread "TCF Locator Receiver" daemon [_thread_in_native, id=21280, stack(0x0000000022170000,0x0000000022270000)]
  0x000000001c66c800 JavaThread "TCF Timer Dispatcher" daemon [_thread_blocked, id=13364, stack(0x0000000021f70000,0x0000000022070000)]
  0x00000000195d1800 JavaThread "EMF Reference Cleaner" daemon [_thread_blocked, id=4768, stack(0x000000001b6b0000,0x000000001b7b0000)]
  0x0000000015bfe800 JavaThread "Service Thread" daemon [_thread_blocked, id=1392, stack(0x00000000174e0000,0x00000000175e0000)]
  0x0000000015b80800 JavaThread "C1 CompilerThread3" daemon [_thread_blocked, id=2456, stack(0x00000000173e0000,0x00000000174e0000)]
  0x0000000015b7f000 JavaThread "C2 CompilerThread2" daemon [_thread_blocked, id=10360, stack(0x00000000172e0000,0x00000000173e0000)]
  0x0000000015b76000 JavaThread "C2 CompilerThread1" daemon [_thread_blocked, id=7104, stack(0x00000000171e0000,0x00000000172e0000)]
  0x0000000015b6d000 JavaThread "C2 CompilerThread0" daemon [_thread_blocked, id=13620, stack(0x00000000170e0000,0x00000000171e0000)]
  0x0000000015b6c000 JavaThread "Attach Listener" daemon [_thread_blocked, id=3968, stack(0x0000000016fe0000,0x00000000170e0000)]
  0x0000000015b69000 JavaThread "Signal Dispatcher" daemon [_thread_blocked, id=22908, stack(0x0000000016ee0000,0x0000000016fe0000)]
  0x000000001448c800 JavaThread "Finalizer" daemon [_thread_blocked, id=5084, stack(0x0000000016de0000,0x0000000016ee0000)]
  0x000000001448b800 JavaThread "Reference Handler" daemon [_thread_blocked, id=1460, stack(0x0000000016ce0000,0x0000000016de0000)]
  0x00000000029ce800 JavaThread "main" [_thread_blocked, id=19160, stack(0x0000000000050000,0x0000000000150000)]

Other Threads:
=>0x0000000014484800 VMThread [stack: 0x0000000016be0000,0x0000000016ce0000] [id=23384]

VM state:at safepoint (shutting down)

VM Mutex/Monitor currently owned by a thread:  ([mutex/lock_event])
[0x00000000029cde80] Threads_lock - owner thread: 0x0000000014484800

Heap:
 PSYoungGen      total 74752K, used 45840K [0x00000000f5580000, 0x00000000fba00000, 0x0000000100000000)
  eden space 53248K, 54% used [0x00000000f5580000,0x00000000f71d58a8,0x00000000f8980000)
  from space 21504K, 78% used [0x00000000f8980000,0x00000000f99eea30,0x00000000f9e80000)
  to   space 23040K, 0% used [0x00000000fa380000,0x00000000fa380000,0x00000000fba00000)
 ParOldGen       total 98304K, used 33665K [0x00000000e0000000, 0x00000000e6000000, 0x00000000f5580000)
  object space 98304K, 34% used [0x00000000e0000000,0x00000000e20e07d0,0x00000000e6000000)
 Metaspace       used 73597K, capacity 79196K, committed 79320K, reserved 1118208K
  class space    used 9158K, capacity 10902K, committed 10968K, reserved 1048576K

Card table byte_map: [0x0000000011e90000,0x0000000011fa0000] byte_map_base: 0x0000000011790000

Marking Bits: (ParMarkBitMap*) 0x00000000772ed490
 Begin Bits: [0x00000000129a0000, 0x00000000131a0000)
 End Bits:   [0x00000000131a0000, 0x00000000139a0000)

Polling page: 0x0000000002290000

CodeCache: size=245760Kb used=22744Kb max_used=22753Kb free=223015Kb
 bounds [0x0000000002ad0000, 0x0000000004140000, 0x0000000011ad0000]
 total_blobs=7322 nmethods=6486 adapters=744
 compilation: enabled

Compilation events (10 events):
Event: 95.482 Thread 0x0000000015b80800 nmethod 7763 0x0000000002e92110 code [0x0000000002e92320, 0x0000000002e92d88]
Event: 95.483 Thread 0x0000000015b80800 7762   !   3       org.eclipse.osgi.internal.serviceregistry.ServiceRegistrationImpl::unregister (253 bytes)
Event: 95.484 Thread 0x0000000015b80800 nmethod 7762 0x0000000004114510 code [0x0000000004114900, 0x0000000004116df8]
Event: 95.517 Thread 0x0000000015b7f000 nmethod 7743 0x000000000412af90 code [0x000000000412b320, 0x000000000412daa0]
Event: 95.520 Thread 0x0000000015b80800 7765       3       java.io.File::list (33 bytes)
Event: 95.520 Thread 0x0000000015b80800 nmethod 7765 0x00000000037e2710 code [0x00000000037e28e0, 0x00000000037e3008]
Event: 95.543 Thread 0x0000000015b80800 7766   !   3       org.eclipse.osgi.internal.baseadaptor.BaseStorage::compact (215 bytes)
Event: 95.545 Thread 0x0000000015b80800 nmethod 7766 0x0000000004110890 code [0x0000000004110cc0, 0x0000000004113128]
Event: 95.573 Thread 0x0000000015b80800 7767       3       org.eclipse.osgi.framework.internal.core.AbstractBundle::close (52 bytes)
Event: 95.574 Thread 0x0000000015b80800 nmethod 7767 0x0000000002e90c90 code [0x0000000002e90ec0, 0x0000000002e91ba8]

GC Heap History (10 events):
Event: 7.409 GC heap before
{Heap before GC invocations=14 (full 3):
 PSYoungGen      total 60928K, used 15873K [0x00000000f5580000, 0x00000000fad00000, 0x0000000100000000)
  eden space 44544K, 0% used [0x00000000f5580000,0x00000000f5580000,0x00000000f8100000)
  from space 16384K, 96% used [0x00000000f8100000,0x00000000f9080500,0x00000000f9100000)
  to   space 17920K, 0% used [0x00000000f9b80000,0x00000000f9b80000,0x00000000fad00000)
 ParOldGen       total 65024K, used 20047K [0x00000000e0000000, 0x00000000e3f80000, 0x00000000f5580000)
  object space 65024K, 30% used [0x00000000e0000000,0x00000000e1393cf0,0x00000000e3f80000)
 Metaspace       used 54944K, capacity 58932K, committed 59028K, reserved 1099776K
  class space    used 6796K, capacity 8101K, committed 8152K, reserved 1048576K
Event: 7.662 GC heap after
Heap after GC invocations=14 (full 3):
 PSYoungGen      total 60928K, used 0K [0x00000000f5580000, 0x00000000fad00000, 0x0000000100000000)
  eden space 44544K, 0% used [0x00000000f5580000,0x00000000f5580000,0x00000000f8100000)
  from space 16384K, 0% used [0x00000000f8100000,0x00000000f8100000,0x00000000f9100000)
  to   space 17920K, 0% used [0x00000000f9b80000,0x00000000f9b80000,0x00000000fad00000)
 ParOldGen       total 98304K, used 32783K [0x00000000e0000000, 0x00000000e6000000, 0x00000000f5580000)
  object space 98304K, 33% used [0x00000000e0000000,0x00000000e2003e78,0x00000000e6000000)
 Metaspace       used 54944K, capacity 58932K, committed 59028K, reserved 1099776K
  class space    used 6796K, capacity 8101K, committed 8152K, reserved 1048576K
}
Event: 8.104 GC heap before
{Heap before GC invocations=15 (full 3):
 PSYoungGen      total 60928K, used 44544K [0x00000000f5580000, 0x00000000fad00000, 0x0000000100000000)
  eden space 44544K, 100% used [0x00000000f5580000,0x00000000f8100000,0x00000000f8100000)
  from space 16384K, 0% used [0x00000000f8100000,0x00000000f8100000,0x00000000f9100000)
  to   space 17920K, 0% used [0x00000000f9b80000,0x00000000f9b80000,0x00000000fad00000)
 ParOldGen       total 98304K, used 32783K [0x00000000e0000000, 0x00000000e6000000, 0x00000000f5580000)
  object space 98304K, 33% used [0x00000000e0000000,0x00000000e2003e78,0x00000000e6000000)
 Metaspace       used 57903K, capacity 62206K, committed 62424K, reserved 1103872K
  class space    used 7217K, capacity 8598K, committed 8664K, reserved 1048576K
Event: 8.110 GC heap after
Heap after GC invocations=15 (full 3):
 PSYoungGen      total 64512K, used 7122K [0x00000000f5580000, 0x00000000fa980000, 0x0000000100000000)
  eden space 50176K, 0% used [0x00000000f5580000,0x00000000f5580000,0x00000000f8680000)
  from space 14336K, 49% used [0x00000000f9b80000,0x00000000fa274880,0x00000000fa980000)
  to   space 17920K, 0% used [0x00000000f8680000,0x00000000f8680000,0x00000000f9800000)
 ParOldGen       total 98304K, used 32791K [0x00000000e0000000, 0x00000000e6000000, 0x00000000f5580000)
  object space 98304K, 33% used [0x00000000e0000000,0x00000000e2005e78,0x00000000e6000000)
 Metaspace       used 57903K, capacity 62206K, committed 62424K, reserved 1103872K
  class space    used 7217K, capacity 8598K, committed 8664K, reserved 1048576K
}
Event: 9.912 GC heap before
{Heap before GC invocations=16 (full 3):
 PSYoungGen      total 64512K, used 57298K [0x00000000f5580000, 0x00000000fa980000, 0x0000000100000000)
  eden space 50176K, 100% used [0x00000000f5580000,0x00000000f8680000,0x00000000f8680000)
  from space 14336K, 49% used [0x00000000f9b80000,0x00000000fa274880,0x00000000fa980000)
  to   space 17920K, 0% used [0x00000000f8680000,0x00000000f8680000,0x00000000f9800000)
 ParOldGen       total 98304K, used 32791K [0x00000000e0000000, 0x00000000e6000000, 0x00000000f5580000)
  object space 98304K, 33% used [0x00000000e0000000,0x00000000e2005e78,0x00000000e6000000)
 Metaspace       used 62616K, capacity 67506K, committed 67672K, reserved 1107968K
  class space    used 7799K, capacity 9273K, committed 9304K, reserved 1048576K
Event: 9.919 GC heap after
Heap after GC invocations=16 (full 3):
 PSYoungGen      total 68096K, used 14421K [0x00000000f5580000, 0x00000000fb100000, 0x0000000100000000)
  eden space 50176K, 0% used [0x00000000f5580000,0x00000000f5580000,0x00000000f8680000)
  from space 17920K, 80% used [0x00000000f8680000,0x00000000f94957c8,0x00000000f9800000)
  to   space 18944K, 0% used [0x00000000f9e80000,0x00000000f9e80000,0x00000000fb100000)
 ParOldGen       total 98304K, used 32799K [0x00000000e0000000, 0x00000000e6000000, 0x00000000f5580000)
  object space 98304K, 33% used [0x00000000e0000000,0x00000000e2007e78,0x00000000e6000000)
 Metaspace       used 62616K, capacity 67506K, committed 67672K, reserved 1107968K
  class space    used 7799K, capacity 9273K, committed 9304K, reserved 1048576K
}
Event: 45.499 GC heap before
{Heap before GC invocations=17 (full 3):
 PSYoungGen      total 68096K, used 64597K [0x00000000f5580000, 0x00000000fb100000, 0x0000000100000000)
  eden space 50176K, 100% used [0x00000000f5580000,0x00000000f8680000,0x00000000f8680000)
  from space 17920K, 80% used [0x00000000f8680000,0x00000000f94957c8,0x00000000f9800000)
  to   space 18944K, 0% used [0x00000000f9e80000,0x00000000f9e80000,0x00000000fb100000)
 ParOldGen       total 98304K, used 32799K [0x00000000e0000000, 0x00000000e6000000, 0x00000000f5580000)
  object space 98304K, 33% used [0x00000000e0000000,0x00000000e2007e78,0x00000000e6000000)
 Metaspace       used 69870K, capacity 75320K, committed 75480K, reserved 1114112K
  class space    used 8750K, capacity 10394K, committed 10456K, reserved 1048576K
Event: 45.509 GC heap after
Heap after GC invocations=17 (full 3):
 PSYoungGen      total 72192K, used 18935K [0x00000000f5580000, 0x00000000fb480000, 0x0000000100000000)
  eden space 53248K, 0% used [0x00000000f5580000,0x00000000f5580000,0x00000000f8980000)
  from space 18944K, 99% used [0x00000000f9e80000,0x00000000fb0fdc28,0x00000000fb100000)
  to   space 21504K, 0% used [0x00000000f8980000,0x00000000f8980000,0x00000000f9e80000)
 ParOldGen       total 98304K, used 33657K [0x00000000e0000000, 0x00000000e6000000, 0x00000000f5580000)
  object space 98304K, 34% used [0x00000000e0000000,0x00000000e20de7d0,0x00000000e6000000)
 Metaspace       used 69870K, capacity 75320K, committed 75480K, reserved 1114112K
  class space    used 8750K, capacity 10394K, committed 10456K, reserved 1048576K
}
Event: 90.168 GC heap before
{Heap before GC invocations=18 (full 3):
 PSYoungGen      total 72192K, used 72183K [0x00000000f5580000, 0x00000000fb480000, 0x0000000100000000)
  eden space 53248K, 100% used [0x00000000f5580000,0x00000000f8980000,0x00000000f8980000)
  from space 18944K, 99% used [0x00000000f9e80000,0x00000000fb0fdc28,0x00000000fb100000)
  to   space 21504K, 0% used [0x00000000f8980000,0x00000000f8980000,0x00000000f9e80000)
 ParOldGen       total 98304K, used 33657K [0x00000000e0000000, 0x00000000e6000000, 0x00000000f5580000)
  object space 98304K, 34% used [0x00000000e0000000,0x00000000e20de7d0,0x00000000e6000000)
 Metaspace       used 72247K, capacity 78072K, committed 78168K, reserved 1116160K
  class space    used 9016K, capacity 10802K, committed 10840K, reserved 1048576K
Event: 90.175 GC heap after
Heap after GC invocations=18 (full 3):
 PSYoungGen      total 74752K, used 16826K [0x00000000f5580000, 0x00000000fba00000, 0x0000000100000000)
  eden space 53248K, 0% used [0x00000000f5580000,0x00000000f5580000,0x00000000f8980000)
  from space 21504K, 78% used [0x00000000f8980000,0x00000000f99eea30,0x00000000f9e80000)
  to   space 23040K, 0% used [0x00000000fa380000,0x00000000fa380000,0x00000000fba00000)
 ParOldGen       total 98304K, used 33665K [0x00000000e0000000, 0x00000000e6000000, 0x00000000f5580000)
  object space 98304K, 34% used [0x00000000e0000000,0x00000000e20e07d0,0x00000000e6000000)
 Metaspace       used 72247K, capacity 78072K, committed 78168K, reserved 1116160K
  class space    used 9016K, capacity 10802K, committed 10840K, reserved 1048576K
}

Deoptimization events (10 events):
Event: 94.690 Thread 0x00000000029ce800 Uncommon trap: reason=class_check action=maybe_recompile pc=0x00000000034082f0 method=org.eclipse.emf.common.util.BasicEMap.ensureEntryDataExists()V @ 37
Event: 94.729 Thread 0x00000000029ce800 Uncommon trap: reason=bimorphic action=maybe_recompile pc=0x000000000409e864 method=org.eclipse.emf.ecore.impl.ETypedElementImpl.getEType()Lorg/eclipse/emf/ecore/EClassifier; @ 18
Event: 94.729 Thread 0x00000000029ce800 Uncommon trap: reason=bimorphic action=maybe_recompile pc=0x000000000409e864 method=org.eclipse.emf.ecore.impl.ETypedElementImpl.getEType()Lorg/eclipse/emf/ecore/EClassifier; @ 18
Event: 94.738 Thread 0x00000000029ce800 Uncommon trap: reason=unreached action=reinterpret pc=0x00000000040bd48c method=org.eclipse.emf.ecore.xmi.impl.StringSegment.writeAscii(Ljava/io/OutputStream;I)V @ 117
Event: 94.804 Thread 0x00000000029ce800 Uncommon trap: reason=bimorphic action=maybe_recompile pc=0x0000000004037d94 method=org.eclipse.e4.core.internal.contexts.ContextObjectSupplier$ContextInjectionListener.update(Lorg/eclipse/e4/core/contexts/IEclipseContext;I[Ljava/lang/Object;)Z @ 189
Event: 94.804 Thread 0x00000000029ce800 Uncommon trap: reason=bimorphic action=maybe_recompile pc=0x0000000004037d94 method=org.eclipse.e4.core.internal.contexts.ContextObjectSupplier$ContextInjectionListener.update(Lorg/eclipse/e4/core/contexts/IEclipseContext;I[Ljava/lang/Object;)Z @ 189
Event: 94.804 Thread 0x00000000029ce800 Uncommon trap: reason=bimorphic action=maybe_recompile pc=0x0000000004037d94 method=org.eclipse.e4.core.internal.contexts.ContextObjectSupplier$ContextInjectionListener.update(Lorg/eclipse/e4/core/contexts/IEclipseContext;I[Ljava/lang/Object;)Z @ 189
Event: 94.804 Thread 0x00000000029ce800 Uncommon trap: reason=bimorphic action=maybe_recompile pc=0x0000000004037d94 method=org.eclipse.e4.core.internal.contexts.ContextObjectSupplier$ContextInjectionListener.update(Lorg/eclipse/e4/core/contexts/IEclipseContext;I[Ljava/lang/Object;)Z @ 189
Event: 95.440 Thread 0x00000000029ce800 Uncommon trap: reason=null_check action=make_not_entrant pc=0x0000000003520f98 method=org.eclipse.core.runtime.internal.adaptor.EclipseLazyStarter.shouldActivateFor(Ljava/lang/String;Lorg/eclipse/osgi/baseadaptor/BaseData;Lorg/eclipse/core/runtime/internal±@ª²ÜW@
Event: 95.448 Thread 0x00000000029ce800 Uncommon trap: reason=null_check action=maybe_recompile pc=0x0000000002d0fc24 method=com.xilinx.sdk.targetmanager.internal.json.XMDJSONProcess.issueCommand(Ljava/lang/String;)Lcom/xilinx/sdk/targetmanager/internal/IXMDResult; @ 3

Internal exceptions (10 events):
Event: 94.237 Thread 0x000000001c66b000 Exception <a 'java/net/SocketException': Connection reset by peer: socket write error> (0x00000000f6005608) thrown at [D:\re\workspace\8-2-build-windows-amd64-cygwin\jdk8u25\1677\hotspot\src\share\vm\prims\jni.cpp, line 742]
Event: 94.239 Thread 0x0000000017a2e000 Exception <a 'java/net/SocketException': Socket closed> (0x00000000f6014288) thrown at [D:\re\workspace\8-2-build-windows-amd64-cygwin\jdk8u25\1677\hotspot\src\share\vm\prims\jni.cpp, line 742]
Event: 94.240 Thread 0x0000000018e84000 Exception <a 'java/lang/InterruptedException'> (0x00000000f6022288) thrown at [D:\re\workspace\8-2-build-windows-amd64-cygwin\jdk8u25\1677\hotspot\src\share\vm\runtime\objectMonitor.cpp, line 1682]
Event: 94.865 Thread 0x0000000018e91800 Exception <a 'java/lang/InterruptedException'> (0x00000000f6cdd590) thrown at [D:\re\workspace\8-2-build-windows-amd64-cygwin\jdk8u25\1677\hotspot\src\share\vm\runtime\objectMonitor.cpp, line 1682]
Event: 95.440 Thread 0x00000000029ce800 Implicit null exception at 0x000000000351f073 to 0x0000000003520f8d
Event: 95.448 Thread 0x00000000029ce800 Exception <a 'java/lang/NullPointerException'> (0x00000000f6eb6ab0) thrown at [D:\re\workspace\8-2-build-windows-amd64-cygwin\jdk8u25\1677\hotspot\src\share\vm\prims\jvm.cpp, line 1316]
Event: 95.482 Thread 0x0000000017a5e000 Exception <a 'java/lang/InterruptedException': sleep interrupted> (0x00000000f701ffb8) thrown at [D:\re\workspace\8-2-build-windows-amd64-cygwin\jdk8u25\1677\hotspot\src\share\vm\prims\jvm.cpp, line 3141]
Event: 95.483 Thread 0x000000001c66e800 Exception <a 'java/lang/InterruptedException'> (0x00000000f6ef7cc8) thrown at [D:\re\workspace\8-2-build-windows-amd64-cygwin\jdk8u25\1677\hotspot\src\share\vm\runtime\objectMonitor.cpp, line 1682]
Event: 95.483 Thread 0x0000000018afd800 Exception <a 'java/lang/InterruptedException'> (0x00000000f70a5158) thrown at [D:\re\workspace\8-2-build-windows-amd64-cygwin\jdk8u25\1677\hotspot\src\share\vm\runtime\objectMonitor.cpp, line 1682]
Event: 95.573 Thread 0x0000000018a74800 Exception <a 'java/lang/InterruptedException'> (0x00000000f701f230) thrown at [D:\re\workspace\8-2-build-windows-amd64-cygwin\jdk8u25\1677\hotspot\src\share\vm\runtime\objectMonitor.cpp, line 1682]

Events (10 events):
Event: 95.545 Thread 0x0000000015b80800 flushing nmethod 0x00000000036d51d0
Event: 95.573 Thread 0x0000000018a74800 Thread exited: 0x0000000018a74800
Event: 95.573 Thread 0x0000000017c08000 Thread exited: 0x0000000017c08000
Event: 95.573 loading class java/util/IdentityHashMap$KeyIterator
Event: 95.573 loading class java/util/IdentityHashMap$IdentityHashMapIterator
Event: 95.574 loading class java/util/IdentityHashMap$IdentityHashMapIterator done
Event: 95.574 loading class java/util/IdentityHashMap$KeyIterator done
Event: 95.574 Thread 0x0000000017a2c000 Thread added: 0x0000000017a2c000
Event: 95.574 Thread 0x0000000017a2c000 Thread exited: 0x0000000017a2c000
Event: 95.575 Executing VM operation: Exit


Dynamic libraries:
0x0000000000400000 - 0x000000000044f000 	F:\Xilinx2\SDK\2015.2\eclipse\win64.o\eclipse.exe
0x00007fff7fa20000 - 0x00007fff7fc10000 	C:\WINDOWS\SYSTEM32\ntdll.dll
0x00007fff7f8f0000 - 0x00007fff7f9a2000 	C:\WINDOWS\System32\KERNEL32.DLL
0x00007fff7c970000 - 0x00007fff7cc15000 	C:\WINDOWS\System32\KERNELBASE.dll
0x00007fff7db00000 - 0x00007fff7dc94000 	C:\WINDOWS\System32\USER32.dll
0x00007fff7d810000 - 0x00007fff7d831000 	C:\WINDOWS\System32\win32u.dll
0x00007fff7ecd0000 - 0x00007fff7ecf6000 	C:\WINDOWS\System32\GDI32.dll
0x00007fff7d540000 - 0x00007fff7d6d6000 	C:\WINDOWS\System32\gdi32full.dll
0x00007fff7cca0000 - 0x00007fff7cd3e000 	C:\WINDOWS\System32\msvcp_win.dll
0x00007fff7d6e0000 - 0x00007fff7d7da000 	C:\WINDOWS\System32\ucrtbase.dll
0x00007fff7e9b0000 - 0x00007fff7ea4e000 	C:\WINDOWS\System32\msvcrt.dll
0x00007fff67760000 - 0x00007fff679e4000 	C:\WINDOWS\WinSxS\amd64_microsoft.windows.common-controls_6595b64144ccf1df_6.0.18362.1198_none_9e820b57e45ad92f\COMCTL32.dll
0x00007fff7e520000 - 0x00007fff7e855000 	C:\WINDOWS\System32\combase.dll
0x00007fff7e110000 - 0x00007fff7e230000 	C:\WINDOWS\System32\RPCRT4.dll
0x00007fff7cc20000 - 0x00007fff7cca0000 	C:\WINDOWS\System32\bcryptPrimitives.dll
0x00007fff7eca0000 - 0x00007fff7ecce000 	C:\WINDOWS\System32\IMM32.DLL
0x0000000072000000 - 0x0000000072012000 	F:\Xilinx2\SDK\2015.2\eclipse\win64.o\plugins\org.eclipse.equinox.launcher.win32.win32.x86_64_1.1.200.v20140116-2212\eclipse_1503.dll
0x00007fff7f630000 - 0x00007fff7f6d3000 	C:\WINDOWS\System32\ADVAPI32.dll
0x00007fff7e300000 - 0x00007fff7e397000 	C:\WINDOWS\System32\sechost.dll
0x00007fff777d0000 - 0x00007fff777da000 	C:\WINDOWS\SYSTEM32\VERSION.dll
0x00007fff7aaf0000 - 0x00007fff7ab89000 	C:\WINDOWS\system32\uxtheme.dll
0x00007fff7ed00000 - 0x00007fff7ee35000 	C:\WINDOWS\System32\MSCTF.dll
0x00007fff7e3a0000 - 0x00007fff7e465000 	C:\WINDOWS\System32\OLEAUT32.dll
0x00007fff061b0000 - 0x00007fff062bd000 	C:\Program Files (x86)\Razer\Razer Cortex\x64\k_fps64.dll
0x00007fff7daa0000 - 0x00007fff7daf2000 	C:\WINDOWS\System32\SHLWAPI.dll
0x00007fff05e60000 - 0x00007fff05edf000 	C:\Program Files (x86)\Razer\Razer Cortex\x64\d3dx10_43.dll
0x00007fff05f40000 - 0x00007fff061af000 	C:\Program Files (x86)\Razer\Razer Cortex\x64\D3DCOMPILER_43.dll
0x00007fff63700000 - 0x00007fff638f4000 	C:\WINDOWS\SYSTEM32\dbghelp.dll
0x00007fff05ee0000 - 0x00007fff05f37000 	C:\Program Files (x86)\Razer\Razer Cortex\x64\EasyHook64.dll
0x00007fff7eb40000 - 0x00007fff7ec97000 	C:\WINDOWS\System32\ole32.dll
0x00007fff6a200000 - 0x00007fff6a356000 	C:\WINDOWS\SYSTEM32\OPENGL32.dll
0x00007fff05bf0000 - 0x00007fff05e53000 	C:\Program Files (x86)\Razer\Razer Cortex\x64\d3dx9_43.dll
0x00007fff7eb20000 - 0x00007fff7eb28000 	C:\WINDOWS\System32\PSAPI.DLL
0x00007fff732c0000 - 0x00007fff732ec000 	C:\WINDOWS\SYSTEM32\GLU32.dll
0x00007fff7b4e0000 - 0x00007fff7b500000 	C:\WINDOWS\SYSTEM32\dxcore.dll
0x00007fff7cd60000 - 0x00007fff7cdaa000 	C:\WINDOWS\System32\cfgmgr32.dll
0x00007fff560b0000 - 0x00007fff561ac000 	C:\ProgramData\A-Volute\A-Volute.Nahimic\Modules\Scheduled\x64\A-Volute.NahimicDevProps2.dll
0x00007fff7eec0000 - 0x00007fff7ef2f000 	C:\WINDOWS\System32\WS2_32.dll
0x00007fff7ef30000 - 0x00007fff7f617000 	C:\WINDOWS\System32\SHELL32.dll
0x00007fff7e470000 - 0x00007fff7e519000 	C:\WINDOWS\System32\shcore.dll
0x00007fff7cdb0000 - 0x00007fff7d531000 	C:\WINDOWS\System32\windows.storage.dll
0x00007fff7c940000 - 0x00007fff7c963000 	C:\WINDOWS\System32\profapi.dll
0x00007fff7c8d0000 - 0x00007fff7c91a000 	C:\WINDOWS\System32\powrprof.dll
0x00007fff7c8a0000 - 0x00007fff7c8b0000 	C:\WINDOWS\System32\UMPDC.dll
0x00007fff7c8b0000 - 0x00007fff7c8c1000 	C:\WINDOWS\System32\kernel.appcore.dll
0x00007fff7cd40000 - 0x00007fff7cd57000 	C:\WINDOWS\System32\cryptsp.dll
0x0000000076b10000 - 0x000000007736a000 	F:\Xilinx2\SDK\2015.2\tps\win64\jre\bin\server\jvm.dll
0x0000000077f20000 - 0x0000000077ff2000 	C:\WINDOWS\SYSTEM32\MSVCR100.dll
0x00007fff62170000 - 0x00007fff62179000 	C:\WINDOWS\SYSTEM32\WSOCK32.dll
0x00007fff79520000 - 0x00007fff79544000 	C:\WINDOWS\SYSTEM32\WINMM.dll
0x00007fff794f0000 - 0x00007fff7951d000 	C:\WINDOWS\SYSTEM32\WINMMBASE.dll
0x00000000775a0000 - 0x00000000775af000 	F:\Xilinx2\SDK\2015.2\tps\win64\jre\bin\verify.dll
0x0000000077570000 - 0x0000000077598000 	F:\Xilinx2\SDK\2015.2\tps\win64\jre\bin\java.dll
0x00000000769c0000 - 0x00000000769d6000 	F:\Xilinx2\SDK\2015.2\tps\win64\jre\bin\zip.dll
0x00007fff7bc60000 - 0x00007fff7bc93000 	C:\WINDOWS\system32\rsaenh.dll
0x00007fff7d7e0000 - 0x00007fff7d806000 	C:\WINDOWS\System32\bcrypt.dll
0x00007fff7c780000 - 0x00007fff7c7a5000 	C:\WINDOWS\SYSTEM32\USERENV.dll
0x00007fff7c2c0000 - 0x00007fff7c2cc000 	C:\WINDOWS\SYSTEM32\CRYPTBASE.dll
0x00000000769a0000 - 0x00000000769ba000 	F:\Xilinx2\SDK\2015.2\tps\win64\jre\bin\net.dll
0x00007fff7c0f0000 - 0x00007fff7c157000 	C:\WINDOWS\system32\mswsock.dll
0x00007fff7be00000 - 0x00007fff7be3a000 	C:\WINDOWS\SYSTEM32\IPHLPAPI.DLL
0x00007fff7f620000 - 0x00007fff7f628000 	C:\WINDOWS\System32\NSI.dll
0x00007fff758c0000 - 0x00007fff758d6000 	C:\WINDOWS\SYSTEM32\dhcpcsvc6.DLL
0x00007fff76680000 - 0x00007fff7669c000 	C:\WINDOWS\SYSTEM32\dhcpcsvc.DLL
0x00007fff7be40000 - 0x00007fff7bf0b000 	C:\WINDOWS\SYSTEM32\DNSAPI.dll
0x0000000076980000 - 0x0000000076991000 	F:\Xilinx2\SDK\2015.2\tps\win64\jre\bin\nio.dll
0x00007fff6b610000 - 0x00007fff6b6ae000 	C:\WINDOWS\System32\TextInputFramework.dll
0x00007fff77190000 - 0x00007fff774ba000 	C:\WINDOWS\System32\CoreUIComponents.dll
0x00007fff7a480000 - 0x00007fff7a554000 	C:\WINDOWS\System32\CoreMessaging.dll
0x00007fff78410000 - 0x00007fff78563000 	C:\WINDOWS\SYSTEM32\wintypes.dll
0x00007fff7b8e0000 - 0x00007fff7b911000 	C:\WINDOWS\SYSTEM32\ntmarta.dll
0x00007fff6d6b0000 - 0x00007fff6d957000 	C:\WINDOWS\System32\iertutil.dll
0x00007fff57120000 - 0x00007fff57136000 	C:\WINDOWS\system32\napinsp.dll
0x00007fff57100000 - 0x00007fff5711a000 	C:\WINDOWS\system32\pnrpnsp.dll
0x00007fff5f730000 - 0x00007fff5f73e000 	C:\WINDOWS\System32\winrnr.dll
0x00007fff79340000 - 0x00007fff7935c000 	C:\WINDOWS\system32\NLAapi.dll
0x00007fff780b0000 - 0x00007fff780c5000 	C:\WINDOWS\system32\wshbth.dll
0x00007fff76840000 - 0x00007fff7684a000 	C:\Windows\System32\rasadhlp.dll
0x00007fff75700000 - 0x00007fff75777000 	C:\WINDOWS\System32\fwpuclnt.dll
0x00000000028d0000 - 0x0000000002978000 	C:\Users\Roxas\.Xilinx\SDK\2015.2\org.eclipse.osgi\bundles\287\1\.cp\swt-win32-4335.dll
0x00007fff7e8e0000 - 0x00007fff7e9b0000 	C:\WINDOWS\System32\comdlg32.dll
0x00007fff7d8f0000 - 0x00007fff7da39000 	C:\WINDOWS\System32\CRYPT32.dll
0x00007fff65410000 - 0x00007fff65499000 	C:\WINDOWS\SYSTEM32\WINSPOOL.DRV
0x00007fff7c920000 - 0x00007fff7c932000 	C:\WINDOWS\System32\MSASN1.dll
0x00007fff4efc0000 - 0x00007fff4efd9000 	C:\WINDOWS\SYSTEM32\USP10.dll
0x00007fff623b0000 - 0x00007fff62885000 	C:\WINDOWS\SYSTEM32\WININET.dll
0x00007fff78d60000 - 0x00007fff78e50000 	C:\WINDOWS\SYSTEM32\PROPSYS.dll
0x0000000002980000 - 0x000000000299e000 	C:\Users\Roxas\.Xilinx\SDK\2015.2\org.eclipse.osgi\bundles\287\1\.cp\swt-gdip-win32-4335.dll
0x00007fff651b0000 - 0x00007fff65353000 	C:\WINDOWS\WinSxS\amd64_microsoft.windows.gdiplus_6595b64144ccf1df_1.1.18362.1198_none_cf6cfe3d3eed52fd\gdiplus.dll
0x00007fff76e60000 - 0x00007fff7700f000 	C:\WINDOWS\SYSTEM32\WindowsCodecs.dll
0x0000000180000000 - 0x0000000180012000 	C:\Users\Roxas\.Xilinx\SDK\2015.2\org.eclipse.osgi\bundles\113\1\.cp\os\win32\x86_64\localfile_1_0_0.dll
0x00007fff51310000 - 0x00007fff51321000 	C:\Users\Roxas\.Xilinx\SDK\2015.2\org.eclipse.osgi\bundles\116\1\.cp\jWinHttp-1.0.0.dll
0x00007fff759d0000 - 0x00007fff75ac0000 	C:\WINDOWS\SYSTEM32\WINHTTP.dll
0x00007fff65360000 - 0x00007fff653c5000 	C:\WINDOWS\SYSTEM32\oleacc.dll
0x00007fff6b950000 - 0x00007fff6b960000 	F:\Xilinx2\SDK\2015.2\lib\win64.o\librdi_repo_manager.dll
0x00007fff2f250000 - 0x00007fff2f27a000 	F:\Xilinx2\SDK\2015.2\lib\win64.o\libisl_sysinfo.dll
0x00007ffec8410000 - 0x00007ffec85f8000 	F:\Xilinx2\SDK\2015.2\lib\win64.o\librdi_hsm.dll
0x00007ffef36d0000 - 0x00007ffef3724000 	F:\Xilinx2\SDK\2015.2\lib\win64.o\librdi_commonxillic.dll
0x00007ffecca60000 - 0x00007ffecd3a3000 	F:\Xilinx2\SDK\2015.2\lib\win64.o\librdi_common.dll
0x00007fff07760000 - 0x00007fff07807000 	C:\WINDOWS\SYSTEM32\MSVCP110.dll
0x00007fff07680000 - 0x00007fff07754000 	C:\WINDOWS\SYSTEM32\MSVCR110.dll
0x00007fff30cf0000 - 0x00007fff30d12000 	F:\Xilinx2\SDK\2015.2\lib\win64.o\libboost_filesystem.dll
0x00007ffeee930000 - 0x00007ffeeea2a000 	F:\Xilinx2\SDK\2015.2\lib\win64.o\libboost_regex.dll
0x00007fff6d2b0000 - 0x00007fff6d2b9000 	F:\Xilinx2\SDK\2015.2\lib\win64.o\libboost_system.dll
0x00007ffeca930000 - 0x00007ffecab50000 	F:\Xilinx2\SDK\2015.2\lib\win64.o\libXil_lmgr11.dll
0x00007fff7da40000 - 0x00007fff7da9c000 	C:\WINDOWS\System32\WINTRUST.dll
0x00007fff04980000 - 0x00007fff049c3000 	F:\Xilinx2\SDK\2015.2\lib\win64.o\librdi_hdf.dll
0x00007ffec8250000 - 0x00007ffec840a000 	F:\Xilinx2\SDK\2015.2\lib\win64.o\librdi_ippcw.dll
0x00000000769e0000 - 0x0000000076b07000 	F:\Xilinx2\SDK\2015.2\lib\win64.o\tcl85t.dll
0x00007ffecab50000 - 0x00007ffecadf8000 	F:\Xilinx2\SDK\2015.2\lib\win64.o\libCOIN-all.dll
0x00007fff6ee70000 - 0x00007fff6ee80000 	F:\Xilinx2\SDK\2015.2\lib\win64.o\libboost_date_time.dll
0x00007fff24a70000 - 0x00007fff24ae4000 	F:\Xilinx2\SDK\2015.2\lib\win64.o\libboost_program_options.dll
0x00007fff3e410000 - 0x00007fff3e423000 	F:\Xilinx2\SDK\2015.2\lib\win64.o\libboost_signals.dll
0x00007fff3d8d0000 - 0x00007fff3d8ed000 	F:\Xilinx2\SDK\2015.2\lib\win64.o\libboost_thread.dll
0x00007fff04580000 - 0x00007fff04600000 	F:\Xilinx2\SDK\2015.2\lib\win64.o\libhdlpsolve.dll
0x00007fff03910000 - 0x00007fff039aa000 	F:\Xilinx2\SDK\2015.2\lib\win64.o\libhdxml.dll
0x00007ffeca320000 - 0x00007ffeca92a200 	F:\Xilinx2\SDK\2015.2\lib\win64.o\libisl_iostreams.dll
0x00007fff2a7f0000 - 0x00007fff2a813000 	F:\Xilinx2\SDK\2015.2\lib\win64.o\libisl_iosutils.dll
0x00007fff3f710000 - 0x00007fff3f725000 	F:\Xilinx2\SDK\2015.2\lib\win64.o\pthreadVC2.dll
0x00007ffee1100000 - 0x00007ffee1230000 	F:\Xilinx2\SDK\2015.2\lib\win64.o\librdi_curl.dll
0x00007fff3a5a0000 - 0x00007fff3a5b8000 	F:\Xilinx2\SDK\2015.2\lib\win64.o\librdiconfig.dll
0x00007fff245b0000 - 0x00007fff245d3000 	F:\Xilinx2\SDK\2015.2\lib\win64.o\librdizlib.dll
0x00007fff6d0a0000 - 0x00007fff6d276000 	C:\WINDOWS\SYSTEM32\urlmon.dll
0x00007fff68370000 - 0x00007fff68393000 	C:\WINDOWS\SYSTEM32\VCOMP110.DLL
0x00007fff639e0000 - 0x00007fff639f7000 	C:\WINDOWS\SYSTEM32\NETAPI32.dll
0x00007fff6ccb0000 - 0x00007fff6ccbb000 	F:\Xilinx2\SDK\2015.2\lib\win64.o\libboost_chrono.dll
0x00007fff30a90000 - 0x00007fff30aa6000 	F:\Xilinx2\SDK\2015.2\lib\win64.o\libboost_iostreams.dll
0x00000000246e0000 - 0x0000000024943000 	F:\Xilinx2\SDK\2015.2\lib\win64.o\xerces-c_3_1.dll

VM Arguments:
jvm_args: -Dcom.xilinx.sdk.args.hwspec=F:/Amir_Hamzah/University_of_Edinburgh/Studies/2nd_year/Engineering_Software_3/Assessment_1_Calculator/Calculator_codes/es3_hw_assmnt_1/es3_hw_assmnt_1.sdk/top.hdf -Xms64m -Xmx512m & 
java_command: <unknown>
java_class_path (initial): F:\Xilinx2\SDK\2015.2\eclipse\win64.o\\plugins/org.eclipse.equinox.launcher_1.3.0.v20130327-1440.jar
Launcher Type: generic

Environment Variables:
USERNAME=Roxas
OS=Windows_NT
PROCESSOR_IDENTIFIER=Intel64 Family 6 Model 158 Stepping 10, GenuineIntel



---------------  S Y S T E M  ---------------

OS: Windows 8 , 64 bit Build 9200 

CPU:total 12 (6 cores per cpu, 2 threads per core) family 6 model 158 stepping 10, cmov, cx8, fxsr, mmx, sse, sse2, sse3, ssse3, sse4.1, sse4.2, popcnt, avx, avx2, aes, clmul, erms, lzcnt, ht, tsc, tscinvbit, bmi1, bmi2

Memory: 4k page, physical 25008044k(15400012k free), swap 28678060k(14363144k free)

vm_info: Java HotSpot(TM) 64-Bit Server VM (25.25-b02) for windows-amd64 JRE (1.8.0_25-b18), built on Oct  7 2014 14:25:37 by "java_re" with MS VC++ 10.0 (VS2010)

time: Tue Nov 24 19:04:33 2020
elapsed time: 98 seconds (0d 0h 1m 38s)

