#
# A fatal error has been detected by the Java Runtime Environment:
#
#  Internal Error (0xc000000d), pid=19708, tid=15044
#
# JRE version: Java(TM) SE Runtime Environment (8.0_25-b18) (build 1.8.0_25-b18)
# Java VM: Java HotSpot(TM) 64-Bit Server VM (25.25-b02 mixed mode windows-amd64 compressed oops)
# Problematic frame:
# C  [ntdll.dll+0x10f110]
#
# Failed to write core dump. Minidumps are not enabled by default on client versions of Windows
#
# If you would like to submit a bug report, please visit:
#   http://bugreport.sun.com/bugreport/crash.jsp
#

---------------  T H R E A D  ---------------

Current thread (0x0000000015aa2800):  VMThread [stack: 0x0000000016b30000,0x0000000016c30000] [id=15044]

siginfo: ExceptionCode=0xc000000d

Registers:
RAX=0x0000000000000000, RBX=0xfffffffffffffffe, RCX=0x0000000000000005, RDX=0x0000000000000001
RSP=0x0000000016c2f140, RBP=0x00007ff88bfa7408, RSI=0x0000000000000000, RDI=0x000000000000107c
R8 =0x000000000299061a, R9 =0x000000005edafb90, R10=0x0000000000000001, R11=0x0000000000000000
R12=0x000000001800edb0, R13=0x0000000025f50160, R14=0x000000001800eeb8, R15=0x0000000016c2f2b8
RIP=0x00007ff8de74f110, EFLAGS=0x0000000000000202

Top of Stack: (sp=0x0000000016c2f140)
0x0000000016c2f140:   0000000000000057 fffffffffffffffe
0x0000000016c2f150:   0000000000000000 0000000000000000
0x0000000016c2f160:   00000000c000000d 0000000000000000
0x0000000016c2f170:   00007ff8de74f110 0000000000000000
0x0000000016c2f180:   0000000000000000 0000000000000000
0x0000000016c2f190:   0000000000000000 0000000000000000
0x0000000016c2f1a0:   0000000000000000 0000000000000000
0x0000000016c2f1b0:   0000000000000000 0000000000000000
0x0000000016c2f1c0:   0000000000000000 0000000000000000
0x0000000016c2f1d0:   0000000000000000 0000000000000000
0x0000000016c2f1e0:   0000000000000000 0000000000000000
0x0000000016c2f1f0:   0000000000000000 0000000000000000
0x0000000016c2f200:   0000e03a471d729e 0000000000000000
0x0000000016c2f210:   0000000000000000 00007ff8de6f116f
0x0000000016c2f220:   0000000000000000 0000000000000000
0x0000000016c2f230:   0000000000000000 0000000000000000 

Instructions: (pc=0x00007ff8de74f110)
0x00007ff8de74f0f0:   3f f9 ff c7 44 24 20 0d 00 00 c0 b9 57 00 00 00
0x00007ff8de74f100:   e8 5b 44 f4 ff 90 48 8d 4c 24 20 e8 b0 ad f5 ff
0x00007ff8de74f110:   eb 00 48 8b 8c 24 c0 00 00 00 48 33 cc e8 5e d0
0x00007ff8de74f120:   f7 ff 48 81 c4 d8 00 00 00 c3 40 55 48 83 ec 20 


Register to memory mapping:

RAX=0x0000000000000000 is an unknown value
RBX=0xfffffffffffffffe is an unknown value
RCX=0x0000000000000005 is an unknown value
RDX=0x0000000000000001 is an unknown value
RSP=0x0000000016c2f140 is an unknown value
RBP=0x00007ff88bfa7408 is an unknown value
RSI=0x0000000000000000 is an unknown value
RDI=0x000000000000107c is an unknown value
R8 =0x000000000299061a is at begin+179 in a stub
StubRoutines::call_stub [0x0000000002990567, 0x00000000029906cb[ (356 bytes)
R9 =0x000000005edafb90 is an unknown value
R10=0x0000000000000001 is an unknown value
R11=0x0000000000000000 is an unknown value
R12=0x000000001800edb0 is an unknown value
R13=0x0000000025f50160 is an unknown value
R14=0x000000001800eeb8 is an unknown value
R15=0x0000000016c2f2b8 is an unknown value


Stack: [0x0000000016b30000,0x0000000016c30000],  sp=0x0000000016c2f140,  free space=1020k
Native frames: (J=compiled Java code, j=interpreted, Vv=VM code, C=native code)
C  [ntdll.dll+0x10f110]
C  [ntdll.dll+0xb116f]
C  [KERNEL32.DLL+0x1eeea]
C  [MSVCR110.dll+0x752d]
C  [MSVCR110.dll+0x14cde]
C  [MSVCR110.dll+0x13edc]
C  [MSVCR110.dll+0x239e]
C  [MSVCR110.dll+0xaf9e]
C  [MSVCP110.dll+0x397b9]
C  [librdi_common.dll+0x135d02]
C  [librdi_common.dll+0x13447b]
C  0x00007ff8d36b2400
C  0x00007ff8d36b2682
C  [ntdll.dll+0x25021]
C  [ntdll.dll+0x6aad2]
C  [ntdll.dll+0x6a97d]
C  [KERNEL32.DLL+0x1cdda]
C  [MSVCR100.dll+0x20ccd]
V  [jvm.dll+0x1f9c55]
V  [jvm.dll+0x2325e7]
V  [jvm.dll+0x231826]
V  [jvm.dll+0x231cc1]
V  [jvm.dll+0x231ede]
V  [jvm.dll+0x2852fa]
C  [MSVCR100.dll+0x21d9f]
C  [MSVCR100.dll+0x21e3b]
C  [KERNEL32.DLL+0x17c24]
C  [ntdll.dll+0x6cea1]

VM_Operation (0x000000000014f4d0): Exit, mode: safepoint, requested by thread 0x000000000276e800


---------------  P R O C E S S  ---------------

Java Threads: ( => current thread )
  0x000000001d5c5800 JavaThread "Thread-17" daemon [_thread_blocked, id=16832, stack(0x0000000029630000,0x0000000029730000)]
  0x000000001c765800 JavaThread "TCF Locator DNS Lookup" daemon [_thread_blocked, id=26240, stack(0x0000000022460000,0x0000000022560000)]
  0x000000001c768000 JavaThread "TCF Locator Timer" daemon [_thread_blocked, id=12960, stack(0x0000000022360000,0x0000000022460000)]
  0x000000001c767000 JavaThread "TCF Locator Receiver" daemon [_thread_in_native, id=6188, stack(0x0000000022260000,0x0000000022360000)]
  0x000000001c764000 JavaThread "TCF Timer Dispatcher" daemon [_thread_blocked, id=9584, stack(0x0000000022060000,0x0000000022160000)]
  0x000000001ac13000 JavaThread "EMF Reference Cleaner" daemon [_thread_blocked, id=20508, stack(0x000000001ba10000,0x000000001bb10000)]
  0x0000000015b5d800 JavaThread "Service Thread" daemon [_thread_blocked, id=11568, stack(0x0000000017430000,0x0000000017530000)]
  0x0000000015ae2000 JavaThread "C1 CompilerThread3" daemon [_thread_blocked, id=26152, stack(0x0000000017330000,0x0000000017430000)]
  0x0000000015ae0000 JavaThread "C2 CompilerThread2" daemon [_thread_blocked, id=16140, stack(0x0000000017230000,0x0000000017330000)]
  0x0000000015ad7000 JavaThread "C2 CompilerThread1" daemon [_thread_blocked, id=21324, stack(0x0000000017130000,0x0000000017230000)]
  0x0000000015ace800 JavaThread "C2 CompilerThread0" daemon [_thread_blocked, id=19684, stack(0x0000000017030000,0x0000000017130000)]
  0x0000000015acd000 JavaThread "Attach Listener" daemon [_thread_blocked, id=10360, stack(0x0000000016f30000,0x0000000017030000)]
  0x000000001440e000 JavaThread "Signal Dispatcher" daemon [_thread_blocked, id=18056, stack(0x0000000016e30000,0x0000000016f30000)]
  0x0000000002989000 JavaThread "Finalizer" daemon [_thread_blocked, id=11504, stack(0x0000000016d30000,0x0000000016e30000)]
  0x00000000143fc000 JavaThread "Reference Handler" daemon [_thread_blocked, id=21300, stack(0x0000000016c30000,0x0000000016d30000)]
  0x000000000276e800 JavaThread "main" [_thread_blocked, id=12680, stack(0x0000000000050000,0x0000000000150000)]

Other Threads:
=>0x0000000015aa2800 VMThread [stack: 0x0000000016b30000,0x0000000016c30000] [id=15044]

VM state:at safepoint (shutting down)

VM Mutex/Monitor currently owned by a thread:  ([mutex/lock_event])
[0x000000000276d850] Threads_lock - owner thread: 0x0000000015aa2800

Heap:
 PSYoungGen      total 82432K, used 29263K [0x00000000f5580000, 0x00000000fbd80000, 0x0000000100000000)
  eden space 60416K, 21% used [0x00000000f5580000,0x00000000f61ebe28,0x00000000f9080000)
  from space 22016K, 75% used [0x00000000fa700000,0x00000000fb728148,0x00000000fbc80000)
  to   space 23040K, 0% used [0x00000000f9080000,0x00000000f9080000,0x00000000fa700000)
 ParOldGen       total 110080K, used 32427K [0x00000000e0000000, 0x00000000e6b80000, 0x00000000f5580000)
  object space 110080K, 29% used [0x00000000e0000000,0x00000000e1faaf28,0x00000000e6b80000)
 Metaspace       used 70587K, capacity 75718K, committed 75864K, reserved 1114112K
  class space    used 8807K, capacity 10496K, committed 10584K, reserved 1048576K

Card table byte_map: [0x0000000011d50000,0x0000000011e60000] byte_map_base: 0x0000000011650000

Marking Bits: (ParMarkBitMap*) 0x000000005f4ed490
 Begin Bits: [0x0000000012910000, 0x0000000013110000)
 End Bits:   [0x0000000013110000, 0x0000000013910000)

Polling page: 0x00000000021a0000

CodeCache: size=245760Kb used=20230Kb max_used=20596Kb free=225529Kb
 bounds [0x0000000002990000, 0x0000000003dd0000, 0x0000000011990000]
 total_blobs=6765 nmethods=5928 adapters=746
 compilation: enabled

Compilation events (10 events):
Event: 24.627 Thread 0x0000000015ad7000 7182       4       java.util.ArrayList::isEmpty (13 bytes)
Event: 24.627 Thread 0x0000000015ad7000 nmethod 7182 0x0000000003354210 code [0x0000000003354340, 0x00000000033543b8]
Event: 24.627 Thread 0x0000000015ae2000 7180       3       org.eclipse.osgi.baseadaptor.bundlefile.BundleFile::setMruIndex (6 bytes)
Event: 24.627 Thread 0x0000000015ae2000 nmethod 7180 0x000000000308a350 code [0x000000000308a4a0, 0x000000000308a5f0]
Event: 24.664 Thread 0x0000000015ae2000 7184       3       java.io.File::list (33 bytes)
Event: 24.664 Thread 0x0000000015ae2000 nmethod 7184 0x0000000003017710 code [0x00000000030178e0, 0x0000000003018008]
Event: 24.685 Thread 0x0000000015ae2000 7185   !   3       org.eclipse.osgi.internal.baseadaptor.BaseStorage::compact (215 bytes)
Event: 24.686 Thread 0x0000000015ae2000 nmethod 7185 0x00000000031cf250 code [0x00000000031cf680, 0x00000000031d1ae8]
Event: 24.712 Thread 0x0000000015ae2000 7186       3       org.eclipse.osgi.framework.internal.core.AbstractBundle::close (52 bytes)
Event: 24.712 Thread 0x0000000015ae2000 nmethod 7186 0x00000000033a0690 code [0x00000000033a08c0, 0x00000000033a15a8]

GC Heap History (10 events):
Event: 5.931 GC heap before
{Heap before GC invocations=11 (full 2):
 PSYoungGen      total 65536K, used 39618K [0x00000000f5580000, 0x00000000fae00000, 0x0000000100000000)
  eden space 49664K, 47% used [0x00000000f5580000,0x00000000f6cb4598,0x00000000f8600000)
  from space 15872K, 99% used [0x00000000f9880000,0x00000000fa7fc268,0x00000000fa800000)
  to   space 18944K, 0% used [0x00000000f8600000,0x00000000f8600000,0x00000000f9880000)
 ParOldGen       total 83456K, used 27877K [0x00000000e0000000, 0x00000000e5180000, 0x00000000f5580000)
  object space 83456K, 33% used [0x00000000e0000000,0x00000000e1b39450,0x00000000e5180000)
 Metaspace       used 54907K, capacity 58934K, committed 59028K, reserved 1099776K
  class space    used 6786K, capacity 8103K, committed 8152K, reserved 1048576K
Event: 5.938 GC heap after
Heap after GC invocations=11 (full 2):
 PSYoungGen      total 68608K, used 14577K [0x00000000f5580000, 0x00000000fb400000, 0x0000000100000000)
  eden space 49664K, 0% used [0x00000000f5580000,0x00000000f5580000,0x00000000f8600000)
  from space 18944K, 76% used [0x00000000f8600000,0x00000000f943c5f0,0x00000000f9880000)
  to   space 19968K, 0% used [0x00000000fa080000,0x00000000fa080000,0x00000000fb400000)
 ParOldGen       total 83456K, used 27885K [0x00000000e0000000, 0x00000000e5180000, 0x00000000f5580000)
  object space 83456K, 33% used [0x00000000e0000000,0x00000000e1b3b450,0x00000000e5180000)
 Metaspace       used 54907K, capacity 58934K, committed 59028K, reserved 1099776K
  class space    used 6786K, capacity 8103K, committed 8152K, reserved 1048576K
}
Event: 5.938 GC heap before
{Heap before GC invocations=12 (full 3):
 PSYoungGen      total 68608K, used 14577K [0x00000000f5580000, 0x00000000fb400000, 0x0000000100000000)
  eden space 49664K, 0% used [0x00000000f5580000,0x00000000f5580000,0x00000000f8600000)
  from space 18944K, 76% used [0x00000000f8600000,0x00000000f943c5f0,0x00000000f9880000)
  to   space 19968K, 0% used [0x00000000fa080000,0x00000000fa080000,0x00000000fb400000)
 ParOldGen       total 83456K, used 27885K [0x00000000e0000000, 0x00000000e5180000, 0x00000000f5580000)
  object space 83456K, 33% used [0x00000000e0000000,0x00000000e1b3b450,0x00000000e5180000)
 Metaspace       used 54907K, capacity 58934K, committed 59028K, reserved 1099776K
  class space    used 6786K, capacity 8103K, committed 8152K, reserved 1048576K
Event: 6.093 GC heap after
Heap after GC invocations=12 (full 3):
 PSYoungGen      total 68608K, used 0K [0x00000000f5580000, 0x00000000fb400000, 0x0000000100000000)
  eden space 49664K, 0% used [0x00000000f5580000,0x00000000f5580000,0x00000000f8600000)
  from space 18944K, 0% used [0x00000000f8600000,0x00000000f8600000,0x00000000f9880000)
  to   space 19968K, 0% used [0x00000000fa080000,0x00000000fa080000,0x00000000fb400000)
 ParOldGen       total 110080K, used 31480K [0x00000000e0000000, 0x00000000e6b80000, 0x00000000f5580000)
  object space 110080K, 28% used [0x00000000e0000000,0x00000000e1ebe290,0x00000000e6b80000)
 Metaspace       used 54907K, capacity 58934K, committed 59028K, reserved 1099776K
  class space    used 6786K, capacity 8103K, committed 8152K, reserved 1048576K
}
Event: 6.518 GC heap before
{Heap before GC invocations=13 (full 3):
 PSYoungGen      total 68608K, used 49664K [0x00000000f5580000, 0x00000000fb400000, 0x0000000100000000)
  eden space 49664K, 100% used [0x00000000f5580000,0x00000000f8600000,0x00000000f8600000)
  from space 18944K, 0% used [0x00000000f8600000,0x00000000f8600000,0x00000000f9880000)
  to   space 19968K, 0% used [0x00000000fa080000,0x00000000fa080000,0x00000000fb400000)
 ParOldGen       total 110080K, used 31480K [0x00000000e0000000, 0x00000000e6b80000, 0x00000000f5580000)
  object space 110080K, 28% used [0x00000000e0000000,0x00000000e1ebe290,0x00000000e6b80000)
 Metaspace       used 57858K, capacity 62080K, committed 62168K, reserved 1103872K
  class space    used 7212K, capacity 8600K, committed 8664K, reserved 1048576K
Event: 6.524 GC heap after
Heap after GC invocations=13 (full 3):
 PSYoungGen      total 72704K, used 8602K [0x00000000f5580000, 0x00000000fb100000, 0x0000000100000000)
  eden space 55808K, 0% used [0x00000000f5580000,0x00000000f5580000,0x00000000f8c00000)
  from space 16896K, 50% used [0x00000000fa080000,0x00000000fa8e68a8,0x00000000fb100000)
  to   space 18944K, 0% used [0x00000000f8c00000,0x00000000f8c00000,0x00000000f9e80000)
 ParOldGen       total 110080K, used 31488K [0x00000000e0000000, 0x00000000e6b80000, 0x00000000f5580000)
  object space 110080K, 28% used [0x00000000e0000000,0x00000000e1ec0290,0x00000000e6b80000)
 Metaspace       used 57858K, capacity 62080K, committed 62168K, reserved 1103872K
  class space    used 7212K, capacity 8600K, committed 8664K, reserved 1048576K
}
Event: 11.875 GC heap before
{Heap before GC invocations=14 (full 3):
 PSYoungGen      total 72704K, used 64410K [0x00000000f5580000, 0x00000000fb100000, 0x0000000100000000)
  eden space 55808K, 100% used [0x00000000f5580000,0x00000000f8c00000,0x00000000f8c00000)
  from space 16896K, 50% used [0x00000000fa080000,0x00000000fa8e68a8,0x00000000fb100000)
  to   space 18944K, 0% used [0x00000000f8c00000,0x00000000f8c00000,0x00000000f9e80000)
 ParOldGen       total 110080K, used 31488K [0x00000000e0000000, 0x00000000e6b80000, 0x00000000f5580000)
  object space 110080K, 28% used [0x00000000e0000000,0x00000000e1ec0290,0x00000000e6b80000)
 Metaspace       used 67061K, capacity 72412K, committed 72536K, reserved 1112064K
  class space    used 8398K, capacity 10038K, committed 10072K, reserved 1048576K
Event: 11.883 GC heap after
Heap after GC invocations=14 (full 3):
 PSYoungGen      total 74752K, used 18927K [0x00000000f5580000, 0x00000000fbc80000, 0x0000000100000000)
  eden space 55808K, 0% used [0x00000000f5580000,0x00000000f5580000,0x00000000f8c00000)
  from space 18944K, 99% used [0x00000000f8c00000,0x00000000f9e7bc40,0x00000000f9e80000)
  to   space 22016K, 0% used [0x00000000fa700000,0x00000000fa700000,0x00000000fbc80000)
 ParOldGen       total 110080K, used 32419K [0x00000000e0000000, 0x00000000e6b80000, 0x00000000f5580000)
  object space 110080K, 29% used [0x00000000e0000000,0x00000000e1fa8f28,0x00000000e6b80000)
 Metaspace       used 67061K, capacity 72412K, committed 72536K, reserved 1112064K
  class space    used 8398K, capacity 10038K, committed 10072K, reserved 1048576K
}
Event: 23.913 GC heap before
{Heap before GC invocations=15 (full 3):
 PSYoungGen      total 74752K, used 74734K [0x00000000f5580000, 0x00000000fbc80000, 0x0000000100000000)
  eden space 55808K, 99% used [0x00000000f5580000,0x00000000f8bfff90,0x00000000f8c00000)
  from space 18944K, 99% used [0x00000000f8c00000,0x00000000f9e7bc40,0x00000000f9e80000)
  to   space 22016K, 0% used [0x00000000fa700000,0x00000000fa700000,0x00000000fbc80000)
 ParOldGen       total 110080K, used 32419K [0x00000000e0000000, 0x00000000e6b80000, 0x00000000f5580000)
  object space 110080K, 29% used [0x00000000e0000000,0x00000000e1fa8f28,0x00000000e6b80000)
 Metaspace       used 70041K, capacity 75284K, committed 75608K, reserved 1114112K
  class space    used 8757K, capacity 10459K, committed 10584K, reserved 1048576K
Event: 23.924 GC heap after
Heap after GC invocations=15 (full 3):
 PSYoungGen      total 82432K, used 16544K [0x00000000f5580000, 0x00000000fbd80000, 0x0000000100000000)
  eden space 60416K, 0% used [0x00000000f5580000,0x00000000f5580000,0x00000000f9080000)
  from space 22016K, 75% used [0x00000000fa700000,0x00000000fb728148,0x00000000fbc80000)
  to   space 23040K, 0% used [0x00000000f9080000,0x00000000f9080000,0x00000000fa700000)
 ParOldGen       total 110080K, used 32427K [0x00000000e0000000, 0x00000000e6b80000, 0x00000000f5580000)
  object space 110080K, 29% used [0x00000000e0000000,0x00000000e1faaf28,0x00000000e6b80000)
 Metaspace       used 70041K, capacity 75284K, committed 75608K, reserved 1114112K
  class space    used 8757K, capacity 10459K, committed 10584K, reserved 1048576K
}

Deoptimization events (10 events):
Event: 23.925 Thread 0x0000000002989000 Uncommon trap: reason=unreached action=reinterpret pc=0x00000000035d68e8 method=java.lang.ref.Finalizer.remove()V @ 10
Event: 23.934 Thread 0x000000000276e800 Uncommon trap: reason=unreached action=reinterpret pc=0x0000000003375ecc method=org.eclipse.emf.ecore.xmi.impl.StringSegment.writeAscii(Ljava/io/OutputStream;I)V @ 117
Event: 23.943 Thread 0x000000001c76e000 Uncommon trap: reason=bimorphic action=maybe_recompile pc=0x0000000003017b74 method=java.util.regex.Pattern$CharProperty.match(Ljava/util/regex/Matcher;ILjava/lang/CharSequence;)Z @ 37
Event: 23.976 Thread 0x000000000276e800 Uncommon trap: reason=bimorphic action=maybe_recompile pc=0x0000000003c6dc28 method=org.eclipse.e4.core.internal.contexts.ContextObjectSupplier$ContextInjectionListener.update(Lorg/eclipse/e4/core/contexts/IEclipseContext;I[Ljava/lang/Object;)Z @ 189
Event: 23.976 Thread 0x000000000276e800 Uncommon trap: reason=bimorphic action=maybe_recompile pc=0x0000000003c6dc28 method=org.eclipse.e4.core.internal.contexts.ContextObjectSupplier$ContextInjectionListener.update(Lorg/eclipse/e4/core/contexts/IEclipseContext;I[Ljava/lang/Object;)Z @ 189
Event: 23.977 Thread 0x000000000276e800 Uncommon trap: reason=bimorphic action=maybe_recompile pc=0x0000000003c6dc28 method=org.eclipse.e4.core.internal.contexts.ContextObjectSupplier$ContextInjectionListener.update(Lorg/eclipse/e4/core/contexts/IEclipseContext;I[Ljava/lang/Object;)Z @ 189
Event: 23.977 Thread 0x000000000276e800 Uncommon trap: reason=bimorphic action=maybe_recompile pc=0x0000000003c6dc28 method=org.eclipse.e4.core.internal.contexts.ContextObjectSupplier$ContextInjectionListener.update(Lorg/eclipse/e4/core/contexts/IEclipseContext;I[Ljava/lang/Object;)Z @ 189
Event: 24.054 Thread 0x000000001c76e000 Uncommon trap: reason=null_check action=make_not_entrant pc=0x0000000003395548 method=org.eclipse.core.runtime.internal.adaptor.EclipseLazyStarter.shouldActivateFor(Ljava/lang/String;Lorg/eclipse/osgi/baseadaptor/BaseData;Lorg/eclipse/core/runtime/internalë&ÉH+ô8@
Event: 24.598 Thread 0x000000000276e800 Uncommon trap: reason=bimorphic action=maybe_recompile pc=0x0000000002add840 method=java.util.Properties.load0(Ljava/util/Properties$LineReader;)V @ 242
Event: 24.598 Thread 0x000000000276e800 Uncommon trap: reason=bimorphic action=maybe_recompile pc=0x00000000036c91ac method=java.util.Properties.load0(Ljava/util/Properties$LineReader;)V @ 242

Internal exceptions (10 events):
Event: 22.486 Thread 0x000000001d5c0800 Exception <a 'sun/net/ConnectionResetException': > (0x00000000f72113e0) thrown at [D:\re\workspace\8-2-build-windows-amd64-cygwin\jdk8u25\1677\hotspot\src\share\vm\prims\jni.cpp, line 742]
Event: 22.486 Thread 0x000000001d5c2800 Exception <a 'java/net/SocketException': Connection reset by peer: socket write error> (0x00000000f73828e8) thrown at [D:\re\workspace\8-2-build-windows-amd64-cygwin\jdk8u25\1677\hotspot\src\share\vm\prims\jni.cpp, line 742]
Event: 22.487 Thread 0x000000001d5c0800 Exception <a 'java/net/SocketException': Socket closed> (0x00000000f739bea8) thrown at [D:\re\workspace\8-2-build-windows-amd64-cygwin\jdk8u25\1677\hotspot\src\share\vm\prims\jni.cpp, line 742]
Event: 22.488 Thread 0x000000001c768800 Exception <a 'java/lang/InterruptedException'> (0x00000000f73b5458) thrown at [D:\re\workspace\8-2-build-windows-amd64-cygwin\jdk8u25\1677\hotspot\src\share\vm\runtime\objectMonitor.cpp, line 1682]
Event: 24.019 Thread 0x000000001d5c5000 Exception <a 'java/lang/InterruptedException'> (0x00000000f5a64830) thrown at [D:\re\workspace\8-2-build-windows-amd64-cygwin\jdk8u25\1677\hotspot\src\share\vm\runtime\objectMonitor.cpp, line 1682]
Event: 24.054 Thread 0x000000001c76e000 Implicit null exception at 0x000000000339414f to 0x000000000339553d
Event: 24.627 Thread 0x000000001788c800 Exception <a 'java/lang/InterruptedException': sleep interrupted> (0x00000000f60234e8) thrown at [D:\re\workspace\8-2-build-windows-amd64-cygwin\jdk8u25\1677\hotspot\src\share\vm\prims\jvm.cpp, line 3141]
Event: 24.628 Thread 0x0000000017cfc000 Exception <a 'java/lang/InterruptedException'> (0x00000000f60ba540) thrown at [D:\re\workspace\8-2-build-windows-amd64-cygwin\jdk8u25\1677\hotspot\src\share\vm\runtime\objectMonitor.cpp, line 1682]
Event: 24.628 Thread 0x0000000017cdb800 Exception <a 'java/lang/InterruptedException'> (0x00000000f60d88b0) thrown at [D:\re\workspace\8-2-build-windows-amd64-cygwin\jdk8u25\1677\hotspot\src\share\vm\runtime\objectMonitor.cpp, line 1682]
Event: 24.712 Thread 0x0000000017a81000 Exception <a 'java/lang/InterruptedException'> (0x00000000f5f7d110) thrown at [D:\re\workspace\8-2-build-windows-amd64-cygwin\jdk8u25\1677\hotspot\src\share\vm\runtime\objectMonitor.cpp, line 1682]

Events (10 events):
Event: 24.712 loading class java/util/IdentityHashMap$IdentityHashMapIterator
Event: 24.712 loading class java/util/IdentityHashMap$IdentityHashMapIterator done
Event: 24.712 loading class java/util/IdentityHashMap$KeyIterator done
Event: 24.712 Thread 0x000000001c765000 Thread added: 0x000000001c765000
Event: 24.713 Thread 0x0000000015ae2000 flushing nmethod 0x0000000003539e10
Event: 24.713 Thread 0x0000000015ae2000 flushing nmethod 0x0000000003572b10
Event: 24.713 Thread 0x000000001c765000 Thread exited: 0x000000001c765000
Event: 24.713 Thread 0x0000000015ae2000 flushing nmethod 0x00000000035aacd0
Event: 24.713 Thread 0x0000000015ae2000 flushing nmethod 0x00000000035d6510
Event: 24.713 Executing VM operation: Exit


Dynamic libraries:
0x0000000000400000 - 0x000000000044f000 	F:\Xilinx2\SDK\2015.2\eclipse\win64.o\eclipse.exe
0x00007ff8de640000 - 0x00007ff8de830000 	C:\WINDOWS\SYSTEM32\ntdll.dll
0x00007ff8dd8e0000 - 0x00007ff8dd992000 	C:\WINDOWS\System32\KERNEL32.DLL
0x00007ff8dbaf0000 - 0x00007ff8dbd95000 	C:\WINDOWS\System32\KERNELBASE.dll
0x00007ff8dcad0000 - 0x00007ff8dcc64000 	C:\WINDOWS\System32\USER32.dll
0x00007ff8db6d0000 - 0x00007ff8db6f1000 	C:\WINDOWS\System32\win32u.dll
0x00007ff8dc990000 - 0x00007ff8dc9b6000 	C:\WINDOWS\System32\GDI32.dll
0x00007ff8dc520000 - 0x00007ff8dc6b6000 	C:\WINDOWS\System32\gdi32full.dll
0x00007ff8db7d0000 - 0x00007ff8db86e000 	C:\WINDOWS\System32\msvcp_win.dll
0x00007ff8db5a0000 - 0x00007ff8db69a000 	C:\WINDOWS\System32\ucrtbase.dll
0x00007ff8dcdd0000 - 0x00007ff8dce6e000 	C:\WINDOWS\System32\msvcrt.dll
0x00007ff8cf860000 - 0x00007ff8cfae4000 	C:\WINDOWS\WinSxS\amd64_microsoft.windows.common-controls_6595b64144ccf1df_6.0.18362.1139_none_9e7bf2d3e4605ac6\COMCTL32.dll
0x00007ff8de000000 - 0x00007ff8de335000 	C:\WINDOWS\System32\combase.dll
0x00007ff8de4b0000 - 0x00007ff8de5d0000 	C:\WINDOWS\System32\RPCRT4.dll
0x00007ff8db700000 - 0x00007ff8db780000 	C:\WINDOWS\System32\bcryptPrimitives.dll
0x00007ff8ddfd0000 - 0x00007ff8ddffe000 	C:\WINDOWS\System32\IMM32.DLL
0x0000000072000000 - 0x0000000072012000 	F:\Xilinx2\SDK\2015.2\eclipse\win64.o\plugins\org.eclipse.equinox.launcher.win32.win32.x86_64_1.1.200.v20140116-2212\eclipse_1503.dll
0x00007ff8dc770000 - 0x00007ff8dc813000 	C:\WINDOWS\System32\ADVAPI32.dll
0x00007ff8de340000 - 0x00007ff8de3d7000 	C:\WINDOWS\System32\sechost.dll
0x00007ff8d6910000 - 0x00007ff8d691a000 	C:\WINDOWS\SYSTEM32\VERSION.dll
0x00007ff8d9730000 - 0x00007ff8d97c9000 	C:\WINDOWS\system32\uxtheme.dll
0x00007ff8dd6a0000 - 0x00007ff8dd7d5000 	C:\WINDOWS\System32\MSCTF.dll
0x00007ff8de3e0000 - 0x00007ff8de4a5000 	C:\WINDOWS\System32\OLEAUT32.dll
0x00007ff89b3a0000 - 0x00007ff89b49c000 	C:\ProgramData\A-Volute\A-Volute.Nahimic\Modules\Scheduled\x64\A-Volute.NahimicDevProps2.dll
0x00007ff8dc820000 - 0x00007ff8dc977000 	C:\WINDOWS\System32\ole32.dll
0x00007ff8dcd60000 - 0x00007ff8dcdcf000 	C:\WINDOWS\System32\WS2_32.dll
0x00007ff8dca70000 - 0x00007ff8dcac2000 	C:\WINDOWS\System32\SHLWAPI.dll
0x00007ff8dcf40000 - 0x00007ff8dd627000 	C:\WINDOWS\System32\SHELL32.dll
0x00007ff8db780000 - 0x00007ff8db7ca000 	C:\WINDOWS\System32\cfgmgr32.dll
0x00007ff8dc6c0000 - 0x00007ff8dc769000 	C:\WINDOWS\System32\shcore.dll
0x00007ff8dbda0000 - 0x00007ff8dc520000 	C:\WINDOWS\System32\windows.storage.dll
0x00007ff8db570000 - 0x00007ff8db593000 	C:\WINDOWS\System32\profapi.dll
0x00007ff8db520000 - 0x00007ff8db56a000 	C:\WINDOWS\System32\powrprof.dll
0x00007ff8db4d0000 - 0x00007ff8db4e0000 	C:\WINDOWS\System32\UMPDC.dll
0x00007ff8db500000 - 0x00007ff8db511000 	C:\WINDOWS\System32\kernel.appcore.dll
0x00007ff8db870000 - 0x00007ff8db887000 	C:\WINDOWS\System32\cryptsp.dll
0x00007ff89bc40000 - 0x00007ff89bcec000 	C:\ProgramData\A-Volute\A-Volute.Nahimic\Modules\Scheduled\x64\NahimicOSD.dll
0x00007ff89bd80000 - 0x00007ff89bdd7000 	C:\ProgramData\A-Volute\A-Volute.Nahimic\Modules\Scheduled\x64\ProductInfo.dll
0x000000005ed10000 - 0x000000005f56a000 	F:\Xilinx2\SDK\2015.2\tps\win64\jre\bin\server\jvm.dll
0x00007ff8dc980000 - 0x00007ff8dc988000 	C:\WINDOWS\System32\PSAPI.DLL
0x00007ff8d8020000 - 0x00007ff8d8044000 	C:\WINDOWS\SYSTEM32\WINMM.dll
0x00007ff8c43b0000 - 0x00007ff8c43b9000 	C:\WINDOWS\SYSTEM32\WSOCK32.dll
0x000000005f890000 - 0x000000005f962000 	C:\WINDOWS\SYSTEM32\MSVCR100.dll
0x00007ff8d7fd0000 - 0x00007ff8d7ffd000 	C:\WINDOWS\SYSTEM32\WINMMBASE.dll
0x000000005ebd0000 - 0x000000005ebdf000 	F:\Xilinx2\SDK\2015.2\tps\win64\jre\bin\verify.dll
0x000000005eba0000 - 0x000000005ebc8000 	F:\Xilinx2\SDK\2015.2\tps\win64\jre\bin\java.dll
0x000000005eb80000 - 0x000000005eb96000 	F:\Xilinx2\SDK\2015.2\tps\win64\jre\bin\zip.dll
0x00007ff8da890000 - 0x00007ff8da8c3000 	C:\WINDOWS\system32\rsaenh.dll
0x00007ff8db6a0000 - 0x00007ff8db6c6000 	C:\WINDOWS\System32\bcrypt.dll
0x00007ff8db3f0000 - 0x00007ff8db415000 	C:\WINDOWS\SYSTEM32\USERENV.dll
0x00007ff8daef0000 - 0x00007ff8daefc000 	C:\WINDOWS\SYSTEM32\CRYPTBASE.dll
0x000000005eb60000 - 0x000000005eb7a000 	F:\Xilinx2\SDK\2015.2\tps\win64\jre\bin\net.dll
0x00007ff8dad20000 - 0x00007ff8dad87000 	C:\WINDOWS\system32\mswsock.dll
0x00007ff8daa30000 - 0x00007ff8daa6a000 	C:\WINDOWS\SYSTEM32\IPHLPAPI.DLL
0x00007ff8dcc70000 - 0x00007ff8dcc78000 	C:\WINDOWS\System32\NSI.dll
0x00007ff8d55f0000 - 0x00007ff8d5606000 	C:\WINDOWS\SYSTEM32\dhcpcsvc6.DLL
0x00007ff8d56a0000 - 0x00007ff8d56bc000 	C:\WINDOWS\SYSTEM32\dhcpcsvc.DLL
0x00007ff8daa70000 - 0x00007ff8dab3b000 	C:\WINDOWS\SYSTEM32\DNSAPI.dll
0x000000005eb40000 - 0x000000005eb51000 	F:\Xilinx2\SDK\2015.2\tps\win64\jre\bin\nio.dll
0x00007ff8cddf0000 - 0x00007ff8cde8e000 	C:\WINDOWS\System32\TextInputFramework.dll
0x00007ff8d90c0000 - 0x00007ff8d9194000 	C:\WINDOWS\System32\CoreMessaging.dll
0x00007ff8cd750000 - 0x00007ff8cda7a000 	C:\WINDOWS\System32\CoreUIComponents.dll
0x00007ff8da620000 - 0x00007ff8da651000 	C:\WINDOWS\SYSTEM32\ntmarta.dll
0x00007ff8d71a0000 - 0x00007ff8d72f3000 	C:\WINDOWS\SYSTEM32\wintypes.dll
0x00007ff8c2010000 - 0x00007ff8c22b7000 	C:\WINDOWS\System32\iertutil.dll
0x00007ff8acf90000 - 0x00007ff8acfa6000 	C:\WINDOWS\system32\napinsp.dll
0x00007ff8acf70000 - 0x00007ff8acf8a000 	C:\WINDOWS\system32\pnrpnsp.dll
0x00007ff8d3430000 - 0x00007ff8d343e000 	C:\WINDOWS\System32\winrnr.dll
0x00007ff8d8000000 - 0x00007ff8d801c000 	C:\WINDOWS\system32\NLAapi.dll
0x00007ff8d6fe0000 - 0x00007ff8d6ff5000 	C:\WINDOWS\system32\wshbth.dll
0x00007ff8d5ca0000 - 0x00007ff8d5caa000 	C:\Windows\System32\rasadhlp.dll
0x00007ff8d5500000 - 0x00007ff8d5577000 	C:\WINDOWS\System32\fwpuclnt.dll
0x000000001b8f0000 - 0x000000001b998000 	C:\Users\Roxas\.Xilinx\SDK\2015.2\org.eclipse.osgi\bundles\287\1\.cp\swt-win32-4335.dll
0x00007ff8dce70000 - 0x00007ff8dcf40000 	C:\WINDOWS\System32\comdlg32.dll
0x00007ff8db8f0000 - 0x00007ff8dba39000 	C:\WINDOWS\System32\CRYPT32.dll
0x00007ff89d230000 - 0x00007ff89d249000 	C:\WINDOWS\SYSTEM32\USP10.dll
0x00007ff8cf7d0000 - 0x00007ff8cf859000 	C:\WINDOWS\SYSTEM32\WINSPOOL.DRV
0x00007ff8db4e0000 - 0x00007ff8db4f2000 	C:\WINDOWS\System32\MSASN1.dll
0x00007ff8c4470000 - 0x00007ff8c4945000 	C:\WINDOWS\SYSTEM32\WININET.dll
0x00007ff8d7c70000 - 0x00007ff8d7d60000 	C:\WINDOWS\SYSTEM32\PROPSYS.dll
0x00007ff8ad3b0000 - 0x00007ff8ad546000 	C:\Windows\System32\TaskFlowDataEngine.dll
0x00007ff8c1750000 - 0x00007ff8c1c97000 	C:\Windows\System32\cdp.dll
0x00007ff8d7ba0000 - 0x00007ff8d7c6f000 	C:\Windows\System32\dsreg.dll
0x00007ff8d7940000 - 0x00007ff8d79ca000 	C:\Windows\System32\msvcp110_win.dll
0x00007ff8b26b0000 - 0x00007ff8b2729000 	C:\Windows\System32\OneCoreCommonProxyStub.dll
0x000000001bce0000 - 0x000000001bcfe000 	C:\Users\Roxas\.Xilinx\SDK\2015.2\org.eclipse.osgi\bundles\287\1\.cp\swt-gdip-win32-4335.dll
0x00007ff8cfaf0000 - 0x00007ff8cfc93000 	C:\WINDOWS\WinSxS\amd64_microsoft.windows.gdiplus_6595b64144ccf1df_1.1.18362.1139_none_cf66e5b93ef2d494\gdiplus.dll
0x00007ff8cd490000 - 0x00007ff8cd63f000 	C:\WINDOWS\SYSTEM32\WindowsCodecs.dll
0x0000000180000000 - 0x0000000180012000 	C:\Users\Roxas\.Xilinx\SDK\2015.2\org.eclipse.osgi\bundles\113\1\.cp\os\win32\x86_64\localfile_1_0_0.dll
0x00007ff8b5e30000 - 0x00007ff8b5e41000 	C:\Users\Roxas\.Xilinx\SDK\2015.2\org.eclipse.osgi\bundles\116\1\.cp\jWinHttp-1.0.0.dll
0x00007ff8d5870000 - 0x00007ff8d5960000 	C:\WINDOWS\SYSTEM32\WINHTTP.dll
0x00007ff8cf720000 - 0x00007ff8cf785000 	C:\WINDOWS\SYSTEM32\oleacc.dll
0x00007ff8b2790000 - 0x00007ff8b27ca000 	C:\WINDOWS\system32\dataexchange.dll
0x00007ff8d8820000 - 0x00007ff8d8a7b000 	C:\WINDOWS\system32\d3d11.dll
0x00007ff8d8ee0000 - 0x00007ff8d90bd000 	C:\WINDOWS\system32\dcomp.dll
0x00007ff8da1b0000 - 0x00007ff8da29b000 	C:\WINDOWS\system32\dxgi.dll
0x00007ff8da120000 - 0x00007ff8da140000 	C:\WINDOWS\SYSTEM32\dxcore.dll
0x00007ff8d98f0000 - 0x00007ff8d9b52000 	C:\WINDOWS\system32\twinapi.appcore.dll
0x00007ff8d9c80000 - 0x00007ff8d9ca9000 	C:\WINDOWS\system32\RMCLIENT.dll
0x00007ff8b0010000 - 0x00007ff8b0051000 	C:\WINDOWS\system32\mlang.dll
0x00007ff8d1080000 - 0x00007ff8d1090000 	F:\Xilinx2\SDK\2015.2\lib\win64.o\librdi_repo_manager.dll
0x00007ff88f570000 - 0x00007ff88f758000 	F:\Xilinx2\SDK\2015.2\lib\win64.o\librdi_hsm.dll
0x00007ff834540000 - 0x00007ff834e83000 	F:\Xilinx2\SDK\2015.2\lib\win64.o\librdi_common.dll
0x00007ff89d250000 - 0x00007ff89d2a4000 	F:\Xilinx2\SDK\2015.2\lib\win64.o\librdi_commonxillic.dll
0x00007ff8a12d0000 - 0x00007ff8a12fa000 	F:\Xilinx2\SDK\2015.2\lib\win64.o\libisl_sysinfo.dll
0x00007ff88bfa0000 - 0x00007ff88c074000 	C:\WINDOWS\SYSTEM32\MSVCR110.dll
0x00007ff88c080000 - 0x00007ff88c127000 	C:\WINDOWS\SYSTEM32\MSVCP110.dll
0x00007ff8a13b0000 - 0x00007ff8a13d2000 	F:\Xilinx2\SDK\2015.2\lib\win64.o\libboost_filesystem.dll
0x00007ff89a6e0000 - 0x00007ff89a7da000 	F:\Xilinx2\SDK\2015.2\lib\win64.o\libboost_regex.dll
0x00007ff8d2380000 - 0x00007ff8d2389000 	F:\Xilinx2\SDK\2015.2\lib\win64.o\libboost_system.dll
0x00007ff87f470000 - 0x00007ff87f690000 	F:\Xilinx2\SDK\2015.2\lib\win64.o\libXil_lmgr11.dll
0x00007ff89edc0000 - 0x00007ff89ee03000 	F:\Xilinx2\SDK\2015.2\lib\win64.o\librdi_hdf.dll
0x00007ff8db890000 - 0x00007ff8db8ec000 	C:\WINDOWS\System32\WINTRUST.dll
0x00007ff8828f0000 - 0x00007ff882aaa000 	F:\Xilinx2\SDK\2015.2\lib\win64.o\librdi_ippcw.dll
0x000000005ebe0000 - 0x000000005ed07000 	F:\Xilinx2\SDK\2015.2\lib\win64.o\tcl85t.dll
0x00007ff86c940000 - 0x00007ff86cbe8000 	F:\Xilinx2\SDK\2015.2\lib\win64.o\libCOIN-all.dll
0x00007ff8d3390000 - 0x00007ff8d33a0000 	F:\Xilinx2\SDK\2015.2\lib\win64.o\libboost_date_time.dll
0x00007ff8a0b70000 - 0x00007ff8a0be4000 	F:\Xilinx2\SDK\2015.2\lib\win64.o\libboost_program_options.dll
0x00007ff8ad570000 - 0x00007ff8ad583000 	F:\Xilinx2\SDK\2015.2\lib\win64.o\libboost_signals.dll
0x00007ff8ab4b0000 - 0x00007ff8ab4cd000 	F:\Xilinx2\SDK\2015.2\lib\win64.o\libboost_thread.dll
0x00007ff89ee10000 - 0x00007ff89ee90000 	F:\Xilinx2\SDK\2015.2\lib\win64.o\libhdlpsolve.dll
0x00007ff89ab20000 - 0x00007ff89abba000 	F:\Xilinx2\SDK\2015.2\lib\win64.o\libhdxml.dll
0x00007ff839b00000 - 0x00007ff83a10a200 	F:\Xilinx2\SDK\2015.2\lib\win64.o\libisl_iostreams.dll
0x00007ff8a1380000 - 0x00007ff8a13a3000 	F:\Xilinx2\SDK\2015.2\lib\win64.o\libisl_iosutils.dll
0x00007ff8ad880000 - 0x00007ff8ad895000 	F:\Xilinx2\SDK\2015.2\lib\win64.o\pthreadVC2.dll
0x00007ff8964e0000 - 0x00007ff896610000 	F:\Xilinx2\SDK\2015.2\lib\win64.o\librdi_curl.dll
0x00007ff8aa140000 - 0x00007ff8aa158000 	F:\Xilinx2\SDK\2015.2\lib\win64.o\librdiconfig.dll
0x00007ff8a0ce0000 - 0x00007ff8a0d03000 	F:\Xilinx2\SDK\2015.2\lib\win64.o\librdizlib.dll

VM Arguments:
jvm_args: -Dcom.xilinx.sdk.args.hwspec=F:/Amir_Hamzah/University_of_Edinburgh/Studies/2nd_year/Engineering_Software_3/Lab_2/Lab_2/es3_hw_lab_2/es3_hw_lab_2.sdk/top.hdf -Xms64m -Xmx512m & 
java_command: <unknown>
java_class_path (initial): F:\Xilinx2\SDK\2015.2\eclipse\win64.o\\plugins/org.eclipse.equinox.launcher_1.3.0.v20130327-1440.jar
Launcher Type: generic

Environment Variables:
USERNAME=Roxas
OS=Windows_NT
PROCESSOR_IDENTIFIER=Intel64 Family 6 Model 158 Stepping 10, GenuineIntel



---------------  S Y S T E M  ---------------

OS: Windows 8 , 64 bit Build 9200 

CPU:total 12 (6 cores per cpu, 2 threads per core) family 6 model 158 stepping 10, cmov, cx8, fxsr, mmx, sse, sse2, sse3, ssse3, sse4.1, sse4.2, popcnt, avx, avx2, aes, clmul, erms, lzcnt, ht, tsc, tscinvbit, bmi1, bmi2

Memory: 4k page, physical 25008044k(13173436k free), swap 28678060k(12083556k free)

vm_info: Java HotSpot(TM) 64-Bit Server VM (25.25-b02) for windows-amd64 JRE (1.8.0_25-b18), built on Oct  7 2014 14:25:37 by "java_re" with MS VC++ 10.0 (VS2010)

time: Sat Oct 31 17:11:34 2020
elapsed time: 27 seconds (0d 0h 0m 27s)

