#-----------------------------------------------------------
# Vivado v2015.2 (64-bit)
# SW Build 1266856 on Fri Jun 26 16:35:25 MDT 2015
# IP Build 1264090 on Wed Jun 24 14:22:01 MDT 2015
# Start of session at: Sat Oct 31 13:29:27 2020
# Process ID: 868
# Log file: F:/Amir_Hamzah/University_of_Edinburgh/Studies/2nd_year/Engineering_Software_3/Assessment_1_Calculator/Assessment_1_Calculator/es3_hw_assmnt_1/vivado.log
# Journal file: F:/Amir_Hamzah/University_of_Edinburgh/Studies/2nd_year/Engineering_Software_3/Assessment_1_Calculator/Assessment_1_Calculator/es3_hw_assmnt_1\vivado.jou
#-----------------------------------------------------------
start_gui
open_project F:/Amir_Hamzah/University_of_Edinburgh/Studies/2nd_year/Engineering_Software_3/Assessment_1_Calculator/Assessment_1_Calculator/es3_hw_assmnt_1/es3_hw_assmnt_1.xpr
INFO: [ProjectBase 1-489] The host OS only allows 260 characters in a normal path. The project is stored in a path with more than 80 characters. If you experience issues with IP, Block Designs, or files not being found, please consider moving the project to a location with a shorter path. Alternately consider using the OS subst command to map part of the path to a drive letter.
Current project path is 'F:/Amir_Hamzah/University_of_Edinburgh/Studies/2nd_year/Engineering_Software_3/Assessment_1_Calculator/Assessment_1_Calculator/es3_hw_assmnt_1'
INFO: [Project 1-313] Project file moved from 'C:/Users/s1301217/Desktop/ES3_Lab_Upgrade/Upgrade/Assessment_1_Calculator/es3_hw_assmnt_1' since last save.
Scanning sources...
Finished scanning sources
INFO: [IP_Flow 19-234] Refreshing IP repositories
INFO: [IP_Flow 19-1704] No user IP repositories specified
INFO: [IP_Flow 19-2313] Loaded Vivado IP repository 'F:/Xilinx2/Vivado/2015.2/data/ip'.
WARNING: [IP_Flow 19-3664] IP 'mb_system_dlmb_bram_if_cntlr_0' generated file not found 'f:/Amir_Hamzah/University_of_Edinburgh/Studies/2nd_year/Engineering_Software_3/Assessment_1_Calculator/Assessment_1_Calculator/es3_hw_assmnt_1/es3_hw_assmnt_1.srcs/sources_1/ipshared/xilinx.com/lmb_bram_if_cntlr_v4_0/cdd36762/hdl/vhdl/lmb_bram_if_primitives.vhd'. Please regenerate to continue.
WARNING: [IP_Flow 19-3664] IP 'mb_system_dlmb_bram_if_cntlr_0' generated file not found 'f:/Amir_Hamzah/University_of_Edinburgh/Studies/2nd_year/Engineering_Software_3/Assessment_1_Calculator/Assessment_1_Calculator/es3_hw_assmnt_1/es3_hw_assmnt_1.srcs/sources_1/bd/mb_system/ip/mb_system_dlmb_bram_if_cntlr_0/synth/mb_system_dlmb_bram_if_cntlr_0.vhd'. Please regenerate to continue.
WARNING: [IP_Flow 19-3664] IP 'mb_system_ilmb_bram_if_cntlr_0' generated file not found 'f:/Amir_Hamzah/University_of_Edinburgh/Studies/2nd_year/Engineering_Software_3/Assessment_1_Calculator/Assessment_1_Calculator/es3_hw_assmnt_1/es3_hw_assmnt_1.srcs/sources_1/ipshared/xilinx.com/lmb_bram_if_cntlr_v4_0/cdd36762/hdl/vhdl/lmb_bram_if_primitives.vhd'. Please regenerate to continue.
WARNING: [IP_Flow 19-3664] IP 'mb_system_ilmb_bram_if_cntlr_0' generated file not found 'f:/Amir_Hamzah/University_of_Edinburgh/Studies/2nd_year/Engineering_Software_3/Assessment_1_Calculator/Assessment_1_Calculator/es3_hw_assmnt_1/es3_hw_assmnt_1.srcs/sources_1/bd/mb_system/ip/mb_system_ilmb_bram_if_cntlr_0/synth/mb_system_ilmb_bram_if_cntlr_0.vhd'. Please regenerate to continue.
WARNING: [IP_Flow 19-3664] IP 'mb_system_rst_clk_wiz_1_100M_0' generated file not found 'f:/Amir_Hamzah/University_of_Edinburgh/Studies/2nd_year/Engineering_Software_3/Assessment_1_Calculator/Assessment_1_Calculator/es3_hw_assmnt_1/es3_hw_assmnt_1.srcs/sources_1/bd/mb_system/ip/mb_system_rst_clk_wiz_1_100M_0/synth/mb_system_rst_clk_wiz_1_100M_0.vhd'. Please regenerate to continue.
WARNING: [IP_Flow 19-3664] IP 'mb_system_rst_clk_wiz_1_100M_0' generated file not found 'f:/Amir_Hamzah/University_of_Edinburgh/Studies/2nd_year/Engineering_Software_3/Assessment_1_Calculator/Assessment_1_Calculator/es3_hw_assmnt_1/es3_hw_assmnt_1.srcs/sources_1/bd/mb_system/ip/mb_system_rst_clk_wiz_1_100M_0/mb_system_rst_clk_wiz_1_100M_0_board.xdc'. Please regenerate to continue.
WARNING: [IP_Flow 19-3664] IP 'mb_system_axi_gpio_0_0' generated file not found 'f:/Amir_Hamzah/University_of_Edinburgh/Studies/2nd_year/Engineering_Software_3/Assessment_1_Calculator/Assessment_1_Calculator/es3_hw_assmnt_1/es3_hw_assmnt_1.srcs/sources_1/ipshared/xilinx.com/interrupt_control_v3_1/dd9a9dbd/hdl/src/vhdl/interrupt_control.vhd'. Please regenerate to continue.
WARNING: [IP_Flow 19-3664] IP 'mb_system_gpio_leds_0' generated file not found 'f:/Amir_Hamzah/University_of_Edinburgh/Studies/2nd_year/Engineering_Software_3/Assessment_1_Calculator/Assessment_1_Calculator/es3_hw_assmnt_1/es3_hw_assmnt_1.srcs/sources_1/ipshared/xilinx.com/interrupt_control_v3_1/dd9a9dbd/hdl/src/vhdl/interrupt_control.vhd'. Please regenerate to continue.
WARNING: [IP_Flow 19-3664] IP 'mb_system_gpio_s_switches_0' generated file not found 'f:/Amir_Hamzah/University_of_Edinburgh/Studies/2nd_year/Engineering_Software_3/Assessment_1_Calculator/Assessment_1_Calculator/es3_hw_assmnt_1/es3_hw_assmnt_1.srcs/sources_1/ipshared/xilinx.com/interrupt_control_v3_1/dd9a9dbd/hdl/src/vhdl/interrupt_control.vhd'. Please regenerate to continue.
WARNING: [IP_Flow 19-3664] IP 'mb_system_gpio_leds_1' generated file not found 'f:/Amir_Hamzah/University_of_Edinburgh/Studies/2nd_year/Engineering_Software_3/Assessment_1_Calculator/Assessment_1_Calculator/es3_hw_assmnt_1/es3_hw_assmnt_1.srcs/sources_1/ipshared/xilinx.com/interrupt_control_v3_1/dd9a9dbd/hdl/src/vhdl/interrupt_control.vhd'. Please regenerate to continue.
WARNING: [IP_Flow 19-3664] IP 'mb_system_gpio_7seg_0' generated file not found 'f:/Amir_Hamzah/University_of_Edinburgh/Studies/2nd_year/Engineering_Software_3/Assessment_1_Calculator/Assessment_1_Calculator/es3_hw_assmnt_1/es3_hw_assmnt_1.srcs/sources_1/ipshared/xilinx.com/interrupt_control_v3_1/dd9a9dbd/hdl/src/vhdl/interrupt_control.vhd'. Please regenerate to continue.
WARNING: [IP_Flow 19-3664] IP 'mb_system_gpio_s_switches_1' generated file not found 'f:/Amir_Hamzah/University_of_Edinburgh/Studies/2nd_year/Engineering_Software_3/Assessment_1_Calculator/Assessment_1_Calculator/es3_hw_assmnt_1/es3_hw_assmnt_1.srcs/sources_1/ipshared/xilinx.com/interrupt_control_v3_1/dd9a9dbd/hdl/src/vhdl/interrupt_control.vhd'. Please regenerate to continue.
WARNING: [IP_Flow 19-3664] IP 'mb_system_gpio_s_switches_2' generated file not found 'f:/Amir_Hamzah/University_of_Edinburgh/Studies/2nd_year/Engineering_Software_3/Assessment_1_Calculator/Assessment_1_Calculator/es3_hw_assmnt_1/es3_hw_assmnt_1.srcs/sources_1/ipshared/xilinx.com/interrupt_control_v3_1/dd9a9dbd/hdl/src/vhdl/interrupt_control.vhd'. Please regenerate to continue.
WARNING: [IP_Flow 19-3664] IP 'mb_system_gpio_s_switches_3' generated file not found 'f:/Amir_Hamzah/University_of_Edinburgh/Studies/2nd_year/Engineering_Software_3/Assessment_1_Calculator/Assessment_1_Calculator/es3_hw_assmnt_1/es3_hw_assmnt_1.srcs/sources_1/ipshared/xilinx.com/interrupt_control_v3_1/dd9a9dbd/hdl/src/vhdl/interrupt_control.vhd'. Please regenerate to continue.
WARNING: [IP_Flow 19-3664] IP 'mb_system_gpio_vga_hs_0' generated file not found 'f:/Amir_Hamzah/University_of_Edinburgh/Studies/2nd_year/Engineering_Software_3/Assessment_1_Calculator/Assessment_1_Calculator/es3_hw_assmnt_1/es3_hw_assmnt_1.srcs/sources_1/ipshared/xilinx.com/interrupt_control_v3_1/dd9a9dbd/hdl/src/vhdl/interrupt_control.vhd'. Please regenerate to continue.
WARNING: [IP_Flow 19-3664] IP 'mb_system_gpio_p_btn_u_0' generated file not found 'f:/Amir_Hamzah/University_of_Edinburgh/Studies/2nd_year/Engineering_Software_3/Assessment_1_Calculator/Assessment_1_Calculator/es3_hw_assmnt_1/es3_hw_assmnt_1.srcs/sources_1/ipshared/xilinx.com/interrupt_control_v3_1/dd9a9dbd/hdl/src/vhdl/interrupt_control.vhd'. Please regenerate to continue.
WARNING: [IP_Flow 19-3664] IP 'mb_system_gpio_p_btn_u_1' generated file not found 'f:/Amir_Hamzah/University_of_Edinburgh/Studies/2nd_year/Engineering_Software_3/Assessment_1_Calculator/Assessment_1_Calculator/es3_hw_assmnt_1/es3_hw_assmnt_1.srcs/sources_1/ipshared/xilinx.com/interrupt_control_v3_1/dd9a9dbd/hdl/src/vhdl/interrupt_control.vhd'. Please regenerate to continue.
WARNING: [IP_Flow 19-3664] IP 'mb_system_gpio_p_btn_u_2' generated file not found 'f:/Amir_Hamzah/University_of_Edinburgh/Studies/2nd_year/Engineering_Software_3/Assessment_1_Calculator/Assessment_1_Calculator/es3_hw_assmnt_1/es3_hw_assmnt_1.srcs/sources_1/ipshared/xilinx.com/interrupt_control_v3_1/dd9a9dbd/hdl/src/vhdl/interrupt_control.vhd'. Please regenerate to continue.
WARNING: [IP_Flow 19-3664] IP 'mb_system_xbar_0' generated file not found 'f:/Amir_Hamzah/University_of_Edinburgh/Studies/2nd_year/Engineering_Software_3/Assessment_1_Calculator/Assessment_1_Calculator/es3_hw_assmnt_1/es3_hw_assmnt_1.srcs/sources_1/ipshared/xilinx.com/generic_baseblocks_v2_1/da89d453/hdl/verilog/generic_baseblocks_v2_1_carry_and.v'. Please regenerate to continue.
WARNING: [IP_Flow 19-3664] IP 'mb_system_xbar_0' generated file not found 'f:/Amir_Hamzah/University_of_Edinburgh/Studies/2nd_year/Engineering_Software_3/Assessment_1_Calculator/Assessment_1_Calculator/es3_hw_assmnt_1/es3_hw_assmnt_1.srcs/sources_1/ipshared/xilinx.com/generic_baseblocks_v2_1/da89d453/hdl/verilog/generic_baseblocks_v2_1_carry_latch_and.v'. Please regenerate to continue.
WARNING: [IP_Flow 19-3664] IP 'mb_system_xbar_0' generated file not found 'f:/Amir_Hamzah/University_of_Edinburgh/Studies/2nd_year/Engineering_Software_3/Assessment_1_Calculator/Assessment_1_Calculator/es3_hw_assmnt_1/es3_hw_assmnt_1.srcs/sources_1/ipshared/xilinx.com/generic_baseblocks_v2_1/da89d453/hdl/verilog/generic_baseblocks_v2_1_carry_latch_or.v'. Please regenerate to continue.
WARNING: [IP_Flow 19-3664] IP 'mb_system_xbar_0' generated file not found 'f:/Amir_Hamzah/University_of_Edinburgh/Studies/2nd_year/Engineering_Software_3/Assessment_1_Calculator/Assessment_1_Calculator/es3_hw_assmnt_1/es3_hw_assmnt_1.srcs/sources_1/ipshared/xilinx.com/generic_baseblocks_v2_1/da89d453/hdl/verilog/generic_baseblocks_v2_1_carry_or.v'. Please regenerate to continue.
WARNING: [IP_Flow 19-3664] IP 'mb_system_xbar_0' generated file not found 'f:/Amir_Hamzah/University_of_Edinburgh/Studies/2nd_year/Engineering_Software_3/Assessment_1_Calculator/Assessment_1_Calculator/es3_hw_assmnt_1/es3_hw_assmnt_1.srcs/sources_1/ipshared/xilinx.com/generic_baseblocks_v2_1/da89d453/hdl/verilog/generic_baseblocks_v2_1_carry.v'. Please regenerate to continue.
WARNING: [IP_Flow 19-3664] IP 'mb_system_xbar_0' generated file not found 'f:/Amir_Hamzah/University_of_Edinburgh/Studies/2nd_year/Engineering_Software_3/Assessment_1_Calculator/Assessment_1_Calculator/es3_hw_assmnt_1/es3_hw_assmnt_1.srcs/sources_1/ipshared/xilinx.com/generic_baseblocks_v2_1/da89d453/hdl/verilog/generic_baseblocks_v2_1_command_fifo.v'. Please regenerate to continue.
WARNING: [IP_Flow 19-3664] IP 'mb_system_xbar_0' generated file not found 'f:/Amir_Hamzah/University_of_Edinburgh/Studies/2nd_year/Engineering_Software_3/Assessment_1_Calculator/Assessment_1_Calculator/es3_hw_assmnt_1/es3_hw_assmnt_1.srcs/sources_1/ipshared/xilinx.com/generic_baseblocks_v2_1/da89d453/hdl/verilog/generic_baseblocks_v2_1_comparator_mask_static.v'. Please regenerate to continue.
WARNING: [IP_Flow 19-3664] IP 'mb_system_xbar_0' generated file not found 'f:/Amir_Hamzah/University_of_Edinburgh/Studies/2nd_year/Engineering_Software_3/Assessment_1_Calculator/Assessment_1_Calculator/es3_hw_assmnt_1/es3_hw_assmnt_1.srcs/sources_1/ipshared/xilinx.com/generic_baseblocks_v2_1/da89d453/hdl/verilog/generic_baseblocks_v2_1_comparator_mask.v'. Please regenerate to continue.
WARNING: [IP_Flow 19-3664] IP 'mb_system_xbar_0' generated file not found 'f:/Amir_Hamzah/University_of_Edinburgh/Studies/2nd_year/Engineering_Software_3/Assessment_1_Calculator/Assessment_1_Calculator/es3_hw_assmnt_1/es3_hw_assmnt_1.srcs/sources_1/ipshared/xilinx.com/generic_baseblocks_v2_1/da89d453/hdl/verilog/generic_baseblocks_v2_1_comparator_sel_mask_static.v'. Please regenerate to continue.
WARNING: [IP_Flow 19-3664] IP 'mb_system_xbar_0' generated file not found 'f:/Amir_Hamzah/University_of_Edinburgh/Studies/2nd_year/Engineering_Software_3/Assessment_1_Calculator/Assessment_1_Calculator/es3_hw_assmnt_1/es3_hw_assmnt_1.srcs/sources_1/ipshared/xilinx.com/generic_baseblocks_v2_1/da89d453/hdl/verilog/generic_baseblocks_v2_1_comparator_sel_mask.v'. Please regenerate to continue.
WARNING: [IP_Flow 19-3664] IP 'mb_system_xbar_0' generated file not found 'f:/Amir_Hamzah/University_of_Edinburgh/Studies/2nd_year/Engineering_Software_3/Assessment_1_Calculator/Assessment_1_Calculator/es3_hw_assmnt_1/es3_hw_assmnt_1.srcs/sources_1/ipshared/xilinx.com/generic_baseblocks_v2_1/da89d453/hdl/verilog/generic_baseblocks_v2_1_comparator_sel_static.v'. Please regenerate to continue.
WARNING: [IP_Flow 19-3664] IP 'mb_system_xbar_0' generated file not found 'f:/Amir_Hamzah/University_of_Edinburgh/Studies/2nd_year/Engineering_Software_3/Assessment_1_Calculator/Assessment_1_Calculator/es3_hw_assmnt_1/es3_hw_assmnt_1.srcs/sources_1/ipshared/xilinx.com/generic_baseblocks_v2_1/da89d453/hdl/verilog/generic_baseblocks_v2_1_comparator_sel.v'. Please regenerate to continue.
WARNING: [IP_Flow 19-3664] IP 'mb_system_xbar_0' generated file not found 'f:/Amir_Hamzah/University_of_Edinburgh/Studies/2nd_year/Engineering_Software_3/Assessment_1_Calculator/Assessment_1_Calculator/es3_hw_assmnt_1/es3_hw_assmnt_1.srcs/sources_1/ipshared/xilinx.com/generic_baseblocks_v2_1/da89d453/hdl/verilog/generic_baseblocks_v2_1_comparator_static.v'. Please regenerate to continue.
WARNING: [IP_Flow 19-3664] IP 'mb_system_xbar_0' generated file not found 'f:/Amir_Hamzah/University_of_Edinburgh/Studies/2nd_year/Engineering_Software_3/Assessment_1_Calculator/Assessment_1_Calculator/es3_hw_assmnt_1/es3_hw_assmnt_1.srcs/sources_1/ipshared/xilinx.com/generic_baseblocks_v2_1/da89d453/hdl/verilog/generic_baseblocks_v2_1_comparator.v'. Please regenerate to continue.
WARNING: [IP_Flow 19-3664] IP 'mb_system_xbar_0' generated file not found 'f:/Amir_Hamzah/University_of_Edinburgh/Studies/2nd_year/Engineering_Software_3/Assessment_1_Calculator/Assessment_1_Calculator/es3_hw_assmnt_1/es3_hw_assmnt_1.srcs/sources_1/ipshared/xilinx.com/generic_baseblocks_v2_1/da89d453/hdl/verilog/generic_baseblocks_v2_1_mux_enc.v'. Please regenerate to continue.
WARNING: [IP_Flow 19-3664] IP 'mb_system_xbar_0' generated file not found 'f:/Amir_Hamzah/University_of_Edinburgh/Studies/2nd_year/Engineering_Software_3/Assessment_1_Calculator/Assessment_1_Calculator/es3_hw_assmnt_1/es3_hw_assmnt_1.srcs/sources_1/ipshared/xilinx.com/generic_baseblocks_v2_1/da89d453/hdl/verilog/generic_baseblocks_v2_1_mux.v'. Please regenerate to continue.
WARNING: [IP_Flow 19-3664] IP 'mb_system_xbar_0' generated file not found 'f:/Amir_Hamzah/University_of_Edinburgh/Studies/2nd_year/Engineering_Software_3/Assessment_1_Calculator/Assessment_1_Calculator/es3_hw_assmnt_1/es3_hw_assmnt_1.srcs/sources_1/ipshared/xilinx.com/generic_baseblocks_v2_1/da89d453/hdl/verilog/generic_baseblocks_v2_1_nto1_mux.v'. Please regenerate to continue.
WARNING: [IP_Flow 19-3664] IP 'mb_system_xbar_0' generated file not found 'f:/Amir_Hamzah/University_of_Edinburgh/Studies/2nd_year/Engineering_Software_3/Assessment_1_Calculator/Assessment_1_Calculator/es3_hw_assmnt_1/es3_hw_assmnt_1.srcs/sources_1/ipshared/xilinx.com/axi_infrastructure_v1_1/cf21a66f/hdl/verilog/axi_infrastructure_v1_1_header.vh'. Please regenerate to continue.
WARNING: [IP_Flow 19-3664] IP 'mb_system_xbar_0' generated file not found 'f:/Amir_Hamzah/University_of_Edinburgh/Studies/2nd_year/Engineering_Software_3/Assessment_1_Calculator/Assessment_1_Calculator/es3_hw_assmnt_1/es3_hw_assmnt_1.srcs/sources_1/ipshared/xilinx.com/axi_infrastructure_v1_1/cf21a66f/hdl/verilog/axi_infrastructure_v1_1_axi2vector.v'. Please regenerate to continue.
WARNING: [IP_Flow 19-3664] IP 'mb_system_xbar_0' generated file not found 'f:/Amir_Hamzah/University_of_Edinburgh/Studies/2nd_year/Engineering_Software_3/Assessment_1_Calculator/Assessment_1_Calculator/es3_hw_assmnt_1/es3_hw_assmnt_1.srcs/sources_1/ipshared/xilinx.com/axi_infrastructure_v1_1/cf21a66f/hdl/verilog/axi_infrastructure_v1_1_axic_srl_fifo.v'. Please regenerate to continue.
WARNING: [IP_Flow 19-3664] IP 'mb_system_xbar_0' generated file not found 'f:/Amir_Hamzah/University_of_Edinburgh/Studies/2nd_year/Engineering_Software_3/Assessment_1_Calculator/Assessment_1_Calculator/es3_hw_assmnt_1/es3_hw_assmnt_1.srcs/sources_1/ipshared/xilinx.com/axi_infrastructure_v1_1/cf21a66f/hdl/verilog/axi_infrastructure_v1_1_vector2axi.v'. Please regenerate to continue.
WARNING: [IP_Flow 19-3664] IP 'mb_system_xbar_0' generated file not found 'f:/Amir_Hamzah/University_of_Edinburgh/Studies/2nd_year/Engineering_Software_3/Assessment_1_Calculator/Assessment_1_Calculator/es3_hw_assmnt_1/es3_hw_assmnt_1.srcs/sources_1/ipshared/xilinx.com/axi_register_slice_v2_1/03a8e0ba/hdl/verilog/axi_register_slice_v2_1_axic_register_slice.v'. Please regenerate to continue.
WARNING: [IP_Flow 19-3664] IP 'mb_system_xbar_0' generated file not found 'f:/Amir_Hamzah/University_of_Edinburgh/Studies/2nd_year/Engineering_Software_3/Assessment_1_Calculator/Assessment_1_Calculator/es3_hw_assmnt_1/es3_hw_assmnt_1.srcs/sources_1/ipshared/xilinx.com/axi_register_slice_v2_1/03a8e0ba/hdl/verilog/axi_register_slice_v2_1_axi_register_slice.v'. Please regenerate to continue.
WARNING: [IP_Flow 19-3664] IP 'mb_system_xbar_0' generated file not found 'f:/Amir_Hamzah/University_of_Edinburgh/Studies/2nd_year/Engineering_Software_3/Assessment_1_Calculator/Assessment_1_Calculator/es3_hw_assmnt_1/es3_hw_assmnt_1.srcs/sources_1/ipshared/xilinx.com/fifo_generator_v12_0/15467f24/hdl/fifo_generator_v12_0_vhsyn_rfs.vhd'. Please regenerate to continue.
WARNING: [IP_Flow 19-3664] IP 'mb_system_xbar_0' generated file not found 'f:/Amir_Hamzah/University_of_Edinburgh/Studies/2nd_year/Engineering_Software_3/Assessment_1_Calculator/Assessment_1_Calculator/es3_hw_assmnt_1/es3_hw_assmnt_1.srcs/sources_1/ipshared/xilinx.com/axi_data_fifo_v2_1/82d298e6/hdl/verilog/axi_data_fifo_v2_1_axic_fifo.v'. Please regenerate to continue.
WARNING: [IP_Flow 19-3664] IP 'mb_system_xbar_0' generated file not found 'f:/Amir_Hamzah/University_of_Edinburgh/Studies/2nd_year/Engineering_Software_3/Assessment_1_Calculator/Assessment_1_Calculator/es3_hw_assmnt_1/es3_hw_assmnt_1.srcs/sources_1/ipshared/xilinx.com/axi_data_fifo_v2_1/82d298e6/hdl/verilog/axi_data_fifo_v2_1_fifo_gen.v'. Please regenerate to continue.
WARNING: [IP_Flow 19-3664] IP 'mb_system_xbar_0' generated file not found 'f:/Amir_Hamzah/University_of_Edinburgh/Studies/2nd_year/Engineering_Software_3/Assessment_1_Calculator/Assessment_1_Calculator/es3_hw_assmnt_1/es3_hw_assmnt_1.srcs/sources_1/ipshared/xilinx.com/axi_data_fifo_v2_1/82d298e6/hdl/verilog/axi_data_fifo_v2_1_axic_srl_fifo.v'. Please regenerate to continue.
WARNING: [IP_Flow 19-3664] IP 'mb_system_xbar_0' generated file not found 'f:/Amir_Hamzah/University_of_Edinburgh/Studies/2nd_year/Engineering_Software_3/Assessment_1_Calculator/Assessment_1_Calculator/es3_hw_assmnt_1/es3_hw_assmnt_1.srcs/sources_1/ipshared/xilinx.com/axi_data_fifo_v2_1/82d298e6/hdl/verilog/axi_data_fifo_v2_1_axic_reg_srl_fifo.v'. Please regenerate to continue.
WARNING: [IP_Flow 19-3664] IP 'mb_system_xbar_0' generated file not found 'f:/Amir_Hamzah/University_of_Edinburgh/Studies/2nd_year/Engineering_Software_3/Assessment_1_Calculator/Assessment_1_Calculator/es3_hw_assmnt_1/es3_hw_assmnt_1.srcs/sources_1/ipshared/xilinx.com/axi_data_fifo_v2_1/82d298e6/hdl/verilog/axi_data_fifo_v2_1_ndeep_srl.v'. Please regenerate to continue.
WARNING: [IP_Flow 19-3664] IP 'mb_system_xbar_0' generated file not found 'f:/Amir_Hamzah/University_of_Edinburgh/Studies/2nd_year/Engineering_Software_3/Assessment_1_Calculator/Assessment_1_Calculator/es3_hw_assmnt_1/es3_hw_assmnt_1.srcs/sources_1/ipshared/xilinx.com/axi_data_fifo_v2_1/82d298e6/hdl/verilog/axi_data_fifo_v2_1_axi_data_fifo.v'. Please regenerate to continue.
WARNING: [IP_Flow 19-3664] IP 'mb_system_xbar_0' generated file not found 'f:/Amir_Hamzah/University_of_Edinburgh/Studies/2nd_year/Engineering_Software_3/Assessment_1_Calculator/Assessment_1_Calculator/es3_hw_assmnt_1/es3_hw_assmnt_1.srcs/sources_1/ipshared/xilinx.com/axi_crossbar_v2_1/9368eebf/hdl/verilog/axi_crossbar_v2_1_addr_arbiter_sasd.v'. Please regenerate to continue.
WARNING: [IP_Flow 19-3664] IP 'mb_system_xbar_0' generated file not found 'f:/Amir_Hamzah/University_of_Edinburgh/Studies/2nd_year/Engineering_Software_3/Assessment_1_Calculator/Assessment_1_Calculator/es3_hw_assmnt_1/es3_hw_assmnt_1.srcs/sources_1/ipshared/xilinx.com/axi_crossbar_v2_1/9368eebf/hdl/verilog/axi_crossbar_v2_1_addr_arbiter.v'. Please regenerate to continue.
WARNING: [IP_Flow 19-3664] IP 'mb_system_xbar_0' generated file not found 'f:/Amir_Hamzah/University_of_Edinburgh/Studies/2nd_year/Engineering_Software_3/Assessment_1_Calculator/Assessment_1_Calculator/es3_hw_assmnt_1/es3_hw_assmnt_1.srcs/sources_1/ipshared/xilinx.com/axi_crossbar_v2_1/9368eebf/hdl/verilog/axi_crossbar_v2_1_addr_decoder.v'. Please regenerate to continue.
WARNING: [IP_Flow 19-3664] IP 'mb_system_xbar_0' generated file not found 'f:/Amir_Hamzah/University_of_Edinburgh/Studies/2nd_year/Engineering_Software_3/Assessment_1_Calculator/Assessment_1_Calculator/es3_hw_assmnt_1/es3_hw_assmnt_1.srcs/sources_1/ipshared/xilinx.com/axi_crossbar_v2_1/9368eebf/hdl/verilog/axi_crossbar_v2_1_arbiter_resp.v'. Please regenerate to continue.
WARNING: [IP_Flow 19-3664] IP 'mb_system_xbar_0' generated file not found 'f:/Amir_Hamzah/University_of_Edinburgh/Studies/2nd_year/Engineering_Software_3/Assessment_1_Calculator/Assessment_1_Calculator/es3_hw_assmnt_1/es3_hw_assmnt_1.srcs/sources_1/ipshared/xilinx.com/axi_crossbar_v2_1/9368eebf/hdl/verilog/axi_crossbar_v2_1_crossbar_sasd.v'. Please regenerate to continue.
WARNING: [IP_Flow 19-3664] IP 'mb_system_xbar_0' generated file not found 'f:/Amir_Hamzah/University_of_Edinburgh/Studies/2nd_year/Engineering_Software_3/Assessment_1_Calculator/Assessment_1_Calculator/es3_hw_assmnt_1/es3_hw_assmnt_1.srcs/sources_1/ipshared/xilinx.com/axi_crossbar_v2_1/9368eebf/hdl/verilog/axi_crossbar_v2_1_crossbar.v'. Please regenerate to continue.
WARNING: [IP_Flow 19-3664] IP 'mb_system_xbar_0' generated file not found 'f:/Amir_Hamzah/University_of_Edinburgh/Studies/2nd_year/Engineering_Software_3/Assessment_1_Calculator/Assessment_1_Calculator/es3_hw_assmnt_1/es3_hw_assmnt_1.srcs/sources_1/ipshared/xilinx.com/axi_crossbar_v2_1/9368eebf/hdl/verilog/axi_crossbar_v2_1_decerr_slave.v'. Please regenerate to continue.
WARNING: [IP_Flow 19-3664] IP 'mb_system_xbar_0' generated file not found 'f:/Amir_Hamzah/University_of_Edinburgh/Studies/2nd_year/Engineering_Software_3/Assessment_1_Calculator/Assessment_1_Calculator/es3_hw_assmnt_1/es3_hw_assmnt_1.srcs/sources_1/ipshared/xilinx.com/axi_crossbar_v2_1/9368eebf/hdl/verilog/axi_crossbar_v2_1_si_transactor.v'. Please regenerate to continue.
WARNING: [IP_Flow 19-3664] IP 'mb_system_xbar_0' generated file not found 'f:/Amir_Hamzah/University_of_Edinburgh/Studies/2nd_year/Engineering_Software_3/Assessment_1_Calculator/Assessment_1_Calculator/es3_hw_assmnt_1/es3_hw_assmnt_1.srcs/sources_1/ipshared/xilinx.com/axi_crossbar_v2_1/9368eebf/hdl/verilog/axi_crossbar_v2_1_splitter.v'. Please regenerate to continue.
WARNING: [IP_Flow 19-3664] IP 'mb_system_xbar_0' generated file not found 'f:/Amir_Hamzah/University_of_Edinburgh/Studies/2nd_year/Engineering_Software_3/Assessment_1_Calculator/Assessment_1_Calculator/es3_hw_assmnt_1/es3_hw_assmnt_1.srcs/sources_1/ipshared/xilinx.com/axi_crossbar_v2_1/9368eebf/hdl/verilog/axi_crossbar_v2_1_wdata_mux.v'. Please regenerate to continue.
WARNING: [IP_Flow 19-3664] IP 'mb_system_xbar_0' generated file not found 'f:/Amir_Hamzah/University_of_Edinburgh/Studies/2nd_year/Engineering_Software_3/Assessment_1_Calculator/Assessment_1_Calculator/es3_hw_assmnt_1/es3_hw_assmnt_1.srcs/sources_1/ipshared/xilinx.com/axi_crossbar_v2_1/9368eebf/hdl/verilog/axi_crossbar_v2_1_wdata_router.v'. Please regenerate to continue.
WARNING: [IP_Flow 19-3664] IP 'mb_system_xbar_0' generated file not found 'f:/Amir_Hamzah/University_of_Edinburgh/Studies/2nd_year/Engineering_Software_3/Assessment_1_Calculator/Assessment_1_Calculator/es3_hw_assmnt_1/es3_hw_assmnt_1.srcs/sources_1/ipshared/xilinx.com/axi_crossbar_v2_1/9368eebf/hdl/verilog/axi_crossbar_v2_1_axi_crossbar.v'. Please regenerate to continue.
open_project: Time (s): cpu = 00:00:24 ; elapsed = 00:00:11 . Memory (MB): peak = 826.824 ; gain = 250.191
file copy -force F:/Amir_Hamzah/University_of_Edinburgh/Studies/2nd_year/Engineering_Software_3/Assessment_1_Calculator/Assessment_1_Calculator/es3_hw_assmnt_1/es3_hw_assmnt_1.runs/impl_1/top.sysdef F:/Amir_Hamzah/University_of_Edinburgh/Studies/2nd_year/Engineering_Software_3/Assessment_1_Calculator/Assessment_1_Calculator/es3_hw_assmnt_1/es3_hw_assmnt_1.sdk/top.hdf

launch_sdk -workspace F:/Amir_Hamzah/University_of_Edinburgh/Studies/2nd_year/Engineering_Software_3/Assessment_1_Calculator/Assessment_1_Calculator/es3_hw_assmnt_1/es3_hw_assmnt_1.sdk -hwspec F:/Amir_Hamzah/University_of_Edinburgh/Studies/2nd_year/Engineering_Software_3/Assessment_1_Calculator/Assessment_1_Calculator/es3_hw_assmnt_1/es3_hw_assmnt_1.sdk/top.hdf
INFO: [Vivado 12-393] Launching SDK...
INFO: [Vivado 12-417] Running xsdk -workspace F:/Amir_Hamzah/University_of_Edinburgh/Studies/2nd_year/Engineering_Software_3/Assessment_1_Calculator/Assessment_1_Calculator/es3_hw_assmnt_1/es3_hw_assmnt_1.sdk -hwspec F:/Amir_Hamzah/University_of_Edinburgh/Studies/2nd_year/Engineering_Software_3/Assessment_1_Calculator/Assessment_1_Calculator/es3_hw_assmnt_1/es3_hw_assmnt_1.sdk/top.hdf
INFO: [Vivado 12-3157] SDK launch initiated. Please check console for any further messages.
file copy -force F:/Amir_Hamzah/University_of_Edinburgh/Studies/2nd_year/Engineering_Software_3/Assessment_1_Calculator/Assessment_1_Calculator/es3_hw_assmnt_1/es3_hw_assmnt_1.runs/impl_1/top.sysdef F:/Amir_Hamzah/University_of_Edinburgh/Studies/2nd_year/Engineering_Software_3/Assessment_1_Calculator/Assessment_1_Calculator/es3_hw_assmnt_1/es3_hw_assmnt_1.sdk/top.hdf

launch_sdk -workspace F:/Amir_Hamzah/University_of_Edinburgh/Studies/2nd_year/Engineering_Software_3/Assessment_1_Calculator/Assessment_1_Calculator/es3_hw_assmnt_1/es3_hw_assmnt_1.sdk -hwspec F:/Amir_Hamzah/University_of_Edinburgh/Studies/2nd_year/Engineering_Software_3/Assessment_1_Calculator/Assessment_1_Calculator/es3_hw_assmnt_1/es3_hw_assmnt_1.sdk/top.hdf
INFO: [Vivado 12-393] Launching SDK...
INFO: [Vivado 12-417] Running xsdk -workspace F:/Amir_Hamzah/University_of_Edinburgh/Studies/2nd_year/Engineering_Software_3/Assessment_1_Calculator/Assessment_1_Calculator/es3_hw_assmnt_1/es3_hw_assmnt_1.sdk -hwspec F:/Amir_Hamzah/University_of_Edinburgh/Studies/2nd_year/Engineering_Software_3/Assessment_1_Calculator/Assessment_1_Calculator/es3_hw_assmnt_1/es3_hw_assmnt_1.sdk/top.hdf
INFO: [Vivado 12-3157] SDK launch initiated. Please check console for any further messages.
open_project F:/Amir_Hamzah/University_of_Edinburgh/Studies/2nd_year/Engineering_Software_3/Lab_3/Lab_3/Lab_3/es3_hw_lab_3/es3_hw_lab_3.xpr
INFO: [ProjectBase 1-489] The host OS only allows 260 characters in a normal path. The project is stored in a path with more than 80 characters. If you experience issues with IP, Block Designs, or files not being found, please consider moving the project to a location with a shorter path. Alternately consider using the OS subst command to map part of the path to a drive letter.
Current project path is 'F:/Amir_Hamzah/University_of_Edinburgh/Studies/2nd_year/Engineering_Software_3/Lab_3/Lab_3/Lab_3/es3_hw_lab_3'
INFO: [Project 1-313] Project file moved from 'C:/Users/s1301217/Desktop/ES3_Lab_Upgrade/Upgrade/Labs_Solutions/Lab_3/es3_hw_lab_3' since last save.
Scanning sources...
Finished scanning sources
INFO: [IP_Flow 19-234] Refreshing IP repositories
INFO: [IP_Flow 19-1704] No user IP repositories specified
INFO: [IP_Flow 19-2313] Loaded Vivado IP repository 'F:/Xilinx2/Vivado/2015.2/data/ip'.
open_project: Time (s): cpu = 00:00:11 ; elapsed = 00:00:11 . Memory (MB): peak = 988.031 ; gain = 157.965
launch_sdk -workspace F:/Amir_Hamzah/University_of_Edinburgh/Studies/2nd_year/Engineering_Software_3/Lab_3/Lab_3/Lab_3/es3_hw_lab_3/es3_hw_lab_3.sdk -hwspec F:/Amir_Hamzah/University_of_Edinburgh/Studies/2nd_year/Engineering_Software_3/Lab_3/Lab_3/Lab_3/es3_hw_lab_3/es3_hw_lab_3.sdk/top.hdf
INFO: [Vivado 12-393] Launching SDK...
INFO: [Vivado 12-417] Running xsdk -workspace F:/Amir_Hamzah/University_of_Edinburgh/Studies/2nd_year/Engineering_Software_3/Lab_3/Lab_3/Lab_3/es3_hw_lab_3/es3_hw_lab_3.sdk -hwspec F:/Amir_Hamzah/University_of_Edinburgh/Studies/2nd_year/Engineering_Software_3/Lab_3/Lab_3/Lab_3/es3_hw_lab_3/es3_hw_lab_3.sdk/top.hdf
INFO: [Vivado 12-3157] SDK launch initiated. Please check console for any further messages.
open_project F:/Amir_Hamzah/University_of_Edinburgh/Studies/2nd_year/Engineering_Software_3/Lab_2/Lab_2/es3_hw_lab_2/es3_hw_lab_2.xpr
INFO: [ProjectBase 1-489] The host OS only allows 260 characters in a normal path. The project is stored in a path with more than 80 characters. If you experience issues with IP, Block Designs, or files not being found, please consider moving the project to a location with a shorter path. Alternately consider using the OS subst command to map part of the path to a drive letter.
Current project path is 'F:/Amir_Hamzah/University_of_Edinburgh/Studies/2nd_year/Engineering_Software_3/Lab_2/Lab_2/es3_hw_lab_2'
Scanning sources...
Finished scanning sources
INFO: [IP_Flow 19-234] Refreshing IP repositories
INFO: [IP_Flow 19-1704] No user IP repositories specified
INFO: [IP_Flow 19-2313] Loaded Vivado IP repository 'F:/Xilinx2/Vivado/2015.2/data/ip'.
open_project: Time (s): cpu = 00:00:09 ; elapsed = 00:00:09 . Memory (MB): peak = 1058.340 ; gain = 59.891
launch_sdk -workspace F:/Amir_Hamzah/University_of_Edinburgh/Studies/2nd_year/Engineering_Software_3/Lab_2/Lab_2/es3_hw_lab_2/es3_hw_lab_2.sdk -hwspec F:/Amir_Hamzah/University_of_Edinburgh/Studies/2nd_year/Engineering_Software_3/Lab_2/Lab_2/es3_hw_lab_2/es3_hw_lab_2.sdk/top.hdf
INFO: [Vivado 12-393] Launching SDK...
INFO: [Vivado 12-417] Running xsdk -workspace F:/Amir_Hamzah/University_of_Edinburgh/Studies/2nd_year/Engineering_Software_3/Lab_2/Lab_2/es3_hw_lab_2/es3_hw_lab_2.sdk -hwspec F:/Amir_Hamzah/University_of_Edinburgh/Studies/2nd_year/Engineering_Software_3/Lab_2/Lab_2/es3_hw_lab_2/es3_hw_lab_2.sdk/top.hdf
INFO: [Vivado 12-3157] SDK launch initiated. Please check console for any further messages.
launch_sdk -workspace F:/Amir_Hamzah/University_of_Edinburgh/Studies/2nd_year/Engineering_Software_3/Lab_2/Lab_2/es3_hw_lab_2/es3_hw_lab_2.sdk -hwspec F:/Amir_Hamzah/University_of_Edinburgh/Studies/2nd_year/Engineering_Software_3/Lab_2/Lab_2/es3_hw_lab_2/es3_hw_lab_2.sdk/top.hdf
INFO: [Vivado 12-393] Launching SDK...
INFO: [Vivado 12-417] Running xsdk -workspace F:/Amir_Hamzah/University_of_Edinburgh/Studies/2nd_year/Engineering_Software_3/Lab_2/Lab_2/es3_hw_lab_2/es3_hw_lab_2.sdk -hwspec F:/Amir_Hamzah/University_of_Edinburgh/Studies/2nd_year/Engineering_Software_3/Lab_2/Lab_2/es3_hw_lab_2/es3_hw_lab_2.sdk/top.hdf
INFO: [Vivado 12-3157] SDK launch initiated. Please check console for any further messages.
launch_sdk -workspace F:/Amir_Hamzah/University_of_Edinburgh/Studies/2nd_year/Engineering_Software_3/Lab_2/Lab_2/es3_hw_lab_2/es3_hw_lab_2.sdk -hwspec F:/Amir_Hamzah/University_of_Edinburgh/Studies/2nd_year/Engineering_Software_3/Lab_2/Lab_2/es3_hw_lab_2/es3_hw_lab_2.sdk/top.hdf
INFO: [Vivado 12-393] Launching SDK...
INFO: [Vivado 12-417] Running xsdk -workspace F:/Amir_Hamzah/University_of_Edinburgh/Studies/2nd_year/Engineering_Software_3/Lab_2/Lab_2/es3_hw_lab_2/es3_hw_lab_2.sdk -hwspec F:/Amir_Hamzah/University_of_Edinburgh/Studies/2nd_year/Engineering_Software_3/Lab_2/Lab_2/es3_hw_lab_2/es3_hw_lab_2.sdk/top.hdf
INFO: [Vivado 12-3157] SDK launch initiated. Please check console for any further messages.
launch_sdk -workspace F:/Amir_Hamzah/University_of_Edinburgh/Studies/2nd_year/Engineering_Software_3/Lab_2/Lab_2/es3_hw_lab_2/es3_hw_lab_2.sdk -hwspec F:/Amir_Hamzah/University_of_Edinburgh/Studies/2nd_year/Engineering_Software_3/Lab_2/Lab_2/es3_hw_lab_2/es3_hw_lab_2.sdk/top.hdf
INFO: [Vivado 12-393] Launching SDK...
INFO: [Vivado 12-417] Running xsdk -workspace F:/Amir_Hamzah/University_of_Edinburgh/Studies/2nd_year/Engineering_Software_3/Lab_2/Lab_2/es3_hw_lab_2/es3_hw_lab_2.sdk -hwspec F:/Amir_Hamzah/University_of_Edinburgh/Studies/2nd_year/Engineering_Software_3/Lab_2/Lab_2/es3_hw_lab_2/es3_hw_lab_2.sdk/top.hdf
INFO: [Vivado 12-3157] SDK launch initiated. Please check console for any further messages.
launch_sdk -workspace F:/Amir_Hamzah/University_of_Edinburgh/Studies/2nd_year/Engineering_Software_3/Lab_2/Lab_2/es3_hw_lab_2/es3_hw_lab_2.sdk -hwspec F:/Amir_Hamzah/University_of_Edinburgh/Studies/2nd_year/Engineering_Software_3/Lab_2/Lab_2/es3_hw_lab_2/es3_hw_lab_2.sdk/top.hdf
INFO: [Vivado 12-393] Launching SDK...
INFO: [Vivado 12-417] Running xsdk -workspace F:/Amir_Hamzah/University_of_Edinburgh/Studies/2nd_year/Engineering_Software_3/Lab_2/Lab_2/es3_hw_lab_2/es3_hw_lab_2.sdk -hwspec F:/Amir_Hamzah/University_of_Edinburgh/Studies/2nd_year/Engineering_Software_3/Lab_2/Lab_2/es3_hw_lab_2/es3_hw_lab_2.sdk/top.hdf
INFO: [Vivado 12-3157] SDK launch initiated. Please check console for any further messages.
file copy -force F:/Amir_Hamzah/University_of_Edinburgh/Studies/2nd_year/Engineering_Software_3/Assessment_1_Calculator/Assessment_1_Calculator/es3_hw_assmnt_1/es3_hw_assmnt_1.runs/impl_1/top.sysdef F:/Amir_Hamzah/University_of_Edinburgh/Studies/2nd_year/Engineering_Software_3/Lab_2/Lab_2/es3_hw_lab_2/es3_hw_lab_2.sdk/top.hdf

launch_sdk -workspace F:/Amir_Hamzah/University_of_Edinburgh/Studies/2nd_year/Engineering_Software_3/Lab_2/Lab_2/es3_hw_lab_2/es3_hw_lab_2.sdk -hwspec F:/Amir_Hamzah/University_of_Edinburgh/Studies/2nd_year/Engineering_Software_3/Lab_2/Lab_2/es3_hw_lab_2/es3_hw_lab_2.sdk/top.hdf
INFO: [Vivado 12-393] Launching SDK...
INFO: [Vivado 12-417] Running xsdk -workspace F:/Amir_Hamzah/University_of_Edinburgh/Studies/2nd_year/Engineering_Software_3/Lab_2/Lab_2/es3_hw_lab_2/es3_hw_lab_2.sdk -hwspec F:/Amir_Hamzah/University_of_Edinburgh/Studies/2nd_year/Engineering_Software_3/Lab_2/Lab_2/es3_hw_lab_2/es3_hw_lab_2.sdk/top.hdf
INFO: [Vivado 12-3157] SDK launch initiated. Please check console for any further messages.
current_project es3_hw_assmnt_1
close_project
****** Webtalk v2015.2 (64-bit)
  **** SW Build 1266856 on Fri Jun 26 16:35:25 MDT 2015
  **** IP Build 1264090 on Wed Jun 24 14:22:01 MDT 2015
    ** Copyright 1986-2015 Xilinx, Inc. All Rights Reserved.

source F:/Amir_Hamzah/University_of_Edinburgh/Studies/2nd_year/Engineering_Software_3/Assessment_1_Calculator/Assessment_1_Calculator/es3_hw_assmnt_1/es3_hw_assmnt_1.hw/webtalk/labtool_webtalk.tcl -notrace

    while executing
"webtalk_transmit -clientid 2347458774 -regid "212037177_0_0_969" -xml F:/Amir_Hamzah/University_of_Edinburgh/Studies/2nd_year/Engineering_Software_3/A..."
    (file "F:/Amir_Hamzah/University_of_Edinburgh/Studies/2nd_year/Engineering_Software_3/Assessment_1_Calculator/Assessment_1_Calculator/es3_hw_assmnt_1/es3_hw_..." line 26)
INFO: [Common 17-206] Exiting Webtalk at Sat Oct 31 17:11:57 2020...
current_project es3_hw_lab_3
close_project
exit
INFO: [Common 17-206] Exiting Vivado at Sat Oct 31 17:12:09 2020...
