#-----------------------------------------------------------
# Webtalk v2015.2 (64-bit)
# SW Build 1266856 on Fri Jun 26 16:35:25 MDT 2015
# 
# Start of session at: Mon Nov 02 12:00:14 2020
# Process ID: 17484
# Log file: F:/Amir_Hamzah/University_of_Edinburgh/Studies/2nd_year/Engineering_Software_3/Assessment_1_Calculator/Calculator/es3_hw_assmnt_1/es3_hw_assmnt_1.sdk/webtalk/webtalk.log
# Journal file: F:/Amir_Hamzah/University_of_Edinburgh/Studies/2nd_year/Engineering_Software_3/Assessment_1_Calculator/Calculator/es3_hw_assmnt_1/es3_hw_assmnt_1.sdk/webtalk\webtalk.jou
#-----------------------------------------------------------
source sdk_webtalk.tcl
# webtalk_init -webtalk_dir F:\\Amir_Hamzah\\University_of_Edinburgh\\Studies\\2nd_year\\Engineering_Software_3\\Assessment_1_Calculator\\Calculator\\es3_hw_assmnt_1\\es3_hw_assmnt_1.sdk\\webtalk
# webtalk_register_client -client project
# webtalk_add_data -client project -key date_generated -value "Mon Nov 2 12:00:13 2020" -context "software_version_and_target_device"
# webtalk_add_data -client project -key product_version -value "SDK v2015.2" -context "software_version_and_target_device"
# webtalk_add_data -client project -key build_version -value "2015.2" -context "software_version_and_target_device"
# webtalk_add_data -client project -key os_platform -value "amd64" -context "software_version_and_target_device"
# webtalk_add_data -client project -key registration_id -value "" -context "software_version_and_target_device"
# webtalk_add_data -client project -key tool_flow -value "SDK" -context "software_version_and_target_device"
# webtalk_add_data -client project -key beta -value "false" -context "software_version_and_target_device"
# webtalk_add_data -client project -key route_design -value "NA" -context "software_version_and_target_device"
# webtalk_add_data -client project -key target_family -value "NA" -context "software_version_and_target_device"
# webtalk_add_data -client project -key target_device -value "NA" -context "software_version_and_target_device"
# webtalk_add_data -client project -key target_package -value "NA" -context "software_version_and_target_device"
# webtalk_add_data -client project -key target_speed -value "NA" -context "software_version_and_target_device"
# webtalk_add_data -client project -key random_id -value "ku5o0rg9sbeio1meg25jooi1uo" -context "software_version_and_target_device"
# webtalk_add_data -client project -key project_id -value "2015.2_17" -context "software_version_and_target_device"
# webtalk_add_data -client project -key project_iteration -value "17" -context "software_version_and_target_device"
# webtalk_add_data -client project -key os_name -value "" -context "user_environment"
# webtalk_add_data -client project -key os_release -value "" -context "user_environment"
# webtalk_add_data -client project -key cpu_name -value "" -context "user_environment"
# webtalk_add_data -client project -key cpu_speed -value "" -context "user_environment"
# webtalk_add_data -client project -key total_processors -value "" -context "user_environment"
# webtalk_add_data -client project -key system_ram -value "" -context "user_environment"
# webtalk_register_client -client sdk
# webtalk_add_data -client sdk -key uid -value "1604318406145" -context "sdk\\\\hardware/1604318406145"
# webtalk_add_data -client sdk -key isZynq -value "false" -context "sdk\\\\hardware/1604318406145"
# webtalk_add_data -client sdk -key Processors -value "1" -context "sdk\\\\hardware/1604318406145"
# webtalk_add_data -client sdk -key VivadoVersion -value "2015.2" -context "sdk\\\\hardware/1604318406145"
# webtalk_add_data -client sdk -key Arch -value "artix7" -context "sdk\\\\hardware/1604318406145"
# webtalk_add_data -client sdk -key Device -value "7a35t" -context "sdk\\\\hardware/1604318406145"
# webtalk_add_data -client sdk -key IsHandoff -value "true" -context "sdk\\\\hardware/1604318406145"
# webtalk_transmit -clientid 22917022 -regid "" -xml F:\\Amir_Hamzah\\University_of_Edinburgh\\Studies\\2nd_year\\Engineering_Software_3\\Assessment_1_Calculator\\Calculator\\es3_hw_assmnt_1\\es3_hw_assmnt_1.sdk\\webtalk\\usage_statistics_ext_sdk.xml -html F:\\Amir_Hamzah\\University_of_Edinburgh\\Studies\\2nd_year\\Engineering_Software_3\\Assessment_1_Calculator\\Calculator\\es3_hw_assmnt_1\\es3_hw_assmnt_1.sdk\\webtalk\\usage_statistics_ext_sdk.html -wdm F:\\Amir_Hamzah\\University_of_Edinburgh\\Studies\\2nd_year\\Engineering_Software_3\\Assessment_1_Calculator\\Calculator\\es3_hw_assmnt_1\\es3_hw_assmnt_1.sdk\\webtalk\\sdk_webtalk.wdm -intro "<H3>SDK Usage Report</H3><BR>"

    while executing
"webtalk_transmit -clientid 22917022 -regid "" -xml F:\\Amir_Hamzah\\University_of_Edinburgh\\Studies\\2nd_year\\Engineering_Software_3\\Assessment_1_C..."
    (file "sdk_webtalk.tcl" line 32)
INFO: [Common 17-206] Exiting Webtalk at Mon Nov 02 12:00:19 2020...
