#-----------------------------------------------------------
# Webtalk v2015.2 (64-bit)
# SW Build 1266856 on Fri Jun 26 16:35:25 MDT 2015
# 
# Start of session at: Sat Oct 31 13:28:53 2020
# Process ID: 26652
# Log file: F:/Amir_Hamzah/University_of_Edinburgh/Studies/2nd_year/Engineering_Software_3/Assessment_1_Calculator/Assessment_1_Calculator/es3_hw_assmnt_1/es3_hw_assmnt_1.sdk/webtalk/webtalk.log
# Journal file: F:/Amir_Hamzah/University_of_Edinburgh/Studies/2nd_year/Engineering_Software_3/Assessment_1_Calculator/Assessment_1_Calculator/es3_hw_assmnt_1/es3_hw_assmnt_1.sdk/webtalk\webtalk.jou
#-----------------------------------------------------------
source sdk_webtalk.tcl
# webtalk_init -webtalk_dir F:\\Amir_Hamzah\\University_of_Edinburgh\\Studies\\2nd_year\\Engineering_Software_3\\Assessment_1_Calculator\\Assessment_1_Calculator\\es3_hw_assmnt_1\\es3_hw_assmnt_1.sdk\\webtalk
# webtalk_register_client -client project
# webtalk_add_data -client project -key date_generated -value "Sat Oct 31 13:28:52 2020" -context "software_version_and_target_device"
# webtalk_add_data -client project -key product_version -value "SDK v2015.2" -context "software_version_and_target_device"
# webtalk_add_data -client project -key build_version -value "2015.2" -context "software_version_and_target_device"
# webtalk_add_data -client project -key os_platform -value "amd64" -context "software_version_and_target_device"
# webtalk_add_data -client project -key registration_id -value "" -context "software_version_and_target_device"
# webtalk_add_data -client project -key tool_flow -value "SDK" -context "software_version_and_target_device"
# webtalk_add_data -client project -key beta -value "false" -context "software_version_and_target_device"
# webtalk_add_data -client project -key route_design -value "NA" -context "software_version_and_target_device"
# webtalk_add_data -client project -key target_family -value "NA" -context "software_version_and_target_device"
# webtalk_add_data -client project -key target_device -value "NA" -context "software_version_and_target_device"
# webtalk_add_data -client project -key target_package -value "NA" -context "software_version_and_target_device"
# webtalk_add_data -client project -key target_speed -value "NA" -context "software_version_and_target_device"
# webtalk_add_data -client project -key random_id -value "2gsrfiu3nhnah4m67esgfgt212" -context "software_version_and_target_device"
# webtalk_add_data -client project -key project_id -value "2015.2_13" -context "software_version_and_target_device"
# webtalk_add_data -client project -key project_iteration -value "13" -context "software_version_and_target_device"
# webtalk_add_data -client project -key os_name -value "" -context "user_environment"
# webtalk_add_data -client project -key os_release -value "" -context "user_environment"
# webtalk_add_data -client project -key cpu_name -value "" -context "user_environment"
# webtalk_add_data -client project -key cpu_speed -value "" -context "user_environment"
# webtalk_add_data -client project -key total_processors -value "" -context "user_environment"
# webtalk_add_data -client project -key system_ram -value "" -context "user_environment"
# webtalk_register_client -client sdk
# webtalk_add_data -client sdk -key uid -value "1604149646489" -context "sdk\\\\hardware/1604149646489"
# webtalk_add_data -client sdk -key isZynq -value "false" -context "sdk\\\\hardware/1604149646489"
# webtalk_add_data -client sdk -key Processors -value "1" -context "sdk\\\\hardware/1604149646489"
# webtalk_add_data -client sdk -key VivadoVersion -value "2015.2" -context "sdk\\\\hardware/1604149646489"
# webtalk_add_data -client sdk -key Arch -value "artix7" -context "sdk\\\\hardware/1604149646489"
# webtalk_add_data -client sdk -key Device -value "7a35t" -context "sdk\\\\hardware/1604149646489"
# webtalk_add_data -client sdk -key IsHandoff -value "true" -context "sdk\\\\hardware/1604149646489"
# webtalk_add_data -client sdk -key uid -value "1604150116886" -context "sdk\\\\bsp/1604150116886"
# webtalk_add_data -client sdk -key hwid -value "1604149646489" -context "sdk\\\\bsp/1604150116886"
# webtalk_add_data -client sdk -key os -value "standalone" -context "sdk\\\\bsp/1604150116886"
# webtalk_add_data -client sdk -key apptemplate -value "hello_world" -context "sdk\\\\bsp/1604150116886"
# webtalk_add_data -client sdk -key uid -value "1604150119180" -context "sdk\\\\application/1604150119180"
# webtalk_add_data -client sdk -key hwid -value "1604149646489" -context "sdk\\\\application/1604150119180"
# webtalk_add_data -client sdk -key bspid -value "1604150116886" -context "sdk\\\\application/1604150119180"
# webtalk_add_data -client sdk -key newbsp -value "true" -context "sdk\\\\application/1604150119180"
# webtalk_add_data -client sdk -key os -value "standalone" -context "sdk\\\\application/1604150119180"
# webtalk_add_data -client sdk -key apptemplate -value "hello_world" -context "sdk\\\\application/1604150119180"
# webtalk_transmit -clientid 2940975212 -regid "" -xml F:\\Amir_Hamzah\\University_of_Edinburgh\\Studies\\2nd_year\\Engineering_Software_3\\Assessment_1_Calculator\\Assessment_1_Calculator\\es3_hw_assmnt_1\\es3_hw_assmnt_1.sdk\\webtalk\\usage_statistics_ext_sdk.xml -html F:\\Amir_Hamzah\\University_of_Edinburgh\\Studies\\2nd_year\\Engineering_Software_3\\Assessment_1_Calculator\\Assessment_1_Calculator\\es3_hw_assmnt_1\\es3_hw_assmnt_1.sdk\\webtalk\\usage_statistics_ext_sdk.html -wdm F:\\Amir_Hamzah\\University_of_Edinburgh\\Studies\\2nd_year\\Engineering_Software_3\\Assessment_1_Calculator\\Assessment_1_Calculator\\es3_hw_assmnt_1\\es3_hw_assmnt_1.sdk\\webtalk\\sdk_webtalk.wdm -intro "<H3>SDK Usage Report</H3><BR>"

    while executing
"webtalk_transmit -clientid 2940975212 -regid "" -xml F:\\Amir_Hamzah\\University_of_Edinburgh\\Studies\\2nd_year\\Engineering_Software_3\\Assessment_1..."
    (file "sdk_webtalk.tcl" line 42)
INFO: [Common 17-206] Exiting Webtalk at Sat Oct 31 13:28:59 2020...
